[2.697s] Invoking command in '/home/projects/ros2_ws/src/ucsd_robocar_hub2/ucsd_robocar_path2_pkg': PYTHONPATH=/home/projects/ros2_ws/install/ucsd_robocar_path2_pkg/lib/python3.8/site-packages:${PYTHONPATH} /usr/bin/python3 setup.py egg_info --egg-base ../../../build/ucsd_robocar_path2_pkg build --build-base /home/projects/ros2_ws/build/ucsd_robocar_path2_pkg/build install --prefix /home/projects/ros2_ws/install/ucsd_robocar_path2_pkg --record /home/projects/ros2_ws/build/ucsd_robocar_path2_pkg/install.log --single-version-externally-managed
[4.016s] running egg_info
[4.020s] writing ../../../build/ucsd_robocar_path2_pkg/ucsd_robocar_path2_pkg.egg-info/PKG-INFO
[4.021s] writing dependency_links to ../../../build/ucsd_robocar_path2_pkg/ucsd_robocar_path2_pkg.egg-info/dependency_links.txt
[4.022s] writing entry points to ../../../build/ucsd_robocar_path2_pkg/ucsd_robocar_path2_pkg.egg-info/entry_points.txt
[4.023s] writing requirements to ../../../build/ucsd_robocar_path2_pkg/ucsd_robocar_path2_pkg.egg-info/requires.txt
[4.024s] writing top-level names to ../../../build/ucsd_robocar_path2_pkg/ucsd_robocar_path2_pkg.egg-info/top_level.txt
[4.273s] reading manifest file '../../../build/ucsd_robocar_path2_pkg/ucsd_robocar_path2_pkg.egg-info/SOURCES.txt'
[4.280s] writing manifest file '../../../build/ucsd_robocar_path2_pkg/ucsd_robocar_path2_pkg.egg-info/SOURCES.txt'
[4.281s] running build
[4.282s] running build_py
[4.282s] running install
[4.287s] running install_lib
[4.295s] running install_data
[4.298s] running install_egg_info
[4.307s] removing '/home/projects/ros2_ws/install/ucsd_robocar_path2_pkg/lib/python3.8/site-packages/ucsd_robocar_path2_pkg-0.0.0-py3.8.egg-info' (and everything under it)
[4.309s] Copying ../../../build/ucsd_robocar_path2_pkg/ucsd_robocar_path2_pkg.egg-info to /home/projects/ros2_ws/install/ucsd_robocar_path2_pkg/lib/python3.8/site-packages/ucsd_robocar_path2_pkg-0.0.0-py3.8.egg-info
[4.315s] running install_scripts
[4.419s] Installing simple_obstacle_detection_node script to /home/projects/ros2_ws/install/ucsd_robocar_path2_pkg/lib/ucsd_robocar_path2_pkg
[4.420s] writing list of installed files to '/home/projects/ros2_ws/build/ucsd_robocar_path2_pkg/install.log'
[4.553s] Invoked command in '/home/projects/ros2_ws/src/ucsd_robocar_hub2/ucsd_robocar_path2_pkg' returned '0': PYTHONPATH=/home/projects/ros2_ws/install/ucsd_robocar_path2_pkg/lib/python3.8/site-packages:${PYTHONPATH} /usr/bin/python3 setup.py egg_info --egg-base ../../../build/ucsd_robocar_path2_pkg build --build-base /home/projects/ros2_ws/build/ucsd_robocar_path2_pkg/build install --prefix /home/projects/ros2_ws/install/ucsd_robocar_path2_pkg --record /home/projects/ros2_ws/build/ucsd_robocar_path2_pkg/install.log --single-version-externally-managed
