/home/projects/ros2_ws/install/ucsd_robocar_actuator2_pkg/lib/python3.8/site-packages/ucsd_robocar_actuator2_pkg/adafruit_steering_node.py
/home/projects/ros2_ws/install/ucsd_robocar_actuator2_pkg/lib/python3.8/site-packages/ucsd_robocar_actuator2_pkg/adafruit_throttle_node.py
/home/projects/ros2_ws/install/ucsd_robocar_actuator2_pkg/lib/python3.8/site-packages/ucsd_robocar_actuator2_pkg/vesc_rpm_node.py
/home/projects/ros2_ws/install/ucsd_robocar_actuator2_pkg/lib/python3.8/site-packages/ucsd_robocar_actuator2_pkg/vesc_steering_node.py
/home/projects/ros2_ws/install/ucsd_robocar_actuator2_pkg/lib/python3.8/site-packages/ucsd_robocar_actuator2_pkg/__init__.py
/home/projects/ros2_ws/install/ucsd_robocar_actuator2_pkg/lib/python3.8/site-packages/ucsd_robocar_actuator2_pkg/vesc_11client.py
/home/projects/ros2_ws/install/ucsd_robocar_actuator2_pkg/lib/python3.8/site-packages/ucsd_robocar_actuator2_pkg/adafruit_servo_node.py
/home/projects/ros2_ws/install/ucsd_robocar_actuator2_pkg/lib/python3.8/site-packages/ucsd_robocar_actuator2_pkg/adafruit_twist_node.py
/home/projects/ros2_ws/install/ucsd_robocar_actuator2_pkg/lib/python3.8/site-packages/ucsd_robocar_actuator2_pkg/vesc_twist_node.py
/home/projects/ros2_ws/install/ucsd_robocar_actuator2_pkg/lib/python3.8/site-packages/ucsd_robocar_actuator2_pkg/vesc_submodule/vesc_client.py
/home/projects/ros2_ws/install/ucsd_robocar_actuator2_pkg/lib/python3.8/site-packages/ucsd_robocar_actuator2_pkg/__pycache__/adafruit_steering_node.cpython-38.pyc
/home/projects/ros2_ws/install/ucsd_robocar_actuator2_pkg/lib/python3.8/site-packages/ucsd_robocar_actuator2_pkg/__pycache__/adafruit_throttle_node.cpython-38.pyc
/home/projects/ros2_ws/install/ucsd_robocar_actuator2_pkg/lib/python3.8/site-packages/ucsd_robocar_actuator2_pkg/__pycache__/vesc_rpm_node.cpython-38.pyc
/home/projects/ros2_ws/install/ucsd_robocar_actuator2_pkg/lib/python3.8/site-packages/ucsd_robocar_actuator2_pkg/__pycache__/vesc_steering_node.cpython-38.pyc
/home/projects/ros2_ws/install/ucsd_robocar_actuator2_pkg/lib/python3.8/site-packages/ucsd_robocar_actuator2_pkg/__pycache__/__init__.cpython-38.pyc
/home/projects/ros2_ws/install/ucsd_robocar_actuator2_pkg/lib/python3.8/site-packages/ucsd_robocar_actuator2_pkg/__pycache__/vesc_11client.cpython-38.pyc
/home/projects/ros2_ws/install/ucsd_robocar_actuator2_pkg/lib/python3.8/site-packages/ucsd_robocar_actuator2_pkg/__pycache__/adafruit_servo_node.cpython-38.pyc
/home/projects/ros2_ws/install/ucsd_robocar_actuator2_pkg/lib/python3.8/site-packages/ucsd_robocar_actuator2_pkg/__pycache__/adafruit_twist_node.cpython-38.pyc
/home/projects/ros2_ws/install/ucsd_robocar_actuator2_pkg/lib/python3.8/site-packages/ucsd_robocar_actuator2_pkg/__pycache__/vesc_twist_node.cpython-38.pyc
/home/projects/ros2_ws/install/ucsd_robocar_actuator2_pkg/lib/python3.8/site-packages/ucsd_robocar_actuator2_pkg/vesc_submodule/__pycache__/vesc_client.cpython-38.pyc
/home/projects/ros2_ws/install/ucsd_robocar_actuator2_pkg/share/ament_index/resource_index/packages/ucsd_robocar_actuator2_pkg
/home/projects/ros2_ws/install/ucsd_robocar_actuator2_pkg/share/ucsd_robocar_actuator2_pkg/package.xml
/home/projects/ros2_ws/install/ucsd_robocar_actuator2_pkg/share/ucsd_robocar_actuator2_pkg/launch/vesc.launch.py
/home/projects/ros2_ws/install/ucsd_robocar_actuator2_pkg/share/ucsd_robocar_actuator2_pkg/launch/adafruit.launch.py
/home/projects/ros2_ws/install/ucsd_robocar_actuator2_pkg/share/ucsd_robocar_actuator2_pkg/launch/adafruit_servo.launch.py
/home/projects/ros2_ws/install/ucsd_robocar_actuator2_pkg/share/ucsd_robocar_actuator2_pkg/launch/adafruit_twist.launch.py
/home/projects/ros2_ws/install/ucsd_robocar_actuator2_pkg/share/ucsd_robocar_actuator2_pkg/launch/vesc_steering.launch.py
/home/projects/ros2_ws/install/ucsd_robocar_actuator2_pkg/share/ucsd_robocar_actuator2_pkg/launch/vesc_twist.launch.py
/home/projects/ros2_ws/install/ucsd_robocar_actuator2_pkg/share/ucsd_robocar_actuator2_pkg/launch/vesc_throttle.launch.py
/home/projects/ros2_ws/install/ucsd_robocar_actuator2_pkg/share/ucsd_robocar_actuator2_pkg/launch/adafruit_steering.launch.py
/home/projects/ros2_ws/install/ucsd_robocar_actuator2_pkg/share/ucsd_robocar_actuator2_pkg/launch/adafruit_throttle.launch.py
/home/projects/ros2_ws/install/ucsd_robocar_actuator2_pkg/share/ucsd_robocar_actuator2_pkg/config/config.yaml
/home/projects/ros2_ws/install/ucsd_robocar_actuator2_pkg/share/ucsd_robocar_actuator2_pkg/config/adafruit_servo_calibration.yaml
/home/projects/ros2_ws/install/ucsd_robocar_actuator2_pkg/share/ucsd_robocar_actuator2_pkg
/home/projects/ros2_ws/install/ucsd_robocar_actuator2_pkg/lib/python3.8/site-packages/ucsd_robocar_actuator2_pkg-0.0.0-py3.8.egg-info/top_level.txt
/home/projects/ros2_ws/install/ucsd_robocar_actuator2_pkg/lib/python3.8/site-packages/ucsd_robocar_actuator2_pkg-0.0.0-py3.8.egg-info/entry_points.txt
/home/projects/ros2_ws/install/ucsd_robocar_actuator2_pkg/lib/python3.8/site-packages/ucsd_robocar_actuator2_pkg-0.0.0-py3.8.egg-info/dependency_links.txt
/home/projects/ros2_ws/install/ucsd_robocar_actuator2_pkg/lib/python3.8/site-packages/ucsd_robocar_actuator2_pkg-0.0.0-py3.8.egg-info/SOURCES.txt
/home/projects/ros2_ws/install/ucsd_robocar_actuator2_pkg/lib/python3.8/site-packages/ucsd_robocar_actuator2_pkg-0.0.0-py3.8.egg-info/zip-safe
/home/projects/ros2_ws/install/ucsd_robocar_actuator2_pkg/lib/python3.8/site-packages/ucsd_robocar_actuator2_pkg-0.0.0-py3.8.egg-info/PKG-INFO
/home/projects/ros2_ws/install/ucsd_robocar_actuator2_pkg/lib/python3.8/site-packages/ucsd_robocar_actuator2_pkg-0.0.0-py3.8.egg-info/requires.txt
/home/projects/ros2_ws/install/ucsd_robocar_actuator2_pkg/lib/ucsd_robocar_actuator2_pkg/adafruit_servo_node
/home/projects/ros2_ws/install/ucsd_robocar_actuator2_pkg/lib/ucsd_robocar_actuator2_pkg/adafruit_steering_node
/home/projects/ros2_ws/install/ucsd_robocar_actuator2_pkg/lib/ucsd_robocar_actuator2_pkg/adafruit_throttle_node
/home/projects/ros2_ws/install/ucsd_robocar_actuator2_pkg/lib/ucsd_robocar_actuator2_pkg/adafruit_twist_node
/home/projects/ros2_ws/install/ucsd_robocar_actuator2_pkg/lib/ucsd_robocar_actuator2_pkg/vesc_rpm_node
/home/projects/ros2_ws/install/ucsd_robocar_actuator2_pkg/lib/ucsd_robocar_actuator2_pkg/vesc_steering_node
/home/projects/ros2_ws/install/ucsd_robocar_actuator2_pkg/lib/ucsd_robocar_actuator2_pkg/vesc_twist_node
