running egg_info
writing ../../../build/mask_pkg/mask_pkg.egg-info/PKG-INFO
writing dependency_links to ../../../build/mask_pkg/mask_pkg.egg-info/dependency_links.txt
writing entry points to ../../../build/mask_pkg/mask_pkg.egg-info/entry_points.txt
writing requirements to ../../../build/mask_pkg/mask_pkg.egg-info/requires.txt
writing top-level names to ../../../build/mask_pkg/mask_pkg.egg-info/top_level.txt
reading manifest file '../../../build/mask_pkg/mask_pkg.egg-info/SOURCES.txt'
writing manifest file '../../../build/mask_pkg/mask_pkg.egg-info/SOURCES.txt'
running build
running build_py
copying mask_pkg/mask_node.py -> /home/projects/ros2_ws/build/mask_pkg/build/lib/mask_pkg
running install
running install_lib
copying /home/projects/ros2_ws/build/mask_pkg/build/lib/mask_pkg/mask_node.py -> /home/projects/ros2_ws/install/mask_pkg/lib/python3.8/site-packages/mask_pkg
byte-compiling /home/projects/ros2_ws/install/mask_pkg/lib/python3.8/site-packages/mask_pkg/mask_node.py to mask_node.cpython-38.pyc
running install_data
running install_egg_info
removing '/home/projects/ros2_ws/install/mask_pkg/lib/python3.8/site-packages/mask_pkg-0.0.0-py3.8.egg-info' (and everything under it)
Copying ../../../build/mask_pkg/mask_pkg.egg-info to /home/projects/ros2_ws/install/mask_pkg/lib/python3.8/site-packages/mask_pkg-0.0.0-py3.8.egg-info
running install_scripts
Installing mask_node script to /home/projects/ros2_ws/install/mask_pkg/lib/mask_pkg
writing list of installed files to '/home/projects/ros2_ws/build/mask_pkg/install.log'
