[3.685s] Invoking command in '/home/projects/ros2_ws/src/ucsd_robocar_hub2/mask_pkg': PYTHONPATH=/home/projects/ros2_ws/install/mask_pkg/lib/python3.8/site-packages:${PYTHONPATH} /usr/bin/python3 setup.py egg_info --egg-base ../../../build/mask_pkg build --build-base /home/projects/ros2_ws/build/mask_pkg/build install --prefix /home/projects/ros2_ws/install/mask_pkg --record /home/projects/ros2_ws/build/mask_pkg/install.log --single-version-externally-managed
[4.644s] running egg_info
[4.647s] writing ../../../build/mask_pkg/mask_pkg.egg-info/PKG-INFO
[4.651s] writing dependency_links to ../../../build/mask_pkg/mask_pkg.egg-info/dependency_links.txt
[4.654s] writing entry points to ../../../build/mask_pkg/mask_pkg.egg-info/entry_points.txt
[4.655s] writing requirements to ../../../build/mask_pkg/mask_pkg.egg-info/requires.txt
[4.656s] writing top-level names to ../../../build/mask_pkg/mask_pkg.egg-info/top_level.txt
[4.834s] reading manifest file '../../../build/mask_pkg/mask_pkg.egg-info/SOURCES.txt'
[4.839s] writing manifest file '../../../build/mask_pkg/mask_pkg.egg-info/SOURCES.txt'
[4.840s] running build
[4.841s] running build_py
[4.843s] copying mask_pkg/mask_node.py -> /home/projects/ros2_ws/build/mask_pkg/build/lib/mask_pkg
[4.844s] running install
[4.849s] running install_lib
[4.854s] copying /home/projects/ros2_ws/build/mask_pkg/build/lib/mask_pkg/mask_node.py -> /home/projects/ros2_ws/install/mask_pkg/lib/python3.8/site-packages/mask_pkg
[4.857s] byte-compiling /home/projects/ros2_ws/install/mask_pkg/lib/python3.8/site-packages/mask_pkg/mask_node.py to mask_node.cpython-38.pyc
[4.864s] running install_data
[4.867s] running install_egg_info
[4.874s] removing '/home/projects/ros2_ws/install/mask_pkg/lib/python3.8/site-packages/mask_pkg-0.0.0-py3.8.egg-info' (and everything under it)
[4.876s] Copying ../../../build/mask_pkg/mask_pkg.egg-info to /home/projects/ros2_ws/install/mask_pkg/lib/python3.8/site-packages/mask_pkg-0.0.0-py3.8.egg-info
[4.881s] running install_scripts
[4.965s] Installing mask_node script to /home/projects/ros2_ws/install/mask_pkg/lib/mask_pkg
[4.966s] writing list of installed files to '/home/projects/ros2_ws/build/mask_pkg/install.log'
[5.224s] Invoked command in '/home/projects/ros2_ws/src/ucsd_robocar_hub2/mask_pkg' returned '0': PYTHONPATH=/home/projects/ros2_ws/install/mask_pkg/lib/python3.8/site-packages:${PYTHONPATH} /usr/bin/python3 setup.py egg_info --egg-base ../../../build/mask_pkg build --build-base /home/projects/ros2_ws/build/mask_pkg/build install --prefix /home/projects/ros2_ws/install/mask_pkg --record /home/projects/ros2_ws/build/mask_pkg/install.log --single-version-externally-managed
