[3.595s] Invoking command in '/home/projects/ros2_ws/src/ucsd_robocar_hub2/ucsd_robocar_nav2_pkg': PYTHONPATH=/home/projects/ros2_ws/install/ucsd_robocar_nav2_pkg/lib/python3.8/site-packages:${PYTHONPATH} /usr/bin/python3 setup.py egg_info --egg-base ../../../build/ucsd_robocar_nav2_pkg build --build-base /home/projects/ros2_ws/build/ucsd_robocar_nav2_pkg/build install --prefix /home/projects/ros2_ws/install/ucsd_robocar_nav2_pkg --record /home/projects/ros2_ws/build/ucsd_robocar_nav2_pkg/install.log --single-version-externally-managed
[4.548s] running egg_info
[4.551s] writing ../../../build/ucsd_robocar_nav2_pkg/ucsd_robocar_nav2_pkg.egg-info/PKG-INFO
[4.554s] writing dependency_links to ../../../build/ucsd_robocar_nav2_pkg/ucsd_robocar_nav2_pkg.egg-info/dependency_links.txt
[4.556s] writing entry points to ../../../build/ucsd_robocar_nav2_pkg/ucsd_robocar_nav2_pkg.egg-info/entry_points.txt
[4.558s] writing requirements to ../../../build/ucsd_robocar_nav2_pkg/ucsd_robocar_nav2_pkg.egg-info/requires.txt
[4.560s] writing top-level names to ../../../build/ucsd_robocar_nav2_pkg/ucsd_robocar_nav2_pkg.egg-info/top_level.txt
[4.746s] reading manifest file '../../../build/ucsd_robocar_nav2_pkg/ucsd_robocar_nav2_pkg.egg-info/SOURCES.txt'
[4.754s] writing manifest file '../../../build/ucsd_robocar_nav2_pkg/ucsd_robocar_nav2_pkg.egg-info/SOURCES.txt'
[4.755s] running build
[4.757s] running build_py
[4.758s] running install
[4.768s] running install_lib
[4.770s] running install_data
[4.776s] running install_egg_info
[4.785s] removing '/home/projects/ros2_ws/install/ucsd_robocar_nav2_pkg/lib/python3.8/site-packages/ucsd_robocar_nav2_pkg-0.0.0-py3.8.egg-info' (and everything under it)
[4.789s] Copying ../../../build/ucsd_robocar_nav2_pkg/ucsd_robocar_nav2_pkg.egg-info to /home/projects/ros2_ws/install/ucsd_robocar_nav2_pkg/lib/python3.8/site-packages/ucsd_robocar_nav2_pkg-0.0.0-py3.8.egg-info
[4.793s] running install_scripts
[4.884s] writing list of installed files to '/home/projects/ros2_ws/build/ucsd_robocar_nav2_pkg/install.log'
[5.124s] Invoked command in '/home/projects/ros2_ws/src/ucsd_robocar_hub2/ucsd_robocar_nav2_pkg' returned '0': PYTHONPATH=/home/projects/ros2_ws/install/ucsd_robocar_nav2_pkg/lib/python3.8/site-packages:${PYTHONPATH} /usr/bin/python3 setup.py egg_info --egg-base ../../../build/ucsd_robocar_nav2_pkg build --build-base /home/projects/ros2_ws/build/ucsd_robocar_nav2_pkg/build install --prefix /home/projects/ros2_ws/install/ucsd_robocar_nav2_pkg --record /home/projects/ros2_ws/build/ucsd_robocar_nav2_pkg/install.log --single-version-externally-managed
