[1.279s] DEBUG:colcon:Command line arguments: ['/usr/bin/colcon', 'build']
[1.280s] DEBUG:colcon:Parsed command line arguments: Namespace(ament_cmake_args=None, base_paths=['.'], build_base='build', catkin_cmake_args=None, catkin_skip_building_tests=False, cmake_args=None, cmake_clean_cache=False, cmake_clean_first=False, cmake_force_configure=False, cmake_target=None, cmake_target_skip_unavailable=False, continue_on_error=False, event_handlers=None, executor='parallel', ignore_user_meta=False, install_base='install', log_base=None, log_level=None, main=<bound method BuildVerb.main of <colcon_core.verb.build.BuildVerb object at 0x7f95ab50a0>>, merge_install=False, metas=['./colcon.meta'], mixin=None, mixin_files=None, mixin_verb=('build',), packages_above=None, packages_above_and_dependencies=None, packages_above_depth=None, packages_end=None, packages_ignore=None, packages_ignore_regex=None, packages_select=None, packages_select_build_failed=False, packages_select_by_dep=None, packages_select_regex=None, packages_select_test_failures=False, packages_skip=None, packages_skip_build_finished=False, packages_skip_by_dep=None, packages_skip_regex=None, packages_skip_test_passed=False, packages_skip_up_to=None, packages_start=None, packages_up_to=None, packages_up_to_regex=None, parallel_workers=4, paths=None, symlink_install=False, test_result_base=None, verb_extension=<colcon_core.verb.build.BuildVerb object at 0x7f95ab50a0>, verb_name='build', verb_parser=<colcon_mixin.mixin.mixin_argument.MixinArgumentDecorator object at 0x7f95ab5700>)
[1.301s] Level 1:colcon.colcon_core.package_discovery:discover_packages(colcon_meta) check parameters
[1.303s] INFO:colcon.colcon_metadata.package_discovery.colcon_meta:Using configuration from '/root/.colcon/metadata/default/Gazebo.meta'
[1.306s] INFO:colcon.colcon_metadata.package_discovery.colcon_meta:Using configuration from '/root/.colcon/metadata/default/fastrtps.meta'
[1.306s] Level 1:colcon.colcon_core.package_discovery:discover_packages(recursive) check parameters
[1.306s] Level 1:colcon.colcon_core.package_discovery:discover_packages(ignore) check parameters
[1.306s] Level 1:colcon.colcon_core.package_discovery:discover_packages(path) check parameters
[1.306s] Level 1:colcon.colcon_core.package_discovery:discover_packages(colcon_meta) discover
[1.307s] Level 1:colcon.colcon_core.package_discovery:discover_packages(recursive) discover
[1.307s] INFO:colcon.colcon_core.package_discovery:Crawling recursively for packages in '/home/projects/ros2_ws'
[1.307s] Level 1:colcon.colcon_core.package_identification:_identify(.) by extensions ['ignore', 'ignore_ament_install']
[1.308s] Level 1:colcon.colcon_core.package_identification:_identify(.) by extension 'ignore'
[1.308s] Level 1:colcon.colcon_core.package_identification:_identify(.) by extension 'ignore_ament_install'
[1.308s] Level 1:colcon.colcon_core.package_identification:_identify(.) by extensions ['colcon_pkg']
[1.308s] Level 1:colcon.colcon_core.package_identification:_identify(.) by extension 'colcon_pkg'
[1.309s] Level 1:colcon.colcon_core.package_identification:_identify(.) by extensions ['colcon_meta']
[1.309s] Level 1:colcon.colcon_core.package_identification:_identify(.) by extension 'colcon_meta'
[1.309s] Level 1:colcon.colcon_core.package_identification:_identify(.) by extensions ['ros']
[1.309s] Level 1:colcon.colcon_core.package_identification:_identify(.) by extension 'ros'
[1.357s] Level 1:colcon.colcon_core.package_identification:_identify(.) by extensions ['cmake', 'python']
[1.357s] Level 1:colcon.colcon_core.package_identification:_identify(.) by extension 'cmake'
[1.357s] Level 1:colcon.colcon_core.package_identification:_identify(.) by extension 'python'
[1.358s] Level 1:colcon.colcon_core.package_identification:_identify(.) by extensions ['python_setup_py']
[1.358s] Level 1:colcon.colcon_core.package_identification:_identify(.) by extension 'python_setup_py'
[1.358s] Level 1:colcon.colcon_core.package_identification:_identify(build) by extensions ['ignore', 'ignore_ament_install']
[1.359s] Level 1:colcon.colcon_core.package_identification:_identify(build) by extension 'ignore'
[1.359s] Level 1:colcon.colcon_core.package_identification:_identify(build) ignored
[1.360s] Level 1:colcon.colcon_core.package_identification:_identify(install) by extensions ['ignore', 'ignore_ament_install']
[1.360s] Level 1:colcon.colcon_core.package_identification:_identify(install) by extension 'ignore'
[1.360s] Level 1:colcon.colcon_core.package_identification:_identify(install) ignored
[1.361s] Level 1:colcon.colcon_core.package_identification:_identify(log) by extensions ['ignore', 'ignore_ament_install']
[1.361s] Level 1:colcon.colcon_core.package_identification:_identify(log) by extension 'ignore'
[1.361s] Level 1:colcon.colcon_core.package_identification:_identify(log) ignored
[1.362s] Level 1:colcon.colcon_core.package_identification:_identify(src) by extensions ['ignore', 'ignore_ament_install']
[1.362s] Level 1:colcon.colcon_core.package_identification:_identify(src) by extension 'ignore'
[1.362s] Level 1:colcon.colcon_core.package_identification:_identify(src) by extension 'ignore_ament_install'
[1.362s] Level 1:colcon.colcon_core.package_identification:_identify(src) by extensions ['colcon_pkg']
[1.363s] Level 1:colcon.colcon_core.package_identification:_identify(src) by extension 'colcon_pkg'
[1.363s] Level 1:colcon.colcon_core.package_identification:_identify(src) by extensions ['colcon_meta']
[1.363s] Level 1:colcon.colcon_core.package_identification:_identify(src) by extension 'colcon_meta'
[1.363s] Level 1:colcon.colcon_core.package_identification:_identify(src) by extensions ['ros']
[1.363s] Level 1:colcon.colcon_core.package_identification:_identify(src) by extension 'ros'
[1.364s] Level 1:colcon.colcon_core.package_identification:_identify(src) by extensions ['cmake', 'python']
[1.364s] Level 1:colcon.colcon_core.package_identification:_identify(src) by extension 'cmake'
[1.364s] Level 1:colcon.colcon_core.package_identification:_identify(src) by extension 'python'
[1.364s] Level 1:colcon.colcon_core.package_identification:_identify(src) by extensions ['python_setup_py']
[1.364s] Level 1:colcon.colcon_core.package_identification:_identify(src) by extension 'python_setup_py'
[1.365s] Level 1:colcon.colcon_core.package_identification:_identify(src/ucsd_robocar_hub2) by extensions ['ignore', 'ignore_ament_install']
[1.365s] Level 1:colcon.colcon_core.package_identification:_identify(src/ucsd_robocar_hub2) by extension 'ignore'
[1.365s] Level 1:colcon.colcon_core.package_identification:_identify(src/ucsd_robocar_hub2) by extension 'ignore_ament_install'
[1.366s] Level 1:colcon.colcon_core.package_identification:_identify(src/ucsd_robocar_hub2) by extensions ['colcon_pkg']
[1.366s] Level 1:colcon.colcon_core.package_identification:_identify(src/ucsd_robocar_hub2) by extension 'colcon_pkg'
[1.366s] Level 1:colcon.colcon_core.package_identification:_identify(src/ucsd_robocar_hub2) by extensions ['colcon_meta']
[1.366s] Level 1:colcon.colcon_core.package_identification:_identify(src/ucsd_robocar_hub2) by extension 'colcon_meta'
[1.366s] Level 1:colcon.colcon_core.package_identification:_identify(src/ucsd_robocar_hub2) by extensions ['ros']
[1.366s] Level 1:colcon.colcon_core.package_identification:_identify(src/ucsd_robocar_hub2) by extension 'ros'
[1.367s] Level 1:colcon.colcon_core.package_identification:_identify(src/ucsd_robocar_hub2) by extensions ['cmake', 'python']
[1.367s] Level 1:colcon.colcon_core.package_identification:_identify(src/ucsd_robocar_hub2) by extension 'cmake'
[1.367s] Level 1:colcon.colcon_core.package_identification:_identify(src/ucsd_robocar_hub2) by extension 'python'
[1.367s] Level 1:colcon.colcon_core.package_identification:_identify(src/ucsd_robocar_hub2) by extensions ['python_setup_py']
[1.367s] Level 1:colcon.colcon_core.package_identification:_identify(src/ucsd_robocar_hub2) by extension 'python_setup_py'
[1.368s] Level 1:colcon.colcon_core.package_identification:_identify(src/ucsd_robocar_hub2/ucsd_robocar_actuator2_pkg) by extensions ['ignore', 'ignore_ament_install']
[1.368s] Level 1:colcon.colcon_core.package_identification:_identify(src/ucsd_robocar_hub2/ucsd_robocar_actuator2_pkg) by extension 'ignore'
[1.369s] Level 1:colcon.colcon_core.package_identification:_identify(src/ucsd_robocar_hub2/ucsd_robocar_actuator2_pkg) by extension 'ignore_ament_install'
[1.369s] Level 1:colcon.colcon_core.package_identification:_identify(src/ucsd_robocar_hub2/ucsd_robocar_actuator2_pkg) by extensions ['colcon_pkg']
[1.369s] Level 1:colcon.colcon_core.package_identification:_identify(src/ucsd_robocar_hub2/ucsd_robocar_actuator2_pkg) by extension 'colcon_pkg'
[1.369s] Level 1:colcon.colcon_core.package_identification:_identify(src/ucsd_robocar_hub2/ucsd_robocar_actuator2_pkg) by extensions ['colcon_meta']
[1.369s] Level 1:colcon.colcon_core.package_identification:_identify(src/ucsd_robocar_hub2/ucsd_robocar_actuator2_pkg) by extension 'colcon_meta'
[1.369s] Level 1:colcon.colcon_core.package_identification:_identify(src/ucsd_robocar_hub2/ucsd_robocar_actuator2_pkg) by extensions ['ros']
[1.370s] Level 1:colcon.colcon_core.package_identification:_identify(src/ucsd_robocar_hub2/ucsd_robocar_actuator2_pkg) by extension 'ros'
[1.378s] DEBUG:colcon.colcon_core.package_identification:Package 'src/ucsd_robocar_hub2/ucsd_robocar_actuator2_pkg' with type 'ros.ament_python' and name 'ucsd_robocar_actuator2_pkg'
[1.379s] Level 1:colcon.colcon_core.package_identification:_identify(src/ucsd_robocar_hub2/ucsd_robocar_lane_detection2_pkg) by extensions ['ignore', 'ignore_ament_install']
[1.380s] Level 1:colcon.colcon_core.package_identification:_identify(src/ucsd_robocar_hub2/ucsd_robocar_lane_detection2_pkg) by extension 'ignore'
[1.380s] Level 1:colcon.colcon_core.package_identification:_identify(src/ucsd_robocar_hub2/ucsd_robocar_lane_detection2_pkg) by extension 'ignore_ament_install'
[1.380s] Level 1:colcon.colcon_core.package_identification:_identify(src/ucsd_robocar_hub2/ucsd_robocar_lane_detection2_pkg) by extensions ['colcon_pkg']
[1.380s] Level 1:colcon.colcon_core.package_identification:_identify(src/ucsd_robocar_hub2/ucsd_robocar_lane_detection2_pkg) by extension 'colcon_pkg'
[1.381s] Level 1:colcon.colcon_core.package_identification:_identify(src/ucsd_robocar_hub2/ucsd_robocar_lane_detection2_pkg) by extensions ['colcon_meta']
[1.381s] Level 1:colcon.colcon_core.package_identification:_identify(src/ucsd_robocar_hub2/ucsd_robocar_lane_detection2_pkg) by extension 'colcon_meta'
[1.381s] Level 1:colcon.colcon_core.package_identification:_identify(src/ucsd_robocar_hub2/ucsd_robocar_lane_detection2_pkg) by extensions ['ros']
[1.381s] Level 1:colcon.colcon_core.package_identification:_identify(src/ucsd_robocar_hub2/ucsd_robocar_lane_detection2_pkg) by extension 'ros'
[1.384s] DEBUG:colcon.colcon_core.package_identification:Package 'src/ucsd_robocar_hub2/ucsd_robocar_lane_detection2_pkg' with type 'ros.ament_python' and name 'ucsd_robocar_lane_detection2_pkg'
[1.385s] Level 1:colcon.colcon_core.package_identification:_identify(src/ucsd_robocar_hub2/ucsd_robocar_nav2_pkg) by extensions ['ignore', 'ignore_ament_install']
[1.385s] Level 1:colcon.colcon_core.package_identification:_identify(src/ucsd_robocar_hub2/ucsd_robocar_nav2_pkg) by extension 'ignore'
[1.385s] Level 1:colcon.colcon_core.package_identification:_identify(src/ucsd_robocar_hub2/ucsd_robocar_nav2_pkg) by extension 'ignore_ament_install'
[1.386s] Level 1:colcon.colcon_core.package_identification:_identify(src/ucsd_robocar_hub2/ucsd_robocar_nav2_pkg) by extensions ['colcon_pkg']
[1.386s] Level 1:colcon.colcon_core.package_identification:_identify(src/ucsd_robocar_hub2/ucsd_robocar_nav2_pkg) by extension 'colcon_pkg'
[1.386s] Level 1:colcon.colcon_core.package_identification:_identify(src/ucsd_robocar_hub2/ucsd_robocar_nav2_pkg) by extensions ['colcon_meta']
[1.386s] Level 1:colcon.colcon_core.package_identification:_identify(src/ucsd_robocar_hub2/ucsd_robocar_nav2_pkg) by extension 'colcon_meta'
[1.386s] Level 1:colcon.colcon_core.package_identification:_identify(src/ucsd_robocar_hub2/ucsd_robocar_nav2_pkg) by extensions ['ros']
[1.386s] Level 1:colcon.colcon_core.package_identification:_identify(src/ucsd_robocar_hub2/ucsd_robocar_nav2_pkg) by extension 'ros'
[1.389s] DEBUG:colcon.colcon_core.package_identification:Package 'src/ucsd_robocar_hub2/ucsd_robocar_nav2_pkg' with type 'ros.ament_python' and name 'ucsd_robocar_nav2_pkg'
[1.389s] Level 1:colcon.colcon_core.package_identification:_identify(src/ucsd_robocar_hub2/ucsd_robocar_path2_pkg) by extensions ['ignore', 'ignore_ament_install']
[1.390s] Level 1:colcon.colcon_core.package_identification:_identify(src/ucsd_robocar_hub2/ucsd_robocar_path2_pkg) by extension 'ignore'
[1.390s] Level 1:colcon.colcon_core.package_identification:_identify(src/ucsd_robocar_hub2/ucsd_robocar_path2_pkg) by extension 'ignore_ament_install'
[1.390s] Level 1:colcon.colcon_core.package_identification:_identify(src/ucsd_robocar_hub2/ucsd_robocar_path2_pkg) by extensions ['colcon_pkg']
[1.390s] Level 1:colcon.colcon_core.package_identification:_identify(src/ucsd_robocar_hub2/ucsd_robocar_path2_pkg) by extension 'colcon_pkg'
[1.390s] Level 1:colcon.colcon_core.package_identification:_identify(src/ucsd_robocar_hub2/ucsd_robocar_path2_pkg) by extensions ['colcon_meta']
[1.391s] Level 1:colcon.colcon_core.package_identification:_identify(src/ucsd_robocar_hub2/ucsd_robocar_path2_pkg) by extension 'colcon_meta'
[1.391s] Level 1:colcon.colcon_core.package_identification:_identify(src/ucsd_robocar_hub2/ucsd_robocar_path2_pkg) by extensions ['ros']
[1.391s] Level 1:colcon.colcon_core.package_identification:_identify(src/ucsd_robocar_hub2/ucsd_robocar_path2_pkg) by extension 'ros'
[1.393s] DEBUG:colcon.colcon_core.package_identification:Package 'src/ucsd_robocar_hub2/ucsd_robocar_path2_pkg' with type 'ros.ament_python' and name 'ucsd_robocar_path2_pkg'
[1.394s] Level 1:colcon.colcon_core.package_identification:_identify(src/ucsd_robocar_hub2/ucsd_robocar_sensor2_pkg) by extensions ['ignore', 'ignore_ament_install']
[1.394s] Level 1:colcon.colcon_core.package_identification:_identify(src/ucsd_robocar_hub2/ucsd_robocar_sensor2_pkg) by extension 'ignore'
[1.394s] Level 1:colcon.colcon_core.package_identification:_identify(src/ucsd_robocar_hub2/ucsd_robocar_sensor2_pkg) by extension 'ignore_ament_install'
[1.395s] Level 1:colcon.colcon_core.package_identification:_identify(src/ucsd_robocar_hub2/ucsd_robocar_sensor2_pkg) by extensions ['colcon_pkg']
[1.395s] Level 1:colcon.colcon_core.package_identification:_identify(src/ucsd_robocar_hub2/ucsd_robocar_sensor2_pkg) by extension 'colcon_pkg'
[1.395s] Level 1:colcon.colcon_core.package_identification:_identify(src/ucsd_robocar_hub2/ucsd_robocar_sensor2_pkg) by extensions ['colcon_meta']
[1.395s] Level 1:colcon.colcon_core.package_identification:_identify(src/ucsd_robocar_hub2/ucsd_robocar_sensor2_pkg) by extension 'colcon_meta'
[1.395s] Level 1:colcon.colcon_core.package_identification:_identify(src/ucsd_robocar_hub2/ucsd_robocar_sensor2_pkg) by extensions ['ros']
[1.395s] Level 1:colcon.colcon_core.package_identification:_identify(src/ucsd_robocar_hub2/ucsd_robocar_sensor2_pkg) by extension 'ros'
[1.398s] DEBUG:colcon.colcon_core.package_identification:Package 'src/ucsd_robocar_hub2/ucsd_robocar_sensor2_pkg' with type 'ros.ament_python' and name 'ucsd_robocar_sensor2_pkg'
[1.398s] Level 1:colcon.colcon_core.package_discovery:discover_packages(recursive) using defaults
[1.398s] Level 1:colcon.colcon_core.package_discovery:discover_packages(ignore) discover
[1.398s] Level 1:colcon.colcon_core.package_discovery:discover_packages(ignore) using defaults
[1.398s] Level 1:colcon.colcon_core.package_discovery:discover_packages(path) discover
[1.399s] Level 1:colcon.colcon_core.package_discovery:discover_packages(path) using defaults
[1.477s] Level 5:colcon.colcon_core.verb:set package 'ucsd_robocar_actuator2_pkg' build argument 'cmake_args' from command line to 'None'
[1.477s] Level 5:colcon.colcon_core.verb:set package 'ucsd_robocar_actuator2_pkg' build argument 'cmake_target' from command line to 'None'
[1.478s] Level 5:colcon.colcon_core.verb:set package 'ucsd_robocar_actuator2_pkg' build argument 'cmake_target_skip_unavailable' from command line to 'False'
[1.478s] Level 5:colcon.colcon_core.verb:set package 'ucsd_robocar_actuator2_pkg' build argument 'cmake_clean_cache' from command line to 'False'
[1.478s] Level 5:colcon.colcon_core.verb:set package 'ucsd_robocar_actuator2_pkg' build argument 'cmake_clean_first' from command line to 'False'
[1.478s] Level 5:colcon.colcon_core.verb:set package 'ucsd_robocar_actuator2_pkg' build argument 'cmake_force_configure' from command line to 'False'
[1.478s] Level 5:colcon.colcon_core.verb:set package 'ucsd_robocar_actuator2_pkg' build argument 'ament_cmake_args' from command line to 'None'
[1.478s] Level 5:colcon.colcon_core.verb:set package 'ucsd_robocar_actuator2_pkg' build argument 'catkin_cmake_args' from command line to 'None'
[1.478s] Level 5:colcon.colcon_core.verb:set package 'ucsd_robocar_actuator2_pkg' build argument 'catkin_skip_building_tests' from command line to 'False'
[1.479s] DEBUG:colcon.colcon_core.verb:Building package 'ucsd_robocar_actuator2_pkg' with the following arguments: {'ament_cmake_args': None, 'build_base': '/home/projects/ros2_ws/build/ucsd_robocar_actuator2_pkg', 'catkin_cmake_args': None, 'catkin_skip_building_tests': False, 'cmake_args': None, 'cmake_clean_cache': False, 'cmake_clean_first': False, 'cmake_force_configure': False, 'cmake_target': None, 'cmake_target_skip_unavailable': False, 'install_base': '/home/projects/ros2_ws/install/ucsd_robocar_actuator2_pkg', 'merge_install': False, 'path': '/home/projects/ros2_ws/src/ucsd_robocar_hub2/ucsd_robocar_actuator2_pkg', 'symlink_install': False, 'test_result_base': None}
[1.490s] Level 5:colcon.colcon_core.verb:set package 'ucsd_robocar_lane_detection2_pkg' build argument 'cmake_args' from command line to 'None'
[1.490s] Level 5:colcon.colcon_core.verb:set package 'ucsd_robocar_lane_detection2_pkg' build argument 'cmake_target' from command line to 'None'
[1.491s] Level 5:colcon.colcon_core.verb:set package 'ucsd_robocar_lane_detection2_pkg' build argument 'cmake_target_skip_unavailable' from command line to 'False'
[1.491s] Level 5:colcon.colcon_core.verb:set package 'ucsd_robocar_lane_detection2_pkg' build argument 'cmake_clean_cache' from command line to 'False'
[1.491s] Level 5:colcon.colcon_core.verb:set package 'ucsd_robocar_lane_detection2_pkg' build argument 'cmake_clean_first' from command line to 'False'
[1.491s] Level 5:colcon.colcon_core.verb:set package 'ucsd_robocar_lane_detection2_pkg' build argument 'cmake_force_configure' from command line to 'False'
[1.491s] Level 5:colcon.colcon_core.verb:set package 'ucsd_robocar_lane_detection2_pkg' build argument 'ament_cmake_args' from command line to 'None'
[1.491s] Level 5:colcon.colcon_core.verb:set package 'ucsd_robocar_lane_detection2_pkg' build argument 'catkin_cmake_args' from command line to 'None'
[1.491s] Level 5:colcon.colcon_core.verb:set package 'ucsd_robocar_lane_detection2_pkg' build argument 'catkin_skip_building_tests' from command line to 'False'
[1.491s] DEBUG:colcon.colcon_core.verb:Building package 'ucsd_robocar_lane_detection2_pkg' with the following arguments: {'ament_cmake_args': None, 'build_base': '/home/projects/ros2_ws/build/ucsd_robocar_lane_detection2_pkg', 'catkin_cmake_args': None, 'catkin_skip_building_tests': False, 'cmake_args': None, 'cmake_clean_cache': False, 'cmake_clean_first': False, 'cmake_force_configure': False, 'cmake_target': None, 'cmake_target_skip_unavailable': False, 'install_base': '/home/projects/ros2_ws/install/ucsd_robocar_lane_detection2_pkg', 'merge_install': False, 'path': '/home/projects/ros2_ws/src/ucsd_robocar_hub2/ucsd_robocar_lane_detection2_pkg', 'symlink_install': False, 'test_result_base': None}
[1.503s] Level 5:colcon.colcon_core.verb:set package 'ucsd_robocar_nav2_pkg' build argument 'cmake_args' from command line to 'None'
[1.503s] Level 5:colcon.colcon_core.verb:set package 'ucsd_robocar_nav2_pkg' build argument 'cmake_target' from command line to 'None'
[1.503s] Level 5:colcon.colcon_core.verb:set package 'ucsd_robocar_nav2_pkg' build argument 'cmake_target_skip_unavailable' from command line to 'False'
[1.503s] Level 5:colcon.colcon_core.verb:set package 'ucsd_robocar_nav2_pkg' build argument 'cmake_clean_cache' from command line to 'False'
[1.504s] Level 5:colcon.colcon_core.verb:set package 'ucsd_robocar_nav2_pkg' build argument 'cmake_clean_first' from command line to 'False'
[1.504s] Level 5:colcon.colcon_core.verb:set package 'ucsd_robocar_nav2_pkg' build argument 'cmake_force_configure' from command line to 'False'
[1.504s] Level 5:colcon.colcon_core.verb:set package 'ucsd_robocar_nav2_pkg' build argument 'ament_cmake_args' from command line to 'None'
[1.504s] Level 5:colcon.colcon_core.verb:set package 'ucsd_robocar_nav2_pkg' build argument 'catkin_cmake_args' from command line to 'None'
[1.504s] Level 5:colcon.colcon_core.verb:set package 'ucsd_robocar_nav2_pkg' build argument 'catkin_skip_building_tests' from command line to 'False'
[1.504s] DEBUG:colcon.colcon_core.verb:Building package 'ucsd_robocar_nav2_pkg' with the following arguments: {'ament_cmake_args': None, 'build_base': '/home/projects/ros2_ws/build/ucsd_robocar_nav2_pkg', 'catkin_cmake_args': None, 'catkin_skip_building_tests': False, 'cmake_args': None, 'cmake_clean_cache': False, 'cmake_clean_first': False, 'cmake_force_configure': False, 'cmake_target': None, 'cmake_target_skip_unavailable': False, 'install_base': '/home/projects/ros2_ws/install/ucsd_robocar_nav2_pkg', 'merge_install': False, 'path': '/home/projects/ros2_ws/src/ucsd_robocar_hub2/ucsd_robocar_nav2_pkg', 'symlink_install': False, 'test_result_base': None}
[1.516s] Level 5:colcon.colcon_core.verb:set package 'ucsd_robocar_path2_pkg' build argument 'cmake_args' from command line to 'None'
[1.516s] Level 5:colcon.colcon_core.verb:set package 'ucsd_robocar_path2_pkg' build argument 'cmake_target' from command line to 'None'
[1.516s] Level 5:colcon.colcon_core.verb:set package 'ucsd_robocar_path2_pkg' build argument 'cmake_target_skip_unavailable' from command line to 'False'
[1.516s] Level 5:colcon.colcon_core.verb:set package 'ucsd_robocar_path2_pkg' build argument 'cmake_clean_cache' from command line to 'False'
[1.516s] Level 5:colcon.colcon_core.verb:set package 'ucsd_robocar_path2_pkg' build argument 'cmake_clean_first' from command line to 'False'
[1.516s] Level 5:colcon.colcon_core.verb:set package 'ucsd_robocar_path2_pkg' build argument 'cmake_force_configure' from command line to 'False'
[1.516s] Level 5:colcon.colcon_core.verb:set package 'ucsd_robocar_path2_pkg' build argument 'ament_cmake_args' from command line to 'None'
[1.517s] Level 5:colcon.colcon_core.verb:set package 'ucsd_robocar_path2_pkg' build argument 'catkin_cmake_args' from command line to 'None'
[1.517s] Level 5:colcon.colcon_core.verb:set package 'ucsd_robocar_path2_pkg' build argument 'catkin_skip_building_tests' from command line to 'False'
[1.517s] DEBUG:colcon.colcon_core.verb:Building package 'ucsd_robocar_path2_pkg' with the following arguments: {'ament_cmake_args': None, 'build_base': '/home/projects/ros2_ws/build/ucsd_robocar_path2_pkg', 'catkin_cmake_args': None, 'catkin_skip_building_tests': False, 'cmake_args': None, 'cmake_clean_cache': False, 'cmake_clean_first': False, 'cmake_force_configure': False, 'cmake_target': None, 'cmake_target_skip_unavailable': False, 'install_base': '/home/projects/ros2_ws/install/ucsd_robocar_path2_pkg', 'merge_install': False, 'path': '/home/projects/ros2_ws/src/ucsd_robocar_hub2/ucsd_robocar_path2_pkg', 'symlink_install': False, 'test_result_base': None}
[1.528s] Level 5:colcon.colcon_core.verb:set package 'ucsd_robocar_sensor2_pkg' build argument 'cmake_args' from command line to 'None'
[1.528s] Level 5:colcon.colcon_core.verb:set package 'ucsd_robocar_sensor2_pkg' build argument 'cmake_target' from command line to 'None'
[1.529s] Level 5:colcon.colcon_core.verb:set package 'ucsd_robocar_sensor2_pkg' build argument 'cmake_target_skip_unavailable' from command line to 'False'
[1.529s] Level 5:colcon.colcon_core.verb:set package 'ucsd_robocar_sensor2_pkg' build argument 'cmake_clean_cache' from command line to 'False'
[1.529s] Level 5:colcon.colcon_core.verb:set package 'ucsd_robocar_sensor2_pkg' build argument 'cmake_clean_first' from command line to 'False'
[1.529s] Level 5:colcon.colcon_core.verb:set package 'ucsd_robocar_sensor2_pkg' build argument 'cmake_force_configure' from command line to 'False'
[1.529s] Level 5:colcon.colcon_core.verb:set package 'ucsd_robocar_sensor2_pkg' build argument 'ament_cmake_args' from command line to 'None'
[1.529s] Level 5:colcon.colcon_core.verb:set package 'ucsd_robocar_sensor2_pkg' build argument 'catkin_cmake_args' from command line to 'None'
[1.529s] Level 5:colcon.colcon_core.verb:set package 'ucsd_robocar_sensor2_pkg' build argument 'catkin_skip_building_tests' from command line to 'False'
[1.529s] DEBUG:colcon.colcon_core.verb:Building package 'ucsd_robocar_sensor2_pkg' with the following arguments: {'ament_cmake_args': None, 'build_base': '/home/projects/ros2_ws/build/ucsd_robocar_sensor2_pkg', 'catkin_cmake_args': None, 'catkin_skip_building_tests': False, 'cmake_args': None, 'cmake_clean_cache': False, 'cmake_clean_first': False, 'cmake_force_configure': False, 'cmake_target': None, 'cmake_target_skip_unavailable': False, 'install_base': '/home/projects/ros2_ws/install/ucsd_robocar_sensor2_pkg', 'merge_install': False, 'path': '/home/projects/ros2_ws/src/ucsd_robocar_hub2/ucsd_robocar_sensor2_pkg', 'symlink_install': False, 'test_result_base': None}
[1.531s] INFO:colcon.colcon_core.executor:Executing jobs using 'parallel' executor
[1.538s] DEBUG:colcon.colcon_parallel_executor.executor.parallel:run_until_complete
[1.539s] INFO:colcon.colcon_ros.task.ament_python.build:Building ROS package in '/home/projects/ros2_ws/src/ucsd_robocar_hub2/ucsd_robocar_actuator2_pkg' with build type 'ament_python'
[1.540s] Level 1:colcon.colcon_core.shell:create_environment_hook('ucsd_robocar_actuator2_pkg', 'ament_prefix_path')
[1.554s] INFO:colcon.colcon_core.plugin_system:Skipping extension 'colcon_core.shell.bat': Not used on non-Windows systems
[1.555s] INFO:colcon.colcon_core.shell:Creating environment hook '/home/projects/ros2_ws/install/ucsd_robocar_actuator2_pkg/share/ucsd_robocar_actuator2_pkg/hook/ament_prefix_path.ps1'
[1.558s] INFO:colcon.colcon_core.shell:Creating environment descriptor '/home/projects/ros2_ws/install/ucsd_robocar_actuator2_pkg/share/ucsd_robocar_actuator2_pkg/hook/ament_prefix_path.dsv'
[1.560s] INFO:colcon.colcon_core.shell:Creating environment hook '/home/projects/ros2_ws/install/ucsd_robocar_actuator2_pkg/share/ucsd_robocar_actuator2_pkg/hook/ament_prefix_path.sh'
[1.564s] INFO:colcon.colcon_core.shell:Skip shell extension 'powershell' for command environment: Not usable outside of PowerShell
[1.564s] DEBUG:colcon.colcon_core.shell:Skip shell extension 'dsv' for command environment
[1.578s] DEBUG:colcon.colcon_core.shell:Ignoring prefix path '/opt/ros/foxy'
[1.587s] INFO:colcon.colcon_ros.task.ament_python.build:Building ROS package in '/home/projects/ros2_ws/src/ucsd_robocar_hub2/ucsd_robocar_lane_detection2_pkg' with build type 'ament_python'
[1.588s] Level 1:colcon.colcon_core.shell:create_environment_hook('ucsd_robocar_lane_detection2_pkg', 'ament_prefix_path')
[1.591s] INFO:colcon.colcon_core.shell:Creating environment hook '/home/projects/ros2_ws/install/ucsd_robocar_lane_detection2_pkg/share/ucsd_robocar_lane_detection2_pkg/hook/ament_prefix_path.ps1'
[1.593s] INFO:colcon.colcon_core.shell:Creating environment descriptor '/home/projects/ros2_ws/install/ucsd_robocar_lane_detection2_pkg/share/ucsd_robocar_lane_detection2_pkg/hook/ament_prefix_path.dsv'
[1.595s] INFO:colcon.colcon_core.shell:Creating environment hook '/home/projects/ros2_ws/install/ucsd_robocar_lane_detection2_pkg/share/ucsd_robocar_lane_detection2_pkg/hook/ament_prefix_path.sh'
[1.598s] INFO:colcon.colcon_core.shell:Skip shell extension 'powershell' for command environment: Not usable outside of PowerShell
[1.598s] DEBUG:colcon.colcon_core.shell:Skip shell extension 'dsv' for command environment
[1.609s] DEBUG:colcon.colcon_core.shell:Ignoring prefix path '/opt/ros/foxy'
[1.619s] INFO:colcon.colcon_ros.task.ament_python.build:Building ROS package in '/home/projects/ros2_ws/src/ucsd_robocar_hub2/ucsd_robocar_nav2_pkg' with build type 'ament_python'
[1.620s] Level 1:colcon.colcon_core.shell:create_environment_hook('ucsd_robocar_nav2_pkg', 'ament_prefix_path')
[1.623s] INFO:colcon.colcon_core.shell:Creating environment hook '/home/projects/ros2_ws/install/ucsd_robocar_nav2_pkg/share/ucsd_robocar_nav2_pkg/hook/ament_prefix_path.ps1'
[1.625s] INFO:colcon.colcon_core.shell:Creating environment descriptor '/home/projects/ros2_ws/install/ucsd_robocar_nav2_pkg/share/ucsd_robocar_nav2_pkg/hook/ament_prefix_path.dsv'
[1.627s] INFO:colcon.colcon_core.shell:Creating environment hook '/home/projects/ros2_ws/install/ucsd_robocar_nav2_pkg/share/ucsd_robocar_nav2_pkg/hook/ament_prefix_path.sh'
[1.630s] INFO:colcon.colcon_core.shell:Skip shell extension 'powershell' for command environment: Not usable outside of PowerShell
[1.630s] DEBUG:colcon.colcon_core.shell:Skip shell extension 'dsv' for command environment
[1.641s] DEBUG:colcon.colcon_core.shell:Ignoring prefix path '/opt/ros/foxy'
[1.649s] INFO:colcon.colcon_ros.task.ament_python.build:Building ROS package in '/home/projects/ros2_ws/src/ucsd_robocar_hub2/ucsd_robocar_path2_pkg' with build type 'ament_python'
[1.650s] Level 1:colcon.colcon_core.shell:create_environment_hook('ucsd_robocar_path2_pkg', 'ament_prefix_path')
[1.653s] INFO:colcon.colcon_core.shell:Creating environment hook '/home/projects/ros2_ws/install/ucsd_robocar_path2_pkg/share/ucsd_robocar_path2_pkg/hook/ament_prefix_path.ps1'
[1.656s] INFO:colcon.colcon_core.shell:Creating environment descriptor '/home/projects/ros2_ws/install/ucsd_robocar_path2_pkg/share/ucsd_robocar_path2_pkg/hook/ament_prefix_path.dsv'
[1.657s] INFO:colcon.colcon_core.shell:Creating environment hook '/home/projects/ros2_ws/install/ucsd_robocar_path2_pkg/share/ucsd_robocar_path2_pkg/hook/ament_prefix_path.sh'
[1.661s] INFO:colcon.colcon_core.shell:Skip shell extension 'powershell' for command environment: Not usable outside of PowerShell
[1.662s] DEBUG:colcon.colcon_core.shell:Skip shell extension 'dsv' for command environment
[1.672s] DEBUG:colcon.colcon_core.shell:Ignoring prefix path '/opt/ros/foxy'
[2.547s] INFO:colcon.colcon_core.task.python.build:Building Python package in '/home/projects/ros2_ws/src/ucsd_robocar_hub2/ucsd_robocar_actuator2_pkg'
[2.550s] INFO:colcon.colcon_core.shell:Skip shell extension 'powershell' for command environment: Not usable outside of PowerShell
[2.550s] DEBUG:colcon.colcon_core.shell:Skip shell extension 'dsv' for command environment
[2.560s] DEBUG:colcon.colcon_core.shell:Ignoring prefix path '/opt/ros/foxy'
[3.418s] INFO:colcon.colcon_core.task.python.build:Building Python package in '/home/projects/ros2_ws/src/ucsd_robocar_hub2/ucsd_robocar_lane_detection2_pkg'
[3.421s] INFO:colcon.colcon_core.shell:Skip shell extension 'powershell' for command environment: Not usable outside of PowerShell
[3.422s] DEBUG:colcon.colcon_core.shell:Skip shell extension 'dsv' for command environment
[3.432s] DEBUG:colcon.colcon_core.shell:Ignoring prefix path '/opt/ros/foxy'
[4.289s] INFO:colcon.colcon_core.task.python.build:Building Python package in '/home/projects/ros2_ws/src/ucsd_robocar_hub2/ucsd_robocar_nav2_pkg'
[4.292s] INFO:colcon.colcon_core.shell:Skip shell extension 'powershell' for command environment: Not usable outside of PowerShell
[4.292s] DEBUG:colcon.colcon_core.shell:Skip shell extension 'dsv' for command environment
[4.302s] DEBUG:colcon.colcon_core.shell:Ignoring prefix path '/opt/ros/foxy'
[5.156s] INFO:colcon.colcon_core.task.python.build:Building Python package in '/home/projects/ros2_ws/src/ucsd_robocar_hub2/ucsd_robocar_path2_pkg'
[5.159s] INFO:colcon.colcon_core.shell:Skip shell extension 'powershell' for command environment: Not usable outside of PowerShell
[5.160s] DEBUG:colcon.colcon_core.shell:Skip shell extension 'dsv' for command environment
[5.171s] DEBUG:colcon.colcon_core.shell:Ignoring prefix path '/opt/ros/foxy'
[5.191s] DEBUG:colcon.colcon_core.event_handler.log_command:Invoking command in '/home/projects/ros2_ws/src/ucsd_robocar_hub2/ucsd_robocar_actuator2_pkg': PYTHONPATH=/home/projects/ros2_ws/install/ucsd_robocar_actuator2_pkg/lib/python3.8/site-packages:${PYTHONPATH} /usr/bin/python3 setup.py egg_info --egg-base ../../../build/ucsd_robocar_actuator2_pkg build --build-base /home/projects/ros2_ws/build/ucsd_robocar_actuator2_pkg/build install --prefix /home/projects/ros2_ws/install/ucsd_robocar_actuator2_pkg --record /home/projects/ros2_ws/build/ucsd_robocar_actuator2_pkg/install.log --single-version-externally-managed
[5.211s] DEBUG:colcon.colcon_core.event_handler.log_command:Invoking command in '/home/projects/ros2_ws/src/ucsd_robocar_hub2/ucsd_robocar_lane_detection2_pkg': PYTHONPATH=/home/projects/ros2_ws/install/ucsd_robocar_lane_detection2_pkg/lib/python3.8/site-packages:${PYTHONPATH} /usr/bin/python3 setup.py egg_info --egg-base ../../../build/ucsd_robocar_lane_detection2_pkg build --build-base /home/projects/ros2_ws/build/ucsd_robocar_lane_detection2_pkg/build install --prefix /home/projects/ros2_ws/install/ucsd_robocar_lane_detection2_pkg --record /home/projects/ros2_ws/build/ucsd_robocar_lane_detection2_pkg/install.log --single-version-externally-managed
[5.223s] DEBUG:colcon.colcon_core.event_handler.log_command:Invoking command in '/home/projects/ros2_ws/src/ucsd_robocar_hub2/ucsd_robocar_nav2_pkg': PYTHONPATH=/home/projects/ros2_ws/install/ucsd_robocar_nav2_pkg/lib/python3.8/site-packages:${PYTHONPATH} /usr/bin/python3 setup.py egg_info --egg-base ../../../build/ucsd_robocar_nav2_pkg build --build-base /home/projects/ros2_ws/build/ucsd_robocar_nav2_pkg/build install --prefix /home/projects/ros2_ws/install/ucsd_robocar_nav2_pkg --record /home/projects/ros2_ws/build/ucsd_robocar_nav2_pkg/install.log --single-version-externally-managed
[5.263s] DEBUG:colcon.colcon_core.event_handler.log_command:Invoking command in '/home/projects/ros2_ws/src/ucsd_robocar_hub2/ucsd_robocar_path2_pkg': PYTHONPATH=/home/projects/ros2_ws/install/ucsd_robocar_path2_pkg/lib/python3.8/site-packages:${PYTHONPATH} /usr/bin/python3 setup.py egg_info --egg-base ../../../build/ucsd_robocar_path2_pkg build --build-base /home/projects/ros2_ws/build/ucsd_robocar_path2_pkg/build install --prefix /home/projects/ros2_ws/install/ucsd_robocar_path2_pkg --record /home/projects/ros2_ws/build/ucsd_robocar_path2_pkg/install.log --single-version-externally-managed
[6.577s] DEBUG:colcon.colcon_core.event_handler.log_command:Invoked command in '/home/projects/ros2_ws/src/ucsd_robocar_hub2/ucsd_robocar_actuator2_pkg' returned '0': PYTHONPATH=/home/projects/ros2_ws/install/ucsd_robocar_actuator2_pkg/lib/python3.8/site-packages:${PYTHONPATH} /usr/bin/python3 setup.py egg_info --egg-base ../../../build/ucsd_robocar_actuator2_pkg build --build-base /home/projects/ros2_ws/build/ucsd_robocar_actuator2_pkg/build install --prefix /home/projects/ros2_ws/install/ucsd_robocar_actuator2_pkg --record /home/projects/ros2_ws/build/ucsd_robocar_actuator2_pkg/install.log --single-version-externally-managed
[6.598s] Level 1:colcon.colcon_core.environment:checking '/home/projects/ros2_ws/install/ucsd_robocar_actuator2_pkg' for CMake module files
[6.601s] Level 1:colcon.colcon_core.environment:checking '/home/projects/ros2_ws/install/ucsd_robocar_actuator2_pkg' for CMake config files
[6.607s] Level 1:colcon.colcon_core.environment:checking '/home/projects/ros2_ws/install/ucsd_robocar_actuator2_pkg/lib'
[6.608s] Level 1:colcon.colcon_core.environment:checking '/home/projects/ros2_ws/install/ucsd_robocar_actuator2_pkg/bin'
[6.609s] Level 1:colcon.colcon_core.environment:checking '/home/projects/ros2_ws/install/ucsd_robocar_actuator2_pkg/lib/pkgconfig/ucsd_robocar_actuator2_pkg.pc'
[6.609s] Level 1:colcon.colcon_core.environment:checking '/home/projects/ros2_ws/install/ucsd_robocar_actuator2_pkg/lib/python3.8/site-packages'
[6.610s] Level 1:colcon.colcon_core.shell:create_environment_hook('ucsd_robocar_actuator2_pkg', 'pythonpath')
[6.613s] INFO:colcon.colcon_core.shell:Creating environment hook '/home/projects/ros2_ws/install/ucsd_robocar_actuator2_pkg/share/ucsd_robocar_actuator2_pkg/hook/pythonpath.ps1'
[6.615s] INFO:colcon.colcon_core.shell:Creating environment descriptor '/home/projects/ros2_ws/install/ucsd_robocar_actuator2_pkg/share/ucsd_robocar_actuator2_pkg/hook/pythonpath.dsv'
[6.616s] INFO:colcon.colcon_core.shell:Creating environment hook '/home/projects/ros2_ws/install/ucsd_robocar_actuator2_pkg/share/ucsd_robocar_actuator2_pkg/hook/pythonpath.sh'
[6.618s] Level 1:colcon.colcon_core.environment:create_environment_scripts_only(ucsd_robocar_actuator2_pkg)
[6.622s] INFO:colcon.colcon_core.shell:Creating package script '/home/projects/ros2_ws/install/ucsd_robocar_actuator2_pkg/share/ucsd_robocar_actuator2_pkg/package.ps1'
[6.627s] INFO:colcon.colcon_core.shell:Creating package descriptor '/home/projects/ros2_ws/install/ucsd_robocar_actuator2_pkg/share/ucsd_robocar_actuator2_pkg/package.dsv'
[6.629s] INFO:colcon.colcon_core.shell:Creating package script '/home/projects/ros2_ws/install/ucsd_robocar_actuator2_pkg/share/ucsd_robocar_actuator2_pkg/package.sh'
[6.633s] INFO:colcon.colcon_core.shell:Creating package script '/home/projects/ros2_ws/install/ucsd_robocar_actuator2_pkg/share/ucsd_robocar_actuator2_pkg/package.bash'
[6.637s] INFO:colcon.colcon_core.shell:Creating package script '/home/projects/ros2_ws/install/ucsd_robocar_actuator2_pkg/share/ucsd_robocar_actuator2_pkg/package.zsh'
[6.640s] Level 1:colcon.colcon_core.environment:create_file_with_runtime_dependencies(/home/projects/ros2_ws/install/ucsd_robocar_actuator2_pkg/share/colcon-core/packages/ucsd_robocar_actuator2_pkg)
[6.645s] INFO:colcon.colcon_ros.task.ament_python.build:Building ROS package in '/home/projects/ros2_ws/src/ucsd_robocar_hub2/ucsd_robocar_sensor2_pkg' with build type 'ament_python'
[6.646s] Level 1:colcon.colcon_core.shell:create_environment_hook('ucsd_robocar_sensor2_pkg', 'ament_prefix_path')
[6.649s] INFO:colcon.colcon_core.shell:Creating environment hook '/home/projects/ros2_ws/install/ucsd_robocar_sensor2_pkg/share/ucsd_robocar_sensor2_pkg/hook/ament_prefix_path.ps1'
[6.652s] INFO:colcon.colcon_core.shell:Creating environment descriptor '/home/projects/ros2_ws/install/ucsd_robocar_sensor2_pkg/share/ucsd_robocar_sensor2_pkg/hook/ament_prefix_path.dsv'
[6.653s] INFO:colcon.colcon_core.shell:Creating environment hook '/home/projects/ros2_ws/install/ucsd_robocar_sensor2_pkg/share/ucsd_robocar_sensor2_pkg/hook/ament_prefix_path.sh'
[6.658s] INFO:colcon.colcon_core.shell:Skip shell extension 'powershell' for command environment: Not usable outside of PowerShell
[6.658s] DEBUG:colcon.colcon_core.shell:Skip shell extension 'dsv' for command environment
[6.670s] DEBUG:colcon.colcon_core.shell:Ignoring prefix path '/opt/ros/foxy'
[6.687s] Level 1:colcon.colcon_core.environment:checking '/home/projects/ros2_ws/install/ucsd_robocar_nav2_pkg' for CMake module files
[6.689s] DEBUG:colcon.colcon_core.event_handler.log_command:Invoked command in '/home/projects/ros2_ws/src/ucsd_robocar_hub2/ucsd_robocar_nav2_pkg' returned '0': PYTHONPATH=/home/projects/ros2_ws/install/ucsd_robocar_nav2_pkg/lib/python3.8/site-packages:${PYTHONPATH} /usr/bin/python3 setup.py egg_info --egg-base ../../../build/ucsd_robocar_nav2_pkg build --build-base /home/projects/ros2_ws/build/ucsd_robocar_nav2_pkg/build install --prefix /home/projects/ros2_ws/install/ucsd_robocar_nav2_pkg --record /home/projects/ros2_ws/build/ucsd_robocar_nav2_pkg/install.log --single-version-externally-managed
[6.691s] Level 1:colcon.colcon_core.environment:checking '/home/projects/ros2_ws/install/ucsd_robocar_nav2_pkg' for CMake config files
[6.695s] Level 1:colcon.colcon_core.environment:checking '/home/projects/ros2_ws/install/ucsd_robocar_nav2_pkg/lib'
[6.695s] Level 1:colcon.colcon_core.environment:checking '/home/projects/ros2_ws/install/ucsd_robocar_nav2_pkg/bin'
[6.696s] Level 1:colcon.colcon_core.environment:checking '/home/projects/ros2_ws/install/ucsd_robocar_nav2_pkg/lib/pkgconfig/ucsd_robocar_nav2_pkg.pc'
[6.696s] Level 1:colcon.colcon_core.environment:checking '/home/projects/ros2_ws/install/ucsd_robocar_nav2_pkg/lib/python3.8/site-packages'
[6.696s] Level 1:colcon.colcon_core.shell:create_environment_hook('ucsd_robocar_nav2_pkg', 'pythonpath')
[6.698s] INFO:colcon.colcon_core.shell:Creating environment hook '/home/projects/ros2_ws/install/ucsd_robocar_nav2_pkg/share/ucsd_robocar_nav2_pkg/hook/pythonpath.ps1'
[6.700s] INFO:colcon.colcon_core.shell:Creating environment descriptor '/home/projects/ros2_ws/install/ucsd_robocar_nav2_pkg/share/ucsd_robocar_nav2_pkg/hook/pythonpath.dsv'
[6.701s] INFO:colcon.colcon_core.shell:Creating environment hook '/home/projects/ros2_ws/install/ucsd_robocar_nav2_pkg/share/ucsd_robocar_nav2_pkg/hook/pythonpath.sh'
[6.703s] Level 1:colcon.colcon_core.environment:create_environment_scripts_only(ucsd_robocar_nav2_pkg)
[6.706s] INFO:colcon.colcon_core.shell:Creating package script '/home/projects/ros2_ws/install/ucsd_robocar_nav2_pkg/share/ucsd_robocar_nav2_pkg/package.ps1'
[6.708s] INFO:colcon.colcon_core.shell:Creating package descriptor '/home/projects/ros2_ws/install/ucsd_robocar_nav2_pkg/share/ucsd_robocar_nav2_pkg/package.dsv'
[6.709s] INFO:colcon.colcon_core.shell:Creating package script '/home/projects/ros2_ws/install/ucsd_robocar_nav2_pkg/share/ucsd_robocar_nav2_pkg/package.sh'
[6.711s] INFO:colcon.colcon_core.shell:Creating package script '/home/projects/ros2_ws/install/ucsd_robocar_nav2_pkg/share/ucsd_robocar_nav2_pkg/package.bash'
[6.712s] INFO:colcon.colcon_core.shell:Creating package script '/home/projects/ros2_ws/install/ucsd_robocar_nav2_pkg/share/ucsd_robocar_nav2_pkg/package.zsh'
[6.713s] Level 1:colcon.colcon_core.environment:create_file_with_runtime_dependencies(/home/projects/ros2_ws/install/ucsd_robocar_nav2_pkg/share/colcon-core/packages/ucsd_robocar_nav2_pkg)
[6.717s] Level 1:colcon.colcon_core.environment:checking '/home/projects/ros2_ws/install/ucsd_robocar_lane_detection2_pkg' for CMake module files
[6.721s] DEBUG:colcon.colcon_core.event_handler.log_command:Invoked command in '/home/projects/ros2_ws/src/ucsd_robocar_hub2/ucsd_robocar_lane_detection2_pkg' returned '0': PYTHONPATH=/home/projects/ros2_ws/install/ucsd_robocar_lane_detection2_pkg/lib/python3.8/site-packages:${PYTHONPATH} /usr/bin/python3 setup.py egg_info --egg-base ../../../build/ucsd_robocar_lane_detection2_pkg build --build-base /home/projects/ros2_ws/build/ucsd_robocar_lane_detection2_pkg/build install --prefix /home/projects/ros2_ws/install/ucsd_robocar_lane_detection2_pkg --record /home/projects/ros2_ws/build/ucsd_robocar_lane_detection2_pkg/install.log --single-version-externally-managed
[6.722s] Level 1:colcon.colcon_core.environment:checking '/home/projects/ros2_ws/install/ucsd_robocar_lane_detection2_pkg' for CMake config files
[6.726s] Level 1:colcon.colcon_core.environment:checking '/home/projects/ros2_ws/install/ucsd_robocar_lane_detection2_pkg/lib'
[6.726s] Level 1:colcon.colcon_core.environment:checking '/home/projects/ros2_ws/install/ucsd_robocar_lane_detection2_pkg/bin'
[6.726s] Level 1:colcon.colcon_core.environment:checking '/home/projects/ros2_ws/install/ucsd_robocar_lane_detection2_pkg/lib/pkgconfig/ucsd_robocar_lane_detection2_pkg.pc'
[6.727s] Level 1:colcon.colcon_core.environment:checking '/home/projects/ros2_ws/install/ucsd_robocar_lane_detection2_pkg/lib/python3.8/site-packages'
[6.727s] Level 1:colcon.colcon_core.shell:create_environment_hook('ucsd_robocar_lane_detection2_pkg', 'pythonpath')
[6.729s] INFO:colcon.colcon_core.shell:Creating environment hook '/home/projects/ros2_ws/install/ucsd_robocar_lane_detection2_pkg/share/ucsd_robocar_lane_detection2_pkg/hook/pythonpath.ps1'
[6.731s] INFO:colcon.colcon_core.shell:Creating environment descriptor '/home/projects/ros2_ws/install/ucsd_robocar_lane_detection2_pkg/share/ucsd_robocar_lane_detection2_pkg/hook/pythonpath.dsv'
[6.732s] INFO:colcon.colcon_core.shell:Creating environment hook '/home/projects/ros2_ws/install/ucsd_robocar_lane_detection2_pkg/share/ucsd_robocar_lane_detection2_pkg/hook/pythonpath.sh'
[6.733s] Level 1:colcon.colcon_core.environment:create_environment_scripts_only(ucsd_robocar_lane_detection2_pkg)
[6.736s] INFO:colcon.colcon_core.shell:Creating package script '/home/projects/ros2_ws/install/ucsd_robocar_lane_detection2_pkg/share/ucsd_robocar_lane_detection2_pkg/package.ps1'
[6.737s] INFO:colcon.colcon_core.shell:Creating package descriptor '/home/projects/ros2_ws/install/ucsd_robocar_lane_detection2_pkg/share/ucsd_robocar_lane_detection2_pkg/package.dsv'
[6.739s] INFO:colcon.colcon_core.shell:Creating package script '/home/projects/ros2_ws/install/ucsd_robocar_lane_detection2_pkg/share/ucsd_robocar_lane_detection2_pkg/package.sh'
[6.741s] INFO:colcon.colcon_core.shell:Creating package script '/home/projects/ros2_ws/install/ucsd_robocar_lane_detection2_pkg/share/ucsd_robocar_lane_detection2_pkg/package.bash'
[6.742s] INFO:colcon.colcon_core.shell:Creating package script '/home/projects/ros2_ws/install/ucsd_robocar_lane_detection2_pkg/share/ucsd_robocar_lane_detection2_pkg/package.zsh'
[6.743s] Level 1:colcon.colcon_core.environment:create_file_with_runtime_dependencies(/home/projects/ros2_ws/install/ucsd_robocar_lane_detection2_pkg/share/colcon-core/packages/ucsd_robocar_lane_detection2_pkg)
[6.751s] Level 1:colcon.colcon_core.environment:checking '/home/projects/ros2_ws/install/ucsd_robocar_path2_pkg' for CMake module files
[6.753s] DEBUG:colcon.colcon_core.event_handler.log_command:Invoked command in '/home/projects/ros2_ws/src/ucsd_robocar_hub2/ucsd_robocar_path2_pkg' returned '0': PYTHONPATH=/home/projects/ros2_ws/install/ucsd_robocar_path2_pkg/lib/python3.8/site-packages:${PYTHONPATH} /usr/bin/python3 setup.py egg_info --egg-base ../../../build/ucsd_robocar_path2_pkg build --build-base /home/projects/ros2_ws/build/ucsd_robocar_path2_pkg/build install --prefix /home/projects/ros2_ws/install/ucsd_robocar_path2_pkg --record /home/projects/ros2_ws/build/ucsd_robocar_path2_pkg/install.log --single-version-externally-managed
[6.755s] Level 1:colcon.colcon_core.environment:checking '/home/projects/ros2_ws/install/ucsd_robocar_path2_pkg' for CMake config files
[6.758s] Level 1:colcon.colcon_core.environment:checking '/home/projects/ros2_ws/install/ucsd_robocar_path2_pkg/lib'
[6.758s] Level 1:colcon.colcon_core.environment:checking '/home/projects/ros2_ws/install/ucsd_robocar_path2_pkg/bin'
[6.758s] Level 1:colcon.colcon_core.environment:checking '/home/projects/ros2_ws/install/ucsd_robocar_path2_pkg/lib/pkgconfig/ucsd_robocar_path2_pkg.pc'
[6.759s] Level 1:colcon.colcon_core.environment:checking '/home/projects/ros2_ws/install/ucsd_robocar_path2_pkg/lib/python3.8/site-packages'
[6.759s] Level 1:colcon.colcon_core.shell:create_environment_hook('ucsd_robocar_path2_pkg', 'pythonpath')
[6.761s] INFO:colcon.colcon_core.shell:Creating environment hook '/home/projects/ros2_ws/install/ucsd_robocar_path2_pkg/share/ucsd_robocar_path2_pkg/hook/pythonpath.ps1'
[6.762s] INFO:colcon.colcon_core.shell:Creating environment descriptor '/home/projects/ros2_ws/install/ucsd_robocar_path2_pkg/share/ucsd_robocar_path2_pkg/hook/pythonpath.dsv'
[6.764s] INFO:colcon.colcon_core.shell:Creating environment hook '/home/projects/ros2_ws/install/ucsd_robocar_path2_pkg/share/ucsd_robocar_path2_pkg/hook/pythonpath.sh'
[6.765s] Level 1:colcon.colcon_core.environment:create_environment_scripts_only(ucsd_robocar_path2_pkg)
[6.767s] INFO:colcon.colcon_core.shell:Creating package script '/home/projects/ros2_ws/install/ucsd_robocar_path2_pkg/share/ucsd_robocar_path2_pkg/package.ps1'
[6.769s] INFO:colcon.colcon_core.shell:Creating package descriptor '/home/projects/ros2_ws/install/ucsd_robocar_path2_pkg/share/ucsd_robocar_path2_pkg/package.dsv'
[6.771s] INFO:colcon.colcon_core.shell:Creating package script '/home/projects/ros2_ws/install/ucsd_robocar_path2_pkg/share/ucsd_robocar_path2_pkg/package.sh'
[6.772s] INFO:colcon.colcon_core.shell:Creating package script '/home/projects/ros2_ws/install/ucsd_robocar_path2_pkg/share/ucsd_robocar_path2_pkg/package.bash'
[6.773s] INFO:colcon.colcon_core.shell:Creating package script '/home/projects/ros2_ws/install/ucsd_robocar_path2_pkg/share/ucsd_robocar_path2_pkg/package.zsh'
[6.774s] Level 1:colcon.colcon_core.environment:create_file_with_runtime_dependencies(/home/projects/ros2_ws/install/ucsd_robocar_path2_pkg/share/colcon-core/packages/ucsd_robocar_path2_pkg)
[7.635s] INFO:colcon.colcon_core.task.python.build:Building Python package in '/home/projects/ros2_ws/src/ucsd_robocar_hub2/ucsd_robocar_sensor2_pkg'
[7.638s] INFO:colcon.colcon_core.shell:Skip shell extension 'powershell' for command environment: Not usable outside of PowerShell
[7.638s] DEBUG:colcon.colcon_core.shell:Skip shell extension 'dsv' for command environment
[7.649s] DEBUG:colcon.colcon_core.shell:Ignoring prefix path '/opt/ros/foxy'
[7.673s] DEBUG:colcon.colcon_core.event_handler.log_command:Invoking command in '/home/projects/ros2_ws/src/ucsd_robocar_hub2/ucsd_robocar_sensor2_pkg': PYTHONPATH=/home/projects/ros2_ws/install/ucsd_robocar_sensor2_pkg/lib/python3.8/site-packages:${PYTHONPATH} /usr/bin/python3 setup.py egg_info --egg-base ../../../build/ucsd_robocar_sensor2_pkg build --build-base /home/projects/ros2_ws/build/ucsd_robocar_sensor2_pkg/build install --prefix /home/projects/ros2_ws/install/ucsd_robocar_sensor2_pkg --record /home/projects/ros2_ws/build/ucsd_robocar_sensor2_pkg/install.log --single-version-externally-managed
[8.824s] Level 1:colcon.colcon_core.environment:checking '/home/projects/ros2_ws/install/ucsd_robocar_sensor2_pkg' for CMake module files
[8.826s] DEBUG:colcon.colcon_core.event_handler.log_command:Invoked command in '/home/projects/ros2_ws/src/ucsd_robocar_hub2/ucsd_robocar_sensor2_pkg' returned '0': PYTHONPATH=/home/projects/ros2_ws/install/ucsd_robocar_sensor2_pkg/lib/python3.8/site-packages:${PYTHONPATH} /usr/bin/python3 setup.py egg_info --egg-base ../../../build/ucsd_robocar_sensor2_pkg build --build-base /home/projects/ros2_ws/build/ucsd_robocar_sensor2_pkg/build install --prefix /home/projects/ros2_ws/install/ucsd_robocar_sensor2_pkg --record /home/projects/ros2_ws/build/ucsd_robocar_sensor2_pkg/install.log --single-version-externally-managed
[8.828s] Level 1:colcon.colcon_core.environment:checking '/home/projects/ros2_ws/install/ucsd_robocar_sensor2_pkg' for CMake config files
[8.831s] Level 1:colcon.colcon_core.environment:checking '/home/projects/ros2_ws/install/ucsd_robocar_sensor2_pkg/lib'
[8.832s] Level 1:colcon.colcon_core.environment:checking '/home/projects/ros2_ws/install/ucsd_robocar_sensor2_pkg/bin'
[8.832s] Level 1:colcon.colcon_core.environment:checking '/home/projects/ros2_ws/install/ucsd_robocar_sensor2_pkg/lib/pkgconfig/ucsd_robocar_sensor2_pkg.pc'
[8.832s] Level 1:colcon.colcon_core.environment:checking '/home/projects/ros2_ws/install/ucsd_robocar_sensor2_pkg/lib/python3.8/site-packages'
[8.833s] Level 1:colcon.colcon_core.shell:create_environment_hook('ucsd_robocar_sensor2_pkg', 'pythonpath')
[8.835s] INFO:colcon.colcon_core.shell:Creating environment hook '/home/projects/ros2_ws/install/ucsd_robocar_sensor2_pkg/share/ucsd_robocar_sensor2_pkg/hook/pythonpath.ps1'
[8.836s] INFO:colcon.colcon_core.shell:Creating environment descriptor '/home/projects/ros2_ws/install/ucsd_robocar_sensor2_pkg/share/ucsd_robocar_sensor2_pkg/hook/pythonpath.dsv'
[8.838s] INFO:colcon.colcon_core.shell:Creating environment hook '/home/projects/ros2_ws/install/ucsd_robocar_sensor2_pkg/share/ucsd_robocar_sensor2_pkg/hook/pythonpath.sh'
[8.839s] Level 1:colcon.colcon_core.environment:create_environment_scripts_only(ucsd_robocar_sensor2_pkg)
[8.842s] INFO:colcon.colcon_core.shell:Creating package script '/home/projects/ros2_ws/install/ucsd_robocar_sensor2_pkg/share/ucsd_robocar_sensor2_pkg/package.ps1'
[8.843s] INFO:colcon.colcon_core.shell:Creating package descriptor '/home/projects/ros2_ws/install/ucsd_robocar_sensor2_pkg/share/ucsd_robocar_sensor2_pkg/package.dsv'
[8.845s] INFO:colcon.colcon_core.shell:Creating package script '/home/projects/ros2_ws/install/ucsd_robocar_sensor2_pkg/share/ucsd_robocar_sensor2_pkg/package.sh'
[8.846s] INFO:colcon.colcon_core.shell:Creating package script '/home/projects/ros2_ws/install/ucsd_robocar_sensor2_pkg/share/ucsd_robocar_sensor2_pkg/package.bash'
[8.848s] INFO:colcon.colcon_core.shell:Creating package script '/home/projects/ros2_ws/install/ucsd_robocar_sensor2_pkg/share/ucsd_robocar_sensor2_pkg/package.zsh'
[8.849s] Level 1:colcon.colcon_core.environment:create_file_with_runtime_dependencies(/home/projects/ros2_ws/install/ucsd_robocar_sensor2_pkg/share/colcon-core/packages/ucsd_robocar_sensor2_pkg)
[8.850s] DEBUG:colcon.colcon_parallel_executor.executor.parallel:closing loop
[8.851s] DEBUG:colcon.colcon_parallel_executor.executor.parallel:loop closed
[8.851s] DEBUG:colcon.colcon_parallel_executor.executor.parallel:run_until_complete finished with '0'
[8.852s] DEBUG:colcon.colcon_core.event_reactor:joining thread
[8.874s] INFO:colcon.colcon_core.plugin_system:Skipping extension 'colcon_notification.desktop_notification.notify_send': Could not find 'notify-send'
[8.875s] INFO:colcon.colcon_core.plugin_system:Skipping extension 'colcon_notification.desktop_notification.terminal_notifier': Not used on non-Darwin systems
[8.875s] INFO:colcon.colcon_core.plugin_system:Skipping extension 'colcon_notification.desktop_notification.win32': Not used on non-Windows systems
[8.875s] INFO:colcon.colcon_notification.desktop_notification:Sending desktop notification using 'notify2'
[8.880s] DEBUG:colcon.colcon_notification.desktop_notification.notify2:Failed to initialize notify2: org.freedesktop.DBus.Error.Spawn.ExecFailed: /usr/bin/dbus-launch terminated abnormally without any error message
[8.881s] DEBUG:colcon.colcon_core.event_reactor:joined thread
[8.884s] INFO:colcon.colcon_core.shell:Creating prefix script '/home/projects/ros2_ws/install/local_setup.ps1'
[8.888s] INFO:colcon.colcon_core.shell:Creating prefix util module '/home/projects/ros2_ws/install/_local_setup_util_ps1.py'
[8.893s] INFO:colcon.colcon_core.shell:Creating prefix chain script '/home/projects/ros2_ws/install/setup.ps1'
[8.905s] INFO:colcon.colcon_core.shell:Creating prefix script '/home/projects/ros2_ws/install/local_setup.sh'
[8.907s] INFO:colcon.colcon_core.shell:Creating prefix util module '/home/projects/ros2_ws/install/_local_setup_util_sh.py'
[8.908s] INFO:colcon.colcon_core.shell:Creating prefix chain script '/home/projects/ros2_ws/install/setup.sh'
[8.919s] INFO:colcon.colcon_core.shell:Creating prefix script '/home/projects/ros2_ws/install/local_setup.bash'
[8.921s] INFO:colcon.colcon_core.shell:Creating prefix chain script '/home/projects/ros2_ws/install/setup.bash'
[8.931s] INFO:colcon.colcon_core.shell:Creating prefix script '/home/projects/ros2_ws/install/local_setup.zsh'
[8.933s] INFO:colcon.colcon_core.shell:Creating prefix chain script '/home/projects/ros2_ws/install/setup.zsh'
