[1.900s] Invoking command in '/home/projects/ros2_ws/src/ucsd_robocar_hub2/ucsd_robocar_sensor2_pkg': PYTHONPATH=/home/projects/ros2_ws/install/ucsd_robocar_sensor2_pkg/lib/python3.8/site-packages:${PYTHONPATH} /usr/bin/python3 setup.py egg_info --egg-base ../../../build/ucsd_robocar_sensor2_pkg build --build-base /home/projects/ros2_ws/build/ucsd_robocar_sensor2_pkg/build install --prefix /home/projects/ros2_ws/install/ucsd_robocar_sensor2_pkg --record /home/projects/ros2_ws/build/ucsd_robocar_sensor2_pkg/install.log --single-version-externally-managed
[3.483s] running egg_info
[3.497s] writing ../../../build/ucsd_robocar_sensor2_pkg/ucsd_robocar_sensor2_pkg.egg-info/PKG-INFO
[3.498s] writing dependency_links to ../../../build/ucsd_robocar_sensor2_pkg/ucsd_robocar_sensor2_pkg.egg-info/dependency_links.txt
[3.499s] writing entry points to ../../../build/ucsd_robocar_sensor2_pkg/ucsd_robocar_sensor2_pkg.egg-info/entry_points.txt
[3.500s] writing requirements to ../../../build/ucsd_robocar_sensor2_pkg/ucsd_robocar_sensor2_pkg.egg-info/requires.txt
[3.500s] writing top-level names to ../../../build/ucsd_robocar_sensor2_pkg/ucsd_robocar_sensor2_pkg.egg-info/top_level.txt
[3.991s] reading manifest file '../../../build/ucsd_robocar_sensor2_pkg/ucsd_robocar_sensor2_pkg.egg-info/SOURCES.txt'
[4.005s] writing manifest file '../../../build/ucsd_robocar_sensor2_pkg/ucsd_robocar_sensor2_pkg.egg-info/SOURCES.txt'
[4.006s] running build
[4.007s] running build_py
[4.008s] running install
[4.011s] running install_lib
[4.020s] running install_data
[4.025s] running install_egg_info
[4.053s] removing '/home/projects/ros2_ws/install/ucsd_robocar_sensor2_pkg/lib/python3.8/site-packages/ucsd_robocar_sensor2_pkg-0.0.0-py3.8.egg-info' (and everything under it)
[4.054s] Copying ../../../build/ucsd_robocar_sensor2_pkg/ucsd_robocar_sensor2_pkg.egg-info to /home/projects/ros2_ws/install/ucsd_robocar_sensor2_pkg/lib/python3.8/site-packages/ucsd_robocar_sensor2_pkg-0.0.0-py3.8.egg-info
[4.074s] running install_scripts
[4.271s] Installing webcam_node script to /home/projects/ros2_ws/install/ucsd_robocar_sensor2_pkg/lib/ucsd_robocar_sensor2_pkg
[4.278s] writing list of installed files to '/home/projects/ros2_ws/build/ucsd_robocar_sensor2_pkg/install.log'
[4.425s] Invoked command in '/home/projects/ros2_ws/src/ucsd_robocar_hub2/ucsd_robocar_sensor2_pkg' returned '0': PYTHONPATH=/home/projects/ros2_ws/install/ucsd_robocar_sensor2_pkg/lib/python3.8/site-packages:${PYTHONPATH} /usr/bin/python3 setup.py egg_info --egg-base ../../../build/ucsd_robocar_sensor2_pkg build --build-base /home/projects/ros2_ws/build/ucsd_robocar_sensor2_pkg/build install --prefix /home/projects/ros2_ws/install/ucsd_robocar_sensor2_pkg --record /home/projects/ros2_ws/build/ucsd_robocar_sensor2_pkg/install.log --single-version-externally-managed
