[3.639s] Invoking command in '/home/projects/ros2_ws/src/ucsd_robocar_hub2/ucsd_robocar_lane_detection2_pkg': PYTHONPATH=/home/projects/ros2_ws/install/ucsd_robocar_lane_detection2_pkg/lib/python3.8/site-packages:${PYTHONPATH} /usr/bin/python3 setup.py egg_info --egg-base ../../../build/ucsd_robocar_lane_detection2_pkg build --build-base /home/projects/ros2_ws/build/ucsd_robocar_lane_detection2_pkg/build install --prefix /home/projects/ros2_ws/install/ucsd_robocar_lane_detection2_pkg --record /home/projects/ros2_ws/build/ucsd_robocar_lane_detection2_pkg/install.log --single-version-externally-managed
[4.591s] running egg_info
[4.594s] writing ../../../build/ucsd_robocar_lane_detection2_pkg/ucsd_robocar_lane_detection2_pkg.egg-info/PKG-INFO
[4.596s] writing dependency_links to ../../../build/ucsd_robocar_lane_detection2_pkg/ucsd_robocar_lane_detection2_pkg.egg-info/dependency_links.txt
[4.598s] writing entry points to ../../../build/ucsd_robocar_lane_detection2_pkg/ucsd_robocar_lane_detection2_pkg.egg-info/entry_points.txt
[4.599s] writing requirements to ../../../build/ucsd_robocar_lane_detection2_pkg/ucsd_robocar_lane_detection2_pkg.egg-info/requires.txt
[4.601s] writing top-level names to ../../../build/ucsd_robocar_lane_detection2_pkg/ucsd_robocar_lane_detection2_pkg.egg-info/top_level.txt
[4.792s] reading manifest file '../../../build/ucsd_robocar_lane_detection2_pkg/ucsd_robocar_lane_detection2_pkg.egg-info/SOURCES.txt'
[4.800s] writing manifest file '../../../build/ucsd_robocar_lane_detection2_pkg/ucsd_robocar_lane_detection2_pkg.egg-info/SOURCES.txt'
[4.802s] running build
[4.802s] running build_py
[4.805s] copying ucsd_robocar_lane_detection2_pkg/lane_guidance_node.py -> /home/projects/ros2_ws/build/ucsd_robocar_lane_detection2_pkg/build/lib/ucsd_robocar_lane_detection2_pkg
[4.808s] running install
[4.812s] running install_lib
[4.817s] copying /home/projects/ros2_ws/build/ucsd_robocar_lane_detection2_pkg/build/lib/ucsd_robocar_lane_detection2_pkg/lane_guidance_node.py -> /home/projects/ros2_ws/install/ucsd_robocar_lane_detection2_pkg/lib/python3.8/site-packages/ucsd_robocar_lane_detection2_pkg
[4.821s] byte-compiling /home/projects/ros2_ws/install/ucsd_robocar_lane_detection2_pkg/lib/python3.8/site-packages/ucsd_robocar_lane_detection2_pkg/lane_guidance_node.py to lane_guidance_node.cpython-38.pyc
[4.831s] running install_data
[4.834s] running install_egg_info
[4.842s] removing '/home/projects/ros2_ws/install/ucsd_robocar_lane_detection2_pkg/lib/python3.8/site-packages/ucsd_robocar_lane_detection2_pkg-0.0.0-py3.8.egg-info' (and everything under it)
[4.845s] Copying ../../../build/ucsd_robocar_lane_detection2_pkg/ucsd_robocar_lane_detection2_pkg.egg-info to /home/projects/ros2_ws/install/ucsd_robocar_lane_detection2_pkg/lib/python3.8/site-packages/ucsd_robocar_lane_detection2_pkg-0.0.0-py3.8.egg-info
[4.852s] running install_scripts
[4.947s] Installing calibration_node script to /home/projects/ros2_ws/install/ucsd_robocar_lane_detection2_pkg/lib/ucsd_robocar_lane_detection2_pkg
[4.948s] Installing lane_detection_node script to /home/projects/ros2_ws/install/ucsd_robocar_lane_detection2_pkg/lib/ucsd_robocar_lane_detection2_pkg
[4.950s] Installing lane_guidance_node script to /home/projects/ros2_ws/install/ucsd_robocar_lane_detection2_pkg/lib/ucsd_robocar_lane_detection2_pkg
[4.952s] writing list of installed files to '/home/projects/ros2_ws/build/ucsd_robocar_lane_detection2_pkg/install.log'
[5.115s] Invoked command in '/home/projects/ros2_ws/src/ucsd_robocar_hub2/ucsd_robocar_lane_detection2_pkg' returned '0': PYTHONPATH=/home/projects/ros2_ws/install/ucsd_robocar_lane_detection2_pkg/lib/python3.8/site-packages:${PYTHONPATH} /usr/bin/python3 setup.py egg_info --egg-base ../../../build/ucsd_robocar_lane_detection2_pkg build --build-base /home/projects/ros2_ws/build/ucsd_robocar_lane_detection2_pkg/build install --prefix /home/projects/ros2_ws/install/ucsd_robocar_lane_detection2_pkg --record /home/projects/ros2_ws/build/ucsd_robocar_lane_detection2_pkg/install.log --single-version-externally-managed
