[3.940s] Invoking command in '/home/projects/ros2_ws/src/ucsd_robocar_hub2/ucsd_robocar_nav2_pkg': PYTHONPATH=/home/projects/ros2_ws/install/ucsd_robocar_nav2_pkg/lib/python3.8/site-packages:${PYTHONPATH} /usr/bin/python3 setup.py egg_info --egg-base ../../../build/ucsd_robocar_nav2_pkg build --build-base /home/projects/ros2_ws/build/ucsd_robocar_nav2_pkg/build install --prefix /home/projects/ros2_ws/install/ucsd_robocar_nav2_pkg --record /home/projects/ros2_ws/build/ucsd_robocar_nav2_pkg/install.log --single-version-externally-managed
[5.006s] running egg_info
[5.010s] writing ../../../build/ucsd_robocar_nav2_pkg/ucsd_robocar_nav2_pkg.egg-info/PKG-INFO
[5.012s] writing dependency_links to ../../../build/ucsd_robocar_nav2_pkg/ucsd_robocar_nav2_pkg.egg-info/dependency_links.txt
[5.014s] writing entry points to ../../../build/ucsd_robocar_nav2_pkg/ucsd_robocar_nav2_pkg.egg-info/entry_points.txt
[5.015s] writing requirements to ../../../build/ucsd_robocar_nav2_pkg/ucsd_robocar_nav2_pkg.egg-info/requires.txt
[5.016s] writing top-level names to ../../../build/ucsd_robocar_nav2_pkg/ucsd_robocar_nav2_pkg.egg-info/top_level.txt
[5.196s] reading manifest file '../../../build/ucsd_robocar_nav2_pkg/ucsd_robocar_nav2_pkg.egg-info/SOURCES.txt'
[5.201s] writing manifest file '../../../build/ucsd_robocar_nav2_pkg/ucsd_robocar_nav2_pkg.egg-info/SOURCES.txt'
[5.202s] running build
[5.202s] running build_py
[5.204s] running install
[5.208s] running install_lib
[5.215s] running install_data
[5.219s] running install_egg_info
[5.227s] removing '/home/projects/ros2_ws/install/ucsd_robocar_nav2_pkg/lib/python3.8/site-packages/ucsd_robocar_nav2_pkg-0.0.0-py3.8.egg-info' (and everything under it)
[5.228s] Copying ../../../build/ucsd_robocar_nav2_pkg/ucsd_robocar_nav2_pkg.egg-info to /home/projects/ros2_ws/install/ucsd_robocar_nav2_pkg/lib/python3.8/site-packages/ucsd_robocar_nav2_pkg-0.0.0-py3.8.egg-info
[5.234s] running install_scripts
[5.324s] writing list of installed files to '/home/projects/ros2_ws/build/ucsd_robocar_nav2_pkg/install.log'
[5.546s] Invoked command in '/home/projects/ros2_ws/src/ucsd_robocar_hub2/ucsd_robocar_nav2_pkg' returned '0': PYTHONPATH=/home/projects/ros2_ws/install/ucsd_robocar_nav2_pkg/lib/python3.8/site-packages:${PYTHONPATH} /usr/bin/python3 setup.py egg_info --egg-base ../../../build/ucsd_robocar_nav2_pkg build --build-base /home/projects/ros2_ws/build/ucsd_robocar_nav2_pkg/build install --prefix /home/projects/ros2_ws/install/ucsd_robocar_nav2_pkg --record /home/projects/ros2_ws/build/ucsd_robocar_nav2_pkg/install.log --single-version-externally-managed
