[3.672s] Invoking command in '/home/projects/ros2_ws/src/ucsd_robocar_hub2/mask_pkg': PYTHONPATH=/home/projects/ros2_ws/install/mask_pkg/lib/python3.8/site-packages:${PYTHONPATH} /usr/bin/python3 setup.py egg_info --egg-base ../../../build/mask_pkg build --build-base /home/projects/ros2_ws/build/mask_pkg/build install --prefix /home/projects/ros2_ws/install/mask_pkg --record /home/projects/ros2_ws/build/mask_pkg/install.log --single-version-externally-managed
[4.625s] running egg_info
[4.628s] writing ../../../build/mask_pkg/mask_pkg.egg-info/PKG-INFO
[4.630s] writing dependency_links to ../../../build/mask_pkg/mask_pkg.egg-info/dependency_links.txt
[4.631s] writing entry points to ../../../build/mask_pkg/mask_pkg.egg-info/entry_points.txt
[4.633s] writing requirements to ../../../build/mask_pkg/mask_pkg.egg-info/requires.txt
[4.634s] writing top-level names to ../../../build/mask_pkg/mask_pkg.egg-info/top_level.txt
[4.817s] reading manifest file '../../../build/mask_pkg/mask_pkg.egg-info/SOURCES.txt'
[4.821s] writing manifest file '../../../build/mask_pkg/mask_pkg.egg-info/SOURCES.txt'
[4.821s] running build
[4.822s] running build_py
[4.822s] copying mask_pkg/mask_node.py -> /home/projects/ros2_ws/build/mask_pkg/build/lib/mask_pkg
[4.823s] running install
[4.827s] running install_lib
[4.831s] copying /home/projects/ros2_ws/build/mask_pkg/build/lib/mask_pkg/mask_node.py -> /home/projects/ros2_ws/install/mask_pkg/lib/python3.8/site-packages/mask_pkg
[4.833s] byte-compiling /home/projects/ros2_ws/install/mask_pkg/lib/python3.8/site-packages/mask_pkg/mask_node.py to mask_node.cpython-38.pyc
[4.842s] running install_data
[4.844s] running install_egg_info
[4.853s] removing '/home/projects/ros2_ws/install/mask_pkg/lib/python3.8/site-packages/mask_pkg-0.0.0-py3.8.egg-info' (and everything under it)
[4.855s] Copying ../../../build/mask_pkg/mask_pkg.egg-info to /home/projects/ros2_ws/install/mask_pkg/lib/python3.8/site-packages/mask_pkg-0.0.0-py3.8.egg-info
[4.860s] running install_scripts
[4.938s] Installing mask_node script to /home/projects/ros2_ws/install/mask_pkg/lib/mask_pkg
[4.940s] writing list of installed files to '/home/projects/ros2_ws/build/mask_pkg/install.log'
[5.058s] Invoked command in '/home/projects/ros2_ws/src/ucsd_robocar_hub2/mask_pkg' returned '0': PYTHONPATH=/home/projects/ros2_ws/install/mask_pkg/lib/python3.8/site-packages:${PYTHONPATH} /usr/bin/python3 setup.py egg_info --egg-base ../../../build/mask_pkg build --build-base /home/projects/ros2_ws/build/mask_pkg/build install --prefix /home/projects/ros2_ws/install/mask_pkg --record /home/projects/ros2_ws/build/mask_pkg/install.log --single-version-externally-managed
