[1.374s] DEBUG:colcon:Command line arguments: ['/usr/bin/colcon', 'build']
[1.375s] DEBUG:colcon:Parsed command line arguments: Namespace(ament_cmake_args=None, base_paths=['.'], build_base='build', catkin_cmake_args=None, catkin_skip_building_tests=False, cmake_args=None, cmake_clean_cache=False, cmake_clean_first=False, cmake_force_configure=False, cmake_target=None, cmake_target_skip_unavailable=False, continue_on_error=False, event_handlers=None, executor='parallel', ignore_user_meta=False, install_base='install', log_base=None, log_level=None, main=<bound method BuildVerb.main of <colcon_core.verb.build.BuildVerb object at 0x7f9a120a30>>, merge_install=False, metas=['./colcon.meta'], mixin=None, mixin_files=None, mixin_verb=('build',), packages_above=None, packages_above_and_dependencies=None, packages_above_depth=None, packages_end=None, packages_ignore=None, packages_ignore_regex=None, packages_select=None, packages_select_build_failed=False, packages_select_by_dep=None, packages_select_regex=None, packages_select_test_failures=False, packages_skip=None, packages_skip_build_finished=False, packages_skip_by_dep=None, packages_skip_regex=None, packages_skip_test_passed=False, packages_skip_up_to=None, packages_start=None, packages_up_to=None, packages_up_to_regex=None, parallel_workers=4, paths=None, symlink_install=False, test_result_base=None, verb_extension=<colcon_core.verb.build.BuildVerb object at 0x7f9a120a30>, verb_name='build', verb_parser=<colcon_mixin.mixin.mixin_argument.MixinArgumentDecorator object at 0x7f9a12f040>)
[1.396s] Level 1:colcon.colcon_core.package_discovery:discover_packages(colcon_meta) check parameters
[1.399s] INFO:colcon.colcon_metadata.package_discovery.colcon_meta:Using configuration from '/root/.colcon/metadata/default/Gazebo.meta'
[1.402s] INFO:colcon.colcon_metadata.package_discovery.colcon_meta:Using configuration from '/root/.colcon/metadata/default/fastrtps.meta'
[1.402s] Level 1:colcon.colcon_core.package_discovery:discover_packages(recursive) check parameters
[1.402s] Level 1:colcon.colcon_core.package_discovery:discover_packages(ignore) check parameters
[1.402s] Level 1:colcon.colcon_core.package_discovery:discover_packages(path) check parameters
[1.402s] Level 1:colcon.colcon_core.package_discovery:discover_packages(colcon_meta) discover
[1.402s] Level 1:colcon.colcon_core.package_discovery:discover_packages(recursive) discover
[1.403s] INFO:colcon.colcon_core.package_discovery:Crawling recursively for packages in '/home/projects/ros2_ws'
[1.403s] Level 1:colcon.colcon_core.package_identification:_identify(.) by extensions ['ignore', 'ignore_ament_install']
[1.404s] Level 1:colcon.colcon_core.package_identification:_identify(.) by extension 'ignore'
[1.404s] Level 1:colcon.colcon_core.package_identification:_identify(.) by extension 'ignore_ament_install'
[1.404s] Level 1:colcon.colcon_core.package_identification:_identify(.) by extensions ['colcon_pkg']
[1.404s] Level 1:colcon.colcon_core.package_identification:_identify(.) by extension 'colcon_pkg'
[1.404s] Level 1:colcon.colcon_core.package_identification:_identify(.) by extensions ['colcon_meta']
[1.405s] Level 1:colcon.colcon_core.package_identification:_identify(.) by extension 'colcon_meta'
[1.405s] Level 1:colcon.colcon_core.package_identification:_identify(.) by extensions ['ros']
[1.405s] Level 1:colcon.colcon_core.package_identification:_identify(.) by extension 'ros'
[1.453s] Level 1:colcon.colcon_core.package_identification:_identify(.) by extensions ['cmake', 'python']
[1.454s] Level 1:colcon.colcon_core.package_identification:_identify(.) by extension 'cmake'
[1.454s] Level 1:colcon.colcon_core.package_identification:_identify(.) by extension 'python'
[1.454s] Level 1:colcon.colcon_core.package_identification:_identify(.) by extensions ['python_setup_py']
[1.454s] Level 1:colcon.colcon_core.package_identification:_identify(.) by extension 'python_setup_py'
[1.455s] Level 1:colcon.colcon_core.package_identification:_identify(build) by extensions ['ignore', 'ignore_ament_install']
[1.455s] Level 1:colcon.colcon_core.package_identification:_identify(build) by extension 'ignore'
[1.455s] Level 1:colcon.colcon_core.package_identification:_identify(build) ignored
[1.456s] Level 1:colcon.colcon_core.package_identification:_identify(install) by extensions ['ignore', 'ignore_ament_install']
[1.457s] Level 1:colcon.colcon_core.package_identification:_identify(install) by extension 'ignore'
[1.457s] Level 1:colcon.colcon_core.package_identification:_identify(install) ignored
[1.457s] Level 1:colcon.colcon_core.package_identification:_identify(log) by extensions ['ignore', 'ignore_ament_install']
[1.458s] Level 1:colcon.colcon_core.package_identification:_identify(log) by extension 'ignore'
[1.458s] Level 1:colcon.colcon_core.package_identification:_identify(log) ignored
[1.458s] Level 1:colcon.colcon_core.package_identification:_identify(src) by extensions ['ignore', 'ignore_ament_install']
[1.459s] Level 1:colcon.colcon_core.package_identification:_identify(src) by extension 'ignore'
[1.459s] Level 1:colcon.colcon_core.package_identification:_identify(src) by extension 'ignore_ament_install'
[1.459s] Level 1:colcon.colcon_core.package_identification:_identify(src) by extensions ['colcon_pkg']
[1.459s] Level 1:colcon.colcon_core.package_identification:_identify(src) by extension 'colcon_pkg'
[1.460s] Level 1:colcon.colcon_core.package_identification:_identify(src) by extensions ['colcon_meta']
[1.460s] Level 1:colcon.colcon_core.package_identification:_identify(src) by extension 'colcon_meta'
[1.460s] Level 1:colcon.colcon_core.package_identification:_identify(src) by extensions ['ros']
[1.460s] Level 1:colcon.colcon_core.package_identification:_identify(src) by extension 'ros'
[1.460s] Level 1:colcon.colcon_core.package_identification:_identify(src) by extensions ['cmake', 'python']
[1.460s] Level 1:colcon.colcon_core.package_identification:_identify(src) by extension 'cmake'
[1.461s] Level 1:colcon.colcon_core.package_identification:_identify(src) by extension 'python'
[1.461s] Level 1:colcon.colcon_core.package_identification:_identify(src) by extensions ['python_setup_py']
[1.461s] Level 1:colcon.colcon_core.package_identification:_identify(src) by extension 'python_setup_py'
[1.462s] Level 1:colcon.colcon_core.package_identification:_identify(src/ucsd_robocar_hub2) by extensions ['ignore', 'ignore_ament_install']
[1.462s] Level 1:colcon.colcon_core.package_identification:_identify(src/ucsd_robocar_hub2) by extension 'ignore'
[1.462s] Level 1:colcon.colcon_core.package_identification:_identify(src/ucsd_robocar_hub2) by extension 'ignore_ament_install'
[1.462s] Level 1:colcon.colcon_core.package_identification:_identify(src/ucsd_robocar_hub2) by extensions ['colcon_pkg']
[1.463s] Level 1:colcon.colcon_core.package_identification:_identify(src/ucsd_robocar_hub2) by extension 'colcon_pkg'
[1.463s] Level 1:colcon.colcon_core.package_identification:_identify(src/ucsd_robocar_hub2) by extensions ['colcon_meta']
[1.463s] Level 1:colcon.colcon_core.package_identification:_identify(src/ucsd_robocar_hub2) by extension 'colcon_meta'
[1.463s] Level 1:colcon.colcon_core.package_identification:_identify(src/ucsd_robocar_hub2) by extensions ['ros']
[1.463s] Level 1:colcon.colcon_core.package_identification:_identify(src/ucsd_robocar_hub2) by extension 'ros'
[1.464s] Level 1:colcon.colcon_core.package_identification:_identify(src/ucsd_robocar_hub2) by extensions ['cmake', 'python']
[1.464s] Level 1:colcon.colcon_core.package_identification:_identify(src/ucsd_robocar_hub2) by extension 'cmake'
[1.464s] Level 1:colcon.colcon_core.package_identification:_identify(src/ucsd_robocar_hub2) by extension 'python'
[1.464s] Level 1:colcon.colcon_core.package_identification:_identify(src/ucsd_robocar_hub2) by extensions ['python_setup_py']
[1.464s] Level 1:colcon.colcon_core.package_identification:_identify(src/ucsd_robocar_hub2) by extension 'python_setup_py'
[1.465s] Level 1:colcon.colcon_core.package_identification:_identify(src/ucsd_robocar_hub2/mask_pkg) by extensions ['ignore', 'ignore_ament_install']
[1.465s] Level 1:colcon.colcon_core.package_identification:_identify(src/ucsd_robocar_hub2/mask_pkg) by extension 'ignore'
[1.465s] Level 1:colcon.colcon_core.package_identification:_identify(src/ucsd_robocar_hub2/mask_pkg) by extension 'ignore_ament_install'
[1.465s] Level 1:colcon.colcon_core.package_identification:_identify(src/ucsd_robocar_hub2/mask_pkg) by extensions ['colcon_pkg']
[1.466s] Level 1:colcon.colcon_core.package_identification:_identify(src/ucsd_robocar_hub2/mask_pkg) by extension 'colcon_pkg'
[1.466s] Level 1:colcon.colcon_core.package_identification:_identify(src/ucsd_robocar_hub2/mask_pkg) by extensions ['colcon_meta']
[1.466s] Level 1:colcon.colcon_core.package_identification:_identify(src/ucsd_robocar_hub2/mask_pkg) by extension 'colcon_meta'
[1.466s] Level 1:colcon.colcon_core.package_identification:_identify(src/ucsd_robocar_hub2/mask_pkg) by extensions ['ros']
[1.466s] Level 1:colcon.colcon_core.package_identification:_identify(src/ucsd_robocar_hub2/mask_pkg) by extension 'ros'
[1.476s] DEBUG:colcon.colcon_core.package_identification:Package 'src/ucsd_robocar_hub2/mask_pkg' with type 'ros.ament_python' and name 'mask_pkg'
[1.477s] Level 1:colcon.colcon_core.package_identification:_identify(src/ucsd_robocar_hub2/ucsd_robocar_actuator2_pkg) by extensions ['ignore', 'ignore_ament_install']
[1.477s] Level 1:colcon.colcon_core.package_identification:_identify(src/ucsd_robocar_hub2/ucsd_robocar_actuator2_pkg) by extension 'ignore'
[1.477s] Level 1:colcon.colcon_core.package_identification:_identify(src/ucsd_robocar_hub2/ucsd_robocar_actuator2_pkg) by extension 'ignore_ament_install'
[1.477s] Level 1:colcon.colcon_core.package_identification:_identify(src/ucsd_robocar_hub2/ucsd_robocar_actuator2_pkg) by extensions ['colcon_pkg']
[1.478s] Level 1:colcon.colcon_core.package_identification:_identify(src/ucsd_robocar_hub2/ucsd_robocar_actuator2_pkg) by extension 'colcon_pkg'
[1.478s] Level 1:colcon.colcon_core.package_identification:_identify(src/ucsd_robocar_hub2/ucsd_robocar_actuator2_pkg) by extensions ['colcon_meta']
[1.478s] Level 1:colcon.colcon_core.package_identification:_identify(src/ucsd_robocar_hub2/ucsd_robocar_actuator2_pkg) by extension 'colcon_meta'
[1.478s] Level 1:colcon.colcon_core.package_identification:_identify(src/ucsd_robocar_hub2/ucsd_robocar_actuator2_pkg) by extensions ['ros']
[1.478s] Level 1:colcon.colcon_core.package_identification:_identify(src/ucsd_robocar_hub2/ucsd_robocar_actuator2_pkg) by extension 'ros'
[1.481s] DEBUG:colcon.colcon_core.package_identification:Package 'src/ucsd_robocar_hub2/ucsd_robocar_actuator2_pkg' with type 'ros.ament_python' and name 'ucsd_robocar_actuator2_pkg'
[1.481s] Level 1:colcon.colcon_core.package_identification:_identify(src/ucsd_robocar_hub2/ucsd_robocar_lane_detection2_pkg) by extensions ['ignore', 'ignore_ament_install']
[1.482s] Level 1:colcon.colcon_core.package_identification:_identify(src/ucsd_robocar_hub2/ucsd_robocar_lane_detection2_pkg) by extension 'ignore'
[1.482s] Level 1:colcon.colcon_core.package_identification:_identify(src/ucsd_robocar_hub2/ucsd_robocar_lane_detection2_pkg) by extension 'ignore_ament_install'
[1.482s] Level 1:colcon.colcon_core.package_identification:_identify(src/ucsd_robocar_hub2/ucsd_robocar_lane_detection2_pkg) by extensions ['colcon_pkg']
[1.482s] Level 1:colcon.colcon_core.package_identification:_identify(src/ucsd_robocar_hub2/ucsd_robocar_lane_detection2_pkg) by extension 'colcon_pkg'
[1.483s] Level 1:colcon.colcon_core.package_identification:_identify(src/ucsd_robocar_hub2/ucsd_robocar_lane_detection2_pkg) by extensions ['colcon_meta']
[1.483s] Level 1:colcon.colcon_core.package_identification:_identify(src/ucsd_robocar_hub2/ucsd_robocar_lane_detection2_pkg) by extension 'colcon_meta'
[1.483s] Level 1:colcon.colcon_core.package_identification:_identify(src/ucsd_robocar_hub2/ucsd_robocar_lane_detection2_pkg) by extensions ['ros']
[1.483s] Level 1:colcon.colcon_core.package_identification:_identify(src/ucsd_robocar_hub2/ucsd_robocar_lane_detection2_pkg) by extension 'ros'
[1.485s] DEBUG:colcon.colcon_core.package_identification:Package 'src/ucsd_robocar_hub2/ucsd_robocar_lane_detection2_pkg' with type 'ros.ament_python' and name 'ucsd_robocar_lane_detection2_pkg'
[1.486s] Level 1:colcon.colcon_core.package_identification:_identify(src/ucsd_robocar_hub2/ucsd_robocar_nav2_pkg) by extensions ['ignore', 'ignore_ament_install']
[1.487s] Level 1:colcon.colcon_core.package_identification:_identify(src/ucsd_robocar_hub2/ucsd_robocar_nav2_pkg) by extension 'ignore'
[1.487s] Level 1:colcon.colcon_core.package_identification:_identify(src/ucsd_robocar_hub2/ucsd_robocar_nav2_pkg) by extension 'ignore_ament_install'
[1.487s] Level 1:colcon.colcon_core.package_identification:_identify(src/ucsd_robocar_hub2/ucsd_robocar_nav2_pkg) by extensions ['colcon_pkg']
[1.487s] Level 1:colcon.colcon_core.package_identification:_identify(src/ucsd_robocar_hub2/ucsd_robocar_nav2_pkg) by extension 'colcon_pkg'
[1.487s] Level 1:colcon.colcon_core.package_identification:_identify(src/ucsd_robocar_hub2/ucsd_robocar_nav2_pkg) by extensions ['colcon_meta']
[1.487s] Level 1:colcon.colcon_core.package_identification:_identify(src/ucsd_robocar_hub2/ucsd_robocar_nav2_pkg) by extension 'colcon_meta'
[1.488s] Level 1:colcon.colcon_core.package_identification:_identify(src/ucsd_robocar_hub2/ucsd_robocar_nav2_pkg) by extensions ['ros']
[1.488s] Level 1:colcon.colcon_core.package_identification:_identify(src/ucsd_robocar_hub2/ucsd_robocar_nav2_pkg) by extension 'ros'
[1.490s] DEBUG:colcon.colcon_core.package_identification:Package 'src/ucsd_robocar_hub2/ucsd_robocar_nav2_pkg' with type 'ros.ament_python' and name 'ucsd_robocar_nav2_pkg'
[1.491s] Level 1:colcon.colcon_core.package_identification:_identify(src/ucsd_robocar_hub2/ucsd_robocar_path2_pkg) by extensions ['ignore', 'ignore_ament_install']
[1.491s] Level 1:colcon.colcon_core.package_identification:_identify(src/ucsd_robocar_hub2/ucsd_robocar_path2_pkg) by extension 'ignore'
[1.491s] Level 1:colcon.colcon_core.package_identification:_identify(src/ucsd_robocar_hub2/ucsd_robocar_path2_pkg) by extension 'ignore_ament_install'
[1.492s] Level 1:colcon.colcon_core.package_identification:_identify(src/ucsd_robocar_hub2/ucsd_robocar_path2_pkg) by extensions ['colcon_pkg']
[1.492s] Level 1:colcon.colcon_core.package_identification:_identify(src/ucsd_robocar_hub2/ucsd_robocar_path2_pkg) by extension 'colcon_pkg'
[1.492s] Level 1:colcon.colcon_core.package_identification:_identify(src/ucsd_robocar_hub2/ucsd_robocar_path2_pkg) by extensions ['colcon_meta']
[1.492s] Level 1:colcon.colcon_core.package_identification:_identify(src/ucsd_robocar_hub2/ucsd_robocar_path2_pkg) by extension 'colcon_meta'
[1.492s] Level 1:colcon.colcon_core.package_identification:_identify(src/ucsd_robocar_hub2/ucsd_robocar_path2_pkg) by extensions ['ros']
[1.492s] Level 1:colcon.colcon_core.package_identification:_identify(src/ucsd_robocar_hub2/ucsd_robocar_path2_pkg) by extension 'ros'
[1.495s] DEBUG:colcon.colcon_core.package_identification:Package 'src/ucsd_robocar_hub2/ucsd_robocar_path2_pkg' with type 'ros.ament_python' and name 'ucsd_robocar_path2_pkg'
[1.495s] Level 1:colcon.colcon_core.package_identification:_identify(src/ucsd_robocar_hub2/ucsd_robocar_sensor2_pkg) by extensions ['ignore', 'ignore_ament_install']
[1.496s] Level 1:colcon.colcon_core.package_identification:_identify(src/ucsd_robocar_hub2/ucsd_robocar_sensor2_pkg) by extension 'ignore'
[1.496s] Level 1:colcon.colcon_core.package_identification:_identify(src/ucsd_robocar_hub2/ucsd_robocar_sensor2_pkg) by extension 'ignore_ament_install'
[1.496s] Level 1:colcon.colcon_core.package_identification:_identify(src/ucsd_robocar_hub2/ucsd_robocar_sensor2_pkg) by extensions ['colcon_pkg']
[1.496s] Level 1:colcon.colcon_core.package_identification:_identify(src/ucsd_robocar_hub2/ucsd_robocar_sensor2_pkg) by extension 'colcon_pkg'
[1.496s] Level 1:colcon.colcon_core.package_identification:_identify(src/ucsd_robocar_hub2/ucsd_robocar_sensor2_pkg) by extensions ['colcon_meta']
[1.496s] Level 1:colcon.colcon_core.package_identification:_identify(src/ucsd_robocar_hub2/ucsd_robocar_sensor2_pkg) by extension 'colcon_meta'
[1.497s] Level 1:colcon.colcon_core.package_identification:_identify(src/ucsd_robocar_hub2/ucsd_robocar_sensor2_pkg) by extensions ['ros']
[1.497s] Level 1:colcon.colcon_core.package_identification:_identify(src/ucsd_robocar_hub2/ucsd_robocar_sensor2_pkg) by extension 'ros'
[1.500s] DEBUG:colcon.colcon_core.package_identification:Package 'src/ucsd_robocar_hub2/ucsd_robocar_sensor2_pkg' with type 'ros.ament_python' and name 'ucsd_robocar_sensor2_pkg'
[1.500s] Level 1:colcon.colcon_core.package_identification:_identify(weights) by extensions ['ignore', 'ignore_ament_install']
[1.500s] Level 1:colcon.colcon_core.package_identification:_identify(weights) by extension 'ignore'
[1.500s] Level 1:colcon.colcon_core.package_identification:_identify(weights) by extension 'ignore_ament_install'
[1.501s] Level 1:colcon.colcon_core.package_identification:_identify(weights) by extensions ['colcon_pkg']
[1.501s] Level 1:colcon.colcon_core.package_identification:_identify(weights) by extension 'colcon_pkg'
[1.501s] Level 1:colcon.colcon_core.package_identification:_identify(weights) by extensions ['colcon_meta']
[1.501s] Level 1:colcon.colcon_core.package_identification:_identify(weights) by extension 'colcon_meta'
[1.501s] Level 1:colcon.colcon_core.package_identification:_identify(weights) by extensions ['ros']
[1.501s] Level 1:colcon.colcon_core.package_identification:_identify(weights) by extension 'ros'
[1.502s] Level 1:colcon.colcon_core.package_identification:_identify(weights) by extensions ['cmake', 'python']
[1.502s] Level 1:colcon.colcon_core.package_identification:_identify(weights) by extension 'cmake'
[1.502s] Level 1:colcon.colcon_core.package_identification:_identify(weights) by extension 'python'
[1.502s] Level 1:colcon.colcon_core.package_identification:_identify(weights) by extensions ['python_setup_py']
[1.502s] Level 1:colcon.colcon_core.package_identification:_identify(weights) by extension 'python_setup_py'
[1.503s] Level 1:colcon.colcon_core.package_discovery:discover_packages(recursive) using defaults
[1.503s] Level 1:colcon.colcon_core.package_discovery:discover_packages(ignore) discover
[1.503s] Level 1:colcon.colcon_core.package_discovery:discover_packages(ignore) using defaults
[1.503s] Level 1:colcon.colcon_core.package_discovery:discover_packages(path) discover
[1.503s] Level 1:colcon.colcon_core.package_discovery:discover_packages(path) using defaults
[1.583s] Level 5:colcon.colcon_core.verb:set package 'mask_pkg' build argument 'cmake_args' from command line to 'None'
[1.583s] Level 5:colcon.colcon_core.verb:set package 'mask_pkg' build argument 'cmake_target' from command line to 'None'
[1.584s] Level 5:colcon.colcon_core.verb:set package 'mask_pkg' build argument 'cmake_target_skip_unavailable' from command line to 'False'
[1.584s] Level 5:colcon.colcon_core.verb:set package 'mask_pkg' build argument 'cmake_clean_cache' from command line to 'False'
[1.584s] Level 5:colcon.colcon_core.verb:set package 'mask_pkg' build argument 'cmake_clean_first' from command line to 'False'
[1.584s] Level 5:colcon.colcon_core.verb:set package 'mask_pkg' build argument 'cmake_force_configure' from command line to 'False'
[1.584s] Level 5:colcon.colcon_core.verb:set package 'mask_pkg' build argument 'ament_cmake_args' from command line to 'None'
[1.584s] Level 5:colcon.colcon_core.verb:set package 'mask_pkg' build argument 'catkin_cmake_args' from command line to 'None'
[1.584s] Level 5:colcon.colcon_core.verb:set package 'mask_pkg' build argument 'catkin_skip_building_tests' from command line to 'False'
[1.585s] DEBUG:colcon.colcon_core.verb:Building package 'mask_pkg' with the following arguments: {'ament_cmake_args': None, 'build_base': '/home/projects/ros2_ws/build/mask_pkg', 'catkin_cmake_args': None, 'catkin_skip_building_tests': False, 'cmake_args': None, 'cmake_clean_cache': False, 'cmake_clean_first': False, 'cmake_force_configure': False, 'cmake_target': None, 'cmake_target_skip_unavailable': False, 'install_base': '/home/projects/ros2_ws/install/mask_pkg', 'merge_install': False, 'path': '/home/projects/ros2_ws/src/ucsd_robocar_hub2/mask_pkg', 'symlink_install': False, 'test_result_base': None}
[1.596s] Level 5:colcon.colcon_core.verb:set package 'ucsd_robocar_actuator2_pkg' build argument 'cmake_args' from command line to 'None'
[1.597s] Level 5:colcon.colcon_core.verb:set package 'ucsd_robocar_actuator2_pkg' build argument 'cmake_target' from command line to 'None'
[1.597s] Level 5:colcon.colcon_core.verb:set package 'ucsd_robocar_actuator2_pkg' build argument 'cmake_target_skip_unavailable' from command line to 'False'
[1.597s] Level 5:colcon.colcon_core.verb:set package 'ucsd_robocar_actuator2_pkg' build argument 'cmake_clean_cache' from command line to 'False'
[1.597s] Level 5:colcon.colcon_core.verb:set package 'ucsd_robocar_actuator2_pkg' build argument 'cmake_clean_first' from command line to 'False'
[1.597s] Level 5:colcon.colcon_core.verb:set package 'ucsd_robocar_actuator2_pkg' build argument 'cmake_force_configure' from command line to 'False'
[1.597s] Level 5:colcon.colcon_core.verb:set package 'ucsd_robocar_actuator2_pkg' build argument 'ament_cmake_args' from command line to 'None'
[1.597s] Level 5:colcon.colcon_core.verb:set package 'ucsd_robocar_actuator2_pkg' build argument 'catkin_cmake_args' from command line to 'None'
[1.597s] Level 5:colcon.colcon_core.verb:set package 'ucsd_robocar_actuator2_pkg' build argument 'catkin_skip_building_tests' from command line to 'False'
[1.598s] DEBUG:colcon.colcon_core.verb:Building package 'ucsd_robocar_actuator2_pkg' with the following arguments: {'ament_cmake_args': None, 'build_base': '/home/projects/ros2_ws/build/ucsd_robocar_actuator2_pkg', 'catkin_cmake_args': None, 'catkin_skip_building_tests': False, 'cmake_args': None, 'cmake_clean_cache': False, 'cmake_clean_first': False, 'cmake_force_configure': False, 'cmake_target': None, 'cmake_target_skip_unavailable': False, 'install_base': '/home/projects/ros2_ws/install/ucsd_robocar_actuator2_pkg', 'merge_install': False, 'path': '/home/projects/ros2_ws/src/ucsd_robocar_hub2/ucsd_robocar_actuator2_pkg', 'symlink_install': False, 'test_result_base': None}
[1.609s] Level 5:colcon.colcon_core.verb:set package 'ucsd_robocar_lane_detection2_pkg' build argument 'cmake_args' from command line to 'None'
[1.610s] Level 5:colcon.colcon_core.verb:set package 'ucsd_robocar_lane_detection2_pkg' build argument 'cmake_target' from command line to 'None'
[1.610s] Level 5:colcon.colcon_core.verb:set package 'ucsd_robocar_lane_detection2_pkg' build argument 'cmake_target_skip_unavailable' from command line to 'False'
[1.610s] Level 5:colcon.colcon_core.verb:set package 'ucsd_robocar_lane_detection2_pkg' build argument 'cmake_clean_cache' from command line to 'False'
[1.610s] Level 5:colcon.colcon_core.verb:set package 'ucsd_robocar_lane_detection2_pkg' build argument 'cmake_clean_first' from command line to 'False'
[1.610s] Level 5:colcon.colcon_core.verb:set package 'ucsd_robocar_lane_detection2_pkg' build argument 'cmake_force_configure' from command line to 'False'
[1.610s] Level 5:colcon.colcon_core.verb:set package 'ucsd_robocar_lane_detection2_pkg' build argument 'ament_cmake_args' from command line to 'None'
[1.610s] Level 5:colcon.colcon_core.verb:set package 'ucsd_robocar_lane_detection2_pkg' build argument 'catkin_cmake_args' from command line to 'None'
[1.610s] Level 5:colcon.colcon_core.verb:set package 'ucsd_robocar_lane_detection2_pkg' build argument 'catkin_skip_building_tests' from command line to 'False'
[1.611s] DEBUG:colcon.colcon_core.verb:Building package 'ucsd_robocar_lane_detection2_pkg' with the following arguments: {'ament_cmake_args': None, 'build_base': '/home/projects/ros2_ws/build/ucsd_robocar_lane_detection2_pkg', 'catkin_cmake_args': None, 'catkin_skip_building_tests': False, 'cmake_args': None, 'cmake_clean_cache': False, 'cmake_clean_first': False, 'cmake_force_configure': False, 'cmake_target': None, 'cmake_target_skip_unavailable': False, 'install_base': '/home/projects/ros2_ws/install/ucsd_robocar_lane_detection2_pkg', 'merge_install': False, 'path': '/home/projects/ros2_ws/src/ucsd_robocar_hub2/ucsd_robocar_lane_detection2_pkg', 'symlink_install': False, 'test_result_base': None}
[1.622s] Level 5:colcon.colcon_core.verb:set package 'ucsd_robocar_nav2_pkg' build argument 'cmake_args' from command line to 'None'
[1.622s] Level 5:colcon.colcon_core.verb:set package 'ucsd_robocar_nav2_pkg' build argument 'cmake_target' from command line to 'None'
[1.623s] Level 5:colcon.colcon_core.verb:set package 'ucsd_robocar_nav2_pkg' build argument 'cmake_target_skip_unavailable' from command line to 'False'
[1.623s] Level 5:colcon.colcon_core.verb:set package 'ucsd_robocar_nav2_pkg' build argument 'cmake_clean_cache' from command line to 'False'
[1.623s] Level 5:colcon.colcon_core.verb:set package 'ucsd_robocar_nav2_pkg' build argument 'cmake_clean_first' from command line to 'False'
[1.623s] Level 5:colcon.colcon_core.verb:set package 'ucsd_robocar_nav2_pkg' build argument 'cmake_force_configure' from command line to 'False'
[1.623s] Level 5:colcon.colcon_core.verb:set package 'ucsd_robocar_nav2_pkg' build argument 'ament_cmake_args' from command line to 'None'
[1.623s] Level 5:colcon.colcon_core.verb:set package 'ucsd_robocar_nav2_pkg' build argument 'catkin_cmake_args' from command line to 'None'
[1.623s] Level 5:colcon.colcon_core.verb:set package 'ucsd_robocar_nav2_pkg' build argument 'catkin_skip_building_tests' from command line to 'False'
[1.624s] DEBUG:colcon.colcon_core.verb:Building package 'ucsd_robocar_nav2_pkg' with the following arguments: {'ament_cmake_args': None, 'build_base': '/home/projects/ros2_ws/build/ucsd_robocar_nav2_pkg', 'catkin_cmake_args': None, 'catkin_skip_building_tests': False, 'cmake_args': None, 'cmake_clean_cache': False, 'cmake_clean_first': False, 'cmake_force_configure': False, 'cmake_target': None, 'cmake_target_skip_unavailable': False, 'install_base': '/home/projects/ros2_ws/install/ucsd_robocar_nav2_pkg', 'merge_install': False, 'path': '/home/projects/ros2_ws/src/ucsd_robocar_hub2/ucsd_robocar_nav2_pkg', 'symlink_install': False, 'test_result_base': None}
[1.635s] Level 5:colcon.colcon_core.verb:set package 'ucsd_robocar_path2_pkg' build argument 'cmake_args' from command line to 'None'
[1.635s] Level 5:colcon.colcon_core.verb:set package 'ucsd_robocar_path2_pkg' build argument 'cmake_target' from command line to 'None'
[1.636s] Level 5:colcon.colcon_core.verb:set package 'ucsd_robocar_path2_pkg' build argument 'cmake_target_skip_unavailable' from command line to 'False'
[1.636s] Level 5:colcon.colcon_core.verb:set package 'ucsd_robocar_path2_pkg' build argument 'cmake_clean_cache' from command line to 'False'
[1.636s] Level 5:colcon.colcon_core.verb:set package 'ucsd_robocar_path2_pkg' build argument 'cmake_clean_first' from command line to 'False'
[1.636s] Level 5:colcon.colcon_core.verb:set package 'ucsd_robocar_path2_pkg' build argument 'cmake_force_configure' from command line to 'False'
[1.636s] Level 5:colcon.colcon_core.verb:set package 'ucsd_robocar_path2_pkg' build argument 'ament_cmake_args' from command line to 'None'
[1.636s] Level 5:colcon.colcon_core.verb:set package 'ucsd_robocar_path2_pkg' build argument 'catkin_cmake_args' from command line to 'None'
[1.636s] Level 5:colcon.colcon_core.verb:set package 'ucsd_robocar_path2_pkg' build argument 'catkin_skip_building_tests' from command line to 'False'
[1.636s] DEBUG:colcon.colcon_core.verb:Building package 'ucsd_robocar_path2_pkg' with the following arguments: {'ament_cmake_args': None, 'build_base': '/home/projects/ros2_ws/build/ucsd_robocar_path2_pkg', 'catkin_cmake_args': None, 'catkin_skip_building_tests': False, 'cmake_args': None, 'cmake_clean_cache': False, 'cmake_clean_first': False, 'cmake_force_configure': False, 'cmake_target': None, 'cmake_target_skip_unavailable': False, 'install_base': '/home/projects/ros2_ws/install/ucsd_robocar_path2_pkg', 'merge_install': False, 'path': '/home/projects/ros2_ws/src/ucsd_robocar_hub2/ucsd_robocar_path2_pkg', 'symlink_install': False, 'test_result_base': None}
[1.648s] Level 5:colcon.colcon_core.verb:set package 'ucsd_robocar_sensor2_pkg' build argument 'cmake_args' from command line to 'None'
[1.648s] Level 5:colcon.colcon_core.verb:set package 'ucsd_robocar_sensor2_pkg' build argument 'cmake_target' from command line to 'None'
[1.648s] Level 5:colcon.colcon_core.verb:set package 'ucsd_robocar_sensor2_pkg' build argument 'cmake_target_skip_unavailable' from command line to 'False'
[1.649s] Level 5:colcon.colcon_core.verb:set package 'ucsd_robocar_sensor2_pkg' build argument 'cmake_clean_cache' from command line to 'False'
[1.649s] Level 5:colcon.colcon_core.verb:set package 'ucsd_robocar_sensor2_pkg' build argument 'cmake_clean_first' from command line to 'False'
[1.649s] Level 5:colcon.colcon_core.verb:set package 'ucsd_robocar_sensor2_pkg' build argument 'cmake_force_configure' from command line to 'False'
[1.649s] Level 5:colcon.colcon_core.verb:set package 'ucsd_robocar_sensor2_pkg' build argument 'ament_cmake_args' from command line to 'None'
[1.649s] Level 5:colcon.colcon_core.verb:set package 'ucsd_robocar_sensor2_pkg' build argument 'catkin_cmake_args' from command line to 'None'
[1.649s] Level 5:colcon.colcon_core.verb:set package 'ucsd_robocar_sensor2_pkg' build argument 'catkin_skip_building_tests' from command line to 'False'
[1.649s] DEBUG:colcon.colcon_core.verb:Building package 'ucsd_robocar_sensor2_pkg' with the following arguments: {'ament_cmake_args': None, 'build_base': '/home/projects/ros2_ws/build/ucsd_robocar_sensor2_pkg', 'catkin_cmake_args': None, 'catkin_skip_building_tests': False, 'cmake_args': None, 'cmake_clean_cache': False, 'cmake_clean_first': False, 'cmake_force_configure': False, 'cmake_target': None, 'cmake_target_skip_unavailable': False, 'install_base': '/home/projects/ros2_ws/install/ucsd_robocar_sensor2_pkg', 'merge_install': False, 'path': '/home/projects/ros2_ws/src/ucsd_robocar_hub2/ucsd_robocar_sensor2_pkg', 'symlink_install': False, 'test_result_base': None}
[1.651s] INFO:colcon.colcon_core.executor:Executing jobs using 'parallel' executor
[1.658s] DEBUG:colcon.colcon_parallel_executor.executor.parallel:run_until_complete
[1.660s] INFO:colcon.colcon_ros.task.ament_python.build:Building ROS package in '/home/projects/ros2_ws/src/ucsd_robocar_hub2/mask_pkg' with build type 'ament_python'
[1.660s] Level 1:colcon.colcon_core.shell:create_environment_hook('mask_pkg', 'ament_prefix_path')
[1.675s] INFO:colcon.colcon_core.plugin_system:Skipping extension 'colcon_core.shell.bat': Not used on non-Windows systems
[1.676s] INFO:colcon.colcon_core.shell:Creating environment hook '/home/projects/ros2_ws/install/mask_pkg/share/mask_pkg/hook/ament_prefix_path.ps1'
[1.682s] INFO:colcon.colcon_core.shell:Creating environment descriptor '/home/projects/ros2_ws/install/mask_pkg/share/mask_pkg/hook/ament_prefix_path.dsv'
[1.684s] INFO:colcon.colcon_core.shell:Creating environment hook '/home/projects/ros2_ws/install/mask_pkg/share/mask_pkg/hook/ament_prefix_path.sh'
[1.688s] INFO:colcon.colcon_core.shell:Skip shell extension 'powershell' for command environment: Not usable outside of PowerShell
[1.688s] DEBUG:colcon.colcon_core.shell:Skip shell extension 'dsv' for command environment
[1.702s] DEBUG:colcon.colcon_core.shell:Ignoring prefix path '/opt/ros/foxy'
[1.711s] INFO:colcon.colcon_ros.task.ament_python.build:Building ROS package in '/home/projects/ros2_ws/src/ucsd_robocar_hub2/ucsd_robocar_actuator2_pkg' with build type 'ament_python'
[1.712s] Level 1:colcon.colcon_core.shell:create_environment_hook('ucsd_robocar_actuator2_pkg', 'ament_prefix_path')
[1.715s] INFO:colcon.colcon_core.shell:Creating environment hook '/home/projects/ros2_ws/install/ucsd_robocar_actuator2_pkg/share/ucsd_robocar_actuator2_pkg/hook/ament_prefix_path.ps1'
[1.718s] INFO:colcon.colcon_core.shell:Creating environment descriptor '/home/projects/ros2_ws/install/ucsd_robocar_actuator2_pkg/share/ucsd_robocar_actuator2_pkg/hook/ament_prefix_path.dsv'
[1.719s] INFO:colcon.colcon_core.shell:Creating environment hook '/home/projects/ros2_ws/install/ucsd_robocar_actuator2_pkg/share/ucsd_robocar_actuator2_pkg/hook/ament_prefix_path.sh'
[1.722s] INFO:colcon.colcon_core.shell:Skip shell extension 'powershell' for command environment: Not usable outside of PowerShell
[1.723s] DEBUG:colcon.colcon_core.shell:Skip shell extension 'dsv' for command environment
[1.733s] DEBUG:colcon.colcon_core.shell:Ignoring prefix path '/opt/ros/foxy'
[1.741s] INFO:colcon.colcon_ros.task.ament_python.build:Building ROS package in '/home/projects/ros2_ws/src/ucsd_robocar_hub2/ucsd_robocar_lane_detection2_pkg' with build type 'ament_python'
[1.742s] Level 1:colcon.colcon_core.shell:create_environment_hook('ucsd_robocar_lane_detection2_pkg', 'ament_prefix_path')
[1.745s] INFO:colcon.colcon_core.shell:Creating environment hook '/home/projects/ros2_ws/install/ucsd_robocar_lane_detection2_pkg/share/ucsd_robocar_lane_detection2_pkg/hook/ament_prefix_path.ps1'
[1.748s] INFO:colcon.colcon_core.shell:Creating environment descriptor '/home/projects/ros2_ws/install/ucsd_robocar_lane_detection2_pkg/share/ucsd_robocar_lane_detection2_pkg/hook/ament_prefix_path.dsv'
[1.749s] INFO:colcon.colcon_core.shell:Creating environment hook '/home/projects/ros2_ws/install/ucsd_robocar_lane_detection2_pkg/share/ucsd_robocar_lane_detection2_pkg/hook/ament_prefix_path.sh'
[1.753s] INFO:colcon.colcon_core.shell:Skip shell extension 'powershell' for command environment: Not usable outside of PowerShell
[1.753s] DEBUG:colcon.colcon_core.shell:Skip shell extension 'dsv' for command environment
[1.764s] DEBUG:colcon.colcon_core.shell:Ignoring prefix path '/opt/ros/foxy'
[1.772s] INFO:colcon.colcon_ros.task.ament_python.build:Building ROS package in '/home/projects/ros2_ws/src/ucsd_robocar_hub2/ucsd_robocar_nav2_pkg' with build type 'ament_python'
[1.773s] Level 1:colcon.colcon_core.shell:create_environment_hook('ucsd_robocar_nav2_pkg', 'ament_prefix_path')
[1.776s] INFO:colcon.colcon_core.shell:Creating environment hook '/home/projects/ros2_ws/install/ucsd_robocar_nav2_pkg/share/ucsd_robocar_nav2_pkg/hook/ament_prefix_path.ps1'
[1.779s] INFO:colcon.colcon_core.shell:Creating environment descriptor '/home/projects/ros2_ws/install/ucsd_robocar_nav2_pkg/share/ucsd_robocar_nav2_pkg/hook/ament_prefix_path.dsv'
[1.780s] INFO:colcon.colcon_core.shell:Creating environment hook '/home/projects/ros2_ws/install/ucsd_robocar_nav2_pkg/share/ucsd_robocar_nav2_pkg/hook/ament_prefix_path.sh'
[1.784s] INFO:colcon.colcon_core.shell:Skip shell extension 'powershell' for command environment: Not usable outside of PowerShell
[1.784s] DEBUG:colcon.colcon_core.shell:Skip shell extension 'dsv' for command environment
[1.795s] DEBUG:colcon.colcon_core.shell:Ignoring prefix path '/opt/ros/foxy'
[2.757s] INFO:colcon.colcon_core.task.python.build:Building Python package in '/home/projects/ros2_ws/src/ucsd_robocar_hub2/mask_pkg'
[2.760s] INFO:colcon.colcon_core.shell:Skip shell extension 'powershell' for command environment: Not usable outside of PowerShell
[2.760s] DEBUG:colcon.colcon_core.shell:Skip shell extension 'dsv' for command environment
[2.772s] DEBUG:colcon.colcon_core.shell:Ignoring prefix path '/opt/ros/foxy'
[3.717s] INFO:colcon.colcon_core.task.python.build:Building Python package in '/home/projects/ros2_ws/src/ucsd_robocar_hub2/ucsd_robocar_actuator2_pkg'
[3.720s] INFO:colcon.colcon_core.shell:Skip shell extension 'powershell' for command environment: Not usable outside of PowerShell
[3.721s] DEBUG:colcon.colcon_core.shell:Skip shell extension 'dsv' for command environment
[3.731s] DEBUG:colcon.colcon_core.shell:Ignoring prefix path '/opt/ros/foxy'
[4.679s] INFO:colcon.colcon_core.task.python.build:Building Python package in '/home/projects/ros2_ws/src/ucsd_robocar_hub2/ucsd_robocar_lane_detection2_pkg'
[4.683s] INFO:colcon.colcon_core.shell:Skip shell extension 'powershell' for command environment: Not usable outside of PowerShell
[4.683s] DEBUG:colcon.colcon_core.shell:Skip shell extension 'dsv' for command environment
[4.695s] DEBUG:colcon.colcon_core.shell:Ignoring prefix path '/opt/ros/foxy'
[5.647s] INFO:colcon.colcon_core.task.python.build:Building Python package in '/home/projects/ros2_ws/src/ucsd_robocar_hub2/ucsd_robocar_nav2_pkg'
[5.650s] INFO:colcon.colcon_core.shell:Skip shell extension 'powershell' for command environment: Not usable outside of PowerShell
[5.651s] DEBUG:colcon.colcon_core.shell:Skip shell extension 'dsv' for command environment
[5.662s] DEBUG:colcon.colcon_core.shell:Ignoring prefix path '/opt/ros/foxy'
[5.681s] DEBUG:colcon.colcon_core.event_handler.log_command:Invoking command in '/home/projects/ros2_ws/src/ucsd_robocar_hub2/mask_pkg': PYTHONPATH=/home/projects/ros2_ws/install/mask_pkg/lib/python3.8/site-packages:${PYTHONPATH} /usr/bin/python3 setup.py egg_info --egg-base ../../../build/mask_pkg build --build-base /home/projects/ros2_ws/build/mask_pkg/build install --prefix /home/projects/ros2_ws/install/mask_pkg --record /home/projects/ros2_ws/build/mask_pkg/install.log --single-version-externally-managed
[5.701s] DEBUG:colcon.colcon_core.event_handler.log_command:Invoking command in '/home/projects/ros2_ws/src/ucsd_robocar_hub2/ucsd_robocar_actuator2_pkg': PYTHONPATH=/home/projects/ros2_ws/install/ucsd_robocar_actuator2_pkg/lib/python3.8/site-packages:${PYTHONPATH} /usr/bin/python3 setup.py egg_info --egg-base ../../../build/ucsd_robocar_actuator2_pkg build --build-base /home/projects/ros2_ws/build/ucsd_robocar_actuator2_pkg/build install --prefix /home/projects/ros2_ws/install/ucsd_robocar_actuator2_pkg --record /home/projects/ros2_ws/build/ucsd_robocar_actuator2_pkg/install.log --single-version-externally-managed
[5.714s] DEBUG:colcon.colcon_core.event_handler.log_command:Invoking command in '/home/projects/ros2_ws/src/ucsd_robocar_hub2/ucsd_robocar_lane_detection2_pkg': PYTHONPATH=/home/projects/ros2_ws/install/ucsd_robocar_lane_detection2_pkg/lib/python3.8/site-packages:${PYTHONPATH} /usr/bin/python3 setup.py egg_info --egg-base ../../../build/ucsd_robocar_lane_detection2_pkg build --build-base /home/projects/ros2_ws/build/ucsd_robocar_lane_detection2_pkg/build install --prefix /home/projects/ros2_ws/install/ucsd_robocar_lane_detection2_pkg --record /home/projects/ros2_ws/build/ucsd_robocar_lane_detection2_pkg/install.log --single-version-externally-managed
[5.734s] DEBUG:colcon.colcon_core.event_handler.log_command:Invoking command in '/home/projects/ros2_ws/src/ucsd_robocar_hub2/ucsd_robocar_nav2_pkg': PYTHONPATH=/home/projects/ros2_ws/install/ucsd_robocar_nav2_pkg/lib/python3.8/site-packages:${PYTHONPATH} /usr/bin/python3 setup.py egg_info --egg-base ../../../build/ucsd_robocar_nav2_pkg build --build-base /home/projects/ros2_ws/build/ucsd_robocar_nav2_pkg/build install --prefix /home/projects/ros2_ws/install/ucsd_robocar_nav2_pkg --record /home/projects/ros2_ws/build/ucsd_robocar_nav2_pkg/install.log --single-version-externally-managed
[7.179s] DEBUG:colcon.colcon_core.event_handler.log_command:Invoked command in '/home/projects/ros2_ws/src/ucsd_robocar_hub2/ucsd_robocar_lane_detection2_pkg' returned '0': PYTHONPATH=/home/projects/ros2_ws/install/ucsd_robocar_lane_detection2_pkg/lib/python3.8/site-packages:${PYTHONPATH} /usr/bin/python3 setup.py egg_info --egg-base ../../../build/ucsd_robocar_lane_detection2_pkg build --build-base /home/projects/ros2_ws/build/ucsd_robocar_lane_detection2_pkg/build install --prefix /home/projects/ros2_ws/install/ucsd_robocar_lane_detection2_pkg --record /home/projects/ros2_ws/build/ucsd_robocar_lane_detection2_pkg/install.log --single-version-externally-managed
[7.194s] Level 1:colcon.colcon_core.environment:checking '/home/projects/ros2_ws/install/ucsd_robocar_lane_detection2_pkg' for CMake module files
[7.197s] Level 1:colcon.colcon_core.environment:checking '/home/projects/ros2_ws/install/ucsd_robocar_lane_detection2_pkg' for CMake config files
[7.202s] Level 1:colcon.colcon_core.environment:checking '/home/projects/ros2_ws/install/ucsd_robocar_lane_detection2_pkg/lib'
[7.203s] Level 1:colcon.colcon_core.environment:checking '/home/projects/ros2_ws/install/ucsd_robocar_lane_detection2_pkg/bin'
[7.203s] Level 1:colcon.colcon_core.environment:checking '/home/projects/ros2_ws/install/ucsd_robocar_lane_detection2_pkg/lib/pkgconfig/ucsd_robocar_lane_detection2_pkg.pc'
[7.204s] Level 1:colcon.colcon_core.environment:checking '/home/projects/ros2_ws/install/ucsd_robocar_lane_detection2_pkg/lib/python3.8/site-packages'
[7.204s] Level 1:colcon.colcon_core.shell:create_environment_hook('ucsd_robocar_lane_detection2_pkg', 'pythonpath')
[7.207s] INFO:colcon.colcon_core.shell:Creating environment hook '/home/projects/ros2_ws/install/ucsd_robocar_lane_detection2_pkg/share/ucsd_robocar_lane_detection2_pkg/hook/pythonpath.ps1'
[7.209s] INFO:colcon.colcon_core.shell:Creating environment descriptor '/home/projects/ros2_ws/install/ucsd_robocar_lane_detection2_pkg/share/ucsd_robocar_lane_detection2_pkg/hook/pythonpath.dsv'
[7.211s] INFO:colcon.colcon_core.shell:Creating environment hook '/home/projects/ros2_ws/install/ucsd_robocar_lane_detection2_pkg/share/ucsd_robocar_lane_detection2_pkg/hook/pythonpath.sh'
[7.212s] Level 1:colcon.colcon_core.environment:create_environment_scripts_only(ucsd_robocar_lane_detection2_pkg)
[7.216s] INFO:colcon.colcon_core.shell:Creating package script '/home/projects/ros2_ws/install/ucsd_robocar_lane_detection2_pkg/share/ucsd_robocar_lane_detection2_pkg/package.ps1'
[7.220s] INFO:colcon.colcon_core.shell:Creating package descriptor '/home/projects/ros2_ws/install/ucsd_robocar_lane_detection2_pkg/share/ucsd_robocar_lane_detection2_pkg/package.dsv'
[7.223s] INFO:colcon.colcon_core.shell:Creating package script '/home/projects/ros2_ws/install/ucsd_robocar_lane_detection2_pkg/share/ucsd_robocar_lane_detection2_pkg/package.sh'
[7.227s] INFO:colcon.colcon_core.shell:Creating package script '/home/projects/ros2_ws/install/ucsd_robocar_lane_detection2_pkg/share/ucsd_robocar_lane_detection2_pkg/package.bash'
[7.231s] INFO:colcon.colcon_core.shell:Creating package script '/home/projects/ros2_ws/install/ucsd_robocar_lane_detection2_pkg/share/ucsd_robocar_lane_detection2_pkg/package.zsh'
[7.234s] Level 1:colcon.colcon_core.environment:create_file_with_runtime_dependencies(/home/projects/ros2_ws/install/ucsd_robocar_lane_detection2_pkg/share/colcon-core/packages/ucsd_robocar_lane_detection2_pkg)
[7.238s] INFO:colcon.colcon_ros.task.ament_python.build:Building ROS package in '/home/projects/ros2_ws/src/ucsd_robocar_hub2/ucsd_robocar_path2_pkg' with build type 'ament_python'
[7.239s] Level 1:colcon.colcon_core.shell:create_environment_hook('ucsd_robocar_path2_pkg', 'ament_prefix_path')
[7.242s] INFO:colcon.colcon_core.shell:Creating environment hook '/home/projects/ros2_ws/install/ucsd_robocar_path2_pkg/share/ucsd_robocar_path2_pkg/hook/ament_prefix_path.ps1'
[7.245s] INFO:colcon.colcon_core.shell:Creating environment descriptor '/home/projects/ros2_ws/install/ucsd_robocar_path2_pkg/share/ucsd_robocar_path2_pkg/hook/ament_prefix_path.dsv'
[7.246s] INFO:colcon.colcon_core.shell:Creating environment hook '/home/projects/ros2_ws/install/ucsd_robocar_path2_pkg/share/ucsd_robocar_path2_pkg/hook/ament_prefix_path.sh'
[7.250s] INFO:colcon.colcon_core.shell:Skip shell extension 'powershell' for command environment: Not usable outside of PowerShell
[7.250s] DEBUG:colcon.colcon_core.shell:Skip shell extension 'dsv' for command environment
[7.261s] DEBUG:colcon.colcon_core.shell:Ignoring prefix path '/opt/ros/foxy'
[7.276s] Level 1:colcon.colcon_core.environment:checking '/home/projects/ros2_ws/install/mask_pkg' for CMake module files
[7.279s] DEBUG:colcon.colcon_core.event_handler.log_command:Invoked command in '/home/projects/ros2_ws/src/ucsd_robocar_hub2/mask_pkg' returned '0': PYTHONPATH=/home/projects/ros2_ws/install/mask_pkg/lib/python3.8/site-packages:${PYTHONPATH} /usr/bin/python3 setup.py egg_info --egg-base ../../../build/mask_pkg build --build-base /home/projects/ros2_ws/build/mask_pkg/build install --prefix /home/projects/ros2_ws/install/mask_pkg --record /home/projects/ros2_ws/build/mask_pkg/install.log --single-version-externally-managed
[7.281s] Level 1:colcon.colcon_core.environment:checking '/home/projects/ros2_ws/install/mask_pkg' for CMake config files
[7.285s] Level 1:colcon.colcon_core.environment:checking '/home/projects/ros2_ws/install/mask_pkg/lib'
[7.285s] Level 1:colcon.colcon_core.environment:checking '/home/projects/ros2_ws/install/mask_pkg/bin'
[7.285s] Level 1:colcon.colcon_core.environment:checking '/home/projects/ros2_ws/install/mask_pkg/lib/pkgconfig/mask_pkg.pc'
[7.286s] Level 1:colcon.colcon_core.environment:checking '/home/projects/ros2_ws/install/mask_pkg/lib/python3.8/site-packages'
[7.286s] Level 1:colcon.colcon_core.shell:create_environment_hook('mask_pkg', 'pythonpath')
[7.288s] INFO:colcon.colcon_core.shell:Creating environment hook '/home/projects/ros2_ws/install/mask_pkg/share/mask_pkg/hook/pythonpath.ps1'
[7.290s] INFO:colcon.colcon_core.shell:Creating environment descriptor '/home/projects/ros2_ws/install/mask_pkg/share/mask_pkg/hook/pythonpath.dsv'
[7.291s] INFO:colcon.colcon_core.shell:Creating environment hook '/home/projects/ros2_ws/install/mask_pkg/share/mask_pkg/hook/pythonpath.sh'
[7.293s] Level 1:colcon.colcon_core.environment:create_environment_scripts_only(mask_pkg)
[7.295s] INFO:colcon.colcon_core.shell:Creating package script '/home/projects/ros2_ws/install/mask_pkg/share/mask_pkg/package.ps1'
[7.298s] INFO:colcon.colcon_core.shell:Creating package descriptor '/home/projects/ros2_ws/install/mask_pkg/share/mask_pkg/package.dsv'
[7.299s] INFO:colcon.colcon_core.shell:Creating package script '/home/projects/ros2_ws/install/mask_pkg/share/mask_pkg/package.sh'
[7.301s] INFO:colcon.colcon_core.shell:Creating package script '/home/projects/ros2_ws/install/mask_pkg/share/mask_pkg/package.bash'
[7.302s] INFO:colcon.colcon_core.shell:Creating package script '/home/projects/ros2_ws/install/mask_pkg/share/mask_pkg/package.zsh'
[7.303s] Level 1:colcon.colcon_core.environment:create_file_with_runtime_dependencies(/home/projects/ros2_ws/install/mask_pkg/share/colcon-core/packages/mask_pkg)
[7.307s] Level 1:colcon.colcon_core.environment:checking '/home/projects/ros2_ws/install/ucsd_robocar_actuator2_pkg' for CMake module files
[7.311s] DEBUG:colcon.colcon_core.event_handler.log_command:Invoked command in '/home/projects/ros2_ws/src/ucsd_robocar_hub2/ucsd_robocar_actuator2_pkg' returned '0': PYTHONPATH=/home/projects/ros2_ws/install/ucsd_robocar_actuator2_pkg/lib/python3.8/site-packages:${PYTHONPATH} /usr/bin/python3 setup.py egg_info --egg-base ../../../build/ucsd_robocar_actuator2_pkg build --build-base /home/projects/ros2_ws/build/ucsd_robocar_actuator2_pkg/build install --prefix /home/projects/ros2_ws/install/ucsd_robocar_actuator2_pkg --record /home/projects/ros2_ws/build/ucsd_robocar_actuator2_pkg/install.log --single-version-externally-managed
[7.312s] Level 1:colcon.colcon_core.environment:checking '/home/projects/ros2_ws/install/ucsd_robocar_actuator2_pkg' for CMake config files
[7.316s] Level 1:colcon.colcon_core.environment:checking '/home/projects/ros2_ws/install/ucsd_robocar_actuator2_pkg/lib'
[7.316s] Level 1:colcon.colcon_core.environment:checking '/home/projects/ros2_ws/install/ucsd_robocar_actuator2_pkg/bin'
[7.316s] Level 1:colcon.colcon_core.environment:checking '/home/projects/ros2_ws/install/ucsd_robocar_actuator2_pkg/lib/pkgconfig/ucsd_robocar_actuator2_pkg.pc'
[7.317s] Level 1:colcon.colcon_core.environment:checking '/home/projects/ros2_ws/install/ucsd_robocar_actuator2_pkg/lib/python3.8/site-packages'
[7.317s] Level 1:colcon.colcon_core.shell:create_environment_hook('ucsd_robocar_actuator2_pkg', 'pythonpath')
[7.319s] INFO:colcon.colcon_core.shell:Creating environment hook '/home/projects/ros2_ws/install/ucsd_robocar_actuator2_pkg/share/ucsd_robocar_actuator2_pkg/hook/pythonpath.ps1'
[7.322s] INFO:colcon.colcon_core.shell:Creating environment descriptor '/home/projects/ros2_ws/install/ucsd_robocar_actuator2_pkg/share/ucsd_robocar_actuator2_pkg/hook/pythonpath.dsv'
[7.323s] INFO:colcon.colcon_core.shell:Creating environment hook '/home/projects/ros2_ws/install/ucsd_robocar_actuator2_pkg/share/ucsd_robocar_actuator2_pkg/hook/pythonpath.sh'
[7.324s] Level 1:colcon.colcon_core.environment:create_environment_scripts_only(ucsd_robocar_actuator2_pkg)
[7.327s] INFO:colcon.colcon_core.shell:Creating package script '/home/projects/ros2_ws/install/ucsd_robocar_actuator2_pkg/share/ucsd_robocar_actuator2_pkg/package.ps1'
[7.329s] INFO:colcon.colcon_core.shell:Creating package descriptor '/home/projects/ros2_ws/install/ucsd_robocar_actuator2_pkg/share/ucsd_robocar_actuator2_pkg/package.dsv'
[7.331s] INFO:colcon.colcon_core.shell:Creating package script '/home/projects/ros2_ws/install/ucsd_robocar_actuator2_pkg/share/ucsd_robocar_actuator2_pkg/package.sh'
[7.332s] INFO:colcon.colcon_core.shell:Creating package script '/home/projects/ros2_ws/install/ucsd_robocar_actuator2_pkg/share/ucsd_robocar_actuator2_pkg/package.bash'
[7.333s] INFO:colcon.colcon_core.shell:Creating package script '/home/projects/ros2_ws/install/ucsd_robocar_actuator2_pkg/share/ucsd_robocar_actuator2_pkg/package.zsh'
[7.334s] Level 1:colcon.colcon_core.environment:create_file_with_runtime_dependencies(/home/projects/ros2_ws/install/ucsd_robocar_actuator2_pkg/share/colcon-core/packages/ucsd_robocar_actuator2_pkg)
[7.338s] INFO:colcon.colcon_ros.task.ament_python.build:Building ROS package in '/home/projects/ros2_ws/src/ucsd_robocar_hub2/ucsd_robocar_sensor2_pkg' with build type 'ament_python'
[7.339s] Level 1:colcon.colcon_core.shell:create_environment_hook('ucsd_robocar_sensor2_pkg', 'ament_prefix_path')
[7.341s] INFO:colcon.colcon_core.shell:Creating environment hook '/home/projects/ros2_ws/install/ucsd_robocar_sensor2_pkg/share/ucsd_robocar_sensor2_pkg/hook/ament_prefix_path.ps1'
[7.344s] INFO:colcon.colcon_core.shell:Creating environment descriptor '/home/projects/ros2_ws/install/ucsd_robocar_sensor2_pkg/share/ucsd_robocar_sensor2_pkg/hook/ament_prefix_path.dsv'
[7.345s] INFO:colcon.colcon_core.shell:Creating environment hook '/home/projects/ros2_ws/install/ucsd_robocar_sensor2_pkg/share/ucsd_robocar_sensor2_pkg/hook/ament_prefix_path.sh'
[7.349s] INFO:colcon.colcon_core.shell:Skip shell extension 'powershell' for command environment: Not usable outside of PowerShell
[7.349s] DEBUG:colcon.colcon_core.shell:Skip shell extension 'dsv' for command environment
[7.360s] DEBUG:colcon.colcon_core.shell:Ignoring prefix path '/opt/ros/foxy'
[7.374s] Level 1:colcon.colcon_core.environment:checking '/home/projects/ros2_ws/install/ucsd_robocar_nav2_pkg' for CMake module files
[7.377s] DEBUG:colcon.colcon_core.event_handler.log_command:Invoked command in '/home/projects/ros2_ws/src/ucsd_robocar_hub2/ucsd_robocar_nav2_pkg' returned '0': PYTHONPATH=/home/projects/ros2_ws/install/ucsd_robocar_nav2_pkg/lib/python3.8/site-packages:${PYTHONPATH} /usr/bin/python3 setup.py egg_info --egg-base ../../../build/ucsd_robocar_nav2_pkg build --build-base /home/projects/ros2_ws/build/ucsd_robocar_nav2_pkg/build install --prefix /home/projects/ros2_ws/install/ucsd_robocar_nav2_pkg --record /home/projects/ros2_ws/build/ucsd_robocar_nav2_pkg/install.log --single-version-externally-managed
[7.378s] Level 1:colcon.colcon_core.environment:checking '/home/projects/ros2_ws/install/ucsd_robocar_nav2_pkg' for CMake config files
[7.382s] Level 1:colcon.colcon_core.environment:checking '/home/projects/ros2_ws/install/ucsd_robocar_nav2_pkg/lib'
[7.382s] Level 1:colcon.colcon_core.environment:checking '/home/projects/ros2_ws/install/ucsd_robocar_nav2_pkg/bin'
[7.382s] Level 1:colcon.colcon_core.environment:checking '/home/projects/ros2_ws/install/ucsd_robocar_nav2_pkg/lib/pkgconfig/ucsd_robocar_nav2_pkg.pc'
[7.383s] Level 1:colcon.colcon_core.environment:checking '/home/projects/ros2_ws/install/ucsd_robocar_nav2_pkg/lib/python3.8/site-packages'
[7.383s] Level 1:colcon.colcon_core.shell:create_environment_hook('ucsd_robocar_nav2_pkg', 'pythonpath')
[7.385s] INFO:colcon.colcon_core.shell:Creating environment hook '/home/projects/ros2_ws/install/ucsd_robocar_nav2_pkg/share/ucsd_robocar_nav2_pkg/hook/pythonpath.ps1'
[7.387s] INFO:colcon.colcon_core.shell:Creating environment descriptor '/home/projects/ros2_ws/install/ucsd_robocar_nav2_pkg/share/ucsd_robocar_nav2_pkg/hook/pythonpath.dsv'
[7.388s] INFO:colcon.colcon_core.shell:Creating environment hook '/home/projects/ros2_ws/install/ucsd_robocar_nav2_pkg/share/ucsd_robocar_nav2_pkg/hook/pythonpath.sh'
[7.390s] Level 1:colcon.colcon_core.environment:create_environment_scripts_only(ucsd_robocar_nav2_pkg)
[7.392s] INFO:colcon.colcon_core.shell:Creating package script '/home/projects/ros2_ws/install/ucsd_robocar_nav2_pkg/share/ucsd_robocar_nav2_pkg/package.ps1'
[7.394s] INFO:colcon.colcon_core.shell:Creating package descriptor '/home/projects/ros2_ws/install/ucsd_robocar_nav2_pkg/share/ucsd_robocar_nav2_pkg/package.dsv'
[7.396s] INFO:colcon.colcon_core.shell:Creating package script '/home/projects/ros2_ws/install/ucsd_robocar_nav2_pkg/share/ucsd_robocar_nav2_pkg/package.sh'
[7.397s] INFO:colcon.colcon_core.shell:Creating package script '/home/projects/ros2_ws/install/ucsd_robocar_nav2_pkg/share/ucsd_robocar_nav2_pkg/package.bash'
[7.399s] INFO:colcon.colcon_core.shell:Creating package script '/home/projects/ros2_ws/install/ucsd_robocar_nav2_pkg/share/ucsd_robocar_nav2_pkg/package.zsh'
[7.400s] Level 1:colcon.colcon_core.environment:create_file_with_runtime_dependencies(/home/projects/ros2_ws/install/ucsd_robocar_nav2_pkg/share/colcon-core/packages/ucsd_robocar_nav2_pkg)
[8.343s] INFO:colcon.colcon_core.task.python.build:Building Python package in '/home/projects/ros2_ws/src/ucsd_robocar_hub2/ucsd_robocar_path2_pkg'
[8.346s] INFO:colcon.colcon_core.shell:Skip shell extension 'powershell' for command environment: Not usable outside of PowerShell
[8.346s] DEBUG:colcon.colcon_core.shell:Skip shell extension 'dsv' for command environment
[8.357s] DEBUG:colcon.colcon_core.shell:Ignoring prefix path '/opt/ros/foxy'
[9.318s] INFO:colcon.colcon_core.task.python.build:Building Python package in '/home/projects/ros2_ws/src/ucsd_robocar_hub2/ucsd_robocar_sensor2_pkg'
[9.321s] INFO:colcon.colcon_core.shell:Skip shell extension 'powershell' for command environment: Not usable outside of PowerShell
[9.322s] DEBUG:colcon.colcon_core.shell:Skip shell extension 'dsv' for command environment
[9.332s] DEBUG:colcon.colcon_core.shell:Ignoring prefix path '/opt/ros/foxy'
[9.356s] DEBUG:colcon.colcon_core.event_handler.log_command:Invoking command in '/home/projects/ros2_ws/src/ucsd_robocar_hub2/ucsd_robocar_path2_pkg': PYTHONPATH=/home/projects/ros2_ws/install/ucsd_robocar_path2_pkg/lib/python3.8/site-packages:${PYTHONPATH} /usr/bin/python3 setup.py egg_info --egg-base ../../../build/ucsd_robocar_path2_pkg build --build-base /home/projects/ros2_ws/build/ucsd_robocar_path2_pkg/build install --prefix /home/projects/ros2_ws/install/ucsd_robocar_path2_pkg --record /home/projects/ros2_ws/build/ucsd_robocar_path2_pkg/install.log --single-version-externally-managed
[9.370s] DEBUG:colcon.colcon_core.event_handler.log_command:Invoking command in '/home/projects/ros2_ws/src/ucsd_robocar_hub2/ucsd_robocar_sensor2_pkg': PYTHONPATH=/home/projects/ros2_ws/install/ucsd_robocar_sensor2_pkg/lib/python3.8/site-packages:${PYTHONPATH} /usr/bin/python3 setup.py egg_info --egg-base ../../../build/ucsd_robocar_sensor2_pkg build --build-base /home/projects/ros2_ws/build/ucsd_robocar_sensor2_pkg/build install --prefix /home/projects/ros2_ws/install/ucsd_robocar_sensor2_pkg --record /home/projects/ros2_ws/build/ucsd_robocar_sensor2_pkg/install.log --single-version-externally-managed
[10.680s] Level 1:colcon.colcon_core.environment:checking '/home/projects/ros2_ws/install/ucsd_robocar_path2_pkg' for CMake module files
[10.683s] DEBUG:colcon.colcon_core.event_handler.log_command:Invoked command in '/home/projects/ros2_ws/src/ucsd_robocar_hub2/ucsd_robocar_path2_pkg' returned '0': PYTHONPATH=/home/projects/ros2_ws/install/ucsd_robocar_path2_pkg/lib/python3.8/site-packages:${PYTHONPATH} /usr/bin/python3 setup.py egg_info --egg-base ../../../build/ucsd_robocar_path2_pkg build --build-base /home/projects/ros2_ws/build/ucsd_robocar_path2_pkg/build install --prefix /home/projects/ros2_ws/install/ucsd_robocar_path2_pkg --record /home/projects/ros2_ws/build/ucsd_robocar_path2_pkg/install.log --single-version-externally-managed
[10.684s] Level 1:colcon.colcon_core.environment:checking '/home/projects/ros2_ws/install/ucsd_robocar_path2_pkg' for CMake config files
[10.688s] Level 1:colcon.colcon_core.environment:checking '/home/projects/ros2_ws/install/ucsd_robocar_path2_pkg/lib'
[10.688s] Level 1:colcon.colcon_core.environment:checking '/home/projects/ros2_ws/install/ucsd_robocar_path2_pkg/bin'
[10.689s] Level 1:colcon.colcon_core.environment:checking '/home/projects/ros2_ws/install/ucsd_robocar_path2_pkg/lib/pkgconfig/ucsd_robocar_path2_pkg.pc'
[10.689s] Level 1:colcon.colcon_core.environment:checking '/home/projects/ros2_ws/install/ucsd_robocar_path2_pkg/lib/python3.8/site-packages'
[10.689s] Level 1:colcon.colcon_core.shell:create_environment_hook('ucsd_robocar_path2_pkg', 'pythonpath')
[10.692s] INFO:colcon.colcon_core.shell:Creating environment hook '/home/projects/ros2_ws/install/ucsd_robocar_path2_pkg/share/ucsd_robocar_path2_pkg/hook/pythonpath.ps1'
[10.695s] INFO:colcon.colcon_core.shell:Creating environment descriptor '/home/projects/ros2_ws/install/ucsd_robocar_path2_pkg/share/ucsd_robocar_path2_pkg/hook/pythonpath.dsv'
[10.696s] INFO:colcon.colcon_core.shell:Creating environment hook '/home/projects/ros2_ws/install/ucsd_robocar_path2_pkg/share/ucsd_robocar_path2_pkg/hook/pythonpath.sh'
[10.698s] Level 1:colcon.colcon_core.environment:create_environment_scripts_only(ucsd_robocar_path2_pkg)
[10.700s] INFO:colcon.colcon_core.shell:Creating package script '/home/projects/ros2_ws/install/ucsd_robocar_path2_pkg/share/ucsd_robocar_path2_pkg/package.ps1'
[10.702s] INFO:colcon.colcon_core.shell:Creating package descriptor '/home/projects/ros2_ws/install/ucsd_robocar_path2_pkg/share/ucsd_robocar_path2_pkg/package.dsv'
[10.704s] INFO:colcon.colcon_core.shell:Creating package script '/home/projects/ros2_ws/install/ucsd_robocar_path2_pkg/share/ucsd_robocar_path2_pkg/package.sh'
[10.706s] INFO:colcon.colcon_core.shell:Creating package script '/home/projects/ros2_ws/install/ucsd_robocar_path2_pkg/share/ucsd_robocar_path2_pkg/package.bash'
[10.707s] INFO:colcon.colcon_core.shell:Creating package script '/home/projects/ros2_ws/install/ucsd_robocar_path2_pkg/share/ucsd_robocar_path2_pkg/package.zsh'
[10.708s] Level 1:colcon.colcon_core.environment:create_file_with_runtime_dependencies(/home/projects/ros2_ws/install/ucsd_robocar_path2_pkg/share/colcon-core/packages/ucsd_robocar_path2_pkg)
[10.715s] Level 1:colcon.colcon_core.environment:checking '/home/projects/ros2_ws/install/ucsd_robocar_sensor2_pkg' for CMake module files
[10.718s] DEBUG:colcon.colcon_core.event_handler.log_command:Invoked command in '/home/projects/ros2_ws/src/ucsd_robocar_hub2/ucsd_robocar_sensor2_pkg' returned '0': PYTHONPATH=/home/projects/ros2_ws/install/ucsd_robocar_sensor2_pkg/lib/python3.8/site-packages:${PYTHONPATH} /usr/bin/python3 setup.py egg_info --egg-base ../../../build/ucsd_robocar_sensor2_pkg build --build-base /home/projects/ros2_ws/build/ucsd_robocar_sensor2_pkg/build install --prefix /home/projects/ros2_ws/install/ucsd_robocar_sensor2_pkg --record /home/projects/ros2_ws/build/ucsd_robocar_sensor2_pkg/install.log --single-version-externally-managed
[10.720s] Level 1:colcon.colcon_core.environment:checking '/home/projects/ros2_ws/install/ucsd_robocar_sensor2_pkg' for CMake config files
[10.723s] Level 1:colcon.colcon_core.environment:checking '/home/projects/ros2_ws/install/ucsd_robocar_sensor2_pkg/lib'
[10.723s] Level 1:colcon.colcon_core.environment:checking '/home/projects/ros2_ws/install/ucsd_robocar_sensor2_pkg/bin'
[10.723s] Level 1:colcon.colcon_core.environment:checking '/home/projects/ros2_ws/install/ucsd_robocar_sensor2_pkg/lib/pkgconfig/ucsd_robocar_sensor2_pkg.pc'
[10.724s] Level 1:colcon.colcon_core.environment:checking '/home/projects/ros2_ws/install/ucsd_robocar_sensor2_pkg/lib/python3.8/site-packages'
[10.724s] Level 1:colcon.colcon_core.shell:create_environment_hook('ucsd_robocar_sensor2_pkg', 'pythonpath')
[10.726s] INFO:colcon.colcon_core.shell:Creating environment hook '/home/projects/ros2_ws/install/ucsd_robocar_sensor2_pkg/share/ucsd_robocar_sensor2_pkg/hook/pythonpath.ps1'
[10.728s] INFO:colcon.colcon_core.shell:Creating environment descriptor '/home/projects/ros2_ws/install/ucsd_robocar_sensor2_pkg/share/ucsd_robocar_sensor2_pkg/hook/pythonpath.dsv'
[10.729s] INFO:colcon.colcon_core.shell:Creating environment hook '/home/projects/ros2_ws/install/ucsd_robocar_sensor2_pkg/share/ucsd_robocar_sensor2_pkg/hook/pythonpath.sh'
[10.730s] Level 1:colcon.colcon_core.environment:create_environment_scripts_only(ucsd_robocar_sensor2_pkg)
[10.733s] INFO:colcon.colcon_core.shell:Creating package script '/home/projects/ros2_ws/install/ucsd_robocar_sensor2_pkg/share/ucsd_robocar_sensor2_pkg/package.ps1'
[10.735s] INFO:colcon.colcon_core.shell:Creating package descriptor '/home/projects/ros2_ws/install/ucsd_robocar_sensor2_pkg/share/ucsd_robocar_sensor2_pkg/package.dsv'
[10.736s] INFO:colcon.colcon_core.shell:Creating package script '/home/projects/ros2_ws/install/ucsd_robocar_sensor2_pkg/share/ucsd_robocar_sensor2_pkg/package.sh'
[10.738s] INFO:colcon.colcon_core.shell:Creating package script '/home/projects/ros2_ws/install/ucsd_robocar_sensor2_pkg/share/ucsd_robocar_sensor2_pkg/package.bash'
[10.739s] INFO:colcon.colcon_core.shell:Creating package script '/home/projects/ros2_ws/install/ucsd_robocar_sensor2_pkg/share/ucsd_robocar_sensor2_pkg/package.zsh'
[10.740s] Level 1:colcon.colcon_core.environment:create_file_with_runtime_dependencies(/home/projects/ros2_ws/install/ucsd_robocar_sensor2_pkg/share/colcon-core/packages/ucsd_robocar_sensor2_pkg)
[10.741s] DEBUG:colcon.colcon_parallel_executor.executor.parallel:closing loop
[10.742s] DEBUG:colcon.colcon_parallel_executor.executor.parallel:loop closed
[10.742s] DEBUG:colcon.colcon_parallel_executor.executor.parallel:run_until_complete finished with '0'
[10.743s] DEBUG:colcon.colcon_core.event_reactor:joining thread
[10.765s] INFO:colcon.colcon_core.plugin_system:Skipping extension 'colcon_notification.desktop_notification.notify_send': Could not find 'notify-send'
[10.765s] INFO:colcon.colcon_core.plugin_system:Skipping extension 'colcon_notification.desktop_notification.terminal_notifier': Not used on non-Darwin systems
[10.766s] INFO:colcon.colcon_core.plugin_system:Skipping extension 'colcon_notification.desktop_notification.win32': Not used on non-Windows systems
[10.766s] INFO:colcon.colcon_notification.desktop_notification:Sending desktop notification using 'notify2'
[10.771s] DEBUG:colcon.colcon_notification.desktop_notification.notify2:Failed to initialize notify2: org.freedesktop.DBus.Error.Spawn.ExecFailed: /usr/bin/dbus-launch terminated abnormally without any error message
[10.772s] DEBUG:colcon.colcon_core.event_reactor:joined thread
[10.775s] INFO:colcon.colcon_core.shell:Creating prefix script '/home/projects/ros2_ws/install/local_setup.ps1'
[10.779s] INFO:colcon.colcon_core.shell:Creating prefix util module '/home/projects/ros2_ws/install/_local_setup_util_ps1.py'
[10.784s] INFO:colcon.colcon_core.shell:Creating prefix chain script '/home/projects/ros2_ws/install/setup.ps1'
[10.796s] INFO:colcon.colcon_core.shell:Creating prefix script '/home/projects/ros2_ws/install/local_setup.sh'
[10.798s] INFO:colcon.colcon_core.shell:Creating prefix util module '/home/projects/ros2_ws/install/_local_setup_util_sh.py'
[10.799s] INFO:colcon.colcon_core.shell:Creating prefix chain script '/home/projects/ros2_ws/install/setup.sh'
[10.811s] INFO:colcon.colcon_core.shell:Creating prefix script '/home/projects/ros2_ws/install/local_setup.bash'
[10.813s] INFO:colcon.colcon_core.shell:Creating prefix chain script '/home/projects/ros2_ws/install/setup.bash'
[10.824s] INFO:colcon.colcon_core.shell:Creating prefix script '/home/projects/ros2_ws/install/local_setup.zsh'
[10.825s] INFO:colcon.colcon_core.shell:Creating prefix chain script '/home/projects/ros2_ws/install/setup.zsh'
