[3.642s] Invoking command in '/home/projects/ros2_ws/src/ucsd_robocar_hub2/ucsd_robocar_actuator2_pkg': PYTHONPATH=/home/projects/ros2_ws/install/ucsd_robocar_actuator2_pkg/lib/python3.8/site-packages:${PYTHONPATH} /usr/bin/python3 setup.py egg_info --egg-base ../../../build/ucsd_robocar_actuator2_pkg build --build-base /home/projects/ros2_ws/build/ucsd_robocar_actuator2_pkg/build install --prefix /home/projects/ros2_ws/install/ucsd_robocar_actuator2_pkg --record /home/projects/ros2_ws/build/ucsd_robocar_actuator2_pkg/install.log --single-version-externally-managed
[4.602s] running egg_info
[4.605s] writing ../../../build/ucsd_robocar_actuator2_pkg/ucsd_robocar_actuator2_pkg.egg-info/PKG-INFO
[4.607s] writing dependency_links to ../../../build/ucsd_robocar_actuator2_pkg/ucsd_robocar_actuator2_pkg.egg-info/dependency_links.txt
[4.609s] writing entry points to ../../../build/ucsd_robocar_actuator2_pkg/ucsd_robocar_actuator2_pkg.egg-info/entry_points.txt
[4.611s] writing requirements to ../../../build/ucsd_robocar_actuator2_pkg/ucsd_robocar_actuator2_pkg.egg-info/requires.txt
[4.612s] writing top-level names to ../../../build/ucsd_robocar_actuator2_pkg/ucsd_robocar_actuator2_pkg.egg-info/top_level.txt
[4.795s] package init file 'ucsd_robocar_actuator2_pkg/vesc_submodule/__init__.py' not found (or not a regular file)
[4.799s] reading manifest file '../../../build/ucsd_robocar_actuator2_pkg/ucsd_robocar_actuator2_pkg.egg-info/SOURCES.txt'
[4.806s] writing manifest file '../../../build/ucsd_robocar_actuator2_pkg/ucsd_robocar_actuator2_pkg.egg-info/SOURCES.txt'
[4.807s] running build
[4.808s] running build_py
[4.814s] running install
[4.819s] running install_lib
[4.829s] running install_data
[4.834s] running install_egg_info
[4.841s] removing '/home/projects/ros2_ws/install/ucsd_robocar_actuator2_pkg/lib/python3.8/site-packages/ucsd_robocar_actuator2_pkg-0.0.0-py3.8.egg-info' (and everything under it)
[4.844s] Copying ../../../build/ucsd_robocar_actuator2_pkg/ucsd_robocar_actuator2_pkg.egg-info to /home/projects/ros2_ws/install/ucsd_robocar_actuator2_pkg/lib/python3.8/site-packages/ucsd_robocar_actuator2_pkg-0.0.0-py3.8.egg-info
[4.850s] running install_scripts
[4.937s] Installing adafruit_servo_node script to /home/projects/ros2_ws/install/ucsd_robocar_actuator2_pkg/lib/ucsd_robocar_actuator2_pkg
[4.940s] Installing adafruit_steering_node script to /home/projects/ros2_ws/install/ucsd_robocar_actuator2_pkg/lib/ucsd_robocar_actuator2_pkg
[4.942s] Installing adafruit_throttle_node script to /home/projects/ros2_ws/install/ucsd_robocar_actuator2_pkg/lib/ucsd_robocar_actuator2_pkg
[4.944s] Installing adafruit_twist_node script to /home/projects/ros2_ws/install/ucsd_robocar_actuator2_pkg/lib/ucsd_robocar_actuator2_pkg
[4.946s] Installing vesc_rpm_node script to /home/projects/ros2_ws/install/ucsd_robocar_actuator2_pkg/lib/ucsd_robocar_actuator2_pkg
[4.948s] Installing vesc_steering_node script to /home/projects/ros2_ws/install/ucsd_robocar_actuator2_pkg/lib/ucsd_robocar_actuator2_pkg
[4.949s] Installing vesc_twist_node script to /home/projects/ros2_ws/install/ucsd_robocar_actuator2_pkg/lib/ucsd_robocar_actuator2_pkg
[4.953s] writing list of installed files to '/home/projects/ros2_ws/build/ucsd_robocar_actuator2_pkg/install.log'
[5.178s] Invoked command in '/home/projects/ros2_ws/src/ucsd_robocar_hub2/ucsd_robocar_actuator2_pkg' returned '0': PYTHONPATH=/home/projects/ros2_ws/install/ucsd_robocar_actuator2_pkg/lib/python3.8/site-packages:${PYTHONPATH} /usr/bin/python3 setup.py egg_info --egg-base ../../../build/ucsd_robocar_actuator2_pkg build --build-base /home/projects/ros2_ws/build/ucsd_robocar_actuator2_pkg/build install --prefix /home/projects/ros2_ws/install/ucsd_robocar_actuator2_pkg --record /home/projects/ros2_ws/build/ucsd_robocar_actuator2_pkg/install.log --single-version-externally-managed
