[1.361s] DEBUG:colcon:Command line arguments: ['/usr/bin/colcon', 'build']
[1.361s] DEBUG:colcon:Parsed command line arguments: Namespace(ament_cmake_args=None, base_paths=['.'], build_base='build', catkin_cmake_args=None, catkin_skip_building_tests=False, cmake_args=None, cmake_clean_cache=False, cmake_clean_first=False, cmake_force_configure=False, cmake_target=None, cmake_target_skip_unavailable=False, continue_on_error=False, event_handlers=None, executor='parallel', ignore_user_meta=False, install_base='install', log_base=None, log_level=None, main=<bound method BuildVerb.main of <colcon_core.verb.build.BuildVerb object at 0x7f7ba66a00>>, merge_install=False, metas=['./colcon.meta'], mixin=None, mixin_files=None, mixin_verb=('build',), packages_above=None, packages_above_and_dependencies=None, packages_above_depth=None, packages_end=None, packages_ignore=None, packages_ignore_regex=None, packages_select=None, packages_select_build_failed=False, packages_select_by_dep=None, packages_select_regex=None, packages_select_test_failures=False, packages_skip=None, packages_skip_build_finished=False, packages_skip_by_dep=None, packages_skip_regex=None, packages_skip_test_passed=False, packages_skip_up_to=None, packages_start=None, packages_up_to=None, packages_up_to_regex=None, parallel_workers=4, paths=None, symlink_install=False, test_result_base=None, verb_extension=<colcon_core.verb.build.BuildVerb object at 0x7f7ba66a00>, verb_name='build', verb_parser=<colcon_mixin.mixin.mixin_argument.MixinArgumentDecorator object at 0x7f7ba66fd0>)
[1.383s] Level 1:colcon.colcon_core.package_discovery:discover_packages(colcon_meta) check parameters
[1.385s] INFO:colcon.colcon_metadata.package_discovery.colcon_meta:Using configuration from '/root/.colcon/metadata/default/Gazebo.meta'
[1.388s] INFO:colcon.colcon_metadata.package_discovery.colcon_meta:Using configuration from '/root/.colcon/metadata/default/fastrtps.meta'
[1.388s] Level 1:colcon.colcon_core.package_discovery:discover_packages(recursive) check parameters
[1.388s] Level 1:colcon.colcon_core.package_discovery:discover_packages(ignore) check parameters
[1.388s] Level 1:colcon.colcon_core.package_discovery:discover_packages(path) check parameters
[1.388s] Level 1:colcon.colcon_core.package_discovery:discover_packages(colcon_meta) discover
[1.389s] Level 1:colcon.colcon_core.package_discovery:discover_packages(recursive) discover
[1.389s] INFO:colcon.colcon_core.package_discovery:Crawling recursively for packages in '/home/projects/ros2_ws'
[1.389s] Level 1:colcon.colcon_core.package_identification:_identify(.) by extensions ['ignore', 'ignore_ament_install']
[1.390s] Level 1:colcon.colcon_core.package_identification:_identify(.) by extension 'ignore'
[1.390s] Level 1:colcon.colcon_core.package_identification:_identify(.) by extension 'ignore_ament_install'
[1.390s] Level 1:colcon.colcon_core.package_identification:_identify(.) by extensions ['colcon_pkg']
[1.390s] Level 1:colcon.colcon_core.package_identification:_identify(.) by extension 'colcon_pkg'
[1.391s] Level 1:colcon.colcon_core.package_identification:_identify(.) by extensions ['colcon_meta']
[1.391s] Level 1:colcon.colcon_core.package_identification:_identify(.) by extension 'colcon_meta'
[1.391s] Level 1:colcon.colcon_core.package_identification:_identify(.) by extensions ['ros']
[1.391s] Level 1:colcon.colcon_core.package_identification:_identify(.) by extension 'ros'
[1.439s] Level 1:colcon.colcon_core.package_identification:_identify(.) by extensions ['cmake', 'python']
[1.439s] Level 1:colcon.colcon_core.package_identification:_identify(.) by extension 'cmake'
[1.440s] Level 1:colcon.colcon_core.package_identification:_identify(.) by extension 'python'
[1.440s] Level 1:colcon.colcon_core.package_identification:_identify(.) by extensions ['python_setup_py']
[1.440s] Level 1:colcon.colcon_core.package_identification:_identify(.) by extension 'python_setup_py'
[1.441s] Level 1:colcon.colcon_core.package_identification:_identify(build) by extensions ['ignore', 'ignore_ament_install']
[1.441s] Level 1:colcon.colcon_core.package_identification:_identify(build) by extension 'ignore'
[1.441s] Level 1:colcon.colcon_core.package_identification:_identify(build) ignored
[1.442s] Level 1:colcon.colcon_core.package_identification:_identify(install) by extensions ['ignore', 'ignore_ament_install']
[1.442s] Level 1:colcon.colcon_core.package_identification:_identify(install) by extension 'ignore'
[1.442s] Level 1:colcon.colcon_core.package_identification:_identify(install) ignored
[1.443s] Level 1:colcon.colcon_core.package_identification:_identify(log) by extensions ['ignore', 'ignore_ament_install']
[1.443s] Level 1:colcon.colcon_core.package_identification:_identify(log) by extension 'ignore'
[1.444s] Level 1:colcon.colcon_core.package_identification:_identify(log) ignored
[1.444s] Level 1:colcon.colcon_core.package_identification:_identify(src) by extensions ['ignore', 'ignore_ament_install']
[1.444s] Level 1:colcon.colcon_core.package_identification:_identify(src) by extension 'ignore'
[1.445s] Level 1:colcon.colcon_core.package_identification:_identify(src) by extension 'ignore_ament_install'
[1.445s] Level 1:colcon.colcon_core.package_identification:_identify(src) by extensions ['colcon_pkg']
[1.445s] Level 1:colcon.colcon_core.package_identification:_identify(src) by extension 'colcon_pkg'
[1.445s] Level 1:colcon.colcon_core.package_identification:_identify(src) by extensions ['colcon_meta']
[1.445s] Level 1:colcon.colcon_core.package_identification:_identify(src) by extension 'colcon_meta'
[1.446s] Level 1:colcon.colcon_core.package_identification:_identify(src) by extensions ['ros']
[1.446s] Level 1:colcon.colcon_core.package_identification:_identify(src) by extension 'ros'
[1.446s] Level 1:colcon.colcon_core.package_identification:_identify(src) by extensions ['cmake', 'python']
[1.446s] Level 1:colcon.colcon_core.package_identification:_identify(src) by extension 'cmake'
[1.446s] Level 1:colcon.colcon_core.package_identification:_identify(src) by extension 'python'
[1.447s] Level 1:colcon.colcon_core.package_identification:_identify(src) by extensions ['python_setup_py']
[1.447s] Level 1:colcon.colcon_core.package_identification:_identify(src) by extension 'python_setup_py'
[1.447s] Level 1:colcon.colcon_core.package_identification:_identify(src/ucsd_robocar_hub2) by extensions ['ignore', 'ignore_ament_install']
[1.448s] Level 1:colcon.colcon_core.package_identification:_identify(src/ucsd_robocar_hub2) by extension 'ignore'
[1.448s] Level 1:colcon.colcon_core.package_identification:_identify(src/ucsd_robocar_hub2) by extension 'ignore_ament_install'
[1.448s] Level 1:colcon.colcon_core.package_identification:_identify(src/ucsd_robocar_hub2) by extensions ['colcon_pkg']
[1.448s] Level 1:colcon.colcon_core.package_identification:_identify(src/ucsd_robocar_hub2) by extension 'colcon_pkg'
[1.448s] Level 1:colcon.colcon_core.package_identification:_identify(src/ucsd_robocar_hub2) by extensions ['colcon_meta']
[1.449s] Level 1:colcon.colcon_core.package_identification:_identify(src/ucsd_robocar_hub2) by extension 'colcon_meta'
[1.449s] Level 1:colcon.colcon_core.package_identification:_identify(src/ucsd_robocar_hub2) by extensions ['ros']
[1.449s] Level 1:colcon.colcon_core.package_identification:_identify(src/ucsd_robocar_hub2) by extension 'ros'
[1.449s] Level 1:colcon.colcon_core.package_identification:_identify(src/ucsd_robocar_hub2) by extensions ['cmake', 'python']
[1.449s] Level 1:colcon.colcon_core.package_identification:_identify(src/ucsd_robocar_hub2) by extension 'cmake'
[1.450s] Level 1:colcon.colcon_core.package_identification:_identify(src/ucsd_robocar_hub2) by extension 'python'
[1.450s] Level 1:colcon.colcon_core.package_identification:_identify(src/ucsd_robocar_hub2) by extensions ['python_setup_py']
[1.450s] Level 1:colcon.colcon_core.package_identification:_identify(src/ucsd_robocar_hub2) by extension 'python_setup_py'
[1.450s] Level 1:colcon.colcon_core.package_identification:_identify(src/ucsd_robocar_hub2/mask_pkg) by extensions ['ignore', 'ignore_ament_install']
[1.451s] Level 1:colcon.colcon_core.package_identification:_identify(src/ucsd_robocar_hub2/mask_pkg) by extension 'ignore'
[1.451s] Level 1:colcon.colcon_core.package_identification:_identify(src/ucsd_robocar_hub2/mask_pkg) by extension 'ignore_ament_install'
[1.451s] Level 1:colcon.colcon_core.package_identification:_identify(src/ucsd_robocar_hub2/mask_pkg) by extensions ['colcon_pkg']
[1.451s] Level 1:colcon.colcon_core.package_identification:_identify(src/ucsd_robocar_hub2/mask_pkg) by extension 'colcon_pkg'
[1.451s] Level 1:colcon.colcon_core.package_identification:_identify(src/ucsd_robocar_hub2/mask_pkg) by extensions ['colcon_meta']
[1.452s] Level 1:colcon.colcon_core.package_identification:_identify(src/ucsd_robocar_hub2/mask_pkg) by extension 'colcon_meta'
[1.452s] Level 1:colcon.colcon_core.package_identification:_identify(src/ucsd_robocar_hub2/mask_pkg) by extensions ['ros']
[1.452s] Level 1:colcon.colcon_core.package_identification:_identify(src/ucsd_robocar_hub2/mask_pkg) by extension 'ros'
[1.462s] DEBUG:colcon.colcon_core.package_identification:Package 'src/ucsd_robocar_hub2/mask_pkg' with type 'ros.ament_python' and name 'mask_pkg'
[1.462s] Level 1:colcon.colcon_core.package_identification:_identify(src/ucsd_robocar_hub2/ucsd_robocar_actuator2_pkg) by extensions ['ignore', 'ignore_ament_install']
[1.463s] Level 1:colcon.colcon_core.package_identification:_identify(src/ucsd_robocar_hub2/ucsd_robocar_actuator2_pkg) by extension 'ignore'
[1.463s] Level 1:colcon.colcon_core.package_identification:_identify(src/ucsd_robocar_hub2/ucsd_robocar_actuator2_pkg) by extension 'ignore_ament_install'
[1.463s] Level 1:colcon.colcon_core.package_identification:_identify(src/ucsd_robocar_hub2/ucsd_robocar_actuator2_pkg) by extensions ['colcon_pkg']
[1.463s] Level 1:colcon.colcon_core.package_identification:_identify(src/ucsd_robocar_hub2/ucsd_robocar_actuator2_pkg) by extension 'colcon_pkg'
[1.463s] Level 1:colcon.colcon_core.package_identification:_identify(src/ucsd_robocar_hub2/ucsd_robocar_actuator2_pkg) by extensions ['colcon_meta']
[1.464s] Level 1:colcon.colcon_core.package_identification:_identify(src/ucsd_robocar_hub2/ucsd_robocar_actuator2_pkg) by extension 'colcon_meta'
[1.464s] Level 1:colcon.colcon_core.package_identification:_identify(src/ucsd_robocar_hub2/ucsd_robocar_actuator2_pkg) by extensions ['ros']
[1.464s] Level 1:colcon.colcon_core.package_identification:_identify(src/ucsd_robocar_hub2/ucsd_robocar_actuator2_pkg) by extension 'ros'
[1.466s] DEBUG:colcon.colcon_core.package_identification:Package 'src/ucsd_robocar_hub2/ucsd_robocar_actuator2_pkg' with type 'ros.ament_python' and name 'ucsd_robocar_actuator2_pkg'
[1.467s] Level 1:colcon.colcon_core.package_identification:_identify(src/ucsd_robocar_hub2/ucsd_robocar_lane_detection2_pkg) by extensions ['ignore', 'ignore_ament_install']
[1.467s] Level 1:colcon.colcon_core.package_identification:_identify(src/ucsd_robocar_hub2/ucsd_robocar_lane_detection2_pkg) by extension 'ignore'
[1.468s] Level 1:colcon.colcon_core.package_identification:_identify(src/ucsd_robocar_hub2/ucsd_robocar_lane_detection2_pkg) by extension 'ignore_ament_install'
[1.468s] Level 1:colcon.colcon_core.package_identification:_identify(src/ucsd_robocar_hub2/ucsd_robocar_lane_detection2_pkg) by extensions ['colcon_pkg']
[1.468s] Level 1:colcon.colcon_core.package_identification:_identify(src/ucsd_robocar_hub2/ucsd_robocar_lane_detection2_pkg) by extension 'colcon_pkg'
[1.468s] Level 1:colcon.colcon_core.package_identification:_identify(src/ucsd_robocar_hub2/ucsd_robocar_lane_detection2_pkg) by extensions ['colcon_meta']
[1.468s] Level 1:colcon.colcon_core.package_identification:_identify(src/ucsd_robocar_hub2/ucsd_robocar_lane_detection2_pkg) by extension 'colcon_meta'
[1.469s] Level 1:colcon.colcon_core.package_identification:_identify(src/ucsd_robocar_hub2/ucsd_robocar_lane_detection2_pkg) by extensions ['ros']
[1.469s] Level 1:colcon.colcon_core.package_identification:_identify(src/ucsd_robocar_hub2/ucsd_robocar_lane_detection2_pkg) by extension 'ros'
[1.471s] DEBUG:colcon.colcon_core.package_identification:Package 'src/ucsd_robocar_hub2/ucsd_robocar_lane_detection2_pkg' with type 'ros.ament_python' and name 'ucsd_robocar_lane_detection2_pkg'
[1.472s] Level 1:colcon.colcon_core.package_identification:_identify(src/ucsd_robocar_hub2/ucsd_robocar_nav2_pkg) by extensions ['ignore', 'ignore_ament_install']
[1.472s] Level 1:colcon.colcon_core.package_identification:_identify(src/ucsd_robocar_hub2/ucsd_robocar_nav2_pkg) by extension 'ignore'
[1.472s] Level 1:colcon.colcon_core.package_identification:_identify(src/ucsd_robocar_hub2/ucsd_robocar_nav2_pkg) by extension 'ignore_ament_install'
[1.473s] Level 1:colcon.colcon_core.package_identification:_identify(src/ucsd_robocar_hub2/ucsd_robocar_nav2_pkg) by extensions ['colcon_pkg']
[1.473s] Level 1:colcon.colcon_core.package_identification:_identify(src/ucsd_robocar_hub2/ucsd_robocar_nav2_pkg) by extension 'colcon_pkg'
[1.473s] Level 1:colcon.colcon_core.package_identification:_identify(src/ucsd_robocar_hub2/ucsd_robocar_nav2_pkg) by extensions ['colcon_meta']
[1.473s] Level 1:colcon.colcon_core.package_identification:_identify(src/ucsd_robocar_hub2/ucsd_robocar_nav2_pkg) by extension 'colcon_meta'
[1.473s] Level 1:colcon.colcon_core.package_identification:_identify(src/ucsd_robocar_hub2/ucsd_robocar_nav2_pkg) by extensions ['ros']
[1.473s] Level 1:colcon.colcon_core.package_identification:_identify(src/ucsd_robocar_hub2/ucsd_robocar_nav2_pkg) by extension 'ros'
[1.476s] DEBUG:colcon.colcon_core.package_identification:Package 'src/ucsd_robocar_hub2/ucsd_robocar_nav2_pkg' with type 'ros.ament_python' and name 'ucsd_robocar_nav2_pkg'
[1.476s] Level 1:colcon.colcon_core.package_identification:_identify(src/ucsd_robocar_hub2/ucsd_robocar_path2_pkg) by extensions ['ignore', 'ignore_ament_install']
[1.477s] Level 1:colcon.colcon_core.package_identification:_identify(src/ucsd_robocar_hub2/ucsd_robocar_path2_pkg) by extension 'ignore'
[1.477s] Level 1:colcon.colcon_core.package_identification:_identify(src/ucsd_robocar_hub2/ucsd_robocar_path2_pkg) by extension 'ignore_ament_install'
[1.477s] Level 1:colcon.colcon_core.package_identification:_identify(src/ucsd_robocar_hub2/ucsd_robocar_path2_pkg) by extensions ['colcon_pkg']
[1.477s] Level 1:colcon.colcon_core.package_identification:_identify(src/ucsd_robocar_hub2/ucsd_robocar_path2_pkg) by extension 'colcon_pkg'
[1.477s] Level 1:colcon.colcon_core.package_identification:_identify(src/ucsd_robocar_hub2/ucsd_robocar_path2_pkg) by extensions ['colcon_meta']
[1.478s] Level 1:colcon.colcon_core.package_identification:_identify(src/ucsd_robocar_hub2/ucsd_robocar_path2_pkg) by extension 'colcon_meta'
[1.478s] Level 1:colcon.colcon_core.package_identification:_identify(src/ucsd_robocar_hub2/ucsd_robocar_path2_pkg) by extensions ['ros']
[1.478s] Level 1:colcon.colcon_core.package_identification:_identify(src/ucsd_robocar_hub2/ucsd_robocar_path2_pkg) by extension 'ros'
[1.480s] DEBUG:colcon.colcon_core.package_identification:Package 'src/ucsd_robocar_hub2/ucsd_robocar_path2_pkg' with type 'ros.ament_python' and name 'ucsd_robocar_path2_pkg'
[1.481s] Level 1:colcon.colcon_core.package_identification:_identify(src/ucsd_robocar_hub2/ucsd_robocar_sensor2_pkg) by extensions ['ignore', 'ignore_ament_install']
[1.481s] Level 1:colcon.colcon_core.package_identification:_identify(src/ucsd_robocar_hub2/ucsd_robocar_sensor2_pkg) by extension 'ignore'
[1.481s] Level 1:colcon.colcon_core.package_identification:_identify(src/ucsd_robocar_hub2/ucsd_robocar_sensor2_pkg) by extension 'ignore_ament_install'
[1.482s] Level 1:colcon.colcon_core.package_identification:_identify(src/ucsd_robocar_hub2/ucsd_robocar_sensor2_pkg) by extensions ['colcon_pkg']
[1.482s] Level 1:colcon.colcon_core.package_identification:_identify(src/ucsd_robocar_hub2/ucsd_robocar_sensor2_pkg) by extension 'colcon_pkg'
[1.482s] Level 1:colcon.colcon_core.package_identification:_identify(src/ucsd_robocar_hub2/ucsd_robocar_sensor2_pkg) by extensions ['colcon_meta']
[1.482s] Level 1:colcon.colcon_core.package_identification:_identify(src/ucsd_robocar_hub2/ucsd_robocar_sensor2_pkg) by extension 'colcon_meta'
[1.482s] Level 1:colcon.colcon_core.package_identification:_identify(src/ucsd_robocar_hub2/ucsd_robocar_sensor2_pkg) by extensions ['ros']
[1.482s] Level 1:colcon.colcon_core.package_identification:_identify(src/ucsd_robocar_hub2/ucsd_robocar_sensor2_pkg) by extension 'ros'
[1.485s] DEBUG:colcon.colcon_core.package_identification:Package 'src/ucsd_robocar_hub2/ucsd_robocar_sensor2_pkg' with type 'ros.ament_python' and name 'ucsd_robocar_sensor2_pkg'
[1.485s] Level 1:colcon.colcon_core.package_identification:_identify(weights) by extensions ['ignore', 'ignore_ament_install']
[1.486s] Level 1:colcon.colcon_core.package_identification:_identify(weights) by extension 'ignore'
[1.486s] Level 1:colcon.colcon_core.package_identification:_identify(weights) by extension 'ignore_ament_install'
[1.486s] Level 1:colcon.colcon_core.package_identification:_identify(weights) by extensions ['colcon_pkg']
[1.486s] Level 1:colcon.colcon_core.package_identification:_identify(weights) by extension 'colcon_pkg'
[1.487s] Level 1:colcon.colcon_core.package_identification:_identify(weights) by extensions ['colcon_meta']
[1.487s] Level 1:colcon.colcon_core.package_identification:_identify(weights) by extension 'colcon_meta'
[1.487s] Level 1:colcon.colcon_core.package_identification:_identify(weights) by extensions ['ros']
[1.487s] Level 1:colcon.colcon_core.package_identification:_identify(weights) by extension 'ros'
[1.487s] Level 1:colcon.colcon_core.package_identification:_identify(weights) by extensions ['cmake', 'python']
[1.488s] Level 1:colcon.colcon_core.package_identification:_identify(weights) by extension 'cmake'
[1.488s] Level 1:colcon.colcon_core.package_identification:_identify(weights) by extension 'python'
[1.488s] Level 1:colcon.colcon_core.package_identification:_identify(weights) by extensions ['python_setup_py']
[1.488s] Level 1:colcon.colcon_core.package_identification:_identify(weights) by extension 'python_setup_py'
[1.488s] Level 1:colcon.colcon_core.package_discovery:discover_packages(recursive) using defaults
[1.489s] Level 1:colcon.colcon_core.package_discovery:discover_packages(ignore) discover
[1.489s] Level 1:colcon.colcon_core.package_discovery:discover_packages(ignore) using defaults
[1.489s] Level 1:colcon.colcon_core.package_discovery:discover_packages(path) discover
[1.489s] Level 1:colcon.colcon_core.package_discovery:discover_packages(path) using defaults
[1.568s] Level 5:colcon.colcon_core.verb:set package 'mask_pkg' build argument 'cmake_args' from command line to 'None'
[1.568s] Level 5:colcon.colcon_core.verb:set package 'mask_pkg' build argument 'cmake_target' from command line to 'None'
[1.569s] Level 5:colcon.colcon_core.verb:set package 'mask_pkg' build argument 'cmake_target_skip_unavailable' from command line to 'False'
[1.569s] Level 5:colcon.colcon_core.verb:set package 'mask_pkg' build argument 'cmake_clean_cache' from command line to 'False'
[1.569s] Level 5:colcon.colcon_core.verb:set package 'mask_pkg' build argument 'cmake_clean_first' from command line to 'False'
[1.569s] Level 5:colcon.colcon_core.verb:set package 'mask_pkg' build argument 'cmake_force_configure' from command line to 'False'
[1.569s] Level 5:colcon.colcon_core.verb:set package 'mask_pkg' build argument 'ament_cmake_args' from command line to 'None'
[1.569s] Level 5:colcon.colcon_core.verb:set package 'mask_pkg' build argument 'catkin_cmake_args' from command line to 'None'
[1.569s] Level 5:colcon.colcon_core.verb:set package 'mask_pkg' build argument 'catkin_skip_building_tests' from command line to 'False'
[1.570s] DEBUG:colcon.colcon_core.verb:Building package 'mask_pkg' with the following arguments: {'ament_cmake_args': None, 'build_base': '/home/projects/ros2_ws/build/mask_pkg', 'catkin_cmake_args': None, 'catkin_skip_building_tests': False, 'cmake_args': None, 'cmake_clean_cache': False, 'cmake_clean_first': False, 'cmake_force_configure': False, 'cmake_target': None, 'cmake_target_skip_unavailable': False, 'install_base': '/home/projects/ros2_ws/install/mask_pkg', 'merge_install': False, 'path': '/home/projects/ros2_ws/src/ucsd_robocar_hub2/mask_pkg', 'symlink_install': False, 'test_result_base': None}
[1.581s] Level 5:colcon.colcon_core.verb:set package 'ucsd_robocar_actuator2_pkg' build argument 'cmake_args' from command line to 'None'
[1.581s] Level 5:colcon.colcon_core.verb:set package 'ucsd_robocar_actuator2_pkg' build argument 'cmake_target' from command line to 'None'
[1.582s] Level 5:colcon.colcon_core.verb:set package 'ucsd_robocar_actuator2_pkg' build argument 'cmake_target_skip_unavailable' from command line to 'False'
[1.582s] Level 5:colcon.colcon_core.verb:set package 'ucsd_robocar_actuator2_pkg' build argument 'cmake_clean_cache' from command line to 'False'
[1.582s] Level 5:colcon.colcon_core.verb:set package 'ucsd_robocar_actuator2_pkg' build argument 'cmake_clean_first' from command line to 'False'
[1.582s] Level 5:colcon.colcon_core.verb:set package 'ucsd_robocar_actuator2_pkg' build argument 'cmake_force_configure' from command line to 'False'
[1.582s] Level 5:colcon.colcon_core.verb:set package 'ucsd_robocar_actuator2_pkg' build argument 'ament_cmake_args' from command line to 'None'
[1.582s] Level 5:colcon.colcon_core.verb:set package 'ucsd_robocar_actuator2_pkg' build argument 'catkin_cmake_args' from command line to 'None'
[1.582s] Level 5:colcon.colcon_core.verb:set package 'ucsd_robocar_actuator2_pkg' build argument 'catkin_skip_building_tests' from command line to 'False'
[1.583s] DEBUG:colcon.colcon_core.verb:Building package 'ucsd_robocar_actuator2_pkg' with the following arguments: {'ament_cmake_args': None, 'build_base': '/home/projects/ros2_ws/build/ucsd_robocar_actuator2_pkg', 'catkin_cmake_args': None, 'catkin_skip_building_tests': False, 'cmake_args': None, 'cmake_clean_cache': False, 'cmake_clean_first': False, 'cmake_force_configure': False, 'cmake_target': None, 'cmake_target_skip_unavailable': False, 'install_base': '/home/projects/ros2_ws/install/ucsd_robocar_actuator2_pkg', 'merge_install': False, 'path': '/home/projects/ros2_ws/src/ucsd_robocar_hub2/ucsd_robocar_actuator2_pkg', 'symlink_install': False, 'test_result_base': None}
[1.594s] Level 5:colcon.colcon_core.verb:set package 'ucsd_robocar_lane_detection2_pkg' build argument 'cmake_args' from command line to 'None'
[1.594s] Level 5:colcon.colcon_core.verb:set package 'ucsd_robocar_lane_detection2_pkg' build argument 'cmake_target' from command line to 'None'
[1.595s] Level 5:colcon.colcon_core.verb:set package 'ucsd_robocar_lane_detection2_pkg' build argument 'cmake_target_skip_unavailable' from command line to 'False'
[1.595s] Level 5:colcon.colcon_core.verb:set package 'ucsd_robocar_lane_detection2_pkg' build argument 'cmake_clean_cache' from command line to 'False'
[1.595s] Level 5:colcon.colcon_core.verb:set package 'ucsd_robocar_lane_detection2_pkg' build argument 'cmake_clean_first' from command line to 'False'
[1.595s] Level 5:colcon.colcon_core.verb:set package 'ucsd_robocar_lane_detection2_pkg' build argument 'cmake_force_configure' from command line to 'False'
[1.595s] Level 5:colcon.colcon_core.verb:set package 'ucsd_robocar_lane_detection2_pkg' build argument 'ament_cmake_args' from command line to 'None'
[1.595s] Level 5:colcon.colcon_core.verb:set package 'ucsd_robocar_lane_detection2_pkg' build argument 'catkin_cmake_args' from command line to 'None'
[1.595s] Level 5:colcon.colcon_core.verb:set package 'ucsd_robocar_lane_detection2_pkg' build argument 'catkin_skip_building_tests' from command line to 'False'
[1.595s] DEBUG:colcon.colcon_core.verb:Building package 'ucsd_robocar_lane_detection2_pkg' with the following arguments: {'ament_cmake_args': None, 'build_base': '/home/projects/ros2_ws/build/ucsd_robocar_lane_detection2_pkg', 'catkin_cmake_args': None, 'catkin_skip_building_tests': False, 'cmake_args': None, 'cmake_clean_cache': False, 'cmake_clean_first': False, 'cmake_force_configure': False, 'cmake_target': None, 'cmake_target_skip_unavailable': False, 'install_base': '/home/projects/ros2_ws/install/ucsd_robocar_lane_detection2_pkg', 'merge_install': False, 'path': '/home/projects/ros2_ws/src/ucsd_robocar_hub2/ucsd_robocar_lane_detection2_pkg', 'symlink_install': False, 'test_result_base': None}
[1.607s] Level 5:colcon.colcon_core.verb:set package 'ucsd_robocar_nav2_pkg' build argument 'cmake_args' from command line to 'None'
[1.607s] Level 5:colcon.colcon_core.verb:set package 'ucsd_robocar_nav2_pkg' build argument 'cmake_target' from command line to 'None'
[1.607s] Level 5:colcon.colcon_core.verb:set package 'ucsd_robocar_nav2_pkg' build argument 'cmake_target_skip_unavailable' from command line to 'False'
[1.607s] Level 5:colcon.colcon_core.verb:set package 'ucsd_robocar_nav2_pkg' build argument 'cmake_clean_cache' from command line to 'False'
[1.608s] Level 5:colcon.colcon_core.verb:set package 'ucsd_robocar_nav2_pkg' build argument 'cmake_clean_first' from command line to 'False'
[1.608s] Level 5:colcon.colcon_core.verb:set package 'ucsd_robocar_nav2_pkg' build argument 'cmake_force_configure' from command line to 'False'
[1.608s] Level 5:colcon.colcon_core.verb:set package 'ucsd_robocar_nav2_pkg' build argument 'ament_cmake_args' from command line to 'None'
[1.608s] Level 5:colcon.colcon_core.verb:set package 'ucsd_robocar_nav2_pkg' build argument 'catkin_cmake_args' from command line to 'None'
[1.608s] Level 5:colcon.colcon_core.verb:set package 'ucsd_robocar_nav2_pkg' build argument 'catkin_skip_building_tests' from command line to 'False'
[1.608s] DEBUG:colcon.colcon_core.verb:Building package 'ucsd_robocar_nav2_pkg' with the following arguments: {'ament_cmake_args': None, 'build_base': '/home/projects/ros2_ws/build/ucsd_robocar_nav2_pkg', 'catkin_cmake_args': None, 'catkin_skip_building_tests': False, 'cmake_args': None, 'cmake_clean_cache': False, 'cmake_clean_first': False, 'cmake_force_configure': False, 'cmake_target': None, 'cmake_target_skip_unavailable': False, 'install_base': '/home/projects/ros2_ws/install/ucsd_robocar_nav2_pkg', 'merge_install': False, 'path': '/home/projects/ros2_ws/src/ucsd_robocar_hub2/ucsd_robocar_nav2_pkg', 'symlink_install': False, 'test_result_base': None}
[1.620s] Level 5:colcon.colcon_core.verb:set package 'ucsd_robocar_path2_pkg' build argument 'cmake_args' from command line to 'None'
[1.620s] Level 5:colcon.colcon_core.verb:set package 'ucsd_robocar_path2_pkg' build argument 'cmake_target' from command line to 'None'
[1.620s] Level 5:colcon.colcon_core.verb:set package 'ucsd_robocar_path2_pkg' build argument 'cmake_target_skip_unavailable' from command line to 'False'
[1.620s] Level 5:colcon.colcon_core.verb:set package 'ucsd_robocar_path2_pkg' build argument 'cmake_clean_cache' from command line to 'False'
[1.620s] Level 5:colcon.colcon_core.verb:set package 'ucsd_robocar_path2_pkg' build argument 'cmake_clean_first' from command line to 'False'
[1.620s] Level 5:colcon.colcon_core.verb:set package 'ucsd_robocar_path2_pkg' build argument 'cmake_force_configure' from command line to 'False'
[1.621s] Level 5:colcon.colcon_core.verb:set package 'ucsd_robocar_path2_pkg' build argument 'ament_cmake_args' from command line to 'None'
[1.621s] Level 5:colcon.colcon_core.verb:set package 'ucsd_robocar_path2_pkg' build argument 'catkin_cmake_args' from command line to 'None'
[1.621s] Level 5:colcon.colcon_core.verb:set package 'ucsd_robocar_path2_pkg' build argument 'catkin_skip_building_tests' from command line to 'False'
[1.621s] DEBUG:colcon.colcon_core.verb:Building package 'ucsd_robocar_path2_pkg' with the following arguments: {'ament_cmake_args': None, 'build_base': '/home/projects/ros2_ws/build/ucsd_robocar_path2_pkg', 'catkin_cmake_args': None, 'catkin_skip_building_tests': False, 'cmake_args': None, 'cmake_clean_cache': False, 'cmake_clean_first': False, 'cmake_force_configure': False, 'cmake_target': None, 'cmake_target_skip_unavailable': False, 'install_base': '/home/projects/ros2_ws/install/ucsd_robocar_path2_pkg', 'merge_install': False, 'path': '/home/projects/ros2_ws/src/ucsd_robocar_hub2/ucsd_robocar_path2_pkg', 'symlink_install': False, 'test_result_base': None}
[1.632s] Level 5:colcon.colcon_core.verb:set package 'ucsd_robocar_sensor2_pkg' build argument 'cmake_args' from command line to 'None'
[1.632s] Level 5:colcon.colcon_core.verb:set package 'ucsd_robocar_sensor2_pkg' build argument 'cmake_target' from command line to 'None'
[1.633s] Level 5:colcon.colcon_core.verb:set package 'ucsd_robocar_sensor2_pkg' build argument 'cmake_target_skip_unavailable' from command line to 'False'
[1.633s] Level 5:colcon.colcon_core.verb:set package 'ucsd_robocar_sensor2_pkg' build argument 'cmake_clean_cache' from command line to 'False'
[1.633s] Level 5:colcon.colcon_core.verb:set package 'ucsd_robocar_sensor2_pkg' build argument 'cmake_clean_first' from command line to 'False'
[1.633s] Level 5:colcon.colcon_core.verb:set package 'ucsd_robocar_sensor2_pkg' build argument 'cmake_force_configure' from command line to 'False'
[1.633s] Level 5:colcon.colcon_core.verb:set package 'ucsd_robocar_sensor2_pkg' build argument 'ament_cmake_args' from command line to 'None'
[1.633s] Level 5:colcon.colcon_core.verb:set package 'ucsd_robocar_sensor2_pkg' build argument 'catkin_cmake_args' from command line to 'None'
[1.633s] Level 5:colcon.colcon_core.verb:set package 'ucsd_robocar_sensor2_pkg' build argument 'catkin_skip_building_tests' from command line to 'False'
[1.634s] DEBUG:colcon.colcon_core.verb:Building package 'ucsd_robocar_sensor2_pkg' with the following arguments: {'ament_cmake_args': None, 'build_base': '/home/projects/ros2_ws/build/ucsd_robocar_sensor2_pkg', 'catkin_cmake_args': None, 'catkin_skip_building_tests': False, 'cmake_args': None, 'cmake_clean_cache': False, 'cmake_clean_first': False, 'cmake_force_configure': False, 'cmake_target': None, 'cmake_target_skip_unavailable': False, 'install_base': '/home/projects/ros2_ws/install/ucsd_robocar_sensor2_pkg', 'merge_install': False, 'path': '/home/projects/ros2_ws/src/ucsd_robocar_hub2/ucsd_robocar_sensor2_pkg', 'symlink_install': False, 'test_result_base': None}
[1.635s] INFO:colcon.colcon_core.executor:Executing jobs using 'parallel' executor
[1.642s] DEBUG:colcon.colcon_parallel_executor.executor.parallel:run_until_complete
[1.644s] INFO:colcon.colcon_ros.task.ament_python.build:Building ROS package in '/home/projects/ros2_ws/src/ucsd_robocar_hub2/mask_pkg' with build type 'ament_python'
[1.644s] Level 1:colcon.colcon_core.shell:create_environment_hook('mask_pkg', 'ament_prefix_path')
[1.658s] INFO:colcon.colcon_core.plugin_system:Skipping extension 'colcon_core.shell.bat': Not used on non-Windows systems
[1.659s] INFO:colcon.colcon_core.shell:Creating environment hook '/home/projects/ros2_ws/install/mask_pkg/share/mask_pkg/hook/ament_prefix_path.ps1'
[1.665s] INFO:colcon.colcon_core.shell:Creating environment descriptor '/home/projects/ros2_ws/install/mask_pkg/share/mask_pkg/hook/ament_prefix_path.dsv'
[1.667s] INFO:colcon.colcon_core.shell:Creating environment hook '/home/projects/ros2_ws/install/mask_pkg/share/mask_pkg/hook/ament_prefix_path.sh'
[1.671s] INFO:colcon.colcon_core.shell:Skip shell extension 'powershell' for command environment: Not usable outside of PowerShell
[1.671s] DEBUG:colcon.colcon_core.shell:Skip shell extension 'dsv' for command environment
[1.685s] DEBUG:colcon.colcon_core.shell:Ignoring prefix path '/opt/ros/foxy'
[1.693s] INFO:colcon.colcon_ros.task.ament_python.build:Building ROS package in '/home/projects/ros2_ws/src/ucsd_robocar_hub2/ucsd_robocar_actuator2_pkg' with build type 'ament_python'
[1.695s] Level 1:colcon.colcon_core.shell:create_environment_hook('ucsd_robocar_actuator2_pkg', 'ament_prefix_path')
[1.698s] INFO:colcon.colcon_core.shell:Creating environment hook '/home/projects/ros2_ws/install/ucsd_robocar_actuator2_pkg/share/ucsd_robocar_actuator2_pkg/hook/ament_prefix_path.ps1'
[1.700s] INFO:colcon.colcon_core.shell:Creating environment descriptor '/home/projects/ros2_ws/install/ucsd_robocar_actuator2_pkg/share/ucsd_robocar_actuator2_pkg/hook/ament_prefix_path.dsv'
[1.701s] INFO:colcon.colcon_core.shell:Creating environment hook '/home/projects/ros2_ws/install/ucsd_robocar_actuator2_pkg/share/ucsd_robocar_actuator2_pkg/hook/ament_prefix_path.sh'
[1.705s] INFO:colcon.colcon_core.shell:Skip shell extension 'powershell' for command environment: Not usable outside of PowerShell
[1.705s] DEBUG:colcon.colcon_core.shell:Skip shell extension 'dsv' for command environment
[1.716s] DEBUG:colcon.colcon_core.shell:Ignoring prefix path '/opt/ros/foxy'
[1.723s] INFO:colcon.colcon_ros.task.ament_python.build:Building ROS package in '/home/projects/ros2_ws/src/ucsd_robocar_hub2/ucsd_robocar_lane_detection2_pkg' with build type 'ament_python'
[1.724s] Level 1:colcon.colcon_core.shell:create_environment_hook('ucsd_robocar_lane_detection2_pkg', 'ament_prefix_path')
[1.728s] INFO:colcon.colcon_core.shell:Creating environment hook '/home/projects/ros2_ws/install/ucsd_robocar_lane_detection2_pkg/share/ucsd_robocar_lane_detection2_pkg/hook/ament_prefix_path.ps1'
[1.730s] INFO:colcon.colcon_core.shell:Creating environment descriptor '/home/projects/ros2_ws/install/ucsd_robocar_lane_detection2_pkg/share/ucsd_robocar_lane_detection2_pkg/hook/ament_prefix_path.dsv'
[1.731s] INFO:colcon.colcon_core.shell:Creating environment hook '/home/projects/ros2_ws/install/ucsd_robocar_lane_detection2_pkg/share/ucsd_robocar_lane_detection2_pkg/hook/ament_prefix_path.sh'
[1.735s] INFO:colcon.colcon_core.shell:Skip shell extension 'powershell' for command environment: Not usable outside of PowerShell
[1.735s] DEBUG:colcon.colcon_core.shell:Skip shell extension 'dsv' for command environment
[1.747s] DEBUG:colcon.colcon_core.shell:Ignoring prefix path '/opt/ros/foxy'
[1.754s] INFO:colcon.colcon_ros.task.ament_python.build:Building ROS package in '/home/projects/ros2_ws/src/ucsd_robocar_hub2/ucsd_robocar_nav2_pkg' with build type 'ament_python'
[1.755s] Level 1:colcon.colcon_core.shell:create_environment_hook('ucsd_robocar_nav2_pkg', 'ament_prefix_path')
[1.759s] INFO:colcon.colcon_core.shell:Creating environment hook '/home/projects/ros2_ws/install/ucsd_robocar_nav2_pkg/share/ucsd_robocar_nav2_pkg/hook/ament_prefix_path.ps1'
[1.761s] INFO:colcon.colcon_core.shell:Creating environment descriptor '/home/projects/ros2_ws/install/ucsd_robocar_nav2_pkg/share/ucsd_robocar_nav2_pkg/hook/ament_prefix_path.dsv'
[1.762s] INFO:colcon.colcon_core.shell:Creating environment hook '/home/projects/ros2_ws/install/ucsd_robocar_nav2_pkg/share/ucsd_robocar_nav2_pkg/hook/ament_prefix_path.sh'
[1.766s] INFO:colcon.colcon_core.shell:Skip shell extension 'powershell' for command environment: Not usable outside of PowerShell
[1.766s] DEBUG:colcon.colcon_core.shell:Skip shell extension 'dsv' for command environment
[1.776s] DEBUG:colcon.colcon_core.shell:Ignoring prefix path '/opt/ros/foxy'
[2.738s] INFO:colcon.colcon_core.task.python.build:Building Python package in '/home/projects/ros2_ws/src/ucsd_robocar_hub2/mask_pkg'
[2.741s] INFO:colcon.colcon_core.shell:Skip shell extension 'powershell' for command environment: Not usable outside of PowerShell
[2.741s] DEBUG:colcon.colcon_core.shell:Skip shell extension 'dsv' for command environment
[2.753s] DEBUG:colcon.colcon_core.shell:Ignoring prefix path '/opt/ros/foxy'
[3.711s] INFO:colcon.colcon_core.task.python.build:Building Python package in '/home/projects/ros2_ws/src/ucsd_robocar_hub2/ucsd_robocar_actuator2_pkg'
[3.714s] INFO:colcon.colcon_core.shell:Skip shell extension 'powershell' for command environment: Not usable outside of PowerShell
[3.714s] DEBUG:colcon.colcon_core.shell:Skip shell extension 'dsv' for command environment
[3.725s] DEBUG:colcon.colcon_core.shell:Ignoring prefix path '/opt/ros/foxy'
[4.664s] INFO:colcon.colcon_core.task.python.build:Building Python package in '/home/projects/ros2_ws/src/ucsd_robocar_hub2/ucsd_robocar_lane_detection2_pkg'
[4.668s] INFO:colcon.colcon_core.shell:Skip shell extension 'powershell' for command environment: Not usable outside of PowerShell
[4.668s] DEBUG:colcon.colcon_core.shell:Skip shell extension 'dsv' for command environment
[4.679s] DEBUG:colcon.colcon_core.shell:Ignoring prefix path '/opt/ros/foxy'
[5.627s] INFO:colcon.colcon_core.task.python.build:Building Python package in '/home/projects/ros2_ws/src/ucsd_robocar_hub2/ucsd_robocar_nav2_pkg'
[5.630s] INFO:colcon.colcon_core.shell:Skip shell extension 'powershell' for command environment: Not usable outside of PowerShell
[5.631s] DEBUG:colcon.colcon_core.shell:Skip shell extension 'dsv' for command environment
[5.641s] DEBUG:colcon.colcon_core.shell:Ignoring prefix path '/opt/ros/foxy'
[5.660s] DEBUG:colcon.colcon_core.event_handler.log_command:Invoking command in '/home/projects/ros2_ws/src/ucsd_robocar_hub2/mask_pkg': PYTHONPATH=/home/projects/ros2_ws/install/mask_pkg/lib/python3.8/site-packages:${PYTHONPATH} /usr/bin/python3 setup.py egg_info --egg-base ../../../build/mask_pkg build --build-base /home/projects/ros2_ws/build/mask_pkg/build install --prefix /home/projects/ros2_ws/install/mask_pkg --record /home/projects/ros2_ws/build/mask_pkg/install.log --single-version-externally-managed
[5.680s] DEBUG:colcon.colcon_core.event_handler.log_command:Invoking command in '/home/projects/ros2_ws/src/ucsd_robocar_hub2/ucsd_robocar_actuator2_pkg': PYTHONPATH=/home/projects/ros2_ws/install/ucsd_robocar_actuator2_pkg/lib/python3.8/site-packages:${PYTHONPATH} /usr/bin/python3 setup.py egg_info --egg-base ../../../build/ucsd_robocar_actuator2_pkg build --build-base /home/projects/ros2_ws/build/ucsd_robocar_actuator2_pkg/build install --prefix /home/projects/ros2_ws/install/ucsd_robocar_actuator2_pkg --record /home/projects/ros2_ws/build/ucsd_robocar_actuator2_pkg/install.log --single-version-externally-managed
[5.693s] DEBUG:colcon.colcon_core.event_handler.log_command:Invoking command in '/home/projects/ros2_ws/src/ucsd_robocar_hub2/ucsd_robocar_lane_detection2_pkg': PYTHONPATH=/home/projects/ros2_ws/install/ucsd_robocar_lane_detection2_pkg/lib/python3.8/site-packages:${PYTHONPATH} /usr/bin/python3 setup.py egg_info --egg-base ../../../build/ucsd_robocar_lane_detection2_pkg build --build-base /home/projects/ros2_ws/build/ucsd_robocar_lane_detection2_pkg/build install --prefix /home/projects/ros2_ws/install/ucsd_robocar_lane_detection2_pkg --record /home/projects/ros2_ws/build/ucsd_robocar_lane_detection2_pkg/install.log --single-version-externally-managed
[5.701s] DEBUG:colcon.colcon_core.event_handler.log_command:Invoking command in '/home/projects/ros2_ws/src/ucsd_robocar_hub2/ucsd_robocar_nav2_pkg': PYTHONPATH=/home/projects/ros2_ws/install/ucsd_robocar_nav2_pkg/lib/python3.8/site-packages:${PYTHONPATH} /usr/bin/python3 setup.py egg_info --egg-base ../../../build/ucsd_robocar_nav2_pkg build --build-base /home/projects/ros2_ws/build/ucsd_robocar_nav2_pkg/build install --prefix /home/projects/ros2_ws/install/ucsd_robocar_nav2_pkg --record /home/projects/ros2_ws/build/ucsd_robocar_nav2_pkg/install.log --single-version-externally-managed
[7.135s] DEBUG:colcon.colcon_core.event_handler.log_command:Invoked command in '/home/projects/ros2_ws/src/ucsd_robocar_hub2/mask_pkg' returned '0': PYTHONPATH=/home/projects/ros2_ws/install/mask_pkg/lib/python3.8/site-packages:${PYTHONPATH} /usr/bin/python3 setup.py egg_info --egg-base ../../../build/mask_pkg build --build-base /home/projects/ros2_ws/build/mask_pkg/build install --prefix /home/projects/ros2_ws/install/mask_pkg --record /home/projects/ros2_ws/build/mask_pkg/install.log --single-version-externally-managed
[7.151s] Level 1:colcon.colcon_core.environment:checking '/home/projects/ros2_ws/install/mask_pkg' for CMake module files
[7.154s] Level 1:colcon.colcon_core.environment:checking '/home/projects/ros2_ws/install/mask_pkg' for CMake config files
[7.161s] Level 1:colcon.colcon_core.environment:checking '/home/projects/ros2_ws/install/mask_pkg/lib'
[7.163s] Level 1:colcon.colcon_core.environment:checking '/home/projects/ros2_ws/install/mask_pkg/bin'
[7.164s] Level 1:colcon.colcon_core.environment:checking '/home/projects/ros2_ws/install/mask_pkg/lib/pkgconfig/mask_pkg.pc'
[7.164s] Level 1:colcon.colcon_core.environment:checking '/home/projects/ros2_ws/install/mask_pkg/lib/python3.8/site-packages'
[7.164s] Level 1:colcon.colcon_core.shell:create_environment_hook('mask_pkg', 'pythonpath')
[7.168s] INFO:colcon.colcon_core.shell:Creating environment hook '/home/projects/ros2_ws/install/mask_pkg/share/mask_pkg/hook/pythonpath.ps1'
[7.170s] INFO:colcon.colcon_core.shell:Creating environment descriptor '/home/projects/ros2_ws/install/mask_pkg/share/mask_pkg/hook/pythonpath.dsv'
[7.172s] INFO:colcon.colcon_core.shell:Creating environment hook '/home/projects/ros2_ws/install/mask_pkg/share/mask_pkg/hook/pythonpath.sh'
[7.174s] Level 1:colcon.colcon_core.environment:create_environment_scripts_only(mask_pkg)
[7.178s] INFO:colcon.colcon_core.shell:Creating package script '/home/projects/ros2_ws/install/mask_pkg/share/mask_pkg/package.ps1'
[7.182s] INFO:colcon.colcon_core.shell:Creating package descriptor '/home/projects/ros2_ws/install/mask_pkg/share/mask_pkg/package.dsv'
[7.185s] INFO:colcon.colcon_core.shell:Creating package script '/home/projects/ros2_ws/install/mask_pkg/share/mask_pkg/package.sh'
[7.189s] INFO:colcon.colcon_core.shell:Creating package script '/home/projects/ros2_ws/install/mask_pkg/share/mask_pkg/package.bash'
[7.193s] INFO:colcon.colcon_core.shell:Creating package script '/home/projects/ros2_ws/install/mask_pkg/share/mask_pkg/package.zsh'
[7.196s] Level 1:colcon.colcon_core.environment:create_file_with_runtime_dependencies(/home/projects/ros2_ws/install/mask_pkg/share/colcon-core/packages/mask_pkg)
[7.200s] INFO:colcon.colcon_ros.task.ament_python.build:Building ROS package in '/home/projects/ros2_ws/src/ucsd_robocar_hub2/ucsd_robocar_path2_pkg' with build type 'ament_python'
[7.201s] Level 1:colcon.colcon_core.shell:create_environment_hook('ucsd_robocar_path2_pkg', 'ament_prefix_path')
[7.204s] INFO:colcon.colcon_core.shell:Creating environment hook '/home/projects/ros2_ws/install/ucsd_robocar_path2_pkg/share/ucsd_robocar_path2_pkg/hook/ament_prefix_path.ps1'
[7.207s] INFO:colcon.colcon_core.shell:Creating environment descriptor '/home/projects/ros2_ws/install/ucsd_robocar_path2_pkg/share/ucsd_robocar_path2_pkg/hook/ament_prefix_path.dsv'
[7.210s] INFO:colcon.colcon_core.shell:Creating environment hook '/home/projects/ros2_ws/install/ucsd_robocar_path2_pkg/share/ucsd_robocar_path2_pkg/hook/ament_prefix_path.sh'
[7.214s] INFO:colcon.colcon_core.shell:Skip shell extension 'powershell' for command environment: Not usable outside of PowerShell
[7.215s] DEBUG:colcon.colcon_core.shell:Skip shell extension 'dsv' for command environment
[7.228s] DEBUG:colcon.colcon_core.shell:Ignoring prefix path '/opt/ros/foxy'
[7.244s] Level 1:colcon.colcon_core.environment:checking '/home/projects/ros2_ws/install/ucsd_robocar_lane_detection2_pkg' for CMake module files
[7.247s] DEBUG:colcon.colcon_core.event_handler.log_command:Invoked command in '/home/projects/ros2_ws/src/ucsd_robocar_hub2/ucsd_robocar_lane_detection2_pkg' returned '0': PYTHONPATH=/home/projects/ros2_ws/install/ucsd_robocar_lane_detection2_pkg/lib/python3.8/site-packages:${PYTHONPATH} /usr/bin/python3 setup.py egg_info --egg-base ../../../build/ucsd_robocar_lane_detection2_pkg build --build-base /home/projects/ros2_ws/build/ucsd_robocar_lane_detection2_pkg/build install --prefix /home/projects/ros2_ws/install/ucsd_robocar_lane_detection2_pkg --record /home/projects/ros2_ws/build/ucsd_robocar_lane_detection2_pkg/install.log --single-version-externally-managed
[7.249s] Level 1:colcon.colcon_core.environment:checking '/home/projects/ros2_ws/install/ucsd_robocar_lane_detection2_pkg' for CMake config files
[7.253s] Level 1:colcon.colcon_core.environment:checking '/home/projects/ros2_ws/install/ucsd_robocar_lane_detection2_pkg/lib'
[7.253s] Level 1:colcon.colcon_core.environment:checking '/home/projects/ros2_ws/install/ucsd_robocar_lane_detection2_pkg/bin'
[7.253s] Level 1:colcon.colcon_core.environment:checking '/home/projects/ros2_ws/install/ucsd_robocar_lane_detection2_pkg/lib/pkgconfig/ucsd_robocar_lane_detection2_pkg.pc'
[7.254s] Level 1:colcon.colcon_core.environment:checking '/home/projects/ros2_ws/install/ucsd_robocar_lane_detection2_pkg/lib/python3.8/site-packages'
[7.254s] Level 1:colcon.colcon_core.shell:create_environment_hook('ucsd_robocar_lane_detection2_pkg', 'pythonpath')
[7.256s] INFO:colcon.colcon_core.shell:Creating environment hook '/home/projects/ros2_ws/install/ucsd_robocar_lane_detection2_pkg/share/ucsd_robocar_lane_detection2_pkg/hook/pythonpath.ps1'
[7.258s] INFO:colcon.colcon_core.shell:Creating environment descriptor '/home/projects/ros2_ws/install/ucsd_robocar_lane_detection2_pkg/share/ucsd_robocar_lane_detection2_pkg/hook/pythonpath.dsv'
[7.259s] INFO:colcon.colcon_core.shell:Creating environment hook '/home/projects/ros2_ws/install/ucsd_robocar_lane_detection2_pkg/share/ucsd_robocar_lane_detection2_pkg/hook/pythonpath.sh'
[7.261s] Level 1:colcon.colcon_core.environment:create_environment_scripts_only(ucsd_robocar_lane_detection2_pkg)
[7.264s] INFO:colcon.colcon_core.shell:Creating package script '/home/projects/ros2_ws/install/ucsd_robocar_lane_detection2_pkg/share/ucsd_robocar_lane_detection2_pkg/package.ps1'
[7.266s] INFO:colcon.colcon_core.shell:Creating package descriptor '/home/projects/ros2_ws/install/ucsd_robocar_lane_detection2_pkg/share/ucsd_robocar_lane_detection2_pkg/package.dsv'
[7.267s] INFO:colcon.colcon_core.shell:Creating package script '/home/projects/ros2_ws/install/ucsd_robocar_lane_detection2_pkg/share/ucsd_robocar_lane_detection2_pkg/package.sh'
[7.269s] INFO:colcon.colcon_core.shell:Creating package script '/home/projects/ros2_ws/install/ucsd_robocar_lane_detection2_pkg/share/ucsd_robocar_lane_detection2_pkg/package.bash'
[7.270s] INFO:colcon.colcon_core.shell:Creating package script '/home/projects/ros2_ws/install/ucsd_robocar_lane_detection2_pkg/share/ucsd_robocar_lane_detection2_pkg/package.zsh'
[7.272s] Level 1:colcon.colcon_core.environment:create_file_with_runtime_dependencies(/home/projects/ros2_ws/install/ucsd_robocar_lane_detection2_pkg/share/colcon-core/packages/ucsd_robocar_lane_detection2_pkg)
[7.276s] Level 1:colcon.colcon_core.environment:checking '/home/projects/ros2_ws/install/ucsd_robocar_actuator2_pkg' for CMake module files
[7.280s] DEBUG:colcon.colcon_core.event_handler.log_command:Invoked command in '/home/projects/ros2_ws/src/ucsd_robocar_hub2/ucsd_robocar_actuator2_pkg' returned '0': PYTHONPATH=/home/projects/ros2_ws/install/ucsd_robocar_actuator2_pkg/lib/python3.8/site-packages:${PYTHONPATH} /usr/bin/python3 setup.py egg_info --egg-base ../../../build/ucsd_robocar_actuator2_pkg build --build-base /home/projects/ros2_ws/build/ucsd_robocar_actuator2_pkg/build install --prefix /home/projects/ros2_ws/install/ucsd_robocar_actuator2_pkg --record /home/projects/ros2_ws/build/ucsd_robocar_actuator2_pkg/install.log --single-version-externally-managed
[7.281s] Level 1:colcon.colcon_core.environment:checking '/home/projects/ros2_ws/install/ucsd_robocar_actuator2_pkg' for CMake config files
[7.285s] Level 1:colcon.colcon_core.environment:checking '/home/projects/ros2_ws/install/ucsd_robocar_actuator2_pkg/lib'
[7.285s] Level 1:colcon.colcon_core.environment:checking '/home/projects/ros2_ws/install/ucsd_robocar_actuator2_pkg/bin'
[7.286s] Level 1:colcon.colcon_core.environment:checking '/home/projects/ros2_ws/install/ucsd_robocar_actuator2_pkg/lib/pkgconfig/ucsd_robocar_actuator2_pkg.pc'
[7.286s] Level 1:colcon.colcon_core.environment:checking '/home/projects/ros2_ws/install/ucsd_robocar_actuator2_pkg/lib/python3.8/site-packages'
[7.286s] Level 1:colcon.colcon_core.shell:create_environment_hook('ucsd_robocar_actuator2_pkg', 'pythonpath')
[7.288s] INFO:colcon.colcon_core.shell:Creating environment hook '/home/projects/ros2_ws/install/ucsd_robocar_actuator2_pkg/share/ucsd_robocar_actuator2_pkg/hook/pythonpath.ps1'
[7.290s] INFO:colcon.colcon_core.shell:Creating environment descriptor '/home/projects/ros2_ws/install/ucsd_robocar_actuator2_pkg/share/ucsd_robocar_actuator2_pkg/hook/pythonpath.dsv'
[7.291s] INFO:colcon.colcon_core.shell:Creating environment hook '/home/projects/ros2_ws/install/ucsd_robocar_actuator2_pkg/share/ucsd_robocar_actuator2_pkg/hook/pythonpath.sh'
[7.292s] Level 1:colcon.colcon_core.environment:create_environment_scripts_only(ucsd_robocar_actuator2_pkg)
[7.295s] INFO:colcon.colcon_core.shell:Creating package script '/home/projects/ros2_ws/install/ucsd_robocar_actuator2_pkg/share/ucsd_robocar_actuator2_pkg/package.ps1'
[7.297s] INFO:colcon.colcon_core.shell:Creating package descriptor '/home/projects/ros2_ws/install/ucsd_robocar_actuator2_pkg/share/ucsd_robocar_actuator2_pkg/package.dsv'
[7.299s] INFO:colcon.colcon_core.shell:Creating package script '/home/projects/ros2_ws/install/ucsd_robocar_actuator2_pkg/share/ucsd_robocar_actuator2_pkg/package.sh'
[7.300s] INFO:colcon.colcon_core.shell:Creating package script '/home/projects/ros2_ws/install/ucsd_robocar_actuator2_pkg/share/ucsd_robocar_actuator2_pkg/package.bash'
[7.302s] INFO:colcon.colcon_core.shell:Creating package script '/home/projects/ros2_ws/install/ucsd_robocar_actuator2_pkg/share/ucsd_robocar_actuator2_pkg/package.zsh'
[7.303s] Level 1:colcon.colcon_core.environment:create_file_with_runtime_dependencies(/home/projects/ros2_ws/install/ucsd_robocar_actuator2_pkg/share/colcon-core/packages/ucsd_robocar_actuator2_pkg)
[7.306s] INFO:colcon.colcon_ros.task.ament_python.build:Building ROS package in '/home/projects/ros2_ws/src/ucsd_robocar_hub2/ucsd_robocar_sensor2_pkg' with build type 'ament_python'
[7.307s] Level 1:colcon.colcon_core.shell:create_environment_hook('ucsd_robocar_sensor2_pkg', 'ament_prefix_path')
[7.310s] INFO:colcon.colcon_core.shell:Creating environment hook '/home/projects/ros2_ws/install/ucsd_robocar_sensor2_pkg/share/ucsd_robocar_sensor2_pkg/hook/ament_prefix_path.ps1'
[7.312s] INFO:colcon.colcon_core.shell:Creating environment descriptor '/home/projects/ros2_ws/install/ucsd_robocar_sensor2_pkg/share/ucsd_robocar_sensor2_pkg/hook/ament_prefix_path.dsv'
[7.314s] INFO:colcon.colcon_core.shell:Creating environment hook '/home/projects/ros2_ws/install/ucsd_robocar_sensor2_pkg/share/ucsd_robocar_sensor2_pkg/hook/ament_prefix_path.sh'
[7.317s] INFO:colcon.colcon_core.shell:Skip shell extension 'powershell' for command environment: Not usable outside of PowerShell
[7.317s] DEBUG:colcon.colcon_core.shell:Skip shell extension 'dsv' for command environment
[7.328s] DEBUG:colcon.colcon_core.shell:Ignoring prefix path '/opt/ros/foxy'
[7.342s] Level 1:colcon.colcon_core.environment:checking '/home/projects/ros2_ws/install/ucsd_robocar_nav2_pkg' for CMake module files
[7.345s] DEBUG:colcon.colcon_core.event_handler.log_command:Invoked command in '/home/projects/ros2_ws/src/ucsd_robocar_hub2/ucsd_robocar_nav2_pkg' returned '0': PYTHONPATH=/home/projects/ros2_ws/install/ucsd_robocar_nav2_pkg/lib/python3.8/site-packages:${PYTHONPATH} /usr/bin/python3 setup.py egg_info --egg-base ../../../build/ucsd_robocar_nav2_pkg build --build-base /home/projects/ros2_ws/build/ucsd_robocar_nav2_pkg/build install --prefix /home/projects/ros2_ws/install/ucsd_robocar_nav2_pkg --record /home/projects/ros2_ws/build/ucsd_robocar_nav2_pkg/install.log --single-version-externally-managed
[7.346s] Level 1:colcon.colcon_core.environment:checking '/home/projects/ros2_ws/install/ucsd_robocar_nav2_pkg' for CMake config files
[7.350s] Level 1:colcon.colcon_core.environment:checking '/home/projects/ros2_ws/install/ucsd_robocar_nav2_pkg/lib'
[7.350s] Level 1:colcon.colcon_core.environment:checking '/home/projects/ros2_ws/install/ucsd_robocar_nav2_pkg/bin'
[7.350s] Level 1:colcon.colcon_core.environment:checking '/home/projects/ros2_ws/install/ucsd_robocar_nav2_pkg/lib/pkgconfig/ucsd_robocar_nav2_pkg.pc'
[7.351s] Level 1:colcon.colcon_core.environment:checking '/home/projects/ros2_ws/install/ucsd_robocar_nav2_pkg/lib/python3.8/site-packages'
[7.351s] Level 1:colcon.colcon_core.shell:create_environment_hook('ucsd_robocar_nav2_pkg', 'pythonpath')
[7.353s] INFO:colcon.colcon_core.shell:Creating environment hook '/home/projects/ros2_ws/install/ucsd_robocar_nav2_pkg/share/ucsd_robocar_nav2_pkg/hook/pythonpath.ps1'
[7.355s] INFO:colcon.colcon_core.shell:Creating environment descriptor '/home/projects/ros2_ws/install/ucsd_robocar_nav2_pkg/share/ucsd_robocar_nav2_pkg/hook/pythonpath.dsv'
[7.356s] INFO:colcon.colcon_core.shell:Creating environment hook '/home/projects/ros2_ws/install/ucsd_robocar_nav2_pkg/share/ucsd_robocar_nav2_pkg/hook/pythonpath.sh'
[7.358s] Level 1:colcon.colcon_core.environment:create_environment_scripts_only(ucsd_robocar_nav2_pkg)
[7.360s] INFO:colcon.colcon_core.shell:Creating package script '/home/projects/ros2_ws/install/ucsd_robocar_nav2_pkg/share/ucsd_robocar_nav2_pkg/package.ps1'
[7.362s] INFO:colcon.colcon_core.shell:Creating package descriptor '/home/projects/ros2_ws/install/ucsd_robocar_nav2_pkg/share/ucsd_robocar_nav2_pkg/package.dsv'
[7.364s] INFO:colcon.colcon_core.shell:Creating package script '/home/projects/ros2_ws/install/ucsd_robocar_nav2_pkg/share/ucsd_robocar_nav2_pkg/package.sh'
[7.365s] INFO:colcon.colcon_core.shell:Creating package script '/home/projects/ros2_ws/install/ucsd_robocar_nav2_pkg/share/ucsd_robocar_nav2_pkg/package.bash'
[7.366s] INFO:colcon.colcon_core.shell:Creating package script '/home/projects/ros2_ws/install/ucsd_robocar_nav2_pkg/share/ucsd_robocar_nav2_pkg/package.zsh'
[7.367s] Level 1:colcon.colcon_core.environment:create_file_with_runtime_dependencies(/home/projects/ros2_ws/install/ucsd_robocar_nav2_pkg/share/colcon-core/packages/ucsd_robocar_nav2_pkg)
[8.310s] INFO:colcon.colcon_core.task.python.build:Building Python package in '/home/projects/ros2_ws/src/ucsd_robocar_hub2/ucsd_robocar_path2_pkg'
[8.314s] INFO:colcon.colcon_core.shell:Skip shell extension 'powershell' for command environment: Not usable outside of PowerShell
[8.314s] DEBUG:colcon.colcon_core.shell:Skip shell extension 'dsv' for command environment
[8.325s] DEBUG:colcon.colcon_core.shell:Ignoring prefix path '/opt/ros/foxy'
[9.289s] INFO:colcon.colcon_core.task.python.build:Building Python package in '/home/projects/ros2_ws/src/ucsd_robocar_hub2/ucsd_robocar_sensor2_pkg'
[9.292s] INFO:colcon.colcon_core.shell:Skip shell extension 'powershell' for command environment: Not usable outside of PowerShell
[9.292s] DEBUG:colcon.colcon_core.shell:Skip shell extension 'dsv' for command environment
[9.303s] DEBUG:colcon.colcon_core.shell:Ignoring prefix path '/opt/ros/foxy'
[9.326s] DEBUG:colcon.colcon_core.event_handler.log_command:Invoking command in '/home/projects/ros2_ws/src/ucsd_robocar_hub2/ucsd_robocar_path2_pkg': PYTHONPATH=/home/projects/ros2_ws/install/ucsd_robocar_path2_pkg/lib/python3.8/site-packages:${PYTHONPATH} /usr/bin/python3 setup.py egg_info --egg-base ../../../build/ucsd_robocar_path2_pkg build --build-base /home/projects/ros2_ws/build/ucsd_robocar_path2_pkg/build install --prefix /home/projects/ros2_ws/install/ucsd_robocar_path2_pkg --record /home/projects/ros2_ws/build/ucsd_robocar_path2_pkg/install.log --single-version-externally-managed
[9.340s] DEBUG:colcon.colcon_core.event_handler.log_command:Invoking command in '/home/projects/ros2_ws/src/ucsd_robocar_hub2/ucsd_robocar_sensor2_pkg': PYTHONPATH=/home/projects/ros2_ws/install/ucsd_robocar_sensor2_pkg/lib/python3.8/site-packages:${PYTHONPATH} /usr/bin/python3 setup.py egg_info --egg-base ../../../build/ucsd_robocar_sensor2_pkg build --build-base /home/projects/ros2_ws/build/ucsd_robocar_sensor2_pkg/build install --prefix /home/projects/ros2_ws/install/ucsd_robocar_sensor2_pkg --record /home/projects/ros2_ws/build/ucsd_robocar_sensor2_pkg/install.log --single-version-externally-managed
[10.640s] Level 1:colcon.colcon_core.environment:checking '/home/projects/ros2_ws/install/ucsd_robocar_path2_pkg' for CMake module files
[10.642s] DEBUG:colcon.colcon_core.event_handler.log_command:Invoked command in '/home/projects/ros2_ws/src/ucsd_robocar_hub2/ucsd_robocar_path2_pkg' returned '0': PYTHONPATH=/home/projects/ros2_ws/install/ucsd_robocar_path2_pkg/lib/python3.8/site-packages:${PYTHONPATH} /usr/bin/python3 setup.py egg_info --egg-base ../../../build/ucsd_robocar_path2_pkg build --build-base /home/projects/ros2_ws/build/ucsd_robocar_path2_pkg/build install --prefix /home/projects/ros2_ws/install/ucsd_robocar_path2_pkg --record /home/projects/ros2_ws/build/ucsd_robocar_path2_pkg/install.log --single-version-externally-managed
[10.644s] Level 1:colcon.colcon_core.environment:checking '/home/projects/ros2_ws/install/ucsd_robocar_path2_pkg' for CMake config files
[10.647s] Level 1:colcon.colcon_core.environment:checking '/home/projects/ros2_ws/install/ucsd_robocar_path2_pkg/lib'
[10.648s] Level 1:colcon.colcon_core.environment:checking '/home/projects/ros2_ws/install/ucsd_robocar_path2_pkg/bin'
[10.648s] Level 1:colcon.colcon_core.environment:checking '/home/projects/ros2_ws/install/ucsd_robocar_path2_pkg/lib/pkgconfig/ucsd_robocar_path2_pkg.pc'
[10.648s] Level 1:colcon.colcon_core.environment:checking '/home/projects/ros2_ws/install/ucsd_robocar_path2_pkg/lib/python3.8/site-packages'
[10.648s] Level 1:colcon.colcon_core.shell:create_environment_hook('ucsd_robocar_path2_pkg', 'pythonpath')
[10.651s] INFO:colcon.colcon_core.shell:Creating environment hook '/home/projects/ros2_ws/install/ucsd_robocar_path2_pkg/share/ucsd_robocar_path2_pkg/hook/pythonpath.ps1'
[10.653s] INFO:colcon.colcon_core.shell:Creating environment descriptor '/home/projects/ros2_ws/install/ucsd_robocar_path2_pkg/share/ucsd_robocar_path2_pkg/hook/pythonpath.dsv'
[10.654s] INFO:colcon.colcon_core.shell:Creating environment hook '/home/projects/ros2_ws/install/ucsd_robocar_path2_pkg/share/ucsd_robocar_path2_pkg/hook/pythonpath.sh'
[10.655s] Level 1:colcon.colcon_core.environment:create_environment_scripts_only(ucsd_robocar_path2_pkg)
[10.658s] INFO:colcon.colcon_core.shell:Creating package script '/home/projects/ros2_ws/install/ucsd_robocar_path2_pkg/share/ucsd_robocar_path2_pkg/package.ps1'
[10.660s] INFO:colcon.colcon_core.shell:Creating package descriptor '/home/projects/ros2_ws/install/ucsd_robocar_path2_pkg/share/ucsd_robocar_path2_pkg/package.dsv'
[10.661s] INFO:colcon.colcon_core.shell:Creating package script '/home/projects/ros2_ws/install/ucsd_robocar_path2_pkg/share/ucsd_robocar_path2_pkg/package.sh'
[10.663s] INFO:colcon.colcon_core.shell:Creating package script '/home/projects/ros2_ws/install/ucsd_robocar_path2_pkg/share/ucsd_robocar_path2_pkg/package.bash'
[10.664s] INFO:colcon.colcon_core.shell:Creating package script '/home/projects/ros2_ws/install/ucsd_robocar_path2_pkg/share/ucsd_robocar_path2_pkg/package.zsh'
[10.665s] Level 1:colcon.colcon_core.environment:create_file_with_runtime_dependencies(/home/projects/ros2_ws/install/ucsd_robocar_path2_pkg/share/colcon-core/packages/ucsd_robocar_path2_pkg)
[10.672s] Level 1:colcon.colcon_core.environment:checking '/home/projects/ros2_ws/install/ucsd_robocar_sensor2_pkg' for CMake module files
[10.674s] DEBUG:colcon.colcon_core.event_handler.log_command:Invoked command in '/home/projects/ros2_ws/src/ucsd_robocar_hub2/ucsd_robocar_sensor2_pkg' returned '0': PYTHONPATH=/home/projects/ros2_ws/install/ucsd_robocar_sensor2_pkg/lib/python3.8/site-packages:${PYTHONPATH} /usr/bin/python3 setup.py egg_info --egg-base ../../../build/ucsd_robocar_sensor2_pkg build --build-base /home/projects/ros2_ws/build/ucsd_robocar_sensor2_pkg/build install --prefix /home/projects/ros2_ws/install/ucsd_robocar_sensor2_pkg --record /home/projects/ros2_ws/build/ucsd_robocar_sensor2_pkg/install.log --single-version-externally-managed
[10.676s] Level 1:colcon.colcon_core.environment:checking '/home/projects/ros2_ws/install/ucsd_robocar_sensor2_pkg' for CMake config files
[10.679s] Level 1:colcon.colcon_core.environment:checking '/home/projects/ros2_ws/install/ucsd_robocar_sensor2_pkg/lib'
[10.680s] Level 1:colcon.colcon_core.environment:checking '/home/projects/ros2_ws/install/ucsd_robocar_sensor2_pkg/bin'
[10.680s] Level 1:colcon.colcon_core.environment:checking '/home/projects/ros2_ws/install/ucsd_robocar_sensor2_pkg/lib/pkgconfig/ucsd_robocar_sensor2_pkg.pc'
[10.680s] Level 1:colcon.colcon_core.environment:checking '/home/projects/ros2_ws/install/ucsd_robocar_sensor2_pkg/lib/python3.8/site-packages'
[10.680s] Level 1:colcon.colcon_core.shell:create_environment_hook('ucsd_robocar_sensor2_pkg', 'pythonpath')
[10.683s] INFO:colcon.colcon_core.shell:Creating environment hook '/home/projects/ros2_ws/install/ucsd_robocar_sensor2_pkg/share/ucsd_robocar_sensor2_pkg/hook/pythonpath.ps1'
[10.684s] INFO:colcon.colcon_core.shell:Creating environment descriptor '/home/projects/ros2_ws/install/ucsd_robocar_sensor2_pkg/share/ucsd_robocar_sensor2_pkg/hook/pythonpath.dsv'
[10.685s] INFO:colcon.colcon_core.shell:Creating environment hook '/home/projects/ros2_ws/install/ucsd_robocar_sensor2_pkg/share/ucsd_robocar_sensor2_pkg/hook/pythonpath.sh'
[10.687s] Level 1:colcon.colcon_core.environment:create_environment_scripts_only(ucsd_robocar_sensor2_pkg)
[10.690s] INFO:colcon.colcon_core.shell:Creating package script '/home/projects/ros2_ws/install/ucsd_robocar_sensor2_pkg/share/ucsd_robocar_sensor2_pkg/package.ps1'
[10.691s] INFO:colcon.colcon_core.shell:Creating package descriptor '/home/projects/ros2_ws/install/ucsd_robocar_sensor2_pkg/share/ucsd_robocar_sensor2_pkg/package.dsv'
[10.693s] INFO:colcon.colcon_core.shell:Creating package script '/home/projects/ros2_ws/install/ucsd_robocar_sensor2_pkg/share/ucsd_robocar_sensor2_pkg/package.sh'
[10.695s] INFO:colcon.colcon_core.shell:Creating package script '/home/projects/ros2_ws/install/ucsd_robocar_sensor2_pkg/share/ucsd_robocar_sensor2_pkg/package.bash'
[10.696s] INFO:colcon.colcon_core.shell:Creating package script '/home/projects/ros2_ws/install/ucsd_robocar_sensor2_pkg/share/ucsd_robocar_sensor2_pkg/package.zsh'
[10.697s] Level 1:colcon.colcon_core.environment:create_file_with_runtime_dependencies(/home/projects/ros2_ws/install/ucsd_robocar_sensor2_pkg/share/colcon-core/packages/ucsd_robocar_sensor2_pkg)
[10.698s] DEBUG:colcon.colcon_parallel_executor.executor.parallel:closing loop
[10.699s] DEBUG:colcon.colcon_parallel_executor.executor.parallel:loop closed
[10.699s] DEBUG:colcon.colcon_parallel_executor.executor.parallel:run_until_complete finished with '0'
[10.700s] DEBUG:colcon.colcon_core.event_reactor:joining thread
[10.722s] INFO:colcon.colcon_core.plugin_system:Skipping extension 'colcon_notification.desktop_notification.notify_send': Could not find 'notify-send'
[10.723s] INFO:colcon.colcon_core.plugin_system:Skipping extension 'colcon_notification.desktop_notification.terminal_notifier': Not used on non-Darwin systems
[10.723s] INFO:colcon.colcon_core.plugin_system:Skipping extension 'colcon_notification.desktop_notification.win32': Not used on non-Windows systems
[10.723s] INFO:colcon.colcon_notification.desktop_notification:Sending desktop notification using 'notify2'
[10.729s] DEBUG:colcon.colcon_notification.desktop_notification.notify2:Failed to initialize notify2: org.freedesktop.DBus.Error.Spawn.ExecFailed: /usr/bin/dbus-launch terminated abnormally without any error message
[10.729s] DEBUG:colcon.colcon_core.event_reactor:joined thread
[10.733s] INFO:colcon.colcon_core.shell:Creating prefix script '/home/projects/ros2_ws/install/local_setup.ps1'
[10.736s] INFO:colcon.colcon_core.shell:Creating prefix util module '/home/projects/ros2_ws/install/_local_setup_util_ps1.py'
[10.741s] INFO:colcon.colcon_core.shell:Creating prefix chain script '/home/projects/ros2_ws/install/setup.ps1'
[10.752s] INFO:colcon.colcon_core.shell:Creating prefix script '/home/projects/ros2_ws/install/local_setup.sh'
[10.754s] INFO:colcon.colcon_core.shell:Creating prefix util module '/home/projects/ros2_ws/install/_local_setup_util_sh.py'
[10.756s] INFO:colcon.colcon_core.shell:Creating prefix chain script '/home/projects/ros2_ws/install/setup.sh'
[10.767s] INFO:colcon.colcon_core.shell:Creating prefix script '/home/projects/ros2_ws/install/local_setup.bash'
[10.769s] INFO:colcon.colcon_core.shell:Creating prefix chain script '/home/projects/ros2_ws/install/setup.bash'
[10.779s] INFO:colcon.colcon_core.shell:Creating prefix script '/home/projects/ros2_ws/install/local_setup.zsh'
[10.781s] INFO:colcon.colcon_core.shell:Creating prefix chain script '/home/projects/ros2_ws/install/setup.zsh'
