[1.416s] Invoking command in '/home/projects/ros2_ws/src/ucsd_robocar_hub2/ucsd_robocar_sensor2_pkg': PYTHONPATH=/home/projects/ros2_ws/install/ucsd_robocar_sensor2_pkg/lib/python3.8/site-packages:${PYTHONPATH} /usr/bin/python3 setup.py egg_info --egg-base ../../../build/ucsd_robocar_sensor2_pkg build --build-base /home/projects/ros2_ws/build/ucsd_robocar_sensor2_pkg/build install --prefix /home/projects/ros2_ws/install/ucsd_robocar_sensor2_pkg --record /home/projects/ros2_ws/build/ucsd_robocar_sensor2_pkg/install.log --single-version-externally-managed
[2.625s] running egg_info
[2.629s] writing ../../../build/ucsd_robocar_sensor2_pkg/ucsd_robocar_sensor2_pkg.egg-info/PKG-INFO
[2.631s] writing dependency_links to ../../../build/ucsd_robocar_sensor2_pkg/ucsd_robocar_sensor2_pkg.egg-info/dependency_links.txt
[2.631s] writing entry points to ../../../build/ucsd_robocar_sensor2_pkg/ucsd_robocar_sensor2_pkg.egg-info/entry_points.txt
[2.633s] writing requirements to ../../../build/ucsd_robocar_sensor2_pkg/ucsd_robocar_sensor2_pkg.egg-info/requires.txt
[2.633s] writing top-level names to ../../../build/ucsd_robocar_sensor2_pkg/ucsd_robocar_sensor2_pkg.egg-info/top_level.txt
[2.873s] reading manifest file '../../../build/ucsd_robocar_sensor2_pkg/ucsd_robocar_sensor2_pkg.egg-info/SOURCES.txt'
[2.882s] writing manifest file '../../../build/ucsd_robocar_sensor2_pkg/ucsd_robocar_sensor2_pkg.egg-info/SOURCES.txt'
[2.883s] running build
[2.884s] running build_py
[2.885s] running install
[2.890s] running install_lib
[2.897s] running install_data
[2.903s] running install_egg_info
[2.912s] removing '/home/projects/ros2_ws/install/ucsd_robocar_sensor2_pkg/lib/python3.8/site-packages/ucsd_robocar_sensor2_pkg-0.0.0-py3.8.egg-info' (and everything under it)
[2.913s] Copying ../../../build/ucsd_robocar_sensor2_pkg/ucsd_robocar_sensor2_pkg.egg-info to /home/projects/ros2_ws/install/ucsd_robocar_sensor2_pkg/lib/python3.8/site-packages/ucsd_robocar_sensor2_pkg-0.0.0-py3.8.egg-info
[2.919s] running install_scripts
[3.014s] Installing webcam_node script to /home/projects/ros2_ws/install/ucsd_robocar_sensor2_pkg/lib/ucsd_robocar_sensor2_pkg
[3.017s] writing list of installed files to '/home/projects/ros2_ws/build/ucsd_robocar_sensor2_pkg/install.log'
[3.139s] Invoked command in '/home/projects/ros2_ws/src/ucsd_robocar_hub2/ucsd_robocar_sensor2_pkg' returned '0': PYTHONPATH=/home/projects/ros2_ws/install/ucsd_robocar_sensor2_pkg/lib/python3.8/site-packages:${PYTHONPATH} /usr/bin/python3 setup.py egg_info --egg-base ../../../build/ucsd_robocar_sensor2_pkg build --build-base /home/projects/ros2_ws/build/ucsd_robocar_sensor2_pkg/build install --prefix /home/projects/ros2_ws/install/ucsd_robocar_sensor2_pkg --record /home/projects/ros2_ws/build/ucsd_robocar_sensor2_pkg/install.log --single-version-externally-managed
