[2.106s] Invoking command in '/home/projects/ros2_ws/src/ucsd_robocar_hub2/ucsd_robocar_path2_pkg': PYTHONPATH=/home/projects/ros2_ws/install/ucsd_robocar_path2_pkg/lib/python3.8/site-packages:${PYTHONPATH} /usr/bin/python3 setup.py egg_info --egg-base ../../../build/ucsd_robocar_path2_pkg build --build-base /home/projects/ros2_ws/build/ucsd_robocar_path2_pkg/build install --prefix /home/projects/ros2_ws/install/ucsd_robocar_path2_pkg --record /home/projects/ros2_ws/build/ucsd_robocar_path2_pkg/install.log --single-version-externally-managed
[3.033s] running egg_info
[3.036s] writing ../../../build/ucsd_robocar_path2_pkg/ucsd_robocar_path2_pkg.egg-info/PKG-INFO
[3.038s] writing dependency_links to ../../../build/ucsd_robocar_path2_pkg/ucsd_robocar_path2_pkg.egg-info/dependency_links.txt
[3.038s] writing entry points to ../../../build/ucsd_robocar_path2_pkg/ucsd_robocar_path2_pkg.egg-info/entry_points.txt
[3.039s] writing requirements to ../../../build/ucsd_robocar_path2_pkg/ucsd_robocar_path2_pkg.egg-info/requires.txt
[3.039s] writing top-level names to ../../../build/ucsd_robocar_path2_pkg/ucsd_robocar_path2_pkg.egg-info/top_level.txt
[3.202s] reading manifest file '../../../build/ucsd_robocar_path2_pkg/ucsd_robocar_path2_pkg.egg-info/SOURCES.txt'
[3.207s] writing manifest file '../../../build/ucsd_robocar_path2_pkg/ucsd_robocar_path2_pkg.egg-info/SOURCES.txt'
[3.208s] running build
[3.208s] running build_py
[3.208s] running install
[3.211s] running install_lib
[3.217s] running install_data
[3.219s] running install_egg_info
[3.226s] removing '/home/projects/ros2_ws/install/ucsd_robocar_path2_pkg/lib/python3.8/site-packages/ucsd_robocar_path2_pkg-0.0.0-py3.8.egg-info' (and everything under it)
[3.227s] Copying ../../../build/ucsd_robocar_path2_pkg/ucsd_robocar_path2_pkg.egg-info to /home/projects/ros2_ws/install/ucsd_robocar_path2_pkg/lib/python3.8/site-packages/ucsd_robocar_path2_pkg-0.0.0-py3.8.egg-info
[3.231s] running install_scripts
[3.303s] Installing simple_obstacle_detection_node script to /home/projects/ros2_ws/install/ucsd_robocar_path2_pkg/lib/ucsd_robocar_path2_pkg
[3.304s] writing list of installed files to '/home/projects/ros2_ws/build/ucsd_robocar_path2_pkg/install.log'
[3.417s] Invoked command in '/home/projects/ros2_ws/src/ucsd_robocar_hub2/ucsd_robocar_path2_pkg' returned '0': PYTHONPATH=/home/projects/ros2_ws/install/ucsd_robocar_path2_pkg/lib/python3.8/site-packages:${PYTHONPATH} /usr/bin/python3 setup.py egg_info --egg-base ../../../build/ucsd_robocar_path2_pkg build --build-base /home/projects/ros2_ws/build/ucsd_robocar_path2_pkg/build install --prefix /home/projects/ros2_ws/install/ucsd_robocar_path2_pkg --record /home/projects/ros2_ws/build/ucsd_robocar_path2_pkg/install.log --single-version-externally-managed
