[3.978s] Invoking command in '/home/projects/ros2_ws/src/ucsd_robocar_hub2/ucsd_robocar_actuator2_pkg': PYTHONPATH=/home/projects/ros2_ws/install/ucsd_robocar_actuator2_pkg/lib/python3.8/site-packages:${PYTHONPATH} /usr/bin/python3 setup.py egg_info --egg-base ../../../build/ucsd_robocar_actuator2_pkg build --build-base /home/projects/ros2_ws/build/ucsd_robocar_actuator2_pkg/build install --prefix /home/projects/ros2_ws/install/ucsd_robocar_actuator2_pkg --record /home/projects/ros2_ws/build/ucsd_robocar_actuator2_pkg/install.log --single-version-externally-managed
[4.999s] running egg_info
[5.003s] writing ../../../build/ucsd_robocar_actuator2_pkg/ucsd_robocar_actuator2_pkg.egg-info/PKG-INFO
[5.005s] writing dependency_links to ../../../build/ucsd_robocar_actuator2_pkg/ucsd_robocar_actuator2_pkg.egg-info/dependency_links.txt
[5.007s] writing entry points to ../../../build/ucsd_robocar_actuator2_pkg/ucsd_robocar_actuator2_pkg.egg-info/entry_points.txt
[5.008s] writing requirements to ../../../build/ucsd_robocar_actuator2_pkg/ucsd_robocar_actuator2_pkg.egg-info/requires.txt
[5.009s] writing top-level names to ../../../build/ucsd_robocar_actuator2_pkg/ucsd_robocar_actuator2_pkg.egg-info/top_level.txt
[5.184s] package init file 'ucsd_robocar_actuator2_pkg/vesc_submodule/__init__.py' not found (or not a regular file)
[5.186s] reading manifest file '../../../build/ucsd_robocar_actuator2_pkg/ucsd_robocar_actuator2_pkg.egg-info/SOURCES.txt'
[5.195s] writing manifest file '../../../build/ucsd_robocar_actuator2_pkg/ucsd_robocar_actuator2_pkg.egg-info/SOURCES.txt'
[5.195s] running build
[5.196s] running build_py
[5.198s] running install
[5.205s] running install_lib
[5.216s] running install_data
[5.223s] running install_egg_info
[5.229s] removing '/home/projects/ros2_ws/install/ucsd_robocar_actuator2_pkg/lib/python3.8/site-packages/ucsd_robocar_actuator2_pkg-0.0.0-py3.8.egg-info' (and everything under it)
[5.231s] Copying ../../../build/ucsd_robocar_actuator2_pkg/ucsd_robocar_actuator2_pkg.egg-info to /home/projects/ros2_ws/install/ucsd_robocar_actuator2_pkg/lib/python3.8/site-packages/ucsd_robocar_actuator2_pkg-0.0.0-py3.8.egg-info
[5.237s] running install_scripts
[5.319s] Installing adafruit_servo_node script to /home/projects/ros2_ws/install/ucsd_robocar_actuator2_pkg/lib/ucsd_robocar_actuator2_pkg
[5.320s] Installing adafruit_steering_node script to /home/projects/ros2_ws/install/ucsd_robocar_actuator2_pkg/lib/ucsd_robocar_actuator2_pkg
[5.322s] Installing adafruit_throttle_node script to /home/projects/ros2_ws/install/ucsd_robocar_actuator2_pkg/lib/ucsd_robocar_actuator2_pkg
[5.323s] Installing adafruit_twist_node script to /home/projects/ros2_ws/install/ucsd_robocar_actuator2_pkg/lib/ucsd_robocar_actuator2_pkg
[5.325s] Installing vesc_rpm_node script to /home/projects/ros2_ws/install/ucsd_robocar_actuator2_pkg/lib/ucsd_robocar_actuator2_pkg
[5.326s] Installing vesc_steering_node script to /home/projects/ros2_ws/install/ucsd_robocar_actuator2_pkg/lib/ucsd_robocar_actuator2_pkg
[5.328s] Installing vesc_twist_node script to /home/projects/ros2_ws/install/ucsd_robocar_actuator2_pkg/lib/ucsd_robocar_actuator2_pkg
[5.331s] writing list of installed files to '/home/projects/ros2_ws/build/ucsd_robocar_actuator2_pkg/install.log'
[5.454s] Invoked command in '/home/projects/ros2_ws/src/ucsd_robocar_hub2/ucsd_robocar_actuator2_pkg' returned '0': PYTHONPATH=/home/projects/ros2_ws/install/ucsd_robocar_actuator2_pkg/lib/python3.8/site-packages:${PYTHONPATH} /usr/bin/python3 setup.py egg_info --egg-base ../../../build/ucsd_robocar_actuator2_pkg build --build-base /home/projects/ros2_ws/build/ucsd_robocar_actuator2_pkg/build install --prefix /home/projects/ros2_ws/install/ucsd_robocar_actuator2_pkg --record /home/projects/ros2_ws/build/ucsd_robocar_actuator2_pkg/install.log --single-version-externally-managed
