running egg_info
creating ../../../build/mask_pkg/mask_pkg.egg-info
writing ../../../build/mask_pkg/mask_pkg.egg-info/PKG-INFO
writing dependency_links to ../../../build/mask_pkg/mask_pkg.egg-info/dependency_links.txt
writing entry points to ../../../build/mask_pkg/mask_pkg.egg-info/entry_points.txt
writing requirements to ../../../build/mask_pkg/mask_pkg.egg-info/requires.txt
writing top-level names to ../../../build/mask_pkg/mask_pkg.egg-info/top_level.txt
writing manifest file '../../../build/mask_pkg/mask_pkg.egg-info/SOURCES.txt'
reading manifest file '../../../build/mask_pkg/mask_pkg.egg-info/SOURCES.txt'
writing manifest file '../../../build/mask_pkg/mask_pkg.egg-info/SOURCES.txt'
running build
running build_py
creating /home/projects/ros2_ws/build/mask_pkg/build
creating /home/projects/ros2_ws/build/mask_pkg/build/lib
creating /home/projects/ros2_ws/build/mask_pkg/build/lib/mask_pkg
copying mask_pkg/mask_node.py -> /home/projects/ros2_ws/build/mask_pkg/build/lib/mask_pkg
copying mask_pkg/__init__.py -> /home/projects/ros2_ws/build/mask_pkg/build/lib/mask_pkg
running install
running install_lib
creating /home/projects/ros2_ws/install/mask_pkg/lib/python3.8/site-packages/mask_pkg
copying /home/projects/ros2_ws/build/mask_pkg/build/lib/mask_pkg/mask_node.py -> /home/projects/ros2_ws/install/mask_pkg/lib/python3.8/site-packages/mask_pkg
copying /home/projects/ros2_ws/build/mask_pkg/build/lib/mask_pkg/__init__.py -> /home/projects/ros2_ws/install/mask_pkg/lib/python3.8/site-packages/mask_pkg
byte-compiling /home/projects/ros2_ws/install/mask_pkg/lib/python3.8/site-packages/mask_pkg/mask_node.py to mask_node.cpython-38.pyc
byte-compiling /home/projects/ros2_ws/install/mask_pkg/lib/python3.8/site-packages/mask_pkg/__init__.py to __init__.cpython-38.pyc
running install_data
creating /home/projects/ros2_ws/install/mask_pkg/share/ament_index
creating /home/projects/ros2_ws/install/mask_pkg/share/ament_index/resource_index
creating /home/projects/ros2_ws/install/mask_pkg/share/ament_index/resource_index/packages
copying resource/mask_pkg -> /home/projects/ros2_ws/install/mask_pkg/share/ament_index/resource_index/packages
copying package.xml -> /home/projects/ros2_ws/install/mask_pkg/share/mask_pkg
creating /home/projects/ros2_ws/install/mask_pkg/share/mask_pkg/launch
creating /home/projects/ros2_ws/install/mask_pkg/share/mask_pkg/config
running install_egg_info
Copying ../../../build/mask_pkg/mask_pkg.egg-info to /home/projects/ros2_ws/install/mask_pkg/lib/python3.8/site-packages/mask_pkg-0.0.0-py3.8.egg-info
running install_scripts
Installing mask_node script to /home/projects/ros2_ws/install/mask_pkg/lib/mask_pkg
writing list of installed files to '/home/projects/ros2_ws/build/mask_pkg/install.log'
