[4.917s] Invoking command in '/home/projects/ros2_ws/src/ucsd_robocar_hub2/ucsd_robocar_actuator2_pkg': PYTHONPATH=/home/projects/ros2_ws/install/ucsd_robocar_actuator2_pkg/lib/python3.8/site-packages:${PYTHONPATH} /usr/bin/python3 setup.py egg_info --egg-base ../../../build/ucsd_robocar_actuator2_pkg build --build-base /home/projects/ros2_ws/build/ucsd_robocar_actuator2_pkg/build install --prefix /home/projects/ros2_ws/install/ucsd_robocar_actuator2_pkg --record /home/projects/ros2_ws/build/ucsd_robocar_actuator2_pkg/install.log --single-version-externally-managed
[7.710s] running egg_info
[7.722s] writing ../../../build/ucsd_robocar_actuator2_pkg/ucsd_robocar_actuator2_pkg.egg-info/PKG-INFO
[7.725s] writing dependency_links to ../../../build/ucsd_robocar_actuator2_pkg/ucsd_robocar_actuator2_pkg.egg-info/dependency_links.txt
[7.726s] writing entry points to ../../../build/ucsd_robocar_actuator2_pkg/ucsd_robocar_actuator2_pkg.egg-info/entry_points.txt
[7.728s] writing requirements to ../../../build/ucsd_robocar_actuator2_pkg/ucsd_robocar_actuator2_pkg.egg-info/requires.txt
[7.730s] writing top-level names to ../../../build/ucsd_robocar_actuator2_pkg/ucsd_robocar_actuator2_pkg.egg-info/top_level.txt
[8.304s] package init file 'ucsd_robocar_actuator2_pkg/vesc_submodule/__init__.py' not found (or not a regular file)
[8.309s] reading manifest file '../../../build/ucsd_robocar_actuator2_pkg/ucsd_robocar_actuator2_pkg.egg-info/SOURCES.txt'
[8.339s] writing manifest file '../../../build/ucsd_robocar_actuator2_pkg/ucsd_robocar_actuator2_pkg.egg-info/SOURCES.txt'
[8.341s] running build
[8.342s] running build_py
[8.358s] running install
[8.363s] running install_lib
[8.399s] running install_data
[8.410s] running install_egg_info
[8.440s] removing '/home/projects/ros2_ws/install/ucsd_robocar_actuator2_pkg/lib/python3.8/site-packages/ucsd_robocar_actuator2_pkg-0.0.0-py3.8.egg-info' (and everything under it)
[8.450s] Copying ../../../build/ucsd_robocar_actuator2_pkg/ucsd_robocar_actuator2_pkg.egg-info to /home/projects/ros2_ws/install/ucsd_robocar_actuator2_pkg/lib/python3.8/site-packages/ucsd_robocar_actuator2_pkg-0.0.0-py3.8.egg-info
[8.465s] running install_scripts
[8.714s] Installing adafruit_steering_node script to /home/projects/ros2_ws/install/ucsd_robocar_actuator2_pkg/lib/ucsd_robocar_actuator2_pkg
[8.724s] Installing adafruit_throttle_node script to /home/projects/ros2_ws/install/ucsd_robocar_actuator2_pkg/lib/ucsd_robocar_actuator2_pkg
[8.725s] Installing adafruit_twist_node script to /home/projects/ros2_ws/install/ucsd_robocar_actuator2_pkg/lib/ucsd_robocar_actuator2_pkg
[8.726s] Installing vesc_rpm_node script to /home/projects/ros2_ws/install/ucsd_robocar_actuator2_pkg/lib/ucsd_robocar_actuator2_pkg
[8.727s] Installing vesc_steering_node script to /home/projects/ros2_ws/install/ucsd_robocar_actuator2_pkg/lib/ucsd_robocar_actuator2_pkg
[8.739s] Installing vesc_twist_node script to /home/projects/ros2_ws/install/ucsd_robocar_actuator2_pkg/lib/ucsd_robocar_actuator2_pkg
[8.743s] writing list of installed files to '/home/projects/ros2_ws/build/ucsd_robocar_actuator2_pkg/install.log'
[8.925s] Invoked command in '/home/projects/ros2_ws/src/ucsd_robocar_hub2/ucsd_robocar_actuator2_pkg' returned '0': PYTHONPATH=/home/projects/ros2_ws/install/ucsd_robocar_actuator2_pkg/lib/python3.8/site-packages:${PYTHONPATH} /usr/bin/python3 setup.py egg_info --egg-base ../../../build/ucsd_robocar_actuator2_pkg build --build-base /home/projects/ros2_ws/build/ucsd_robocar_actuator2_pkg/build install --prefix /home/projects/ros2_ws/install/ucsd_robocar_actuator2_pkg --record /home/projects/ros2_ws/build/ucsd_robocar_actuator2_pkg/install.log --single-version-externally-managed
