[2.170s] DEBUG:colcon:Command line arguments: ['/usr/bin/colcon', 'build']
[2.170s] DEBUG:colcon:Parsed command line arguments: Namespace(ament_cmake_args=None, base_paths=['.'], build_base='build', catkin_cmake_args=None, catkin_skip_building_tests=False, cmake_args=None, cmake_clean_cache=False, cmake_clean_first=False, cmake_force_configure=False, cmake_target=None, cmake_target_skip_unavailable=False, continue_on_error=False, event_handlers=None, executor='parallel', ignore_user_meta=False, install_base='install', log_base=None, log_level=None, main=<bound method BuildVerb.main of <colcon_core.verb.build.BuildVerb object at 0x7f8486d160>>, merge_install=False, metas=['./colcon.meta'], mixin=None, mixin_files=None, mixin_verb=('build',), packages_above=None, packages_above_and_dependencies=None, packages_above_depth=None, packages_end=None, packages_ignore=None, packages_ignore_regex=None, packages_select=None, packages_select_build_failed=False, packages_select_by_dep=None, packages_select_regex=None, packages_select_test_failures=False, packages_skip=None, packages_skip_build_finished=False, packages_skip_by_dep=None, packages_skip_regex=None, packages_skip_test_passed=False, packages_skip_up_to=None, packages_start=None, packages_up_to=None, packages_up_to_regex=None, parallel_workers=2, paths=None, symlink_install=False, test_result_base=None, verb_extension=<colcon_core.verb.build.BuildVerb object at 0x7f8486d160>, verb_name='build', verb_parser=<colcon_mixin.mixin.mixin_argument.MixinArgumentDecorator object at 0x7f8486d7c0>)
[2.216s] Level 1:colcon.colcon_core.package_discovery:discover_packages(colcon_meta) check parameters
[2.221s] INFO:colcon.colcon_metadata.package_discovery.colcon_meta:Using configuration from '/root/.colcon/metadata/default/Gazebo.meta'
[2.225s] INFO:colcon.colcon_metadata.package_discovery.colcon_meta:Using configuration from '/root/.colcon/metadata/default/fastrtps.meta'
[2.225s] Level 1:colcon.colcon_core.package_discovery:discover_packages(recursive) check parameters
[2.226s] Level 1:colcon.colcon_core.package_discovery:discover_packages(ignore) check parameters
[2.226s] Level 1:colcon.colcon_core.package_discovery:discover_packages(path) check parameters
[2.226s] Level 1:colcon.colcon_core.package_discovery:discover_packages(colcon_meta) discover
[2.226s] Level 1:colcon.colcon_core.package_discovery:discover_packages(recursive) discover
[2.227s] INFO:colcon.colcon_core.package_discovery:Crawling recursively for packages in '/home/projects/ros2_ws'
[2.228s] Level 1:colcon.colcon_core.package_identification:_identify(.) by extensions ['ignore', 'ignore_ament_install']
[2.228s] Level 1:colcon.colcon_core.package_identification:_identify(.) by extension 'ignore'
[2.229s] Level 1:colcon.colcon_core.package_identification:_identify(.) by extension 'ignore_ament_install'
[2.229s] Level 1:colcon.colcon_core.package_identification:_identify(.) by extensions ['colcon_pkg']
[2.229s] Level 1:colcon.colcon_core.package_identification:_identify(.) by extension 'colcon_pkg'
[2.230s] Level 1:colcon.colcon_core.package_identification:_identify(.) by extensions ['colcon_meta']
[2.230s] Level 1:colcon.colcon_core.package_identification:_identify(.) by extension 'colcon_meta'
[2.230s] Level 1:colcon.colcon_core.package_identification:_identify(.) by extensions ['ros']
[2.231s] Level 1:colcon.colcon_core.package_identification:_identify(.) by extension 'ros'
[2.315s] Level 1:colcon.colcon_core.package_identification:_identify(.) by extensions ['cmake', 'python']
[2.316s] Level 1:colcon.colcon_core.package_identification:_identify(.) by extension 'cmake'
[2.316s] Level 1:colcon.colcon_core.package_identification:_identify(.) by extension 'python'
[2.317s] Level 1:colcon.colcon_core.package_identification:_identify(.) by extensions ['python_setup_py']
[2.317s] Level 1:colcon.colcon_core.package_identification:_identify(.) by extension 'python_setup_py'
[2.318s] Level 1:colcon.colcon_core.package_identification:_identify(build) by extensions ['ignore', 'ignore_ament_install']
[2.318s] Level 1:colcon.colcon_core.package_identification:_identify(build) by extension 'ignore'
[2.319s] Level 1:colcon.colcon_core.package_identification:_identify(build) ignored
[2.320s] Level 1:colcon.colcon_core.package_identification:_identify(install) by extensions ['ignore', 'ignore_ament_install']
[2.320s] Level 1:colcon.colcon_core.package_identification:_identify(install) by extension 'ignore'
[2.320s] Level 1:colcon.colcon_core.package_identification:_identify(install) ignored
[2.321s] Level 1:colcon.colcon_core.package_identification:_identify(log) by extensions ['ignore', 'ignore_ament_install']
[2.321s] Level 1:colcon.colcon_core.package_identification:_identify(log) by extension 'ignore'
[2.322s] Level 1:colcon.colcon_core.package_identification:_identify(log) ignored
[2.322s] Level 1:colcon.colcon_core.package_identification:_identify(src) by extensions ['ignore', 'ignore_ament_install']
[2.323s] Level 1:colcon.colcon_core.package_identification:_identify(src) by extension 'ignore'
[2.323s] Level 1:colcon.colcon_core.package_identification:_identify(src) by extension 'ignore_ament_install'
[2.324s] Level 1:colcon.colcon_core.package_identification:_identify(src) by extensions ['colcon_pkg']
[2.324s] Level 1:colcon.colcon_core.package_identification:_identify(src) by extension 'colcon_pkg'
[2.325s] Level 1:colcon.colcon_core.package_identification:_identify(src) by extensions ['colcon_meta']
[2.325s] Level 1:colcon.colcon_core.package_identification:_identify(src) by extension 'colcon_meta'
[2.325s] Level 1:colcon.colcon_core.package_identification:_identify(src) by extensions ['ros']
[2.325s] Level 1:colcon.colcon_core.package_identification:_identify(src) by extension 'ros'
[2.326s] Level 1:colcon.colcon_core.package_identification:_identify(src) by extensions ['cmake', 'python']
[2.327s] Level 1:colcon.colcon_core.package_identification:_identify(src) by extension 'cmake'
[2.327s] Level 1:colcon.colcon_core.package_identification:_identify(src) by extension 'python'
[2.327s] Level 1:colcon.colcon_core.package_identification:_identify(src) by extensions ['python_setup_py']
[2.328s] Level 1:colcon.colcon_core.package_identification:_identify(src) by extension 'python_setup_py'
[2.329s] Level 1:colcon.colcon_core.package_identification:_identify(src/ucsd_robocar_hub2) by extensions ['ignore', 'ignore_ament_install']
[2.329s] Level 1:colcon.colcon_core.package_identification:_identify(src/ucsd_robocar_hub2) by extension 'ignore'
[2.330s] Level 1:colcon.colcon_core.package_identification:_identify(src/ucsd_robocar_hub2) by extension 'ignore_ament_install'
[2.330s] Level 1:colcon.colcon_core.package_identification:_identify(src/ucsd_robocar_hub2) by extensions ['colcon_pkg']
[2.330s] Level 1:colcon.colcon_core.package_identification:_identify(src/ucsd_robocar_hub2) by extension 'colcon_pkg'
[2.331s] Level 1:colcon.colcon_core.package_identification:_identify(src/ucsd_robocar_hub2) by extensions ['colcon_meta']
[2.331s] Level 1:colcon.colcon_core.package_identification:_identify(src/ucsd_robocar_hub2) by extension 'colcon_meta'
[2.331s] Level 1:colcon.colcon_core.package_identification:_identify(src/ucsd_robocar_hub2) by extensions ['ros']
[2.332s] Level 1:colcon.colcon_core.package_identification:_identify(src/ucsd_robocar_hub2) by extension 'ros'
[2.333s] Level 1:colcon.colcon_core.package_identification:_identify(src/ucsd_robocar_hub2) by extensions ['cmake', 'python']
[2.333s] Level 1:colcon.colcon_core.package_identification:_identify(src/ucsd_robocar_hub2) by extension 'cmake'
[2.333s] Level 1:colcon.colcon_core.package_identification:_identify(src/ucsd_robocar_hub2) by extension 'python'
[2.334s] Level 1:colcon.colcon_core.package_identification:_identify(src/ucsd_robocar_hub2) by extensions ['python_setup_py']
[2.334s] Level 1:colcon.colcon_core.package_identification:_identify(src/ucsd_robocar_hub2) by extension 'python_setup_py'
[2.339s] Level 1:colcon.colcon_core.package_identification:_identify(src/ucsd_robocar_hub2/ucsd_robocar_actuator2_pkg) by extensions ['ignore', 'ignore_ament_install']
[2.340s] Level 1:colcon.colcon_core.package_identification:_identify(src/ucsd_robocar_hub2/ucsd_robocar_actuator2_pkg) by extension 'ignore'
[2.340s] Level 1:colcon.colcon_core.package_identification:_identify(src/ucsd_robocar_hub2/ucsd_robocar_actuator2_pkg) by extension 'ignore_ament_install'
[2.341s] Level 1:colcon.colcon_core.package_identification:_identify(src/ucsd_robocar_hub2/ucsd_robocar_actuator2_pkg) by extensions ['colcon_pkg']
[2.341s] Level 1:colcon.colcon_core.package_identification:_identify(src/ucsd_robocar_hub2/ucsd_robocar_actuator2_pkg) by extension 'colcon_pkg'
[2.341s] Level 1:colcon.colcon_core.package_identification:_identify(src/ucsd_robocar_hub2/ucsd_robocar_actuator2_pkg) by extensions ['colcon_meta']
[2.342s] Level 1:colcon.colcon_core.package_identification:_identify(src/ucsd_robocar_hub2/ucsd_robocar_actuator2_pkg) by extension 'colcon_meta'
[2.342s] Level 1:colcon.colcon_core.package_identification:_identify(src/ucsd_robocar_hub2/ucsd_robocar_actuator2_pkg) by extensions ['ros']
[2.342s] Level 1:colcon.colcon_core.package_identification:_identify(src/ucsd_robocar_hub2/ucsd_robocar_actuator2_pkg) by extension 'ros'
[2.358s] DEBUG:colcon.colcon_core.package_identification:Package 'src/ucsd_robocar_hub2/ucsd_robocar_actuator2_pkg' with type 'ros.ament_python' and name 'ucsd_robocar_actuator2_pkg'
[2.359s] Level 1:colcon.colcon_core.package_identification:_identify(src/ucsd_robocar_hub2/ucsd_robocar_lane_detection2_pkg) by extensions ['ignore', 'ignore_ament_install']
[2.360s] Level 1:colcon.colcon_core.package_identification:_identify(src/ucsd_robocar_hub2/ucsd_robocar_lane_detection2_pkg) by extension 'ignore'
[2.360s] Level 1:colcon.colcon_core.package_identification:_identify(src/ucsd_robocar_hub2/ucsd_robocar_lane_detection2_pkg) by extension 'ignore_ament_install'
[2.361s] Level 1:colcon.colcon_core.package_identification:_identify(src/ucsd_robocar_hub2/ucsd_robocar_lane_detection2_pkg) by extensions ['colcon_pkg']
[2.361s] Level 1:colcon.colcon_core.package_identification:_identify(src/ucsd_robocar_hub2/ucsd_robocar_lane_detection2_pkg) by extension 'colcon_pkg'
[2.362s] Level 1:colcon.colcon_core.package_identification:_identify(src/ucsd_robocar_hub2/ucsd_robocar_lane_detection2_pkg) by extensions ['colcon_meta']
[2.362s] Level 1:colcon.colcon_core.package_identification:_identify(src/ucsd_robocar_hub2/ucsd_robocar_lane_detection2_pkg) by extension 'colcon_meta'
[2.362s] Level 1:colcon.colcon_core.package_identification:_identify(src/ucsd_robocar_hub2/ucsd_robocar_lane_detection2_pkg) by extensions ['ros']
[2.362s] Level 1:colcon.colcon_core.package_identification:_identify(src/ucsd_robocar_hub2/ucsd_robocar_lane_detection2_pkg) by extension 'ros'
[2.368s] DEBUG:colcon.colcon_core.package_identification:Package 'src/ucsd_robocar_hub2/ucsd_robocar_lane_detection2_pkg' with type 'ros.ament_python' and name 'ucsd_robocar_lane_detection2_pkg'
[2.369s] Level 1:colcon.colcon_core.package_identification:_identify(src/ucsd_robocar_hub2/ucsd_robocar_nav2_pkg) by extensions ['ignore', 'ignore_ament_install']
[2.369s] Level 1:colcon.colcon_core.package_identification:_identify(src/ucsd_robocar_hub2/ucsd_robocar_nav2_pkg) by extension 'ignore'
[2.370s] Level 1:colcon.colcon_core.package_identification:_identify(src/ucsd_robocar_hub2/ucsd_robocar_nav2_pkg) by extension 'ignore_ament_install'
[2.370s] Level 1:colcon.colcon_core.package_identification:_identify(src/ucsd_robocar_hub2/ucsd_robocar_nav2_pkg) by extensions ['colcon_pkg']
[2.371s] Level 1:colcon.colcon_core.package_identification:_identify(src/ucsd_robocar_hub2/ucsd_robocar_nav2_pkg) by extension 'colcon_pkg'
[2.371s] Level 1:colcon.colcon_core.package_identification:_identify(src/ucsd_robocar_hub2/ucsd_robocar_nav2_pkg) by extensions ['colcon_meta']
[2.371s] Level 1:colcon.colcon_core.package_identification:_identify(src/ucsd_robocar_hub2/ucsd_robocar_nav2_pkg) by extension 'colcon_meta'
[2.372s] Level 1:colcon.colcon_core.package_identification:_identify(src/ucsd_robocar_hub2/ucsd_robocar_nav2_pkg) by extensions ['ros']
[2.372s] Level 1:colcon.colcon_core.package_identification:_identify(src/ucsd_robocar_hub2/ucsd_robocar_nav2_pkg) by extension 'ros'
[2.376s] DEBUG:colcon.colcon_core.package_identification:Package 'src/ucsd_robocar_hub2/ucsd_robocar_nav2_pkg' with type 'ros.ament_python' and name 'ucsd_robocar_nav2_pkg'
[2.378s] Level 1:colcon.colcon_core.package_identification:_identify(src/ucsd_robocar_hub2/ucsd_robocar_path2_pkg) by extensions ['ignore', 'ignore_ament_install']
[2.379s] Level 1:colcon.colcon_core.package_identification:_identify(src/ucsd_robocar_hub2/ucsd_robocar_path2_pkg) by extension 'ignore'
[2.379s] Level 1:colcon.colcon_core.package_identification:_identify(src/ucsd_robocar_hub2/ucsd_robocar_path2_pkg) by extension 'ignore_ament_install'
[2.380s] Level 1:colcon.colcon_core.package_identification:_identify(src/ucsd_robocar_hub2/ucsd_robocar_path2_pkg) by extensions ['colcon_pkg']
[2.380s] Level 1:colcon.colcon_core.package_identification:_identify(src/ucsd_robocar_hub2/ucsd_robocar_path2_pkg) by extension 'colcon_pkg'
[2.380s] Level 1:colcon.colcon_core.package_identification:_identify(src/ucsd_robocar_hub2/ucsd_robocar_path2_pkg) by extensions ['colcon_meta']
[2.380s] Level 1:colcon.colcon_core.package_identification:_identify(src/ucsd_robocar_hub2/ucsd_robocar_path2_pkg) by extension 'colcon_meta'
[2.381s] Level 1:colcon.colcon_core.package_identification:_identify(src/ucsd_robocar_hub2/ucsd_robocar_path2_pkg) by extensions ['ros']
[2.381s] Level 1:colcon.colcon_core.package_identification:_identify(src/ucsd_robocar_hub2/ucsd_robocar_path2_pkg) by extension 'ros'
[2.385s] DEBUG:colcon.colcon_core.package_identification:Package 'src/ucsd_robocar_hub2/ucsd_robocar_path2_pkg' with type 'ros.ament_python' and name 'ucsd_robocar_path2_pkg'
[2.390s] Level 1:colcon.colcon_core.package_identification:_identify(src/ucsd_robocar_hub2/ucsd_robocar_sensor2_pkg) by extensions ['ignore', 'ignore_ament_install']
[2.390s] Level 1:colcon.colcon_core.package_identification:_identify(src/ucsd_robocar_hub2/ucsd_robocar_sensor2_pkg) by extension 'ignore'
[2.390s] Level 1:colcon.colcon_core.package_identification:_identify(src/ucsd_robocar_hub2/ucsd_robocar_sensor2_pkg) by extension 'ignore_ament_install'
[2.391s] Level 1:colcon.colcon_core.package_identification:_identify(src/ucsd_robocar_hub2/ucsd_robocar_sensor2_pkg) by extensions ['colcon_pkg']
[2.391s] Level 1:colcon.colcon_core.package_identification:_identify(src/ucsd_robocar_hub2/ucsd_robocar_sensor2_pkg) by extension 'colcon_pkg'
[2.392s] Level 1:colcon.colcon_core.package_identification:_identify(src/ucsd_robocar_hub2/ucsd_robocar_sensor2_pkg) by extensions ['colcon_meta']
[2.392s] Level 1:colcon.colcon_core.package_identification:_identify(src/ucsd_robocar_hub2/ucsd_robocar_sensor2_pkg) by extension 'colcon_meta'
[2.392s] Level 1:colcon.colcon_core.package_identification:_identify(src/ucsd_robocar_hub2/ucsd_robocar_sensor2_pkg) by extensions ['ros']
[2.392s] Level 1:colcon.colcon_core.package_identification:_identify(src/ucsd_robocar_hub2/ucsd_robocar_sensor2_pkg) by extension 'ros'
[2.397s] DEBUG:colcon.colcon_core.package_identification:Package 'src/ucsd_robocar_hub2/ucsd_robocar_sensor2_pkg' with type 'ros.ament_python' and name 'ucsd_robocar_sensor2_pkg'
[2.397s] Level 1:colcon.colcon_core.package_discovery:discover_packages(recursive) using defaults
[2.398s] Level 1:colcon.colcon_core.package_discovery:discover_packages(ignore) discover
[2.398s] Level 1:colcon.colcon_core.package_discovery:discover_packages(ignore) using defaults
[2.398s] Level 1:colcon.colcon_core.package_discovery:discover_packages(path) discover
[2.398s] Level 1:colcon.colcon_core.package_discovery:discover_packages(path) using defaults
[2.535s] Level 5:colcon.colcon_core.verb:set package 'ucsd_robocar_actuator2_pkg' build argument 'cmake_args' from command line to 'None'
[2.535s] Level 5:colcon.colcon_core.verb:set package 'ucsd_robocar_actuator2_pkg' build argument 'cmake_target' from command line to 'None'
[2.535s] Level 5:colcon.colcon_core.verb:set package 'ucsd_robocar_actuator2_pkg' build argument 'cmake_target_skip_unavailable' from command line to 'False'
[2.535s] Level 5:colcon.colcon_core.verb:set package 'ucsd_robocar_actuator2_pkg' build argument 'cmake_clean_cache' from command line to 'False'
[2.536s] Level 5:colcon.colcon_core.verb:set package 'ucsd_robocar_actuator2_pkg' build argument 'cmake_clean_first' from command line to 'False'
[2.536s] Level 5:colcon.colcon_core.verb:set package 'ucsd_robocar_actuator2_pkg' build argument 'cmake_force_configure' from command line to 'False'
[2.536s] Level 5:colcon.colcon_core.verb:set package 'ucsd_robocar_actuator2_pkg' build argument 'ament_cmake_args' from command line to 'None'
[2.536s] Level 5:colcon.colcon_core.verb:set package 'ucsd_robocar_actuator2_pkg' build argument 'catkin_cmake_args' from command line to 'None'
[2.536s] Level 5:colcon.colcon_core.verb:set package 'ucsd_robocar_actuator2_pkg' build argument 'catkin_skip_building_tests' from command line to 'False'
[2.537s] DEBUG:colcon.colcon_core.verb:Building package 'ucsd_robocar_actuator2_pkg' with the following arguments: {'ament_cmake_args': None, 'build_base': '/home/projects/ros2_ws/build/ucsd_robocar_actuator2_pkg', 'catkin_cmake_args': None, 'catkin_skip_building_tests': False, 'cmake_args': None, 'cmake_clean_cache': False, 'cmake_clean_first': False, 'cmake_force_configure': False, 'cmake_target': None, 'cmake_target_skip_unavailable': False, 'install_base': '/home/projects/ros2_ws/install/ucsd_robocar_actuator2_pkg', 'merge_install': False, 'path': '/home/projects/ros2_ws/src/ucsd_robocar_hub2/ucsd_robocar_actuator2_pkg', 'symlink_install': False, 'test_result_base': None}
[2.555s] Level 5:colcon.colcon_core.verb:set package 'ucsd_robocar_lane_detection2_pkg' build argument 'cmake_args' from command line to 'None'
[2.555s] Level 5:colcon.colcon_core.verb:set package 'ucsd_robocar_lane_detection2_pkg' build argument 'cmake_target' from command line to 'None'
[2.556s] Level 5:colcon.colcon_core.verb:set package 'ucsd_robocar_lane_detection2_pkg' build argument 'cmake_target_skip_unavailable' from command line to 'False'
[2.556s] Level 5:colcon.colcon_core.verb:set package 'ucsd_robocar_lane_detection2_pkg' build argument 'cmake_clean_cache' from command line to 'False'
[2.556s] Level 5:colcon.colcon_core.verb:set package 'ucsd_robocar_lane_detection2_pkg' build argument 'cmake_clean_first' from command line to 'False'
[2.556s] Level 5:colcon.colcon_core.verb:set package 'ucsd_robocar_lane_detection2_pkg' build argument 'cmake_force_configure' from command line to 'False'
[2.556s] Level 5:colcon.colcon_core.verb:set package 'ucsd_robocar_lane_detection2_pkg' build argument 'ament_cmake_args' from command line to 'None'
[2.556s] Level 5:colcon.colcon_core.verb:set package 'ucsd_robocar_lane_detection2_pkg' build argument 'catkin_cmake_args' from command line to 'None'
[2.557s] Level 5:colcon.colcon_core.verb:set package 'ucsd_robocar_lane_detection2_pkg' build argument 'catkin_skip_building_tests' from command line to 'False'
[2.557s] DEBUG:colcon.colcon_core.verb:Building package 'ucsd_robocar_lane_detection2_pkg' with the following arguments: {'ament_cmake_args': None, 'build_base': '/home/projects/ros2_ws/build/ucsd_robocar_lane_detection2_pkg', 'catkin_cmake_args': None, 'catkin_skip_building_tests': False, 'cmake_args': None, 'cmake_clean_cache': False, 'cmake_clean_first': False, 'cmake_force_configure': False, 'cmake_target': None, 'cmake_target_skip_unavailable': False, 'install_base': '/home/projects/ros2_ws/install/ucsd_robocar_lane_detection2_pkg', 'merge_install': False, 'path': '/home/projects/ros2_ws/src/ucsd_robocar_hub2/ucsd_robocar_lane_detection2_pkg', 'symlink_install': False, 'test_result_base': None}
[2.575s] Level 5:colcon.colcon_core.verb:set package 'ucsd_robocar_nav2_pkg' build argument 'cmake_args' from command line to 'None'
[2.575s] Level 5:colcon.colcon_core.verb:set package 'ucsd_robocar_nav2_pkg' build argument 'cmake_target' from command line to 'None'
[2.576s] Level 5:colcon.colcon_core.verb:set package 'ucsd_robocar_nav2_pkg' build argument 'cmake_target_skip_unavailable' from command line to 'False'
[2.576s] Level 5:colcon.colcon_core.verb:set package 'ucsd_robocar_nav2_pkg' build argument 'cmake_clean_cache' from command line to 'False'
[2.576s] Level 5:colcon.colcon_core.verb:set package 'ucsd_robocar_nav2_pkg' build argument 'cmake_clean_first' from command line to 'False'
[2.576s] Level 5:colcon.colcon_core.verb:set package 'ucsd_robocar_nav2_pkg' build argument 'cmake_force_configure' from command line to 'False'
[2.577s] Level 5:colcon.colcon_core.verb:set package 'ucsd_robocar_nav2_pkg' build argument 'ament_cmake_args' from command line to 'None'
[2.577s] Level 5:colcon.colcon_core.verb:set package 'ucsd_robocar_nav2_pkg' build argument 'catkin_cmake_args' from command line to 'None'
[2.577s] Level 5:colcon.colcon_core.verb:set package 'ucsd_robocar_nav2_pkg' build argument 'catkin_skip_building_tests' from command line to 'False'
[2.577s] DEBUG:colcon.colcon_core.verb:Building package 'ucsd_robocar_nav2_pkg' with the following arguments: {'ament_cmake_args': None, 'build_base': '/home/projects/ros2_ws/build/ucsd_robocar_nav2_pkg', 'catkin_cmake_args': None, 'catkin_skip_building_tests': False, 'cmake_args': None, 'cmake_clean_cache': False, 'cmake_clean_first': False, 'cmake_force_configure': False, 'cmake_target': None, 'cmake_target_skip_unavailable': False, 'install_base': '/home/projects/ros2_ws/install/ucsd_robocar_nav2_pkg', 'merge_install': False, 'path': '/home/projects/ros2_ws/src/ucsd_robocar_hub2/ucsd_robocar_nav2_pkg', 'symlink_install': False, 'test_result_base': None}
[2.595s] Level 5:colcon.colcon_core.verb:set package 'ucsd_robocar_path2_pkg' build argument 'cmake_args' from command line to 'None'
[2.596s] Level 5:colcon.colcon_core.verb:set package 'ucsd_robocar_path2_pkg' build argument 'cmake_target' from command line to 'None'
[2.596s] Level 5:colcon.colcon_core.verb:set package 'ucsd_robocar_path2_pkg' build argument 'cmake_target_skip_unavailable' from command line to 'False'
[2.596s] Level 5:colcon.colcon_core.verb:set package 'ucsd_robocar_path2_pkg' build argument 'cmake_clean_cache' from command line to 'False'
[2.596s] Level 5:colcon.colcon_core.verb:set package 'ucsd_robocar_path2_pkg' build argument 'cmake_clean_first' from command line to 'False'
[2.596s] Level 5:colcon.colcon_core.verb:set package 'ucsd_robocar_path2_pkg' build argument 'cmake_force_configure' from command line to 'False'
[2.597s] Level 5:colcon.colcon_core.verb:set package 'ucsd_robocar_path2_pkg' build argument 'ament_cmake_args' from command line to 'None'
[2.597s] Level 5:colcon.colcon_core.verb:set package 'ucsd_robocar_path2_pkg' build argument 'catkin_cmake_args' from command line to 'None'
[2.597s] Level 5:colcon.colcon_core.verb:set package 'ucsd_robocar_path2_pkg' build argument 'catkin_skip_building_tests' from command line to 'False'
[2.597s] DEBUG:colcon.colcon_core.verb:Building package 'ucsd_robocar_path2_pkg' with the following arguments: {'ament_cmake_args': None, 'build_base': '/home/projects/ros2_ws/build/ucsd_robocar_path2_pkg', 'catkin_cmake_args': None, 'catkin_skip_building_tests': False, 'cmake_args': None, 'cmake_clean_cache': False, 'cmake_clean_first': False, 'cmake_force_configure': False, 'cmake_target': None, 'cmake_target_skip_unavailable': False, 'install_base': '/home/projects/ros2_ws/install/ucsd_robocar_path2_pkg', 'merge_install': False, 'path': '/home/projects/ros2_ws/src/ucsd_robocar_hub2/ucsd_robocar_path2_pkg', 'symlink_install': False, 'test_result_base': None}
[2.615s] Level 5:colcon.colcon_core.verb:set package 'ucsd_robocar_sensor2_pkg' build argument 'cmake_args' from command line to 'None'
[2.616s] Level 5:colcon.colcon_core.verb:set package 'ucsd_robocar_sensor2_pkg' build argument 'cmake_target' from command line to 'None'
[2.616s] Level 5:colcon.colcon_core.verb:set package 'ucsd_robocar_sensor2_pkg' build argument 'cmake_target_skip_unavailable' from command line to 'False'
[2.616s] Level 5:colcon.colcon_core.verb:set package 'ucsd_robocar_sensor2_pkg' build argument 'cmake_clean_cache' from command line to 'False'
[2.616s] Level 5:colcon.colcon_core.verb:set package 'ucsd_robocar_sensor2_pkg' build argument 'cmake_clean_first' from command line to 'False'
[2.617s] Level 5:colcon.colcon_core.verb:set package 'ucsd_robocar_sensor2_pkg' build argument 'cmake_force_configure' from command line to 'False'
[2.617s] Level 5:colcon.colcon_core.verb:set package 'ucsd_robocar_sensor2_pkg' build argument 'ament_cmake_args' from command line to 'None'
[2.617s] Level 5:colcon.colcon_core.verb:set package 'ucsd_robocar_sensor2_pkg' build argument 'catkin_cmake_args' from command line to 'None'
[2.617s] Level 5:colcon.colcon_core.verb:set package 'ucsd_robocar_sensor2_pkg' build argument 'catkin_skip_building_tests' from command line to 'False'
[2.617s] DEBUG:colcon.colcon_core.verb:Building package 'ucsd_robocar_sensor2_pkg' with the following arguments: {'ament_cmake_args': None, 'build_base': '/home/projects/ros2_ws/build/ucsd_robocar_sensor2_pkg', 'catkin_cmake_args': None, 'catkin_skip_building_tests': False, 'cmake_args': None, 'cmake_clean_cache': False, 'cmake_clean_first': False, 'cmake_force_configure': False, 'cmake_target': None, 'cmake_target_skip_unavailable': False, 'install_base': '/home/projects/ros2_ws/install/ucsd_robocar_sensor2_pkg', 'merge_install': False, 'path': '/home/projects/ros2_ws/src/ucsd_robocar_hub2/ucsd_robocar_sensor2_pkg', 'symlink_install': False, 'test_result_base': None}
[2.619s] INFO:colcon.colcon_core.executor:Executing jobs using 'parallel' executor
[2.630s] DEBUG:colcon.colcon_parallel_executor.executor.parallel:run_until_complete
[2.632s] INFO:colcon.colcon_ros.task.ament_python.build:Building ROS package in '/home/projects/ros2_ws/src/ucsd_robocar_hub2/ucsd_robocar_actuator2_pkg' with build type 'ament_python'
[2.632s] Level 1:colcon.colcon_core.shell:create_environment_hook('ucsd_robocar_actuator2_pkg', 'ament_prefix_path')
[2.663s] INFO:colcon.colcon_core.plugin_system:Skipping extension 'colcon_core.shell.bat': Not used on non-Windows systems
[2.664s] INFO:colcon.colcon_core.shell:Creating environment hook '/home/projects/ros2_ws/install/ucsd_robocar_actuator2_pkg/share/ucsd_robocar_actuator2_pkg/hook/ament_prefix_path.ps1'
[2.669s] INFO:colcon.colcon_core.shell:Creating environment descriptor '/home/projects/ros2_ws/install/ucsd_robocar_actuator2_pkg/share/ucsd_robocar_actuator2_pkg/hook/ament_prefix_path.dsv'
[2.673s] INFO:colcon.colcon_core.shell:Creating environment hook '/home/projects/ros2_ws/install/ucsd_robocar_actuator2_pkg/share/ucsd_robocar_actuator2_pkg/hook/ament_prefix_path.sh'
[2.680s] INFO:colcon.colcon_core.shell:Skip shell extension 'powershell' for command environment: Not usable outside of PowerShell
[2.681s] DEBUG:colcon.colcon_core.shell:Skip shell extension 'dsv' for command environment
[2.702s] DEBUG:colcon.colcon_core.shell:Ignoring prefix path '/opt/ros/foxy'
[2.718s] INFO:colcon.colcon_ros.task.ament_python.build:Building ROS package in '/home/projects/ros2_ws/src/ucsd_robocar_hub2/ucsd_robocar_lane_detection2_pkg' with build type 'ament_python'
[2.720s] Level 1:colcon.colcon_core.shell:create_environment_hook('ucsd_robocar_lane_detection2_pkg', 'ament_prefix_path')
[2.725s] INFO:colcon.colcon_core.shell:Creating environment hook '/home/projects/ros2_ws/install/ucsd_robocar_lane_detection2_pkg/share/ucsd_robocar_lane_detection2_pkg/hook/ament_prefix_path.ps1'
[2.731s] INFO:colcon.colcon_core.shell:Creating environment descriptor '/home/projects/ros2_ws/install/ucsd_robocar_lane_detection2_pkg/share/ucsd_robocar_lane_detection2_pkg/hook/ament_prefix_path.dsv'
[2.733s] INFO:colcon.colcon_core.shell:Creating environment hook '/home/projects/ros2_ws/install/ucsd_robocar_lane_detection2_pkg/share/ucsd_robocar_lane_detection2_pkg/hook/ament_prefix_path.sh'
[2.738s] INFO:colcon.colcon_core.shell:Skip shell extension 'powershell' for command environment: Not usable outside of PowerShell
[2.738s] DEBUG:colcon.colcon_core.shell:Skip shell extension 'dsv' for command environment
[2.752s] DEBUG:colcon.colcon_core.shell:Ignoring prefix path '/opt/ros/foxy'
[4.065s] INFO:colcon.colcon_core.task.python.build:Building Python package in '/home/projects/ros2_ws/src/ucsd_robocar_hub2/ucsd_robocar_actuator2_pkg'
[4.071s] INFO:colcon.colcon_core.shell:Skip shell extension 'powershell' for command environment: Not usable outside of PowerShell
[4.071s] DEBUG:colcon.colcon_core.shell:Skip shell extension 'dsv' for command environment
[4.086s] DEBUG:colcon.colcon_core.shell:Ignoring prefix path '/opt/ros/foxy'
[5.382s] INFO:colcon.colcon_core.task.python.build:Building Python package in '/home/projects/ros2_ws/src/ucsd_robocar_hub2/ucsd_robocar_lane_detection2_pkg'
[5.387s] INFO:colcon.colcon_core.shell:Skip shell extension 'powershell' for command environment: Not usable outside of PowerShell
[5.387s] DEBUG:colcon.colcon_core.shell:Skip shell extension 'dsv' for command environment
[5.401s] DEBUG:colcon.colcon_core.shell:Ignoring prefix path '/opt/ros/foxy'
[5.427s] DEBUG:colcon.colcon_core.event_handler.log_command:Invoking command in '/home/projects/ros2_ws/src/ucsd_robocar_hub2/ucsd_robocar_actuator2_pkg': PYTHONPATH=/home/projects/ros2_ws/install/ucsd_robocar_actuator2_pkg/lib/python3.8/site-packages:${PYTHONPATH} /usr/bin/python3 setup.py egg_info --egg-base ../../../build/ucsd_robocar_actuator2_pkg build --build-base /home/projects/ros2_ws/build/ucsd_robocar_actuator2_pkg/build install --prefix /home/projects/ros2_ws/install/ucsd_robocar_actuator2_pkg --record /home/projects/ros2_ws/build/ucsd_robocar_actuator2_pkg/install.log --single-version-externally-managed
[5.459s] DEBUG:colcon.colcon_core.event_handler.log_command:Invoking command in '/home/projects/ros2_ws/src/ucsd_robocar_hub2/ucsd_robocar_lane_detection2_pkg': PYTHONPATH=/home/projects/ros2_ws/install/ucsd_robocar_lane_detection2_pkg/lib/python3.8/site-packages:${PYTHONPATH} /usr/bin/python3 setup.py egg_info --egg-base ../../../build/ucsd_robocar_lane_detection2_pkg build --build-base /home/projects/ros2_ws/build/ucsd_robocar_lane_detection2_pkg/build install --prefix /home/projects/ros2_ws/install/ucsd_robocar_lane_detection2_pkg --record /home/projects/ros2_ws/build/ucsd_robocar_lane_detection2_pkg/install.log --single-version-externally-managed
[7.379s] DEBUG:colcon.colcon_core.event_handler.log_command:Invoked command in '/home/projects/ros2_ws/src/ucsd_robocar_hub2/ucsd_robocar_lane_detection2_pkg' returned '0': PYTHONPATH=/home/projects/ros2_ws/install/ucsd_robocar_lane_detection2_pkg/lib/python3.8/site-packages:${PYTHONPATH} /usr/bin/python3 setup.py egg_info --egg-base ../../../build/ucsd_robocar_lane_detection2_pkg build --build-base /home/projects/ros2_ws/build/ucsd_robocar_lane_detection2_pkg/build install --prefix /home/projects/ros2_ws/install/ucsd_robocar_lane_detection2_pkg --record /home/projects/ros2_ws/build/ucsd_robocar_lane_detection2_pkg/install.log --single-version-externally-managed
[7.405s] Level 1:colcon.colcon_core.environment:checking '/home/projects/ros2_ws/install/ucsd_robocar_lane_detection2_pkg' for CMake module files
[7.409s] Level 1:colcon.colcon_core.environment:checking '/home/projects/ros2_ws/install/ucsd_robocar_lane_detection2_pkg' for CMake config files
[7.417s] Level 1:colcon.colcon_core.environment:checking '/home/projects/ros2_ws/install/ucsd_robocar_lane_detection2_pkg/lib'
[7.418s] Level 1:colcon.colcon_core.environment:checking '/home/projects/ros2_ws/install/ucsd_robocar_lane_detection2_pkg/bin'
[7.419s] Level 1:colcon.colcon_core.environment:checking '/home/projects/ros2_ws/install/ucsd_robocar_lane_detection2_pkg/lib/pkgconfig/ucsd_robocar_lane_detection2_pkg.pc'
[7.419s] Level 1:colcon.colcon_core.environment:checking '/home/projects/ros2_ws/install/ucsd_robocar_lane_detection2_pkg/lib/python3.8/site-packages'
[7.419s] Level 1:colcon.colcon_core.shell:create_environment_hook('ucsd_robocar_lane_detection2_pkg', 'pythonpath')
[7.423s] INFO:colcon.colcon_core.shell:Creating environment hook '/home/projects/ros2_ws/install/ucsd_robocar_lane_detection2_pkg/share/ucsd_robocar_lane_detection2_pkg/hook/pythonpath.ps1'
[7.425s] INFO:colcon.colcon_core.shell:Creating environment descriptor '/home/projects/ros2_ws/install/ucsd_robocar_lane_detection2_pkg/share/ucsd_robocar_lane_detection2_pkg/hook/pythonpath.dsv'
[7.427s] INFO:colcon.colcon_core.shell:Creating environment hook '/home/projects/ros2_ws/install/ucsd_robocar_lane_detection2_pkg/share/ucsd_robocar_lane_detection2_pkg/hook/pythonpath.sh'
[7.429s] Level 1:colcon.colcon_core.environment:create_environment_scripts_only(ucsd_robocar_lane_detection2_pkg)
[7.433s] INFO:colcon.colcon_core.shell:Creating package script '/home/projects/ros2_ws/install/ucsd_robocar_lane_detection2_pkg/share/ucsd_robocar_lane_detection2_pkg/package.ps1'
[7.440s] INFO:colcon.colcon_core.shell:Creating package descriptor '/home/projects/ros2_ws/install/ucsd_robocar_lane_detection2_pkg/share/ucsd_robocar_lane_detection2_pkg/package.dsv'
[7.444s] INFO:colcon.colcon_core.shell:Creating package script '/home/projects/ros2_ws/install/ucsd_robocar_lane_detection2_pkg/share/ucsd_robocar_lane_detection2_pkg/package.sh'
[7.450s] INFO:colcon.colcon_core.shell:Creating package script '/home/projects/ros2_ws/install/ucsd_robocar_lane_detection2_pkg/share/ucsd_robocar_lane_detection2_pkg/package.bash'
[7.457s] INFO:colcon.colcon_core.shell:Creating package script '/home/projects/ros2_ws/install/ucsd_robocar_lane_detection2_pkg/share/ucsd_robocar_lane_detection2_pkg/package.zsh'
[7.462s] Level 1:colcon.colcon_core.environment:create_file_with_runtime_dependencies(/home/projects/ros2_ws/install/ucsd_robocar_lane_detection2_pkg/share/colcon-core/packages/ucsd_robocar_lane_detection2_pkg)
[7.466s] INFO:colcon.colcon_ros.task.ament_python.build:Building ROS package in '/home/projects/ros2_ws/src/ucsd_robocar_hub2/ucsd_robocar_nav2_pkg' with build type 'ament_python'
[7.467s] Level 1:colcon.colcon_core.shell:create_environment_hook('ucsd_robocar_nav2_pkg', 'ament_prefix_path')
[7.471s] INFO:colcon.colcon_core.shell:Creating environment hook '/home/projects/ros2_ws/install/ucsd_robocar_nav2_pkg/share/ucsd_robocar_nav2_pkg/hook/ament_prefix_path.ps1'
[7.474s] INFO:colcon.colcon_core.shell:Creating environment descriptor '/home/projects/ros2_ws/install/ucsd_robocar_nav2_pkg/share/ucsd_robocar_nav2_pkg/hook/ament_prefix_path.dsv'
[7.477s] INFO:colcon.colcon_core.shell:Creating environment hook '/home/projects/ros2_ws/install/ucsd_robocar_nav2_pkg/share/ucsd_robocar_nav2_pkg/hook/ament_prefix_path.sh'
[7.484s] INFO:colcon.colcon_core.shell:Skip shell extension 'powershell' for command environment: Not usable outside of PowerShell
[7.484s] DEBUG:colcon.colcon_core.shell:Skip shell extension 'dsv' for command environment
[7.498s] DEBUG:colcon.colcon_core.shell:Ignoring prefix path '/opt/ros/foxy'
[7.519s] Level 1:colcon.colcon_core.environment:checking '/home/projects/ros2_ws/install/ucsd_robocar_actuator2_pkg' for CMake module files
[7.522s] DEBUG:colcon.colcon_core.event_handler.log_command:Invoked command in '/home/projects/ros2_ws/src/ucsd_robocar_hub2/ucsd_robocar_actuator2_pkg' returned '0': PYTHONPATH=/home/projects/ros2_ws/install/ucsd_robocar_actuator2_pkg/lib/python3.8/site-packages:${PYTHONPATH} /usr/bin/python3 setup.py egg_info --egg-base ../../../build/ucsd_robocar_actuator2_pkg build --build-base /home/projects/ros2_ws/build/ucsd_robocar_actuator2_pkg/build install --prefix /home/projects/ros2_ws/install/ucsd_robocar_actuator2_pkg --record /home/projects/ros2_ws/build/ucsd_robocar_actuator2_pkg/install.log --single-version-externally-managed
[7.525s] Level 1:colcon.colcon_core.environment:checking '/home/projects/ros2_ws/install/ucsd_robocar_actuator2_pkg' for CMake config files
[7.532s] Level 1:colcon.colcon_core.environment:checking '/home/projects/ros2_ws/install/ucsd_robocar_actuator2_pkg/lib'
[7.533s] Level 1:colcon.colcon_core.environment:checking '/home/projects/ros2_ws/install/ucsd_robocar_actuator2_pkg/bin'
[7.533s] Level 1:colcon.colcon_core.environment:checking '/home/projects/ros2_ws/install/ucsd_robocar_actuator2_pkg/lib/pkgconfig/ucsd_robocar_actuator2_pkg.pc'
[7.534s] Level 1:colcon.colcon_core.environment:checking '/home/projects/ros2_ws/install/ucsd_robocar_actuator2_pkg/lib/python3.8/site-packages'
[7.534s] Level 1:colcon.colcon_core.shell:create_environment_hook('ucsd_robocar_actuator2_pkg', 'pythonpath')
[7.538s] INFO:colcon.colcon_core.shell:Creating environment hook '/home/projects/ros2_ws/install/ucsd_robocar_actuator2_pkg/share/ucsd_robocar_actuator2_pkg/hook/pythonpath.ps1'
[7.541s] INFO:colcon.colcon_core.shell:Creating environment descriptor '/home/projects/ros2_ws/install/ucsd_robocar_actuator2_pkg/share/ucsd_robocar_actuator2_pkg/hook/pythonpath.dsv'
[7.543s] INFO:colcon.colcon_core.shell:Creating environment hook '/home/projects/ros2_ws/install/ucsd_robocar_actuator2_pkg/share/ucsd_robocar_actuator2_pkg/hook/pythonpath.sh'
[7.545s] Level 1:colcon.colcon_core.environment:create_environment_scripts_only(ucsd_robocar_actuator2_pkg)
[7.549s] INFO:colcon.colcon_core.shell:Creating package script '/home/projects/ros2_ws/install/ucsd_robocar_actuator2_pkg/share/ucsd_robocar_actuator2_pkg/package.ps1'
[7.552s] INFO:colcon.colcon_core.shell:Creating package descriptor '/home/projects/ros2_ws/install/ucsd_robocar_actuator2_pkg/share/ucsd_robocar_actuator2_pkg/package.dsv'
[7.555s] INFO:colcon.colcon_core.shell:Creating package script '/home/projects/ros2_ws/install/ucsd_robocar_actuator2_pkg/share/ucsd_robocar_actuator2_pkg/package.sh'
[7.557s] INFO:colcon.colcon_core.shell:Creating package script '/home/projects/ros2_ws/install/ucsd_robocar_actuator2_pkg/share/ucsd_robocar_actuator2_pkg/package.bash'
[7.559s] INFO:colcon.colcon_core.shell:Creating package script '/home/projects/ros2_ws/install/ucsd_robocar_actuator2_pkg/share/ucsd_robocar_actuator2_pkg/package.zsh'
[7.560s] Level 1:colcon.colcon_core.environment:create_file_with_runtime_dependencies(/home/projects/ros2_ws/install/ucsd_robocar_actuator2_pkg/share/colcon-core/packages/ucsd_robocar_actuator2_pkg)
[7.565s] INFO:colcon.colcon_ros.task.ament_python.build:Building ROS package in '/home/projects/ros2_ws/src/ucsd_robocar_hub2/ucsd_robocar_path2_pkg' with build type 'ament_python'
[7.566s] Level 1:colcon.colcon_core.shell:create_environment_hook('ucsd_robocar_path2_pkg', 'ament_prefix_path')
[7.570s] INFO:colcon.colcon_core.shell:Creating environment hook '/home/projects/ros2_ws/install/ucsd_robocar_path2_pkg/share/ucsd_robocar_path2_pkg/hook/ament_prefix_path.ps1'
[7.575s] INFO:colcon.colcon_core.shell:Creating environment descriptor '/home/projects/ros2_ws/install/ucsd_robocar_path2_pkg/share/ucsd_robocar_path2_pkg/hook/ament_prefix_path.dsv'
[7.578s] INFO:colcon.colcon_core.shell:Creating environment hook '/home/projects/ros2_ws/install/ucsd_robocar_path2_pkg/share/ucsd_robocar_path2_pkg/hook/ament_prefix_path.sh'
[7.583s] INFO:colcon.colcon_core.shell:Skip shell extension 'powershell' for command environment: Not usable outside of PowerShell
[7.584s] DEBUG:colcon.colcon_core.shell:Skip shell extension 'dsv' for command environment
[7.597s] DEBUG:colcon.colcon_core.shell:Ignoring prefix path '/opt/ros/foxy'
[8.896s] INFO:colcon.colcon_core.task.python.build:Building Python package in '/home/projects/ros2_ws/src/ucsd_robocar_hub2/ucsd_robocar_nav2_pkg'
[8.900s] INFO:colcon.colcon_core.shell:Skip shell extension 'powershell' for command environment: Not usable outside of PowerShell
[8.901s] DEBUG:colcon.colcon_core.shell:Skip shell extension 'dsv' for command environment
[8.915s] DEBUG:colcon.colcon_core.shell:Ignoring prefix path '/opt/ros/foxy'
[10.213s] INFO:colcon.colcon_core.task.python.build:Building Python package in '/home/projects/ros2_ws/src/ucsd_robocar_hub2/ucsd_robocar_path2_pkg'
[10.217s] INFO:colcon.colcon_core.shell:Skip shell extension 'powershell' for command environment: Not usable outside of PowerShell
[10.217s] DEBUG:colcon.colcon_core.shell:Skip shell extension 'dsv' for command environment
[10.231s] DEBUG:colcon.colcon_core.shell:Ignoring prefix path '/opt/ros/foxy'
[10.259s] DEBUG:colcon.colcon_core.event_handler.log_command:Invoking command in '/home/projects/ros2_ws/src/ucsd_robocar_hub2/ucsd_robocar_nav2_pkg': PYTHONPATH=/home/projects/ros2_ws/install/ucsd_robocar_nav2_pkg/lib/python3.8/site-packages:${PYTHONPATH} /usr/bin/python3 setup.py egg_info --egg-base ../../../build/ucsd_robocar_nav2_pkg build --build-base /home/projects/ros2_ws/build/ucsd_robocar_nav2_pkg/build install --prefix /home/projects/ros2_ws/install/ucsd_robocar_nav2_pkg --record /home/projects/ros2_ws/build/ucsd_robocar_nav2_pkg/install.log --single-version-externally-managed
[10.273s] DEBUG:colcon.colcon_core.event_handler.log_command:Invoking command in '/home/projects/ros2_ws/src/ucsd_robocar_hub2/ucsd_robocar_path2_pkg': PYTHONPATH=/home/projects/ros2_ws/install/ucsd_robocar_path2_pkg/lib/python3.8/site-packages:${PYTHONPATH} /usr/bin/python3 setup.py egg_info --egg-base ../../../build/ucsd_robocar_path2_pkg build --build-base /home/projects/ros2_ws/build/ucsd_robocar_path2_pkg/build install --prefix /home/projects/ros2_ws/install/ucsd_robocar_path2_pkg --record /home/projects/ros2_ws/build/ucsd_robocar_path2_pkg/install.log --single-version-externally-managed
[12.151s] Level 1:colcon.colcon_core.environment:checking '/home/projects/ros2_ws/install/ucsd_robocar_nav2_pkg' for CMake module files
[12.153s] DEBUG:colcon.colcon_core.event_handler.log_command:Invoked command in '/home/projects/ros2_ws/src/ucsd_robocar_hub2/ucsd_robocar_nav2_pkg' returned '0': PYTHONPATH=/home/projects/ros2_ws/install/ucsd_robocar_nav2_pkg/lib/python3.8/site-packages:${PYTHONPATH} /usr/bin/python3 setup.py egg_info --egg-base ../../../build/ucsd_robocar_nav2_pkg build --build-base /home/projects/ros2_ws/build/ucsd_robocar_nav2_pkg/build install --prefix /home/projects/ros2_ws/install/ucsd_robocar_nav2_pkg --record /home/projects/ros2_ws/build/ucsd_robocar_nav2_pkg/install.log --single-version-externally-managed
[12.157s] Level 1:colcon.colcon_core.environment:checking '/home/projects/ros2_ws/install/ucsd_robocar_nav2_pkg' for CMake config files
[12.165s] Level 1:colcon.colcon_core.environment:checking '/home/projects/ros2_ws/install/ucsd_robocar_nav2_pkg/lib'
[12.166s] Level 1:colcon.colcon_core.environment:checking '/home/projects/ros2_ws/install/ucsd_robocar_nav2_pkg/bin'
[12.166s] Level 1:colcon.colcon_core.environment:checking '/home/projects/ros2_ws/install/ucsd_robocar_nav2_pkg/lib/pkgconfig/ucsd_robocar_nav2_pkg.pc'
[12.167s] Level 1:colcon.colcon_core.environment:checking '/home/projects/ros2_ws/install/ucsd_robocar_nav2_pkg/lib/python3.8/site-packages'
[12.167s] Level 1:colcon.colcon_core.shell:create_environment_hook('ucsd_robocar_nav2_pkg', 'pythonpath')
[12.171s] INFO:colcon.colcon_core.shell:Creating environment hook '/home/projects/ros2_ws/install/ucsd_robocar_nav2_pkg/share/ucsd_robocar_nav2_pkg/hook/pythonpath.ps1'
[12.174s] INFO:colcon.colcon_core.shell:Creating environment descriptor '/home/projects/ros2_ws/install/ucsd_robocar_nav2_pkg/share/ucsd_robocar_nav2_pkg/hook/pythonpath.dsv'
[12.176s] INFO:colcon.colcon_core.shell:Creating environment hook '/home/projects/ros2_ws/install/ucsd_robocar_nav2_pkg/share/ucsd_robocar_nav2_pkg/hook/pythonpath.sh'
[12.179s] Level 1:colcon.colcon_core.environment:create_environment_scripts_only(ucsd_robocar_nav2_pkg)
[12.183s] INFO:colcon.colcon_core.shell:Creating package script '/home/projects/ros2_ws/install/ucsd_robocar_nav2_pkg/share/ucsd_robocar_nav2_pkg/package.ps1'
[12.187s] INFO:colcon.colcon_core.shell:Creating package descriptor '/home/projects/ros2_ws/install/ucsd_robocar_nav2_pkg/share/ucsd_robocar_nav2_pkg/package.dsv'
[12.189s] INFO:colcon.colcon_core.shell:Creating package script '/home/projects/ros2_ws/install/ucsd_robocar_nav2_pkg/share/ucsd_robocar_nav2_pkg/package.sh'
[12.192s] INFO:colcon.colcon_core.shell:Creating package script '/home/projects/ros2_ws/install/ucsd_robocar_nav2_pkg/share/ucsd_robocar_nav2_pkg/package.bash'
[12.193s] INFO:colcon.colcon_core.shell:Creating package script '/home/projects/ros2_ws/install/ucsd_robocar_nav2_pkg/share/ucsd_robocar_nav2_pkg/package.zsh'
[12.195s] Level 1:colcon.colcon_core.environment:create_file_with_runtime_dependencies(/home/projects/ros2_ws/install/ucsd_robocar_nav2_pkg/share/colcon-core/packages/ucsd_robocar_nav2_pkg)
[12.199s] INFO:colcon.colcon_ros.task.ament_python.build:Building ROS package in '/home/projects/ros2_ws/src/ucsd_robocar_hub2/ucsd_robocar_sensor2_pkg' with build type 'ament_python'
[12.200s] Level 1:colcon.colcon_core.shell:create_environment_hook('ucsd_robocar_sensor2_pkg', 'ament_prefix_path')
[12.205s] INFO:colcon.colcon_core.shell:Creating environment hook '/home/projects/ros2_ws/install/ucsd_robocar_sensor2_pkg/share/ucsd_robocar_sensor2_pkg/hook/ament_prefix_path.ps1'
[12.208s] INFO:colcon.colcon_core.shell:Creating environment descriptor '/home/projects/ros2_ws/install/ucsd_robocar_sensor2_pkg/share/ucsd_robocar_sensor2_pkg/hook/ament_prefix_path.dsv'
[12.210s] INFO:colcon.colcon_core.shell:Creating environment hook '/home/projects/ros2_ws/install/ucsd_robocar_sensor2_pkg/share/ucsd_robocar_sensor2_pkg/hook/ament_prefix_path.sh'
[12.216s] INFO:colcon.colcon_core.shell:Skip shell extension 'powershell' for command environment: Not usable outside of PowerShell
[12.216s] DEBUG:colcon.colcon_core.shell:Skip shell extension 'dsv' for command environment
[12.230s] DEBUG:colcon.colcon_core.shell:Ignoring prefix path '/opt/ros/foxy'
[12.256s] Level 1:colcon.colcon_core.environment:checking '/home/projects/ros2_ws/install/ucsd_robocar_path2_pkg' for CMake module files
[12.260s] DEBUG:colcon.colcon_core.event_handler.log_command:Invoked command in '/home/projects/ros2_ws/src/ucsd_robocar_hub2/ucsd_robocar_path2_pkg' returned '0': PYTHONPATH=/home/projects/ros2_ws/install/ucsd_robocar_path2_pkg/lib/python3.8/site-packages:${PYTHONPATH} /usr/bin/python3 setup.py egg_info --egg-base ../../../build/ucsd_robocar_path2_pkg build --build-base /home/projects/ros2_ws/build/ucsd_robocar_path2_pkg/build install --prefix /home/projects/ros2_ws/install/ucsd_robocar_path2_pkg --record /home/projects/ros2_ws/build/ucsd_robocar_path2_pkg/install.log --single-version-externally-managed
[12.264s] Level 1:colcon.colcon_core.environment:checking '/home/projects/ros2_ws/install/ucsd_robocar_path2_pkg' for CMake config files
[12.270s] Level 1:colcon.colcon_core.environment:checking '/home/projects/ros2_ws/install/ucsd_robocar_path2_pkg/lib'
[12.270s] Level 1:colcon.colcon_core.environment:checking '/home/projects/ros2_ws/install/ucsd_robocar_path2_pkg/bin'
[12.271s] Level 1:colcon.colcon_core.environment:checking '/home/projects/ros2_ws/install/ucsd_robocar_path2_pkg/lib/pkgconfig/ucsd_robocar_path2_pkg.pc'
[12.271s] Level 1:colcon.colcon_core.environment:checking '/home/projects/ros2_ws/install/ucsd_robocar_path2_pkg/lib/python3.8/site-packages'
[12.272s] Level 1:colcon.colcon_core.shell:create_environment_hook('ucsd_robocar_path2_pkg', 'pythonpath')
[12.275s] INFO:colcon.colcon_core.shell:Creating environment hook '/home/projects/ros2_ws/install/ucsd_robocar_path2_pkg/share/ucsd_robocar_path2_pkg/hook/pythonpath.ps1'
[12.277s] INFO:colcon.colcon_core.shell:Creating environment descriptor '/home/projects/ros2_ws/install/ucsd_robocar_path2_pkg/share/ucsd_robocar_path2_pkg/hook/pythonpath.dsv'
[12.279s] INFO:colcon.colcon_core.shell:Creating environment hook '/home/projects/ros2_ws/install/ucsd_robocar_path2_pkg/share/ucsd_robocar_path2_pkg/hook/pythonpath.sh'
[12.281s] Level 1:colcon.colcon_core.environment:create_environment_scripts_only(ucsd_robocar_path2_pkg)
[12.285s] INFO:colcon.colcon_core.shell:Creating package script '/home/projects/ros2_ws/install/ucsd_robocar_path2_pkg/share/ucsd_robocar_path2_pkg/package.ps1'
[12.288s] INFO:colcon.colcon_core.shell:Creating package descriptor '/home/projects/ros2_ws/install/ucsd_robocar_path2_pkg/share/ucsd_robocar_path2_pkg/package.dsv'
[12.290s] INFO:colcon.colcon_core.shell:Creating package script '/home/projects/ros2_ws/install/ucsd_robocar_path2_pkg/share/ucsd_robocar_path2_pkg/package.sh'
[12.293s] INFO:colcon.colcon_core.shell:Creating package script '/home/projects/ros2_ws/install/ucsd_robocar_path2_pkg/share/ucsd_robocar_path2_pkg/package.bash'
[12.294s] INFO:colcon.colcon_core.shell:Creating package script '/home/projects/ros2_ws/install/ucsd_robocar_path2_pkg/share/ucsd_robocar_path2_pkg/package.zsh'
[12.296s] Level 1:colcon.colcon_core.environment:create_file_with_runtime_dependencies(/home/projects/ros2_ws/install/ucsd_robocar_path2_pkg/share/colcon-core/packages/ucsd_robocar_path2_pkg)
[13.585s] INFO:colcon.colcon_core.task.python.build:Building Python package in '/home/projects/ros2_ws/src/ucsd_robocar_hub2/ucsd_robocar_sensor2_pkg'
[13.589s] INFO:colcon.colcon_core.shell:Skip shell extension 'powershell' for command environment: Not usable outside of PowerShell
[13.590s] DEBUG:colcon.colcon_core.shell:Skip shell extension 'dsv' for command environment
[13.603s] DEBUG:colcon.colcon_core.shell:Ignoring prefix path '/opt/ros/foxy'
[13.632s] DEBUG:colcon.colcon_core.event_handler.log_command:Invoking command in '/home/projects/ros2_ws/src/ucsd_robocar_hub2/ucsd_robocar_sensor2_pkg': PYTHONPATH=/home/projects/ros2_ws/install/ucsd_robocar_sensor2_pkg/lib/python3.8/site-packages:${PYTHONPATH} /usr/bin/python3 setup.py egg_info --egg-base ../../../build/ucsd_robocar_sensor2_pkg build --build-base /home/projects/ros2_ws/build/ucsd_robocar_sensor2_pkg/build install --prefix /home/projects/ros2_ws/install/ucsd_robocar_sensor2_pkg --record /home/projects/ros2_ws/build/ucsd_robocar_sensor2_pkg/install.log --single-version-externally-managed
[15.376s] Level 1:colcon.colcon_core.environment:checking '/home/projects/ros2_ws/install/ucsd_robocar_sensor2_pkg' for CMake module files
[15.379s] DEBUG:colcon.colcon_core.event_handler.log_command:Invoked command in '/home/projects/ros2_ws/src/ucsd_robocar_hub2/ucsd_robocar_sensor2_pkg' returned '0': PYTHONPATH=/home/projects/ros2_ws/install/ucsd_robocar_sensor2_pkg/lib/python3.8/site-packages:${PYTHONPATH} /usr/bin/python3 setup.py egg_info --egg-base ../../../build/ucsd_robocar_sensor2_pkg build --build-base /home/projects/ros2_ws/build/ucsd_robocar_sensor2_pkg/build install --prefix /home/projects/ros2_ws/install/ucsd_robocar_sensor2_pkg --record /home/projects/ros2_ws/build/ucsd_robocar_sensor2_pkg/install.log --single-version-externally-managed
[15.383s] Level 1:colcon.colcon_core.environment:checking '/home/projects/ros2_ws/install/ucsd_robocar_sensor2_pkg' for CMake config files
[15.391s] Level 1:colcon.colcon_core.environment:checking '/home/projects/ros2_ws/install/ucsd_robocar_sensor2_pkg/lib'
[15.391s] Level 1:colcon.colcon_core.environment:checking '/home/projects/ros2_ws/install/ucsd_robocar_sensor2_pkg/bin'
[15.392s] Level 1:colcon.colcon_core.environment:checking '/home/projects/ros2_ws/install/ucsd_robocar_sensor2_pkg/lib/pkgconfig/ucsd_robocar_sensor2_pkg.pc'
[15.392s] Level 1:colcon.colcon_core.environment:checking '/home/projects/ros2_ws/install/ucsd_robocar_sensor2_pkg/lib/python3.8/site-packages'
[15.393s] Level 1:colcon.colcon_core.shell:create_environment_hook('ucsd_robocar_sensor2_pkg', 'pythonpath')
[15.396s] INFO:colcon.colcon_core.shell:Creating environment hook '/home/projects/ros2_ws/install/ucsd_robocar_sensor2_pkg/share/ucsd_robocar_sensor2_pkg/hook/pythonpath.ps1'
[15.398s] INFO:colcon.colcon_core.shell:Creating environment descriptor '/home/projects/ros2_ws/install/ucsd_robocar_sensor2_pkg/share/ucsd_robocar_sensor2_pkg/hook/pythonpath.dsv'
[15.400s] INFO:colcon.colcon_core.shell:Creating environment hook '/home/projects/ros2_ws/install/ucsd_robocar_sensor2_pkg/share/ucsd_robocar_sensor2_pkg/hook/pythonpath.sh'
[15.402s] Level 1:colcon.colcon_core.environment:create_environment_scripts_only(ucsd_robocar_sensor2_pkg)
[15.406s] INFO:colcon.colcon_core.shell:Creating package script '/home/projects/ros2_ws/install/ucsd_robocar_sensor2_pkg/share/ucsd_robocar_sensor2_pkg/package.ps1'
[15.409s] INFO:colcon.colcon_core.shell:Creating package descriptor '/home/projects/ros2_ws/install/ucsd_robocar_sensor2_pkg/share/ucsd_robocar_sensor2_pkg/package.dsv'
[15.411s] INFO:colcon.colcon_core.shell:Creating package script '/home/projects/ros2_ws/install/ucsd_robocar_sensor2_pkg/share/ucsd_robocar_sensor2_pkg/package.sh'
[15.414s] INFO:colcon.colcon_core.shell:Creating package script '/home/projects/ros2_ws/install/ucsd_robocar_sensor2_pkg/share/ucsd_robocar_sensor2_pkg/package.bash'
[15.415s] INFO:colcon.colcon_core.shell:Creating package script '/home/projects/ros2_ws/install/ucsd_robocar_sensor2_pkg/share/ucsd_robocar_sensor2_pkg/package.zsh'
[15.417s] Level 1:colcon.colcon_core.environment:create_file_with_runtime_dependencies(/home/projects/ros2_ws/install/ucsd_robocar_sensor2_pkg/share/colcon-core/packages/ucsd_robocar_sensor2_pkg)
[15.419s] DEBUG:colcon.colcon_parallel_executor.executor.parallel:closing loop
[15.421s] DEBUG:colcon.colcon_parallel_executor.executor.parallel:loop closed
[15.421s] DEBUG:colcon.colcon_parallel_executor.executor.parallel:run_until_complete finished with '0'
[15.422s] DEBUG:colcon.colcon_core.event_reactor:joining thread
[15.466s] INFO:colcon.colcon_core.plugin_system:Skipping extension 'colcon_notification.desktop_notification.notify_send': Could not find 'notify-send'
[15.467s] INFO:colcon.colcon_core.plugin_system:Skipping extension 'colcon_notification.desktop_notification.terminal_notifier': Not used on non-Darwin systems
[15.467s] INFO:colcon.colcon_core.plugin_system:Skipping extension 'colcon_notification.desktop_notification.win32': Not used on non-Windows systems
[15.467s] INFO:colcon.colcon_notification.desktop_notification:Sending desktop notification using 'notify2'
[15.474s] DEBUG:colcon.colcon_notification.desktop_notification.notify2:Failed to initialize notify2: org.freedesktop.DBus.Error.Spawn.ExecFailed: /usr/bin/dbus-launch terminated abnormally without any error message
[15.474s] DEBUG:colcon.colcon_core.event_reactor:joined thread
[15.479s] INFO:colcon.colcon_core.shell:Creating prefix script '/home/projects/ros2_ws/install/local_setup.ps1'
[15.486s] INFO:colcon.colcon_core.shell:Creating prefix util module '/home/projects/ros2_ws/install/_local_setup_util_ps1.py'
[15.494s] INFO:colcon.colcon_core.shell:Creating prefix chain script '/home/projects/ros2_ws/install/setup.ps1'
[15.510s] INFO:colcon.colcon_core.shell:Creating prefix script '/home/projects/ros2_ws/install/local_setup.sh'
[15.514s] INFO:colcon.colcon_core.shell:Creating prefix util module '/home/projects/ros2_ws/install/_local_setup_util_sh.py'
[15.517s] INFO:colcon.colcon_core.shell:Creating prefix chain script '/home/projects/ros2_ws/install/setup.sh'
[15.534s] INFO:colcon.colcon_core.shell:Creating prefix script '/home/projects/ros2_ws/install/local_setup.bash'
[15.538s] INFO:colcon.colcon_core.shell:Creating prefix chain script '/home/projects/ros2_ws/install/setup.bash'
[15.553s] INFO:colcon.colcon_core.shell:Creating prefix script '/home/projects/ros2_ws/install/local_setup.zsh'
[15.558s] INFO:colcon.colcon_core.shell:Creating prefix chain script '/home/projects/ros2_ws/install/setup.zsh'
