[1.383s] DEBUG:colcon:Command line arguments: ['/usr/bin/colcon', 'build']
[1.384s] DEBUG:colcon:Parsed command line arguments: Namespace(ament_cmake_args=None, base_paths=['.'], build_base='build', catkin_cmake_args=None, catkin_skip_building_tests=False, cmake_args=None, cmake_clean_cache=False, cmake_clean_first=False, cmake_force_configure=False, cmake_target=None, cmake_target_skip_unavailable=False, continue_on_error=False, event_handlers=None, executor='parallel', ignore_user_meta=False, install_base='install', log_base=None, log_level=None, main=<bound method BuildVerb.main of <colcon_core.verb.build.BuildVerb object at 0x7fa6faf8e0>>, merge_install=False, metas=['./colcon.meta'], mixin=None, mixin_files=None, mixin_verb=('build',), packages_above=None, packages_above_and_dependencies=None, packages_above_depth=None, packages_end=None, packages_ignore=None, packages_ignore_regex=None, packages_select=None, packages_select_build_failed=False, packages_select_by_dep=None, packages_select_regex=None, packages_select_test_failures=False, packages_skip=None, packages_skip_build_finished=False, packages_skip_by_dep=None, packages_skip_regex=None, packages_skip_test_passed=False, packages_skip_up_to=None, packages_start=None, packages_up_to=None, packages_up_to_regex=None, parallel_workers=4, paths=None, symlink_install=False, test_result_base=None, verb_extension=<colcon_core.verb.build.BuildVerb object at 0x7fa6faf8e0>, verb_name='build', verb_parser=<colcon_mixin.mixin.mixin_argument.MixinArgumentDecorator object at 0x7fa6fafeb0>)
[1.406s] Level 1:colcon.colcon_core.package_discovery:discover_packages(colcon_meta) check parameters
[1.409s] INFO:colcon.colcon_metadata.package_discovery.colcon_meta:Using configuration from '/root/.colcon/metadata/default/Gazebo.meta'
[1.411s] INFO:colcon.colcon_metadata.package_discovery.colcon_meta:Using configuration from '/root/.colcon/metadata/default/fastrtps.meta'
[1.411s] Level 1:colcon.colcon_core.package_discovery:discover_packages(recursive) check parameters
[1.411s] Level 1:colcon.colcon_core.package_discovery:discover_packages(ignore) check parameters
[1.411s] Level 1:colcon.colcon_core.package_discovery:discover_packages(path) check parameters
[1.412s] Level 1:colcon.colcon_core.package_discovery:discover_packages(colcon_meta) discover
[1.412s] Level 1:colcon.colcon_core.package_discovery:discover_packages(recursive) discover
[1.412s] INFO:colcon.colcon_core.package_discovery:Crawling recursively for packages in '/home/projects/ros2_ws'
[1.413s] Level 1:colcon.colcon_core.package_identification:_identify(.) by extensions ['ignore', 'ignore_ament_install']
[1.413s] Level 1:colcon.colcon_core.package_identification:_identify(.) by extension 'ignore'
[1.413s] Level 1:colcon.colcon_core.package_identification:_identify(.) by extension 'ignore_ament_install'
[1.414s] Level 1:colcon.colcon_core.package_identification:_identify(.) by extensions ['colcon_pkg']
[1.414s] Level 1:colcon.colcon_core.package_identification:_identify(.) by extension 'colcon_pkg'
[1.414s] Level 1:colcon.colcon_core.package_identification:_identify(.) by extensions ['colcon_meta']
[1.414s] Level 1:colcon.colcon_core.package_identification:_identify(.) by extension 'colcon_meta'
[1.414s] Level 1:colcon.colcon_core.package_identification:_identify(.) by extensions ['ros']
[1.414s] Level 1:colcon.colcon_core.package_identification:_identify(.) by extension 'ros'
[1.463s] Level 1:colcon.colcon_core.package_identification:_identify(.) by extensions ['cmake', 'python']
[1.463s] Level 1:colcon.colcon_core.package_identification:_identify(.) by extension 'cmake'
[1.463s] Level 1:colcon.colcon_core.package_identification:_identify(.) by extension 'python'
[1.464s] Level 1:colcon.colcon_core.package_identification:_identify(.) by extensions ['python_setup_py']
[1.464s] Level 1:colcon.colcon_core.package_identification:_identify(.) by extension 'python_setup_py'
[1.464s] Level 1:colcon.colcon_core.package_identification:_identify(build) by extensions ['ignore', 'ignore_ament_install']
[1.465s] Level 1:colcon.colcon_core.package_identification:_identify(build) by extension 'ignore'
[1.465s] Level 1:colcon.colcon_core.package_identification:_identify(build) ignored
[1.466s] Level 1:colcon.colcon_core.package_identification:_identify(install) by extensions ['ignore', 'ignore_ament_install']
[1.466s] Level 1:colcon.colcon_core.package_identification:_identify(install) by extension 'ignore'
[1.466s] Level 1:colcon.colcon_core.package_identification:_identify(install) ignored
[1.467s] Level 1:colcon.colcon_core.package_identification:_identify(log) by extensions ['ignore', 'ignore_ament_install']
[1.467s] Level 1:colcon.colcon_core.package_identification:_identify(log) by extension 'ignore'
[1.467s] Level 1:colcon.colcon_core.package_identification:_identify(log) ignored
[1.468s] Level 1:colcon.colcon_core.package_identification:_identify(src) by extensions ['ignore', 'ignore_ament_install']
[1.468s] Level 1:colcon.colcon_core.package_identification:_identify(src) by extension 'ignore'
[1.468s] Level 1:colcon.colcon_core.package_identification:_identify(src) by extension 'ignore_ament_install'
[1.469s] Level 1:colcon.colcon_core.package_identification:_identify(src) by extensions ['colcon_pkg']
[1.469s] Level 1:colcon.colcon_core.package_identification:_identify(src) by extension 'colcon_pkg'
[1.469s] Level 1:colcon.colcon_core.package_identification:_identify(src) by extensions ['colcon_meta']
[1.469s] Level 1:colcon.colcon_core.package_identification:_identify(src) by extension 'colcon_meta'
[1.469s] Level 1:colcon.colcon_core.package_identification:_identify(src) by extensions ['ros']
[1.470s] Level 1:colcon.colcon_core.package_identification:_identify(src) by extension 'ros'
[1.470s] Level 1:colcon.colcon_core.package_identification:_identify(src) by extensions ['cmake', 'python']
[1.470s] Level 1:colcon.colcon_core.package_identification:_identify(src) by extension 'cmake'
[1.470s] Level 1:colcon.colcon_core.package_identification:_identify(src) by extension 'python'
[1.470s] Level 1:colcon.colcon_core.package_identification:_identify(src) by extensions ['python_setup_py']
[1.470s] Level 1:colcon.colcon_core.package_identification:_identify(src) by extension 'python_setup_py'
[1.471s] Level 1:colcon.colcon_core.package_identification:_identify(src/ucsd_robocar_hub2) by extensions ['ignore', 'ignore_ament_install']
[1.472s] Level 1:colcon.colcon_core.package_identification:_identify(src/ucsd_robocar_hub2) by extension 'ignore'
[1.472s] Level 1:colcon.colcon_core.package_identification:_identify(src/ucsd_robocar_hub2) by extension 'ignore_ament_install'
[1.472s] Level 1:colcon.colcon_core.package_identification:_identify(src/ucsd_robocar_hub2) by extensions ['colcon_pkg']
[1.472s] Level 1:colcon.colcon_core.package_identification:_identify(src/ucsd_robocar_hub2) by extension 'colcon_pkg'
[1.472s] Level 1:colcon.colcon_core.package_identification:_identify(src/ucsd_robocar_hub2) by extensions ['colcon_meta']
[1.472s] Level 1:colcon.colcon_core.package_identification:_identify(src/ucsd_robocar_hub2) by extension 'colcon_meta'
[1.473s] Level 1:colcon.colcon_core.package_identification:_identify(src/ucsd_robocar_hub2) by extensions ['ros']
[1.473s] Level 1:colcon.colcon_core.package_identification:_identify(src/ucsd_robocar_hub2) by extension 'ros'
[1.473s] Level 1:colcon.colcon_core.package_identification:_identify(src/ucsd_robocar_hub2) by extensions ['cmake', 'python']
[1.473s] Level 1:colcon.colcon_core.package_identification:_identify(src/ucsd_robocar_hub2) by extension 'cmake'
[1.473s] Level 1:colcon.colcon_core.package_identification:_identify(src/ucsd_robocar_hub2) by extension 'python'
[1.474s] Level 1:colcon.colcon_core.package_identification:_identify(src/ucsd_robocar_hub2) by extensions ['python_setup_py']
[1.474s] Level 1:colcon.colcon_core.package_identification:_identify(src/ucsd_robocar_hub2) by extension 'python_setup_py'
[1.474s] Level 1:colcon.colcon_core.package_identification:_identify(src/ucsd_robocar_hub2/mask_pkg) by extensions ['ignore', 'ignore_ament_install']
[1.475s] Level 1:colcon.colcon_core.package_identification:_identify(src/ucsd_robocar_hub2/mask_pkg) by extension 'ignore'
[1.475s] Level 1:colcon.colcon_core.package_identification:_identify(src/ucsd_robocar_hub2/mask_pkg) by extension 'ignore_ament_install'
[1.475s] Level 1:colcon.colcon_core.package_identification:_identify(src/ucsd_robocar_hub2/mask_pkg) by extensions ['colcon_pkg']
[1.475s] Level 1:colcon.colcon_core.package_identification:_identify(src/ucsd_robocar_hub2/mask_pkg) by extension 'colcon_pkg'
[1.475s] Level 1:colcon.colcon_core.package_identification:_identify(src/ucsd_robocar_hub2/mask_pkg) by extensions ['colcon_meta']
[1.475s] Level 1:colcon.colcon_core.package_identification:_identify(src/ucsd_robocar_hub2/mask_pkg) by extension 'colcon_meta'
[1.476s] Level 1:colcon.colcon_core.package_identification:_identify(src/ucsd_robocar_hub2/mask_pkg) by extensions ['ros']
[1.476s] Level 1:colcon.colcon_core.package_identification:_identify(src/ucsd_robocar_hub2/mask_pkg) by extension 'ros'
[1.485s] DEBUG:colcon.colcon_core.package_identification:Package 'src/ucsd_robocar_hub2/mask_pkg' with type 'ros.ament_python' and name 'mask_pkg'
[1.486s] Level 1:colcon.colcon_core.package_identification:_identify(src/ucsd_robocar_hub2/ucsd_robocar_actuator2_pkg) by extensions ['ignore', 'ignore_ament_install']
[1.487s] Level 1:colcon.colcon_core.package_identification:_identify(src/ucsd_robocar_hub2/ucsd_robocar_actuator2_pkg) by extension 'ignore'
[1.487s] Level 1:colcon.colcon_core.package_identification:_identify(src/ucsd_robocar_hub2/ucsd_robocar_actuator2_pkg) by extension 'ignore_ament_install'
[1.487s] Level 1:colcon.colcon_core.package_identification:_identify(src/ucsd_robocar_hub2/ucsd_robocar_actuator2_pkg) by extensions ['colcon_pkg']
[1.487s] Level 1:colcon.colcon_core.package_identification:_identify(src/ucsd_robocar_hub2/ucsd_robocar_actuator2_pkg) by extension 'colcon_pkg'
[1.487s] Level 1:colcon.colcon_core.package_identification:_identify(src/ucsd_robocar_hub2/ucsd_robocar_actuator2_pkg) by extensions ['colcon_meta']
[1.488s] Level 1:colcon.colcon_core.package_identification:_identify(src/ucsd_robocar_hub2/ucsd_robocar_actuator2_pkg) by extension 'colcon_meta'
[1.488s] Level 1:colcon.colcon_core.package_identification:_identify(src/ucsd_robocar_hub2/ucsd_robocar_actuator2_pkg) by extensions ['ros']
[1.488s] Level 1:colcon.colcon_core.package_identification:_identify(src/ucsd_robocar_hub2/ucsd_robocar_actuator2_pkg) by extension 'ros'
[1.490s] DEBUG:colcon.colcon_core.package_identification:Package 'src/ucsd_robocar_hub2/ucsd_robocar_actuator2_pkg' with type 'ros.ament_python' and name 'ucsd_robocar_actuator2_pkg'
[1.491s] Level 1:colcon.colcon_core.package_identification:_identify(src/ucsd_robocar_hub2/ucsd_robocar_lane_detection2_pkg) by extensions ['ignore', 'ignore_ament_install']
[1.491s] Level 1:colcon.colcon_core.package_identification:_identify(src/ucsd_robocar_hub2/ucsd_robocar_lane_detection2_pkg) by extension 'ignore'
[1.492s] Level 1:colcon.colcon_core.package_identification:_identify(src/ucsd_robocar_hub2/ucsd_robocar_lane_detection2_pkg) by extension 'ignore_ament_install'
[1.492s] Level 1:colcon.colcon_core.package_identification:_identify(src/ucsd_robocar_hub2/ucsd_robocar_lane_detection2_pkg) by extensions ['colcon_pkg']
[1.492s] Level 1:colcon.colcon_core.package_identification:_identify(src/ucsd_robocar_hub2/ucsd_robocar_lane_detection2_pkg) by extension 'colcon_pkg'
[1.492s] Level 1:colcon.colcon_core.package_identification:_identify(src/ucsd_robocar_hub2/ucsd_robocar_lane_detection2_pkg) by extensions ['colcon_meta']
[1.492s] Level 1:colcon.colcon_core.package_identification:_identify(src/ucsd_robocar_hub2/ucsd_robocar_lane_detection2_pkg) by extension 'colcon_meta'
[1.493s] Level 1:colcon.colcon_core.package_identification:_identify(src/ucsd_robocar_hub2/ucsd_robocar_lane_detection2_pkg) by extensions ['ros']
[1.493s] Level 1:colcon.colcon_core.package_identification:_identify(src/ucsd_robocar_hub2/ucsd_robocar_lane_detection2_pkg) by extension 'ros'
[1.495s] DEBUG:colcon.colcon_core.package_identification:Package 'src/ucsd_robocar_hub2/ucsd_robocar_lane_detection2_pkg' with type 'ros.ament_python' and name 'ucsd_robocar_lane_detection2_pkg'
[1.496s] Level 1:colcon.colcon_core.package_identification:_identify(src/ucsd_robocar_hub2/ucsd_robocar_nav2_pkg) by extensions ['ignore', 'ignore_ament_install']
[1.496s] Level 1:colcon.colcon_core.package_identification:_identify(src/ucsd_robocar_hub2/ucsd_robocar_nav2_pkg) by extension 'ignore'
[1.497s] Level 1:colcon.colcon_core.package_identification:_identify(src/ucsd_robocar_hub2/ucsd_robocar_nav2_pkg) by extension 'ignore_ament_install'
[1.497s] Level 1:colcon.colcon_core.package_identification:_identify(src/ucsd_robocar_hub2/ucsd_robocar_nav2_pkg) by extensions ['colcon_pkg']
[1.497s] Level 1:colcon.colcon_core.package_identification:_identify(src/ucsd_robocar_hub2/ucsd_robocar_nav2_pkg) by extension 'colcon_pkg'
[1.497s] Level 1:colcon.colcon_core.package_identification:_identify(src/ucsd_robocar_hub2/ucsd_robocar_nav2_pkg) by extensions ['colcon_meta']
[1.497s] Level 1:colcon.colcon_core.package_identification:_identify(src/ucsd_robocar_hub2/ucsd_robocar_nav2_pkg) by extension 'colcon_meta'
[1.497s] Level 1:colcon.colcon_core.package_identification:_identify(src/ucsd_robocar_hub2/ucsd_robocar_nav2_pkg) by extensions ['ros']
[1.498s] Level 1:colcon.colcon_core.package_identification:_identify(src/ucsd_robocar_hub2/ucsd_robocar_nav2_pkg) by extension 'ros'
[1.500s] DEBUG:colcon.colcon_core.package_identification:Package 'src/ucsd_robocar_hub2/ucsd_robocar_nav2_pkg' with type 'ros.ament_python' and name 'ucsd_robocar_nav2_pkg'
[1.500s] Level 1:colcon.colcon_core.package_identification:_identify(src/ucsd_robocar_hub2/ucsd_robocar_path2_pkg) by extensions ['ignore', 'ignore_ament_install']
[1.501s] Level 1:colcon.colcon_core.package_identification:_identify(src/ucsd_robocar_hub2/ucsd_robocar_path2_pkg) by extension 'ignore'
[1.501s] Level 1:colcon.colcon_core.package_identification:_identify(src/ucsd_robocar_hub2/ucsd_robocar_path2_pkg) by extension 'ignore_ament_install'
[1.501s] Level 1:colcon.colcon_core.package_identification:_identify(src/ucsd_robocar_hub2/ucsd_robocar_path2_pkg) by extensions ['colcon_pkg']
[1.501s] Level 1:colcon.colcon_core.package_identification:_identify(src/ucsd_robocar_hub2/ucsd_robocar_path2_pkg) by extension 'colcon_pkg'
[1.502s] Level 1:colcon.colcon_core.package_identification:_identify(src/ucsd_robocar_hub2/ucsd_robocar_path2_pkg) by extensions ['colcon_meta']
[1.502s] Level 1:colcon.colcon_core.package_identification:_identify(src/ucsd_robocar_hub2/ucsd_robocar_path2_pkg) by extension 'colcon_meta'
[1.502s] Level 1:colcon.colcon_core.package_identification:_identify(src/ucsd_robocar_hub2/ucsd_robocar_path2_pkg) by extensions ['ros']
[1.502s] Level 1:colcon.colcon_core.package_identification:_identify(src/ucsd_robocar_hub2/ucsd_robocar_path2_pkg) by extension 'ros'
[1.504s] DEBUG:colcon.colcon_core.package_identification:Package 'src/ucsd_robocar_hub2/ucsd_robocar_path2_pkg' with type 'ros.ament_python' and name 'ucsd_robocar_path2_pkg'
[1.505s] Level 1:colcon.colcon_core.package_identification:_identify(src/ucsd_robocar_hub2/ucsd_robocar_sensor2_pkg) by extensions ['ignore', 'ignore_ament_install']
[1.505s] Level 1:colcon.colcon_core.package_identification:_identify(src/ucsd_robocar_hub2/ucsd_robocar_sensor2_pkg) by extension 'ignore'
[1.506s] Level 1:colcon.colcon_core.package_identification:_identify(src/ucsd_robocar_hub2/ucsd_robocar_sensor2_pkg) by extension 'ignore_ament_install'
[1.506s] Level 1:colcon.colcon_core.package_identification:_identify(src/ucsd_robocar_hub2/ucsd_robocar_sensor2_pkg) by extensions ['colcon_pkg']
[1.506s] Level 1:colcon.colcon_core.package_identification:_identify(src/ucsd_robocar_hub2/ucsd_robocar_sensor2_pkg) by extension 'colcon_pkg'
[1.506s] Level 1:colcon.colcon_core.package_identification:_identify(src/ucsd_robocar_hub2/ucsd_robocar_sensor2_pkg) by extensions ['colcon_meta']
[1.506s] Level 1:colcon.colcon_core.package_identification:_identify(src/ucsd_robocar_hub2/ucsd_robocar_sensor2_pkg) by extension 'colcon_meta'
[1.506s] Level 1:colcon.colcon_core.package_identification:_identify(src/ucsd_robocar_hub2/ucsd_robocar_sensor2_pkg) by extensions ['ros']
[1.507s] Level 1:colcon.colcon_core.package_identification:_identify(src/ucsd_robocar_hub2/ucsd_robocar_sensor2_pkg) by extension 'ros'
[1.509s] DEBUG:colcon.colcon_core.package_identification:Package 'src/ucsd_robocar_hub2/ucsd_robocar_sensor2_pkg' with type 'ros.ament_python' and name 'ucsd_robocar_sensor2_pkg'
[1.510s] Level 1:colcon.colcon_core.package_identification:_identify(weights) by extensions ['ignore', 'ignore_ament_install']
[1.510s] Level 1:colcon.colcon_core.package_identification:_identify(weights) by extension 'ignore'
[1.510s] Level 1:colcon.colcon_core.package_identification:_identify(weights) by extension 'ignore_ament_install'
[1.510s] Level 1:colcon.colcon_core.package_identification:_identify(weights) by extensions ['colcon_pkg']
[1.511s] Level 1:colcon.colcon_core.package_identification:_identify(weights) by extension 'colcon_pkg'
[1.511s] Level 1:colcon.colcon_core.package_identification:_identify(weights) by extensions ['colcon_meta']
[1.511s] Level 1:colcon.colcon_core.package_identification:_identify(weights) by extension 'colcon_meta'
[1.511s] Level 1:colcon.colcon_core.package_identification:_identify(weights) by extensions ['ros']
[1.511s] Level 1:colcon.colcon_core.package_identification:_identify(weights) by extension 'ros'
[1.512s] Level 1:colcon.colcon_core.package_identification:_identify(weights) by extensions ['cmake', 'python']
[1.512s] Level 1:colcon.colcon_core.package_identification:_identify(weights) by extension 'cmake'
[1.512s] Level 1:colcon.colcon_core.package_identification:_identify(weights) by extension 'python'
[1.512s] Level 1:colcon.colcon_core.package_identification:_identify(weights) by extensions ['python_setup_py']
[1.512s] Level 1:colcon.colcon_core.package_identification:_identify(weights) by extension 'python_setup_py'
[1.513s] Level 1:colcon.colcon_core.package_discovery:discover_packages(recursive) using defaults
[1.513s] Level 1:colcon.colcon_core.package_discovery:discover_packages(ignore) discover
[1.513s] Level 1:colcon.colcon_core.package_discovery:discover_packages(ignore) using defaults
[1.513s] Level 1:colcon.colcon_core.package_discovery:discover_packages(path) discover
[1.513s] Level 1:colcon.colcon_core.package_discovery:discover_packages(path) using defaults
[1.594s] Level 5:colcon.colcon_core.verb:set package 'mask_pkg' build argument 'cmake_args' from command line to 'None'
[1.594s] Level 5:colcon.colcon_core.verb:set package 'mask_pkg' build argument 'cmake_target' from command line to 'None'
[1.594s] Level 5:colcon.colcon_core.verb:set package 'mask_pkg' build argument 'cmake_target_skip_unavailable' from command line to 'False'
[1.594s] Level 5:colcon.colcon_core.verb:set package 'mask_pkg' build argument 'cmake_clean_cache' from command line to 'False'
[1.594s] Level 5:colcon.colcon_core.verb:set package 'mask_pkg' build argument 'cmake_clean_first' from command line to 'False'
[1.594s] Level 5:colcon.colcon_core.verb:set package 'mask_pkg' build argument 'cmake_force_configure' from command line to 'False'
[1.594s] Level 5:colcon.colcon_core.verb:set package 'mask_pkg' build argument 'ament_cmake_args' from command line to 'None'
[1.595s] Level 5:colcon.colcon_core.verb:set package 'mask_pkg' build argument 'catkin_cmake_args' from command line to 'None'
[1.595s] Level 5:colcon.colcon_core.verb:set package 'mask_pkg' build argument 'catkin_skip_building_tests' from command line to 'False'
[1.595s] DEBUG:colcon.colcon_core.verb:Building package 'mask_pkg' with the following arguments: {'ament_cmake_args': None, 'build_base': '/home/projects/ros2_ws/build/mask_pkg', 'catkin_cmake_args': None, 'catkin_skip_building_tests': False, 'cmake_args': None, 'cmake_clean_cache': False, 'cmake_clean_first': False, 'cmake_force_configure': False, 'cmake_target': None, 'cmake_target_skip_unavailable': False, 'install_base': '/home/projects/ros2_ws/install/mask_pkg', 'merge_install': False, 'path': '/home/projects/ros2_ws/src/ucsd_robocar_hub2/mask_pkg', 'symlink_install': False, 'test_result_base': None}
[1.607s] Level 5:colcon.colcon_core.verb:set package 'ucsd_robocar_actuator2_pkg' build argument 'cmake_args' from command line to 'None'
[1.607s] Level 5:colcon.colcon_core.verb:set package 'ucsd_robocar_actuator2_pkg' build argument 'cmake_target' from command line to 'None'
[1.607s] Level 5:colcon.colcon_core.verb:set package 'ucsd_robocar_actuator2_pkg' build argument 'cmake_target_skip_unavailable' from command line to 'False'
[1.607s] Level 5:colcon.colcon_core.verb:set package 'ucsd_robocar_actuator2_pkg' build argument 'cmake_clean_cache' from command line to 'False'
[1.608s] Level 5:colcon.colcon_core.verb:set package 'ucsd_robocar_actuator2_pkg' build argument 'cmake_clean_first' from command line to 'False'
[1.608s] Level 5:colcon.colcon_core.verb:set package 'ucsd_robocar_actuator2_pkg' build argument 'cmake_force_configure' from command line to 'False'
[1.608s] Level 5:colcon.colcon_core.verb:set package 'ucsd_robocar_actuator2_pkg' build argument 'ament_cmake_args' from command line to 'None'
[1.608s] Level 5:colcon.colcon_core.verb:set package 'ucsd_robocar_actuator2_pkg' build argument 'catkin_cmake_args' from command line to 'None'
[1.608s] Level 5:colcon.colcon_core.verb:set package 'ucsd_robocar_actuator2_pkg' build argument 'catkin_skip_building_tests' from command line to 'False'
[1.608s] DEBUG:colcon.colcon_core.verb:Building package 'ucsd_robocar_actuator2_pkg' with the following arguments: {'ament_cmake_args': None, 'build_base': '/home/projects/ros2_ws/build/ucsd_robocar_actuator2_pkg', 'catkin_cmake_args': None, 'catkin_skip_building_tests': False, 'cmake_args': None, 'cmake_clean_cache': False, 'cmake_clean_first': False, 'cmake_force_configure': False, 'cmake_target': None, 'cmake_target_skip_unavailable': False, 'install_base': '/home/projects/ros2_ws/install/ucsd_robocar_actuator2_pkg', 'merge_install': False, 'path': '/home/projects/ros2_ws/src/ucsd_robocar_hub2/ucsd_robocar_actuator2_pkg', 'symlink_install': False, 'test_result_base': None}
[1.620s] Level 5:colcon.colcon_core.verb:set package 'ucsd_robocar_lane_detection2_pkg' build argument 'cmake_args' from command line to 'None'
[1.620s] Level 5:colcon.colcon_core.verb:set package 'ucsd_robocar_lane_detection2_pkg' build argument 'cmake_target' from command line to 'None'
[1.621s] Level 5:colcon.colcon_core.verb:set package 'ucsd_robocar_lane_detection2_pkg' build argument 'cmake_target_skip_unavailable' from command line to 'False'
[1.621s] Level 5:colcon.colcon_core.verb:set package 'ucsd_robocar_lane_detection2_pkg' build argument 'cmake_clean_cache' from command line to 'False'
[1.621s] Level 5:colcon.colcon_core.verb:set package 'ucsd_robocar_lane_detection2_pkg' build argument 'cmake_clean_first' from command line to 'False'
[1.621s] Level 5:colcon.colcon_core.verb:set package 'ucsd_robocar_lane_detection2_pkg' build argument 'cmake_force_configure' from command line to 'False'
[1.621s] Level 5:colcon.colcon_core.verb:set package 'ucsd_robocar_lane_detection2_pkg' build argument 'ament_cmake_args' from command line to 'None'
[1.621s] Level 5:colcon.colcon_core.verb:set package 'ucsd_robocar_lane_detection2_pkg' build argument 'catkin_cmake_args' from command line to 'None'
[1.621s] Level 5:colcon.colcon_core.verb:set package 'ucsd_robocar_lane_detection2_pkg' build argument 'catkin_skip_building_tests' from command line to 'False'
[1.621s] DEBUG:colcon.colcon_core.verb:Building package 'ucsd_robocar_lane_detection2_pkg' with the following arguments: {'ament_cmake_args': None, 'build_base': '/home/projects/ros2_ws/build/ucsd_robocar_lane_detection2_pkg', 'catkin_cmake_args': None, 'catkin_skip_building_tests': False, 'cmake_args': None, 'cmake_clean_cache': False, 'cmake_clean_first': False, 'cmake_force_configure': False, 'cmake_target': None, 'cmake_target_skip_unavailable': False, 'install_base': '/home/projects/ros2_ws/install/ucsd_robocar_lane_detection2_pkg', 'merge_install': False, 'path': '/home/projects/ros2_ws/src/ucsd_robocar_hub2/ucsd_robocar_lane_detection2_pkg', 'symlink_install': False, 'test_result_base': None}
[1.633s] Level 5:colcon.colcon_core.verb:set package 'ucsd_robocar_nav2_pkg' build argument 'cmake_args' from command line to 'None'
[1.634s] Level 5:colcon.colcon_core.verb:set package 'ucsd_robocar_nav2_pkg' build argument 'cmake_target' from command line to 'None'
[1.634s] Level 5:colcon.colcon_core.verb:set package 'ucsd_robocar_nav2_pkg' build argument 'cmake_target_skip_unavailable' from command line to 'False'
[1.634s] Level 5:colcon.colcon_core.verb:set package 'ucsd_robocar_nav2_pkg' build argument 'cmake_clean_cache' from command line to 'False'
[1.634s] Level 5:colcon.colcon_core.verb:set package 'ucsd_robocar_nav2_pkg' build argument 'cmake_clean_first' from command line to 'False'
[1.634s] Level 5:colcon.colcon_core.verb:set package 'ucsd_robocar_nav2_pkg' build argument 'cmake_force_configure' from command line to 'False'
[1.634s] Level 5:colcon.colcon_core.verb:set package 'ucsd_robocar_nav2_pkg' build argument 'ament_cmake_args' from command line to 'None'
[1.634s] Level 5:colcon.colcon_core.verb:set package 'ucsd_robocar_nav2_pkg' build argument 'catkin_cmake_args' from command line to 'None'
[1.634s] Level 5:colcon.colcon_core.verb:set package 'ucsd_robocar_nav2_pkg' build argument 'catkin_skip_building_tests' from command line to 'False'
[1.635s] DEBUG:colcon.colcon_core.verb:Building package 'ucsd_robocar_nav2_pkg' with the following arguments: {'ament_cmake_args': None, 'build_base': '/home/projects/ros2_ws/build/ucsd_robocar_nav2_pkg', 'catkin_cmake_args': None, 'catkin_skip_building_tests': False, 'cmake_args': None, 'cmake_clean_cache': False, 'cmake_clean_first': False, 'cmake_force_configure': False, 'cmake_target': None, 'cmake_target_skip_unavailable': False, 'install_base': '/home/projects/ros2_ws/install/ucsd_robocar_nav2_pkg', 'merge_install': False, 'path': '/home/projects/ros2_ws/src/ucsd_robocar_hub2/ucsd_robocar_nav2_pkg', 'symlink_install': False, 'test_result_base': None}
[1.646s] Level 5:colcon.colcon_core.verb:set package 'ucsd_robocar_path2_pkg' build argument 'cmake_args' from command line to 'None'
[1.647s] Level 5:colcon.colcon_core.verb:set package 'ucsd_robocar_path2_pkg' build argument 'cmake_target' from command line to 'None'
[1.647s] Level 5:colcon.colcon_core.verb:set package 'ucsd_robocar_path2_pkg' build argument 'cmake_target_skip_unavailable' from command line to 'False'
[1.647s] Level 5:colcon.colcon_core.verb:set package 'ucsd_robocar_path2_pkg' build argument 'cmake_clean_cache' from command line to 'False'
[1.647s] Level 5:colcon.colcon_core.verb:set package 'ucsd_robocar_path2_pkg' build argument 'cmake_clean_first' from command line to 'False'
[1.647s] Level 5:colcon.colcon_core.verb:set package 'ucsd_robocar_path2_pkg' build argument 'cmake_force_configure' from command line to 'False'
[1.647s] Level 5:colcon.colcon_core.verb:set package 'ucsd_robocar_path2_pkg' build argument 'ament_cmake_args' from command line to 'None'
[1.647s] Level 5:colcon.colcon_core.verb:set package 'ucsd_robocar_path2_pkg' build argument 'catkin_cmake_args' from command line to 'None'
[1.647s] Level 5:colcon.colcon_core.verb:set package 'ucsd_robocar_path2_pkg' build argument 'catkin_skip_building_tests' from command line to 'False'
[1.648s] DEBUG:colcon.colcon_core.verb:Building package 'ucsd_robocar_path2_pkg' with the following arguments: {'ament_cmake_args': None, 'build_base': '/home/projects/ros2_ws/build/ucsd_robocar_path2_pkg', 'catkin_cmake_args': None, 'catkin_skip_building_tests': False, 'cmake_args': None, 'cmake_clean_cache': False, 'cmake_clean_first': False, 'cmake_force_configure': False, 'cmake_target': None, 'cmake_target_skip_unavailable': False, 'install_base': '/home/projects/ros2_ws/install/ucsd_robocar_path2_pkg', 'merge_install': False, 'path': '/home/projects/ros2_ws/src/ucsd_robocar_hub2/ucsd_robocar_path2_pkg', 'symlink_install': False, 'test_result_base': None}
[1.659s] Level 5:colcon.colcon_core.verb:set package 'ucsd_robocar_sensor2_pkg' build argument 'cmake_args' from command line to 'None'
[1.660s] Level 5:colcon.colcon_core.verb:set package 'ucsd_robocar_sensor2_pkg' build argument 'cmake_target' from command line to 'None'
[1.660s] Level 5:colcon.colcon_core.verb:set package 'ucsd_robocar_sensor2_pkg' build argument 'cmake_target_skip_unavailable' from command line to 'False'
[1.660s] Level 5:colcon.colcon_core.verb:set package 'ucsd_robocar_sensor2_pkg' build argument 'cmake_clean_cache' from command line to 'False'
[1.660s] Level 5:colcon.colcon_core.verb:set package 'ucsd_robocar_sensor2_pkg' build argument 'cmake_clean_first' from command line to 'False'
[1.660s] Level 5:colcon.colcon_core.verb:set package 'ucsd_robocar_sensor2_pkg' build argument 'cmake_force_configure' from command line to 'False'
[1.660s] Level 5:colcon.colcon_core.verb:set package 'ucsd_robocar_sensor2_pkg' build argument 'ament_cmake_args' from command line to 'None'
[1.660s] Level 5:colcon.colcon_core.verb:set package 'ucsd_robocar_sensor2_pkg' build argument 'catkin_cmake_args' from command line to 'None'
[1.660s] Level 5:colcon.colcon_core.verb:set package 'ucsd_robocar_sensor2_pkg' build argument 'catkin_skip_building_tests' from command line to 'False'
[1.661s] DEBUG:colcon.colcon_core.verb:Building package 'ucsd_robocar_sensor2_pkg' with the following arguments: {'ament_cmake_args': None, 'build_base': '/home/projects/ros2_ws/build/ucsd_robocar_sensor2_pkg', 'catkin_cmake_args': None, 'catkin_skip_building_tests': False, 'cmake_args': None, 'cmake_clean_cache': False, 'cmake_clean_first': False, 'cmake_force_configure': False, 'cmake_target': None, 'cmake_target_skip_unavailable': False, 'install_base': '/home/projects/ros2_ws/install/ucsd_robocar_sensor2_pkg', 'merge_install': False, 'path': '/home/projects/ros2_ws/src/ucsd_robocar_hub2/ucsd_robocar_sensor2_pkg', 'symlink_install': False, 'test_result_base': None}
[1.662s] INFO:colcon.colcon_core.executor:Executing jobs using 'parallel' executor
[1.669s] DEBUG:colcon.colcon_parallel_executor.executor.parallel:run_until_complete
[1.671s] INFO:colcon.colcon_ros.task.ament_python.build:Building ROS package in '/home/projects/ros2_ws/src/ucsd_robocar_hub2/mask_pkg' with build type 'ament_python'
[1.671s] Level 1:colcon.colcon_core.shell:create_environment_hook('mask_pkg', 'ament_prefix_path')
[1.686s] INFO:colcon.colcon_core.plugin_system:Skipping extension 'colcon_core.shell.bat': Not used on non-Windows systems
[1.687s] INFO:colcon.colcon_core.shell:Creating environment hook '/home/projects/ros2_ws/install/mask_pkg/share/mask_pkg/hook/ament_prefix_path.ps1'
[1.694s] INFO:colcon.colcon_core.shell:Creating environment descriptor '/home/projects/ros2_ws/install/mask_pkg/share/mask_pkg/hook/ament_prefix_path.dsv'
[1.696s] INFO:colcon.colcon_core.shell:Creating environment hook '/home/projects/ros2_ws/install/mask_pkg/share/mask_pkg/hook/ament_prefix_path.sh'
[1.700s] INFO:colcon.colcon_core.shell:Skip shell extension 'powershell' for command environment: Not usable outside of PowerShell
[1.701s] DEBUG:colcon.colcon_core.shell:Skip shell extension 'dsv' for command environment
[1.714s] DEBUG:colcon.colcon_core.shell:Ignoring prefix path '/opt/ros/foxy'
[1.723s] INFO:colcon.colcon_ros.task.ament_python.build:Building ROS package in '/home/projects/ros2_ws/src/ucsd_robocar_hub2/ucsd_robocar_actuator2_pkg' with build type 'ament_python'
[1.724s] Level 1:colcon.colcon_core.shell:create_environment_hook('ucsd_robocar_actuator2_pkg', 'ament_prefix_path')
[1.727s] INFO:colcon.colcon_core.shell:Creating environment hook '/home/projects/ros2_ws/install/ucsd_robocar_actuator2_pkg/share/ucsd_robocar_actuator2_pkg/hook/ament_prefix_path.ps1'
[1.730s] INFO:colcon.colcon_core.shell:Creating environment descriptor '/home/projects/ros2_ws/install/ucsd_robocar_actuator2_pkg/share/ucsd_robocar_actuator2_pkg/hook/ament_prefix_path.dsv'
[1.731s] INFO:colcon.colcon_core.shell:Creating environment hook '/home/projects/ros2_ws/install/ucsd_robocar_actuator2_pkg/share/ucsd_robocar_actuator2_pkg/hook/ament_prefix_path.sh'
[1.735s] INFO:colcon.colcon_core.shell:Skip shell extension 'powershell' for command environment: Not usable outside of PowerShell
[1.735s] DEBUG:colcon.colcon_core.shell:Skip shell extension 'dsv' for command environment
[1.746s] DEBUG:colcon.colcon_core.shell:Ignoring prefix path '/opt/ros/foxy'
[1.754s] INFO:colcon.colcon_ros.task.ament_python.build:Building ROS package in '/home/projects/ros2_ws/src/ucsd_robocar_hub2/ucsd_robocar_lane_detection2_pkg' with build type 'ament_python'
[1.755s] Level 1:colcon.colcon_core.shell:create_environment_hook('ucsd_robocar_lane_detection2_pkg', 'ament_prefix_path')
[1.758s] INFO:colcon.colcon_core.shell:Creating environment hook '/home/projects/ros2_ws/install/ucsd_robocar_lane_detection2_pkg/share/ucsd_robocar_lane_detection2_pkg/hook/ament_prefix_path.ps1'
[1.760s] INFO:colcon.colcon_core.shell:Creating environment descriptor '/home/projects/ros2_ws/install/ucsd_robocar_lane_detection2_pkg/share/ucsd_robocar_lane_detection2_pkg/hook/ament_prefix_path.dsv'
[1.762s] INFO:colcon.colcon_core.shell:Creating environment hook '/home/projects/ros2_ws/install/ucsd_robocar_lane_detection2_pkg/share/ucsd_robocar_lane_detection2_pkg/hook/ament_prefix_path.sh'
[1.765s] INFO:colcon.colcon_core.shell:Skip shell extension 'powershell' for command environment: Not usable outside of PowerShell
[1.766s] DEBUG:colcon.colcon_core.shell:Skip shell extension 'dsv' for command environment
[1.777s] DEBUG:colcon.colcon_core.shell:Ignoring prefix path '/opt/ros/foxy'
[1.784s] INFO:colcon.colcon_ros.task.ament_python.build:Building ROS package in '/home/projects/ros2_ws/src/ucsd_robocar_hub2/ucsd_robocar_nav2_pkg' with build type 'ament_python'
[1.786s] Level 1:colcon.colcon_core.shell:create_environment_hook('ucsd_robocar_nav2_pkg', 'ament_prefix_path')
[1.789s] INFO:colcon.colcon_core.shell:Creating environment hook '/home/projects/ros2_ws/install/ucsd_robocar_nav2_pkg/share/ucsd_robocar_nav2_pkg/hook/ament_prefix_path.ps1'
[1.791s] INFO:colcon.colcon_core.shell:Creating environment descriptor '/home/projects/ros2_ws/install/ucsd_robocar_nav2_pkg/share/ucsd_robocar_nav2_pkg/hook/ament_prefix_path.dsv'
[1.793s] INFO:colcon.colcon_core.shell:Creating environment hook '/home/projects/ros2_ws/install/ucsd_robocar_nav2_pkg/share/ucsd_robocar_nav2_pkg/hook/ament_prefix_path.sh'
[1.796s] INFO:colcon.colcon_core.shell:Skip shell extension 'powershell' for command environment: Not usable outside of PowerShell
[1.796s] DEBUG:colcon.colcon_core.shell:Skip shell extension 'dsv' for command environment
[1.807s] DEBUG:colcon.colcon_core.shell:Ignoring prefix path '/opt/ros/foxy'
[2.763s] INFO:colcon.colcon_core.task.python.build:Building Python package in '/home/projects/ros2_ws/src/ucsd_robocar_hub2/mask_pkg'
[2.767s] INFO:colcon.colcon_core.shell:Skip shell extension 'powershell' for command environment: Not usable outside of PowerShell
[2.767s] DEBUG:colcon.colcon_core.shell:Skip shell extension 'dsv' for command environment
[2.778s] DEBUG:colcon.colcon_core.shell:Ignoring prefix path '/opt/ros/foxy'
[3.729s] INFO:colcon.colcon_core.task.python.build:Building Python package in '/home/projects/ros2_ws/src/ucsd_robocar_hub2/ucsd_robocar_actuator2_pkg'
[3.732s] INFO:colcon.colcon_core.shell:Skip shell extension 'powershell' for command environment: Not usable outside of PowerShell
[3.732s] DEBUG:colcon.colcon_core.shell:Skip shell extension 'dsv' for command environment
[3.743s] DEBUG:colcon.colcon_core.shell:Ignoring prefix path '/opt/ros/foxy'
[4.687s] INFO:colcon.colcon_core.task.python.build:Building Python package in '/home/projects/ros2_ws/src/ucsd_robocar_hub2/ucsd_robocar_lane_detection2_pkg'
[4.690s] INFO:colcon.colcon_core.shell:Skip shell extension 'powershell' for command environment: Not usable outside of PowerShell
[4.690s] DEBUG:colcon.colcon_core.shell:Skip shell extension 'dsv' for command environment
[4.702s] DEBUG:colcon.colcon_core.shell:Ignoring prefix path '/opt/ros/foxy'
[5.657s] INFO:colcon.colcon_core.task.python.build:Building Python package in '/home/projects/ros2_ws/src/ucsd_robocar_hub2/ucsd_robocar_nav2_pkg'
[5.660s] INFO:colcon.colcon_core.shell:Skip shell extension 'powershell' for command environment: Not usable outside of PowerShell
[5.661s] DEBUG:colcon.colcon_core.shell:Skip shell extension 'dsv' for command environment
[5.671s] DEBUG:colcon.colcon_core.shell:Ignoring prefix path '/opt/ros/foxy'
[5.692s] DEBUG:colcon.colcon_core.event_handler.log_command:Invoking command in '/home/projects/ros2_ws/src/ucsd_robocar_hub2/mask_pkg': PYTHONPATH=/home/projects/ros2_ws/install/mask_pkg/lib/python3.8/site-packages:${PYTHONPATH} /usr/bin/python3 setup.py egg_info --egg-base ../../../build/mask_pkg build --build-base /home/projects/ros2_ws/build/mask_pkg/build install --prefix /home/projects/ros2_ws/install/mask_pkg --record /home/projects/ros2_ws/build/mask_pkg/install.log --single-version-externally-managed
[5.712s] DEBUG:colcon.colcon_core.event_handler.log_command:Invoking command in '/home/projects/ros2_ws/src/ucsd_robocar_hub2/ucsd_robocar_actuator2_pkg': PYTHONPATH=/home/projects/ros2_ws/install/ucsd_robocar_actuator2_pkg/lib/python3.8/site-packages:${PYTHONPATH} /usr/bin/python3 setup.py egg_info --egg-base ../../../build/ucsd_robocar_actuator2_pkg build --build-base /home/projects/ros2_ws/build/ucsd_robocar_actuator2_pkg/build install --prefix /home/projects/ros2_ws/install/ucsd_robocar_actuator2_pkg --record /home/projects/ros2_ws/build/ucsd_robocar_actuator2_pkg/install.log --single-version-externally-managed
[5.723s] DEBUG:colcon.colcon_core.event_handler.log_command:Invoking command in '/home/projects/ros2_ws/src/ucsd_robocar_hub2/ucsd_robocar_lane_detection2_pkg': PYTHONPATH=/home/projects/ros2_ws/install/ucsd_robocar_lane_detection2_pkg/lib/python3.8/site-packages:${PYTHONPATH} /usr/bin/python3 setup.py egg_info --egg-base ../../../build/ucsd_robocar_lane_detection2_pkg build --build-base /home/projects/ros2_ws/build/ucsd_robocar_lane_detection2_pkg/build install --prefix /home/projects/ros2_ws/install/ucsd_robocar_lane_detection2_pkg --record /home/projects/ros2_ws/build/ucsd_robocar_lane_detection2_pkg/install.log --single-version-externally-managed
[5.735s] DEBUG:colcon.colcon_core.event_handler.log_command:Invoking command in '/home/projects/ros2_ws/src/ucsd_robocar_hub2/ucsd_robocar_nav2_pkg': PYTHONPATH=/home/projects/ros2_ws/install/ucsd_robocar_nav2_pkg/lib/python3.8/site-packages:${PYTHONPATH} /usr/bin/python3 setup.py egg_info --egg-base ../../../build/ucsd_robocar_nav2_pkg build --build-base /home/projects/ros2_ws/build/ucsd_robocar_nav2_pkg/build install --prefix /home/projects/ros2_ws/install/ucsd_robocar_nav2_pkg --record /home/projects/ros2_ws/build/ucsd_robocar_nav2_pkg/install.log --single-version-externally-managed
[7.194s] DEBUG:colcon.colcon_core.event_handler.log_command:Invoked command in '/home/projects/ros2_ws/src/ucsd_robocar_hub2/mask_pkg' returned '0': PYTHONPATH=/home/projects/ros2_ws/install/mask_pkg/lib/python3.8/site-packages:${PYTHONPATH} /usr/bin/python3 setup.py egg_info --egg-base ../../../build/mask_pkg build --build-base /home/projects/ros2_ws/build/mask_pkg/build install --prefix /home/projects/ros2_ws/install/mask_pkg --record /home/projects/ros2_ws/build/mask_pkg/install.log --single-version-externally-managed
[7.212s] Level 1:colcon.colcon_core.environment:checking '/home/projects/ros2_ws/install/mask_pkg' for CMake module files
[7.214s] Level 1:colcon.colcon_core.environment:checking '/home/projects/ros2_ws/install/mask_pkg' for CMake config files
[7.220s] Level 1:colcon.colcon_core.environment:checking '/home/projects/ros2_ws/install/mask_pkg/lib'
[7.220s] Level 1:colcon.colcon_core.environment:checking '/home/projects/ros2_ws/install/mask_pkg/bin'
[7.221s] Level 1:colcon.colcon_core.environment:checking '/home/projects/ros2_ws/install/mask_pkg/lib/pkgconfig/mask_pkg.pc'
[7.221s] Level 1:colcon.colcon_core.environment:checking '/home/projects/ros2_ws/install/mask_pkg/lib/python3.8/site-packages'
[7.221s] Level 1:colcon.colcon_core.shell:create_environment_hook('mask_pkg', 'pythonpath')
[7.224s] INFO:colcon.colcon_core.shell:Creating environment hook '/home/projects/ros2_ws/install/mask_pkg/share/mask_pkg/hook/pythonpath.ps1'
[7.228s] INFO:colcon.colcon_core.shell:Creating environment descriptor '/home/projects/ros2_ws/install/mask_pkg/share/mask_pkg/hook/pythonpath.dsv'
[7.229s] INFO:colcon.colcon_core.shell:Creating environment hook '/home/projects/ros2_ws/install/mask_pkg/share/mask_pkg/hook/pythonpath.sh'
[7.231s] Level 1:colcon.colcon_core.environment:create_environment_scripts_only(mask_pkg)
[7.234s] INFO:colcon.colcon_core.shell:Creating package script '/home/projects/ros2_ws/install/mask_pkg/share/mask_pkg/package.ps1'
[7.237s] INFO:colcon.colcon_core.shell:Creating package descriptor '/home/projects/ros2_ws/install/mask_pkg/share/mask_pkg/package.dsv'
[7.240s] INFO:colcon.colcon_core.shell:Creating package script '/home/projects/ros2_ws/install/mask_pkg/share/mask_pkg/package.sh'
[7.243s] INFO:colcon.colcon_core.shell:Creating package script '/home/projects/ros2_ws/install/mask_pkg/share/mask_pkg/package.bash'
[7.245s] INFO:colcon.colcon_core.shell:Creating package script '/home/projects/ros2_ws/install/mask_pkg/share/mask_pkg/package.zsh'
[7.248s] Level 1:colcon.colcon_core.environment:create_file_with_runtime_dependencies(/home/projects/ros2_ws/install/mask_pkg/share/colcon-core/packages/mask_pkg)
[7.253s] INFO:colcon.colcon_ros.task.ament_python.build:Building ROS package in '/home/projects/ros2_ws/src/ucsd_robocar_hub2/ucsd_robocar_path2_pkg' with build type 'ament_python'
[7.254s] Level 1:colcon.colcon_core.shell:create_environment_hook('ucsd_robocar_path2_pkg', 'ament_prefix_path')
[7.256s] INFO:colcon.colcon_core.shell:Creating environment hook '/home/projects/ros2_ws/install/ucsd_robocar_path2_pkg/share/ucsd_robocar_path2_pkg/hook/ament_prefix_path.ps1'
[7.258s] INFO:colcon.colcon_core.shell:Creating environment descriptor '/home/projects/ros2_ws/install/ucsd_robocar_path2_pkg/share/ucsd_robocar_path2_pkg/hook/ament_prefix_path.dsv'
[7.259s] INFO:colcon.colcon_core.shell:Creating environment hook '/home/projects/ros2_ws/install/ucsd_robocar_path2_pkg/share/ucsd_robocar_path2_pkg/hook/ament_prefix_path.sh'
[7.263s] INFO:colcon.colcon_core.shell:Skip shell extension 'powershell' for command environment: Not usable outside of PowerShell
[7.263s] DEBUG:colcon.colcon_core.shell:Skip shell extension 'dsv' for command environment
[7.273s] DEBUG:colcon.colcon_core.shell:Ignoring prefix path '/opt/ros/foxy'
[7.290s] Level 1:colcon.colcon_core.environment:checking '/home/projects/ros2_ws/install/ucsd_robocar_nav2_pkg' for CMake module files
[7.292s] DEBUG:colcon.colcon_core.event_handler.log_command:Invoked command in '/home/projects/ros2_ws/src/ucsd_robocar_hub2/ucsd_robocar_nav2_pkg' returned '0': PYTHONPATH=/home/projects/ros2_ws/install/ucsd_robocar_nav2_pkg/lib/python3.8/site-packages:${PYTHONPATH} /usr/bin/python3 setup.py egg_info --egg-base ../../../build/ucsd_robocar_nav2_pkg build --build-base /home/projects/ros2_ws/build/ucsd_robocar_nav2_pkg/build install --prefix /home/projects/ros2_ws/install/ucsd_robocar_nav2_pkg --record /home/projects/ros2_ws/build/ucsd_robocar_nav2_pkg/install.log --single-version-externally-managed
[7.294s] Level 1:colcon.colcon_core.environment:checking '/home/projects/ros2_ws/install/ucsd_robocar_nav2_pkg' for CMake config files
[7.297s] Level 1:colcon.colcon_core.environment:checking '/home/projects/ros2_ws/install/ucsd_robocar_nav2_pkg/lib'
[7.297s] Level 1:colcon.colcon_core.environment:checking '/home/projects/ros2_ws/install/ucsd_robocar_nav2_pkg/bin'
[7.298s] Level 1:colcon.colcon_core.environment:checking '/home/projects/ros2_ws/install/ucsd_robocar_nav2_pkg/lib/pkgconfig/ucsd_robocar_nav2_pkg.pc'
[7.298s] Level 1:colcon.colcon_core.environment:checking '/home/projects/ros2_ws/install/ucsd_robocar_nav2_pkg/lib/python3.8/site-packages'
[7.298s] Level 1:colcon.colcon_core.shell:create_environment_hook('ucsd_robocar_nav2_pkg', 'pythonpath')
[7.301s] INFO:colcon.colcon_core.shell:Creating environment hook '/home/projects/ros2_ws/install/ucsd_robocar_nav2_pkg/share/ucsd_robocar_nav2_pkg/hook/pythonpath.ps1'
[7.302s] INFO:colcon.colcon_core.shell:Creating environment descriptor '/home/projects/ros2_ws/install/ucsd_robocar_nav2_pkg/share/ucsd_robocar_nav2_pkg/hook/pythonpath.dsv'
[7.303s] INFO:colcon.colcon_core.shell:Creating environment hook '/home/projects/ros2_ws/install/ucsd_robocar_nav2_pkg/share/ucsd_robocar_nav2_pkg/hook/pythonpath.sh'
[7.305s] Level 1:colcon.colcon_core.environment:create_environment_scripts_only(ucsd_robocar_nav2_pkg)
[7.308s] INFO:colcon.colcon_core.shell:Creating package script '/home/projects/ros2_ws/install/ucsd_robocar_nav2_pkg/share/ucsd_robocar_nav2_pkg/package.ps1'
[7.309s] INFO:colcon.colcon_core.shell:Creating package descriptor '/home/projects/ros2_ws/install/ucsd_robocar_nav2_pkg/share/ucsd_robocar_nav2_pkg/package.dsv'
[7.311s] INFO:colcon.colcon_core.shell:Creating package script '/home/projects/ros2_ws/install/ucsd_robocar_nav2_pkg/share/ucsd_robocar_nav2_pkg/package.sh'
[7.312s] INFO:colcon.colcon_core.shell:Creating package script '/home/projects/ros2_ws/install/ucsd_robocar_nav2_pkg/share/ucsd_robocar_nav2_pkg/package.bash'
[7.314s] INFO:colcon.colcon_core.shell:Creating package script '/home/projects/ros2_ws/install/ucsd_robocar_nav2_pkg/share/ucsd_robocar_nav2_pkg/package.zsh'
[7.315s] Level 1:colcon.colcon_core.environment:create_file_with_runtime_dependencies(/home/projects/ros2_ws/install/ucsd_robocar_nav2_pkg/share/colcon-core/packages/ucsd_robocar_nav2_pkg)
[7.319s] Level 1:colcon.colcon_core.environment:checking '/home/projects/ros2_ws/install/ucsd_robocar_actuator2_pkg' for CMake module files
[7.323s] DEBUG:colcon.colcon_core.event_handler.log_command:Invoked command in '/home/projects/ros2_ws/src/ucsd_robocar_hub2/ucsd_robocar_actuator2_pkg' returned '0': PYTHONPATH=/home/projects/ros2_ws/install/ucsd_robocar_actuator2_pkg/lib/python3.8/site-packages:${PYTHONPATH} /usr/bin/python3 setup.py egg_info --egg-base ../../../build/ucsd_robocar_actuator2_pkg build --build-base /home/projects/ros2_ws/build/ucsd_robocar_actuator2_pkg/build install --prefix /home/projects/ros2_ws/install/ucsd_robocar_actuator2_pkg --record /home/projects/ros2_ws/build/ucsd_robocar_actuator2_pkg/install.log --single-version-externally-managed
[7.325s] Level 1:colcon.colcon_core.environment:checking '/home/projects/ros2_ws/install/ucsd_robocar_actuator2_pkg' for CMake config files
[7.329s] Level 1:colcon.colcon_core.environment:checking '/home/projects/ros2_ws/install/ucsd_robocar_actuator2_pkg/lib'
[7.329s] Level 1:colcon.colcon_core.environment:checking '/home/projects/ros2_ws/install/ucsd_robocar_actuator2_pkg/bin'
[7.329s] Level 1:colcon.colcon_core.environment:checking '/home/projects/ros2_ws/install/ucsd_robocar_actuator2_pkg/lib/pkgconfig/ucsd_robocar_actuator2_pkg.pc'
[7.330s] Level 1:colcon.colcon_core.environment:checking '/home/projects/ros2_ws/install/ucsd_robocar_actuator2_pkg/lib/python3.8/site-packages'
[7.330s] Level 1:colcon.colcon_core.shell:create_environment_hook('ucsd_robocar_actuator2_pkg', 'pythonpath')
[7.332s] INFO:colcon.colcon_core.shell:Creating environment hook '/home/projects/ros2_ws/install/ucsd_robocar_actuator2_pkg/share/ucsd_robocar_actuator2_pkg/hook/pythonpath.ps1'
[7.335s] INFO:colcon.colcon_core.shell:Creating environment descriptor '/home/projects/ros2_ws/install/ucsd_robocar_actuator2_pkg/share/ucsd_robocar_actuator2_pkg/hook/pythonpath.dsv'
[7.336s] INFO:colcon.colcon_core.shell:Creating environment hook '/home/projects/ros2_ws/install/ucsd_robocar_actuator2_pkg/share/ucsd_robocar_actuator2_pkg/hook/pythonpath.sh'
[7.338s] Level 1:colcon.colcon_core.environment:create_environment_scripts_only(ucsd_robocar_actuator2_pkg)
[7.341s] INFO:colcon.colcon_core.shell:Creating package script '/home/projects/ros2_ws/install/ucsd_robocar_actuator2_pkg/share/ucsd_robocar_actuator2_pkg/package.ps1'
[7.343s] INFO:colcon.colcon_core.shell:Creating package descriptor '/home/projects/ros2_ws/install/ucsd_robocar_actuator2_pkg/share/ucsd_robocar_actuator2_pkg/package.dsv'
[7.344s] INFO:colcon.colcon_core.shell:Creating package script '/home/projects/ros2_ws/install/ucsd_robocar_actuator2_pkg/share/ucsd_robocar_actuator2_pkg/package.sh'
[7.346s] INFO:colcon.colcon_core.shell:Creating package script '/home/projects/ros2_ws/install/ucsd_robocar_actuator2_pkg/share/ucsd_robocar_actuator2_pkg/package.bash'
[7.347s] INFO:colcon.colcon_core.shell:Creating package script '/home/projects/ros2_ws/install/ucsd_robocar_actuator2_pkg/share/ucsd_robocar_actuator2_pkg/package.zsh'
[7.348s] Level 1:colcon.colcon_core.environment:create_file_with_runtime_dependencies(/home/projects/ros2_ws/install/ucsd_robocar_actuator2_pkg/share/colcon-core/packages/ucsd_robocar_actuator2_pkg)
[7.353s] Level 1:colcon.colcon_core.environment:checking '/home/projects/ros2_ws/install/ucsd_robocar_lane_detection2_pkg' for CMake module files
[7.357s] DEBUG:colcon.colcon_core.event_handler.log_command:Invoked command in '/home/projects/ros2_ws/src/ucsd_robocar_hub2/ucsd_robocar_lane_detection2_pkg' returned '0': PYTHONPATH=/home/projects/ros2_ws/install/ucsd_robocar_lane_detection2_pkg/lib/python3.8/site-packages:${PYTHONPATH} /usr/bin/python3 setup.py egg_info --egg-base ../../../build/ucsd_robocar_lane_detection2_pkg build --build-base /home/projects/ros2_ws/build/ucsd_robocar_lane_detection2_pkg/build install --prefix /home/projects/ros2_ws/install/ucsd_robocar_lane_detection2_pkg --record /home/projects/ros2_ws/build/ucsd_robocar_lane_detection2_pkg/install.log --single-version-externally-managed
[7.358s] Level 1:colcon.colcon_core.environment:checking '/home/projects/ros2_ws/install/ucsd_robocar_lane_detection2_pkg' for CMake config files
[7.361s] Level 1:colcon.colcon_core.environment:checking '/home/projects/ros2_ws/install/ucsd_robocar_lane_detection2_pkg/lib'
[7.362s] Level 1:colcon.colcon_core.environment:checking '/home/projects/ros2_ws/install/ucsd_robocar_lane_detection2_pkg/bin'
[7.362s] Level 1:colcon.colcon_core.environment:checking '/home/projects/ros2_ws/install/ucsd_robocar_lane_detection2_pkg/lib/pkgconfig/ucsd_robocar_lane_detection2_pkg.pc'
[7.362s] Level 1:colcon.colcon_core.environment:checking '/home/projects/ros2_ws/install/ucsd_robocar_lane_detection2_pkg/lib/python3.8/site-packages'
[7.362s] Level 1:colcon.colcon_core.shell:create_environment_hook('ucsd_robocar_lane_detection2_pkg', 'pythonpath')
[7.365s] INFO:colcon.colcon_core.shell:Creating environment hook '/home/projects/ros2_ws/install/ucsd_robocar_lane_detection2_pkg/share/ucsd_robocar_lane_detection2_pkg/hook/pythonpath.ps1'
[7.366s] INFO:colcon.colcon_core.shell:Creating environment descriptor '/home/projects/ros2_ws/install/ucsd_robocar_lane_detection2_pkg/share/ucsd_robocar_lane_detection2_pkg/hook/pythonpath.dsv'
[7.367s] INFO:colcon.colcon_core.shell:Creating environment hook '/home/projects/ros2_ws/install/ucsd_robocar_lane_detection2_pkg/share/ucsd_robocar_lane_detection2_pkg/hook/pythonpath.sh'
[7.369s] Level 1:colcon.colcon_core.environment:create_environment_scripts_only(ucsd_robocar_lane_detection2_pkg)
[7.371s] INFO:colcon.colcon_core.shell:Creating package script '/home/projects/ros2_ws/install/ucsd_robocar_lane_detection2_pkg/share/ucsd_robocar_lane_detection2_pkg/package.ps1'
[7.373s] INFO:colcon.colcon_core.shell:Creating package descriptor '/home/projects/ros2_ws/install/ucsd_robocar_lane_detection2_pkg/share/ucsd_robocar_lane_detection2_pkg/package.dsv'
[7.375s] INFO:colcon.colcon_core.shell:Creating package script '/home/projects/ros2_ws/install/ucsd_robocar_lane_detection2_pkg/share/ucsd_robocar_lane_detection2_pkg/package.sh'
[7.376s] INFO:colcon.colcon_core.shell:Creating package script '/home/projects/ros2_ws/install/ucsd_robocar_lane_detection2_pkg/share/ucsd_robocar_lane_detection2_pkg/package.bash'
[7.377s] INFO:colcon.colcon_core.shell:Creating package script '/home/projects/ros2_ws/install/ucsd_robocar_lane_detection2_pkg/share/ucsd_robocar_lane_detection2_pkg/package.zsh'
[7.378s] Level 1:colcon.colcon_core.environment:create_file_with_runtime_dependencies(/home/projects/ros2_ws/install/ucsd_robocar_lane_detection2_pkg/share/colcon-core/packages/ucsd_robocar_lane_detection2_pkg)
[7.381s] INFO:colcon.colcon_ros.task.ament_python.build:Building ROS package in '/home/projects/ros2_ws/src/ucsd_robocar_hub2/ucsd_robocar_sensor2_pkg' with build type 'ament_python'
[7.382s] Level 1:colcon.colcon_core.shell:create_environment_hook('ucsd_robocar_sensor2_pkg', 'ament_prefix_path')
[7.384s] INFO:colcon.colcon_core.shell:Creating environment hook '/home/projects/ros2_ws/install/ucsd_robocar_sensor2_pkg/share/ucsd_robocar_sensor2_pkg/hook/ament_prefix_path.ps1'
[7.387s] INFO:colcon.colcon_core.shell:Creating environment descriptor '/home/projects/ros2_ws/install/ucsd_robocar_sensor2_pkg/share/ucsd_robocar_sensor2_pkg/hook/ament_prefix_path.dsv'
[7.388s] INFO:colcon.colcon_core.shell:Creating environment hook '/home/projects/ros2_ws/install/ucsd_robocar_sensor2_pkg/share/ucsd_robocar_sensor2_pkg/hook/ament_prefix_path.sh'
[7.392s] INFO:colcon.colcon_core.shell:Skip shell extension 'powershell' for command environment: Not usable outside of PowerShell
[7.392s] DEBUG:colcon.colcon_core.shell:Skip shell extension 'dsv' for command environment
[7.402s] DEBUG:colcon.colcon_core.shell:Ignoring prefix path '/opt/ros/foxy'
[8.358s] INFO:colcon.colcon_core.task.python.build:Building Python package in '/home/projects/ros2_ws/src/ucsd_robocar_hub2/ucsd_robocar_path2_pkg'
[8.362s] INFO:colcon.colcon_core.shell:Skip shell extension 'powershell' for command environment: Not usable outside of PowerShell
[8.362s] DEBUG:colcon.colcon_core.shell:Skip shell extension 'dsv' for command environment
[8.373s] DEBUG:colcon.colcon_core.shell:Ignoring prefix path '/opt/ros/foxy'
[9.333s] INFO:colcon.colcon_core.task.python.build:Building Python package in '/home/projects/ros2_ws/src/ucsd_robocar_hub2/ucsd_robocar_sensor2_pkg'
[9.337s] INFO:colcon.colcon_core.shell:Skip shell extension 'powershell' for command environment: Not usable outside of PowerShell
[9.337s] DEBUG:colcon.colcon_core.shell:Skip shell extension 'dsv' for command environment
[9.348s] DEBUG:colcon.colcon_core.shell:Ignoring prefix path '/opt/ros/foxy'
[9.372s] DEBUG:colcon.colcon_core.event_handler.log_command:Invoking command in '/home/projects/ros2_ws/src/ucsd_robocar_hub2/ucsd_robocar_path2_pkg': PYTHONPATH=/home/projects/ros2_ws/install/ucsd_robocar_path2_pkg/lib/python3.8/site-packages:${PYTHONPATH} /usr/bin/python3 setup.py egg_info --egg-base ../../../build/ucsd_robocar_path2_pkg build --build-base /home/projects/ros2_ws/build/ucsd_robocar_path2_pkg/build install --prefix /home/projects/ros2_ws/install/ucsd_robocar_path2_pkg --record /home/projects/ros2_ws/build/ucsd_robocar_path2_pkg/install.log --single-version-externally-managed
[9.387s] DEBUG:colcon.colcon_core.event_handler.log_command:Invoking command in '/home/projects/ros2_ws/src/ucsd_robocar_hub2/ucsd_robocar_sensor2_pkg': PYTHONPATH=/home/projects/ros2_ws/install/ucsd_robocar_sensor2_pkg/lib/python3.8/site-packages:${PYTHONPATH} /usr/bin/python3 setup.py egg_info --egg-base ../../../build/ucsd_robocar_sensor2_pkg build --build-base /home/projects/ros2_ws/build/ucsd_robocar_sensor2_pkg/build install --prefix /home/projects/ros2_ws/install/ucsd_robocar_sensor2_pkg --record /home/projects/ros2_ws/build/ucsd_robocar_sensor2_pkg/install.log --single-version-externally-managed
[10.698s] Level 1:colcon.colcon_core.environment:checking '/home/projects/ros2_ws/install/ucsd_robocar_path2_pkg' for CMake module files
[10.700s] DEBUG:colcon.colcon_core.event_handler.log_command:Invoked command in '/home/projects/ros2_ws/src/ucsd_robocar_hub2/ucsd_robocar_path2_pkg' returned '0': PYTHONPATH=/home/projects/ros2_ws/install/ucsd_robocar_path2_pkg/lib/python3.8/site-packages:${PYTHONPATH} /usr/bin/python3 setup.py egg_info --egg-base ../../../build/ucsd_robocar_path2_pkg build --build-base /home/projects/ros2_ws/build/ucsd_robocar_path2_pkg/build install --prefix /home/projects/ros2_ws/install/ucsd_robocar_path2_pkg --record /home/projects/ros2_ws/build/ucsd_robocar_path2_pkg/install.log --single-version-externally-managed
[10.702s] Level 1:colcon.colcon_core.environment:checking '/home/projects/ros2_ws/install/ucsd_robocar_path2_pkg' for CMake config files
[10.705s] Level 1:colcon.colcon_core.environment:checking '/home/projects/ros2_ws/install/ucsd_robocar_path2_pkg/lib'
[10.705s] Level 1:colcon.colcon_core.environment:checking '/home/projects/ros2_ws/install/ucsd_robocar_path2_pkg/bin'
[10.705s] Level 1:colcon.colcon_core.environment:checking '/home/projects/ros2_ws/install/ucsd_robocar_path2_pkg/lib/pkgconfig/ucsd_robocar_path2_pkg.pc'
[10.706s] Level 1:colcon.colcon_core.environment:checking '/home/projects/ros2_ws/install/ucsd_robocar_path2_pkg/lib/python3.8/site-packages'
[10.706s] Level 1:colcon.colcon_core.shell:create_environment_hook('ucsd_robocar_path2_pkg', 'pythonpath')
[10.708s] INFO:colcon.colcon_core.shell:Creating environment hook '/home/projects/ros2_ws/install/ucsd_robocar_path2_pkg/share/ucsd_robocar_path2_pkg/hook/pythonpath.ps1'
[10.710s] INFO:colcon.colcon_core.shell:Creating environment descriptor '/home/projects/ros2_ws/install/ucsd_robocar_path2_pkg/share/ucsd_robocar_path2_pkg/hook/pythonpath.dsv'
[10.711s] INFO:colcon.colcon_core.shell:Creating environment hook '/home/projects/ros2_ws/install/ucsd_robocar_path2_pkg/share/ucsd_robocar_path2_pkg/hook/pythonpath.sh'
[10.713s] Level 1:colcon.colcon_core.environment:create_environment_scripts_only(ucsd_robocar_path2_pkg)
[10.716s] INFO:colcon.colcon_core.shell:Creating package script '/home/projects/ros2_ws/install/ucsd_robocar_path2_pkg/share/ucsd_robocar_path2_pkg/package.ps1'
[10.718s] INFO:colcon.colcon_core.shell:Creating package descriptor '/home/projects/ros2_ws/install/ucsd_robocar_path2_pkg/share/ucsd_robocar_path2_pkg/package.dsv'
[10.719s] INFO:colcon.colcon_core.shell:Creating package script '/home/projects/ros2_ws/install/ucsd_robocar_path2_pkg/share/ucsd_robocar_path2_pkg/package.sh'
[10.721s] INFO:colcon.colcon_core.shell:Creating package script '/home/projects/ros2_ws/install/ucsd_robocar_path2_pkg/share/ucsd_robocar_path2_pkg/package.bash'
[10.722s] INFO:colcon.colcon_core.shell:Creating package script '/home/projects/ros2_ws/install/ucsd_robocar_path2_pkg/share/ucsd_robocar_path2_pkg/package.zsh'
[10.723s] Level 1:colcon.colcon_core.environment:create_file_with_runtime_dependencies(/home/projects/ros2_ws/install/ucsd_robocar_path2_pkg/share/colcon-core/packages/ucsd_robocar_path2_pkg)
[10.730s] Level 1:colcon.colcon_core.environment:checking '/home/projects/ros2_ws/install/ucsd_robocar_sensor2_pkg' for CMake module files
[10.732s] DEBUG:colcon.colcon_core.event_handler.log_command:Invoked command in '/home/projects/ros2_ws/src/ucsd_robocar_hub2/ucsd_robocar_sensor2_pkg' returned '0': PYTHONPATH=/home/projects/ros2_ws/install/ucsd_robocar_sensor2_pkg/lib/python3.8/site-packages:${PYTHONPATH} /usr/bin/python3 setup.py egg_info --egg-base ../../../build/ucsd_robocar_sensor2_pkg build --build-base /home/projects/ros2_ws/build/ucsd_robocar_sensor2_pkg/build install --prefix /home/projects/ros2_ws/install/ucsd_robocar_sensor2_pkg --record /home/projects/ros2_ws/build/ucsd_robocar_sensor2_pkg/install.log --single-version-externally-managed
[10.734s] Level 1:colcon.colcon_core.environment:checking '/home/projects/ros2_ws/install/ucsd_robocar_sensor2_pkg' for CMake config files
[10.737s] Level 1:colcon.colcon_core.environment:checking '/home/projects/ros2_ws/install/ucsd_robocar_sensor2_pkg/lib'
[10.738s] Level 1:colcon.colcon_core.environment:checking '/home/projects/ros2_ws/install/ucsd_robocar_sensor2_pkg/bin'
[10.738s] Level 1:colcon.colcon_core.environment:checking '/home/projects/ros2_ws/install/ucsd_robocar_sensor2_pkg/lib/pkgconfig/ucsd_robocar_sensor2_pkg.pc'
[10.738s] Level 1:colcon.colcon_core.environment:checking '/home/projects/ros2_ws/install/ucsd_robocar_sensor2_pkg/lib/python3.8/site-packages'
[10.738s] Level 1:colcon.colcon_core.shell:create_environment_hook('ucsd_robocar_sensor2_pkg', 'pythonpath')
[10.741s] INFO:colcon.colcon_core.shell:Creating environment hook '/home/projects/ros2_ws/install/ucsd_robocar_sensor2_pkg/share/ucsd_robocar_sensor2_pkg/hook/pythonpath.ps1'
[10.742s] INFO:colcon.colcon_core.shell:Creating environment descriptor '/home/projects/ros2_ws/install/ucsd_robocar_sensor2_pkg/share/ucsd_robocar_sensor2_pkg/hook/pythonpath.dsv'
[10.743s] INFO:colcon.colcon_core.shell:Creating environment hook '/home/projects/ros2_ws/install/ucsd_robocar_sensor2_pkg/share/ucsd_robocar_sensor2_pkg/hook/pythonpath.sh'
[10.745s] Level 1:colcon.colcon_core.environment:create_environment_scripts_only(ucsd_robocar_sensor2_pkg)
[10.747s] INFO:colcon.colcon_core.shell:Creating package script '/home/projects/ros2_ws/install/ucsd_robocar_sensor2_pkg/share/ucsd_robocar_sensor2_pkg/package.ps1'
[10.749s] INFO:colcon.colcon_core.shell:Creating package descriptor '/home/projects/ros2_ws/install/ucsd_robocar_sensor2_pkg/share/ucsd_robocar_sensor2_pkg/package.dsv'
[10.751s] INFO:colcon.colcon_core.shell:Creating package script '/home/projects/ros2_ws/install/ucsd_robocar_sensor2_pkg/share/ucsd_robocar_sensor2_pkg/package.sh'
[10.753s] INFO:colcon.colcon_core.shell:Creating package script '/home/projects/ros2_ws/install/ucsd_robocar_sensor2_pkg/share/ucsd_robocar_sensor2_pkg/package.bash'
[10.755s] INFO:colcon.colcon_core.shell:Creating package script '/home/projects/ros2_ws/install/ucsd_robocar_sensor2_pkg/share/ucsd_robocar_sensor2_pkg/package.zsh'
[10.756s] Level 1:colcon.colcon_core.environment:create_file_with_runtime_dependencies(/home/projects/ros2_ws/install/ucsd_robocar_sensor2_pkg/share/colcon-core/packages/ucsd_robocar_sensor2_pkg)
[10.757s] DEBUG:colcon.colcon_parallel_executor.executor.parallel:closing loop
[10.758s] DEBUG:colcon.colcon_parallel_executor.executor.parallel:loop closed
[10.759s] DEBUG:colcon.colcon_parallel_executor.executor.parallel:run_until_complete finished with '0'
[10.760s] DEBUG:colcon.colcon_core.event_reactor:joining thread
[10.782s] INFO:colcon.colcon_core.plugin_system:Skipping extension 'colcon_notification.desktop_notification.notify_send': Could not find 'notify-send'
[10.782s] INFO:colcon.colcon_core.plugin_system:Skipping extension 'colcon_notification.desktop_notification.terminal_notifier': Not used on non-Darwin systems
[10.783s] INFO:colcon.colcon_core.plugin_system:Skipping extension 'colcon_notification.desktop_notification.win32': Not used on non-Windows systems
[10.783s] INFO:colcon.colcon_notification.desktop_notification:Sending desktop notification using 'notify2'
[10.788s] DEBUG:colcon.colcon_notification.desktop_notification.notify2:Failed to initialize notify2: org.freedesktop.DBus.Error.Spawn.ExecFailed: /usr/bin/dbus-launch terminated abnormally without any error message
[10.789s] DEBUG:colcon.colcon_core.event_reactor:joined thread
[10.792s] INFO:colcon.colcon_core.shell:Creating prefix script '/home/projects/ros2_ws/install/local_setup.ps1'
[10.796s] INFO:colcon.colcon_core.shell:Creating prefix util module '/home/projects/ros2_ws/install/_local_setup_util_ps1.py'
[10.801s] INFO:colcon.colcon_core.shell:Creating prefix chain script '/home/projects/ros2_ws/install/setup.ps1'
[10.812s] INFO:colcon.colcon_core.shell:Creating prefix script '/home/projects/ros2_ws/install/local_setup.sh'
[10.814s] INFO:colcon.colcon_core.shell:Creating prefix util module '/home/projects/ros2_ws/install/_local_setup_util_sh.py'
[10.816s] INFO:colcon.colcon_core.shell:Creating prefix chain script '/home/projects/ros2_ws/install/setup.sh'
[10.828s] INFO:colcon.colcon_core.shell:Creating prefix script '/home/projects/ros2_ws/install/local_setup.bash'
[10.830s] INFO:colcon.colcon_core.shell:Creating prefix chain script '/home/projects/ros2_ws/install/setup.bash'
[10.840s] INFO:colcon.colcon_core.shell:Creating prefix script '/home/projects/ros2_ws/install/local_setup.zsh'
[10.842s] INFO:colcon.colcon_core.shell:Creating prefix chain script '/home/projects/ros2_ws/install/setup.zsh'
