[3.968s] Invoking command in '/home/projects/ros2_ws/src/ucsd_robocar_hub2/ucsd_robocar_lane_detection2_pkg': PYTHONPATH=/home/projects/ros2_ws/install/ucsd_robocar_lane_detection2_pkg/lib/python3.8/site-packages:${PYTHONPATH} /usr/bin/python3 setup.py egg_info --egg-base ../../../build/ucsd_robocar_lane_detection2_pkg build --build-base /home/projects/ros2_ws/build/ucsd_robocar_lane_detection2_pkg/build install --prefix /home/projects/ros2_ws/install/ucsd_robocar_lane_detection2_pkg --record /home/projects/ros2_ws/build/ucsd_robocar_lane_detection2_pkg/install.log --single-version-externally-managed
[5.033s] running egg_info
[5.037s] writing ../../../build/ucsd_robocar_lane_detection2_pkg/ucsd_robocar_lane_detection2_pkg.egg-info/PKG-INFO
[5.038s] writing dependency_links to ../../../build/ucsd_robocar_lane_detection2_pkg/ucsd_robocar_lane_detection2_pkg.egg-info/dependency_links.txt
[5.039s] writing entry points to ../../../build/ucsd_robocar_lane_detection2_pkg/ucsd_robocar_lane_detection2_pkg.egg-info/entry_points.txt
[5.040s] writing requirements to ../../../build/ucsd_robocar_lane_detection2_pkg/ucsd_robocar_lane_detection2_pkg.egg-info/requires.txt
[5.040s] writing top-level names to ../../../build/ucsd_robocar_lane_detection2_pkg/ucsd_robocar_lane_detection2_pkg.egg-info/top_level.txt
[5.212s] reading manifest file '../../../build/ucsd_robocar_lane_detection2_pkg/ucsd_robocar_lane_detection2_pkg.egg-info/SOURCES.txt'
[5.218s] writing manifest file '../../../build/ucsd_robocar_lane_detection2_pkg/ucsd_robocar_lane_detection2_pkg.egg-info/SOURCES.txt'
[5.219s] running build
[5.219s] running build_py
[5.233s] running install
[5.235s] running install_lib
[5.238s] running install_data
[5.241s] running install_egg_info
[5.250s] removing '/home/projects/ros2_ws/install/ucsd_robocar_lane_detection2_pkg/lib/python3.8/site-packages/ucsd_robocar_lane_detection2_pkg-0.0.0-py3.8.egg-info' (and everything under it)
[5.252s] Copying ../../../build/ucsd_robocar_lane_detection2_pkg/ucsd_robocar_lane_detection2_pkg.egg-info to /home/projects/ros2_ws/install/ucsd_robocar_lane_detection2_pkg/lib/python3.8/site-packages/ucsd_robocar_lane_detection2_pkg-0.0.0-py3.8.egg-info
[5.257s] running install_scripts
[5.346s] Installing calibration_node script to /home/projects/ros2_ws/install/ucsd_robocar_lane_detection2_pkg/lib/ucsd_robocar_lane_detection2_pkg
[5.347s] Installing lane_detection_node script to /home/projects/ros2_ws/install/ucsd_robocar_lane_detection2_pkg/lib/ucsd_robocar_lane_detection2_pkg
[5.347s] Installing lane_guidance_node script to /home/projects/ros2_ws/install/ucsd_robocar_lane_detection2_pkg/lib/ucsd_robocar_lane_detection2_pkg
[5.349s] writing list of installed files to '/home/projects/ros2_ws/build/ucsd_robocar_lane_detection2_pkg/install.log'
[5.602s] Invoked command in '/home/projects/ros2_ws/src/ucsd_robocar_hub2/ucsd_robocar_lane_detection2_pkg' returned '0': PYTHONPATH=/home/projects/ros2_ws/install/ucsd_robocar_lane_detection2_pkg/lib/python3.8/site-packages:${PYTHONPATH} /usr/bin/python3 setup.py egg_info --egg-base ../../../build/ucsd_robocar_lane_detection2_pkg build --build-base /home/projects/ros2_ws/build/ucsd_robocar_lane_detection2_pkg/build install --prefix /home/projects/ros2_ws/install/ucsd_robocar_lane_detection2_pkg --record /home/projects/ros2_ws/build/ucsd_robocar_lane_detection2_pkg/install.log --single-version-externally-managed
