[2.734s] Invoking command in '/home/projects/ros2_ws/src/ucsd_robocar_hub2/ucsd_robocar_lane_detection2_pkg': PYTHONPATH=/home/projects/ros2_ws/install/ucsd_robocar_lane_detection2_pkg/lib/python3.8/site-packages:${PYTHONPATH} /usr/bin/python3 setup.py egg_info --egg-base ../../../build/ucsd_robocar_lane_detection2_pkg build --build-base /home/projects/ros2_ws/build/ucsd_robocar_lane_detection2_pkg/build install --prefix /home/projects/ros2_ws/install/ucsd_robocar_lane_detection2_pkg --record /home/projects/ros2_ws/build/ucsd_robocar_lane_detection2_pkg/install.log --single-version-externally-managed
[4.016s] running egg_info
[4.022s] writing ../../../build/ucsd_robocar_lane_detection2_pkg/ucsd_robocar_lane_detection2_pkg.egg-info/PKG-INFO
[4.027s] writing dependency_links to ../../../build/ucsd_robocar_lane_detection2_pkg/ucsd_robocar_lane_detection2_pkg.egg-info/dependency_links.txt
[4.029s] writing entry points to ../../../build/ucsd_robocar_lane_detection2_pkg/ucsd_robocar_lane_detection2_pkg.egg-info/entry_points.txt
[4.030s] writing requirements to ../../../build/ucsd_robocar_lane_detection2_pkg/ucsd_robocar_lane_detection2_pkg.egg-info/requires.txt
[4.031s] writing top-level names to ../../../build/ucsd_robocar_lane_detection2_pkg/ucsd_robocar_lane_detection2_pkg.egg-info/top_level.txt
[4.316s] reading manifest file '../../../build/ucsd_robocar_lane_detection2_pkg/ucsd_robocar_lane_detection2_pkg.egg-info/SOURCES.txt'
[4.325s] writing manifest file '../../../build/ucsd_robocar_lane_detection2_pkg/ucsd_robocar_lane_detection2_pkg.egg-info/SOURCES.txt'
[4.326s] running build
[4.327s] running build_py
[4.336s] running install
[4.341s] running install_lib
[4.354s] running install_data
[4.360s] copying config/ros_racer_calibration.yaml -> /home/projects/ros2_ws/install/ucsd_robocar_lane_detection2_pkg/share/ucsd_robocar_lane_detection2_pkg/config
[4.362s] running install_egg_info
[4.375s] removing '/home/projects/ros2_ws/install/ucsd_robocar_lane_detection2_pkg/lib/python3.8/site-packages/ucsd_robocar_lane_detection2_pkg-0.0.0-py3.8.egg-info' (and everything under it)
[4.377s] Copying ../../../build/ucsd_robocar_lane_detection2_pkg/ucsd_robocar_lane_detection2_pkg.egg-info to /home/projects/ros2_ws/install/ucsd_robocar_lane_detection2_pkg/lib/python3.8/site-packages/ucsd_robocar_lane_detection2_pkg-0.0.0-py3.8.egg-info
[4.387s] running install_scripts
[4.509s] Installing calibration_node script to /home/projects/ros2_ws/install/ucsd_robocar_lane_detection2_pkg/lib/ucsd_robocar_lane_detection2_pkg
[4.511s] Installing lane_detection_node script to /home/projects/ros2_ws/install/ucsd_robocar_lane_detection2_pkg/lib/ucsd_robocar_lane_detection2_pkg
[4.512s] Installing lane_guidance_node script to /home/projects/ros2_ws/install/ucsd_robocar_lane_detection2_pkg/lib/ucsd_robocar_lane_detection2_pkg
[4.518s] writing list of installed files to '/home/projects/ros2_ws/build/ucsd_robocar_lane_detection2_pkg/install.log'
[4.654s] Invoked command in '/home/projects/ros2_ws/src/ucsd_robocar_hub2/ucsd_robocar_lane_detection2_pkg' returned '0': PYTHONPATH=/home/projects/ros2_ws/install/ucsd_robocar_lane_detection2_pkg/lib/python3.8/site-packages:${PYTHONPATH} /usr/bin/python3 setup.py egg_info --egg-base ../../../build/ucsd_robocar_lane_detection2_pkg build --build-base /home/projects/ros2_ws/build/ucsd_robocar_lane_detection2_pkg/build install --prefix /home/projects/ros2_ws/install/ucsd_robocar_lane_detection2_pkg --record /home/projects/ros2_ws/build/ucsd_robocar_lane_detection2_pkg/install.log --single-version-externally-managed
