/home/projects/ros2_ws/install/ucsd_robocar_lane_detection2_pkg/lib/python3.8/site-packages/ucsd_robocar_lane_detection2_pkg/calibration_node.py
/home/projects/ros2_ws/install/ucsd_robocar_lane_detection2_pkg/lib/python3.8/site-packages/ucsd_robocar_lane_detection2_pkg/lane_guidance_node.py
/home/projects/ros2_ws/install/ucsd_robocar_lane_detection2_pkg/lib/python3.8/site-packages/ucsd_robocar_lane_detection2_pkg/__init__.py
/home/projects/ros2_ws/install/ucsd_robocar_lane_detection2_pkg/lib/python3.8/site-packages/ucsd_robocar_lane_detection2_pkg/lane_detection_node.py
/home/projects/ros2_ws/install/ucsd_robocar_lane_detection2_pkg/lib/python3.8/site-packages/ucsd_robocar_lane_detection2_pkg/__pycache__/calibration_node.cpython-38.pyc
/home/projects/ros2_ws/install/ucsd_robocar_lane_detection2_pkg/lib/python3.8/site-packages/ucsd_robocar_lane_detection2_pkg/__pycache__/lane_guidance_node.cpython-38.pyc
/home/projects/ros2_ws/install/ucsd_robocar_lane_detection2_pkg/lib/python3.8/site-packages/ucsd_robocar_lane_detection2_pkg/__pycache__/__init__.cpython-38.pyc
/home/projects/ros2_ws/install/ucsd_robocar_lane_detection2_pkg/lib/python3.8/site-packages/ucsd_robocar_lane_detection2_pkg/__pycache__/lane_detection_node.cpython-38.pyc
/home/projects/ros2_ws/install/ucsd_robocar_lane_detection2_pkg/share/ament_index/resource_index/packages/ucsd_robocar_lane_detection2_pkg
/home/projects/ros2_ws/install/ucsd_robocar_lane_detection2_pkg/share/ucsd_robocar_lane_detection2_pkg/package.xml
/home/projects/ros2_ws/install/ucsd_robocar_lane_detection2_pkg/share/ucsd_robocar_lane_detection2_pkg/launch/lane_detection.launch.py
/home/projects/ros2_ws/install/ucsd_robocar_lane_detection2_pkg/share/ucsd_robocar_lane_detection2_pkg/config/ros_racer_calibration.yaml
/home/projects/ros2_ws/install/ucsd_robocar_lane_detection2_pkg/lib/python3.8/site-packages/ucsd_robocar_lane_detection2_pkg-0.0.0-py3.8.egg-info/top_level.txt
/home/projects/ros2_ws/install/ucsd_robocar_lane_detection2_pkg/lib/python3.8/site-packages/ucsd_robocar_lane_detection2_pkg-0.0.0-py3.8.egg-info/entry_points.txt
/home/projects/ros2_ws/install/ucsd_robocar_lane_detection2_pkg/lib/python3.8/site-packages/ucsd_robocar_lane_detection2_pkg-0.0.0-py3.8.egg-info/dependency_links.txt
/home/projects/ros2_ws/install/ucsd_robocar_lane_detection2_pkg/lib/python3.8/site-packages/ucsd_robocar_lane_detection2_pkg-0.0.0-py3.8.egg-info/SOURCES.txt
/home/projects/ros2_ws/install/ucsd_robocar_lane_detection2_pkg/lib/python3.8/site-packages/ucsd_robocar_lane_detection2_pkg-0.0.0-py3.8.egg-info/zip-safe
/home/projects/ros2_ws/install/ucsd_robocar_lane_detection2_pkg/lib/python3.8/site-packages/ucsd_robocar_lane_detection2_pkg-0.0.0-py3.8.egg-info/PKG-INFO
/home/projects/ros2_ws/install/ucsd_robocar_lane_detection2_pkg/lib/python3.8/site-packages/ucsd_robocar_lane_detection2_pkg-0.0.0-py3.8.egg-info/requires.txt
/home/projects/ros2_ws/install/ucsd_robocar_lane_detection2_pkg/lib/ucsd_robocar_lane_detection2_pkg/calibration_node
/home/projects/ros2_ws/install/ucsd_robocar_lane_detection2_pkg/lib/ucsd_robocar_lane_detection2_pkg/lane_detection_node
/home/projects/ros2_ws/install/ucsd_robocar_lane_detection2_pkg/lib/ucsd_robocar_lane_detection2_pkg/lane_guidance_node
