[4.499s] Invoking command in '/home/projects/ros2_ws/src/ucsd_robocar_hub2/ucsd_robocar_actuator2_pkg': PYTHONPATH=/home/projects/ros2_ws/install/ucsd_robocar_actuator2_pkg/lib/python3.8/site-packages:${PYTHONPATH} /usr/bin/python3 setup.py egg_info --egg-base ../../../build/ucsd_robocar_actuator2_pkg build --build-base /home/projects/ros2_ws/build/ucsd_robocar_actuator2_pkg/build install --prefix /home/projects/ros2_ws/install/ucsd_robocar_actuator2_pkg --record /home/projects/ros2_ws/build/ucsd_robocar_actuator2_pkg/install.log --single-version-externally-managed
[7.460s] running egg_info
[7.466s] writing ../../../build/ucsd_robocar_actuator2_pkg/ucsd_robocar_actuator2_pkg.egg-info/PKG-INFO
[7.473s] writing dependency_links to ../../../build/ucsd_robocar_actuator2_pkg/ucsd_robocar_actuator2_pkg.egg-info/dependency_links.txt
[7.477s] writing entry points to ../../../build/ucsd_robocar_actuator2_pkg/ucsd_robocar_actuator2_pkg.egg-info/entry_points.txt
[7.480s] writing requirements to ../../../build/ucsd_robocar_actuator2_pkg/ucsd_robocar_actuator2_pkg.egg-info/requires.txt
[7.483s] writing top-level names to ../../../build/ucsd_robocar_actuator2_pkg/ucsd_robocar_actuator2_pkg.egg-info/top_level.txt
[8.048s] package init file 'ucsd_robocar_actuator2_pkg/vesc_submodule/__init__.py' not found (or not a regular file)
[8.052s] reading manifest file '../../../build/ucsd_robocar_actuator2_pkg/ucsd_robocar_actuator2_pkg.egg-info/SOURCES.txt'
[8.073s] writing manifest file '../../../build/ucsd_robocar_actuator2_pkg/ucsd_robocar_actuator2_pkg.egg-info/SOURCES.txt'
[8.077s] running build
[8.078s] running build_py
[8.099s] running install
[8.106s] running install_lib
[8.136s] running install_data
[8.148s] running install_egg_info
[8.167s] removing '/home/projects/ros2_ws/install/ucsd_robocar_actuator2_pkg/lib/python3.8/site-packages/ucsd_robocar_actuator2_pkg-0.0.0-py3.8.egg-info' (and everything under it)
[8.173s] Copying ../../../build/ucsd_robocar_actuator2_pkg/ucsd_robocar_actuator2_pkg.egg-info to /home/projects/ros2_ws/install/ucsd_robocar_actuator2_pkg/lib/python3.8/site-packages/ucsd_robocar_actuator2_pkg-0.0.0-py3.8.egg-info
[8.190s] running install_scripts
[8.442s] Installing adafruit_steering_node script to /home/projects/ros2_ws/install/ucsd_robocar_actuator2_pkg/lib/ucsd_robocar_actuator2_pkg
[8.445s] Installing adafruit_throttle_node script to /home/projects/ros2_ws/install/ucsd_robocar_actuator2_pkg/lib/ucsd_robocar_actuator2_pkg
[8.447s] Installing adafruit_twist_node script to /home/projects/ros2_ws/install/ucsd_robocar_actuator2_pkg/lib/ucsd_robocar_actuator2_pkg
[8.451s] Installing vesc_rpm_node script to /home/projects/ros2_ws/install/ucsd_robocar_actuator2_pkg/lib/ucsd_robocar_actuator2_pkg
[8.456s] Installing vesc_steering_node script to /home/projects/ros2_ws/install/ucsd_robocar_actuator2_pkg/lib/ucsd_robocar_actuator2_pkg
[8.459s] Installing vesc_twist_node script to /home/projects/ros2_ws/install/ucsd_robocar_actuator2_pkg/lib/ucsd_robocar_actuator2_pkg
[8.469s] writing list of installed files to '/home/projects/ros2_ws/build/ucsd_robocar_actuator2_pkg/install.log'
[8.754s] Invoked command in '/home/projects/ros2_ws/src/ucsd_robocar_hub2/ucsd_robocar_actuator2_pkg' returned '0': PYTHONPATH=/home/projects/ros2_ws/install/ucsd_robocar_actuator2_pkg/lib/python3.8/site-packages:${PYTHONPATH} /usr/bin/python3 setup.py egg_info --egg-base ../../../build/ucsd_robocar_actuator2_pkg build --build-base /home/projects/ros2_ws/build/ucsd_robocar_actuator2_pkg/build install --prefix /home/projects/ros2_ws/install/ucsd_robocar_actuator2_pkg --record /home/projects/ros2_ws/build/ucsd_robocar_actuator2_pkg/install.log --single-version-externally-managed
